../nullgtn/urld44fdf4fee_nadilsons_reflection_dsl_tgz-pJ8-br_com_bit_ideias_reflection_SimplePerformanceTestJ8/src/br/com/bit/ideias/reflection/scanner/UrlResource.java:32: error: [return] incompatible types in return.
            return null;
                   ^
  type of expression: null (NullType)
  method return type: @Initialized @NonNull Resource
../nullgtn/urld44fdf4fee_nadilsons_reflection_dsl_tgz-pJ8-br_com_bit_ideias_reflection_SimplePerformanceTestJ8/src/br/com/bit/ideias/reflection/scanner/UrlResource.java:43: error: [dereference.of.nullable] dereference of possibly-null reference resourceUri
        return new File(resourceUri.getSchemeSpecificPart());
                        ^
../nullgtn/urld44fdf4fee_nadilsons_reflection_dsl_tgz-pJ8-br_com_bit_ideias_reflection_SimplePerformanceTestJ8/src/br/com/bit/ideias/reflection/scanner/PackageScanner.java:78: error: [method.invocation] call to convertClassNameToResourcePath(java.lang.String) not allowed on the given receiver.
        this.path = CLASSPATH_ALL_URL_PREFIX + convertClassNameToResourcePath(packagePath) + "**" + File.separator + "*.class";
                                                                             ^
  found   : @UnderInitialization @NonNull PackageScanner
  required: @Initialized @NonNull PackageScanner
../nullgtn/urld44fdf4fee_nadilsons_reflection_dsl_tgz-pJ8-br_com_bit_ideias_reflection_SimplePerformanceTestJ8/src/br/com/bit/ideias/reflection/scanner/PackageScanner.java:129: error: [return] incompatible types in return.
        return this.getClass().getClassLoader();
                                             ^
  type of expression: @Initialized @Nullable ClassLoader
  method return type: @Initialized @NonNull ClassLoader
../nullgtn/urld44fdf4fee_nadilsons_reflection_dsl_tgz-pJ8-br_com_bit_ideias_reflection_SimplePerformanceTestJ8/src/br/com/bit/ideias/reflection/scanner/FileSystemResource.java:19: error: [return] incompatible types in return.
        return null;
               ^
  type of expression: null (NullType)
  method return type: @Initialized @NonNull Resource
../nullgtn/urld44fdf4fee_nadilsons_reflection_dsl_tgz-pJ8-br_com_bit_ideias_reflection_SimplePerformanceTestJ8/src/br/com/bit/ideias/reflection/scanner/FileSystemResource.java:23: error: [return] incompatible types in return.
        return null;
               ^
  type of expression: null (NullType)
  method return type: @Initialized @NonNull File
../nullgtn/urld44fdf4fee_nadilsons_reflection_dsl_tgz-pJ8-br_com_bit_ideias_reflection_SimplePerformanceTestJ8/src/br/com/bit/ideias/reflection/scanner/FileSystemResource.java:27: error: [return] incompatible types in return.
        return null;
               ^
  type of expression: null (NullType)
  method return type: @Initialized @NonNull URL
../nullgtn/urld44fdf4fee_nadilsons_reflection_dsl_tgz-pJ8-br_com_bit_ideias_reflection_SimplePerformanceTestJ8/src/br/com/bit/ideias/reflection/rql/query/QueryImpl.java:33: error: [argument] incompatible argument for parameter introspector of QueryImpl constructor.
        this(null, query);
             ^
  found   : null (NullType)
  required: @Initialized @NonNull Introspector
../nullgtn/urld44fdf4fee_nadilsons_reflection_dsl_tgz-pJ8-br_com_bit_ideias_reflection_SimplePerformanceTestJ8/src/br/com/bit/ideias/reflection/rql/query/QueryImpl.java:54: warning: [cast.unsafe] cast from "@Initialized @Nullable Object" to "T[ extends @Initialized @NonNull Member super @Initialized @NonNull Void]" cannot be statically verified
        return (T) result.get(0);
               ^
../nullgtn/urld44fdf4fee_nadilsons_reflection_dsl_tgz-pJ8-br_com_bit_ideias_reflection_SimplePerformanceTestJ8/src/br/com/bit/ideias/reflection/rql/query/QueryImpl.java:59: error: [return] incompatible types in return.
            return query;
                   ^
  type of expression: @Initialized @Nullable String
  method return type: @Initialized @NonNull String
../nullgtn/urld44fdf4fee_nadilsons_reflection_dsl_tgz-pJ8-br_com_bit_ideias_reflection_SimplePerformanceTestJ8/src/br/com/bit/ideias/reflection/rql/query/QueryImpl.java:60: error: [dereference.of.nullable] dereference of possibly-null reference query
        String caseInsensitiveQuery = query.trim().toLowerCase();
                                      ^
../nullgtn/urld44fdf4fee_nadilsons_reflection_dsl_tgz-pJ8-br_com_bit_ideias_reflection_SimplePerformanceTestJ8/src/br/com/bit/ideias/reflection/core/Introspector.java:35: error: [initialization.fields.uninitialized] the constructor does not initialize fields: criterion
    private Introspector(final Object instance) {
            ^
../nullgtn/urld44fdf4fee_nadilsons_reflection_dsl_tgz-pJ8-br_com_bit_ideias_reflection_SimplePerformanceTestJ8/src/br/com/bit/ideias/reflection/core/Introspector.java:39: error: [initialization.fields.uninitialized] the constructor does not initialize fields: criterion
    private Introspector(final Class<?> classe) {
            ^
../nullgtn/urld44fdf4fee_nadilsons_reflection_dsl_tgz-pJ8-br_com_bit_ideias_reflection_SimplePerformanceTestJ8/src/br/com/bit/ideias/reflection/core/extrator/Extractor.java:30: error: [assignment] incompatible types in assignment.
        this.extractorConstructor = new ExtractorConstructor(this, instance);
                                    ^
  found   : @UnderInitialization(br.com.bit.ideias.reflection.core.extrator.ExtractorConstructor.class) @NonNull ExtractorConstructor
  required: @Initialized @Nullable ExtractorConstructor
../nullgtn/urld44fdf4fee_nadilsons_reflection_dsl_tgz-pJ8-br_com_bit_ideias_reflection_SimplePerformanceTestJ8/src/br/com/bit/ideias/reflection/core/extrator/Extractor.java:30: error: [argument] incompatible argument for parameter extractor of ExtractorConstructor constructor.
        this.extractorConstructor = new ExtractorConstructor(this, instance);
                                                             ^
  found   : @UnderInitialization(br.com.bit.ideias.reflection.core.extrator.Extractor.class) @NonNull Extractor
  required: @Initialized @NonNull Extractor
../nullgtn/urld44fdf4fee_nadilsons_reflection_dsl_tgz-pJ8-br_com_bit_ideias_reflection_SimplePerformanceTestJ8/src/br/com/bit/ideias/reflection/core/extrator/Extractor.java:80: error: [return] incompatible types in return.
            return null;
                   ^
  type of expression: null (NullType)
  method return type: @Initialized @NonNull Object
../nullgtn/urld44fdf4fee_nadilsons_reflection_dsl_tgz-pJ8-br_com_bit_ideias_reflection_SimplePerformanceTestJ8/src/br/com/bit/ideias/reflection/type/TargetType.java:24: error: [override.param] Incompatible parameter type for classe.
        protected Member[] getMembers(final Class<?> classe) {
                                                     ^
  found   : @Initialized @NonNull Class<? extends @Initialized @Nullable Object>
  required: @Initialized @Nullable Class<? extends @Initialized @Nullable Object>
  Consequence: method in @Initialized @NonNull <anonymous br.com.bit.ideias.reflection.type.TargetType$1>
    @Initialized @NonNull Member @Initialized @NonNull [] getMembers(@Initialized @NonNull <anonymous br.com.bit.ideias.reflection.type.TargetType$1> this, @Initialized @NonNull Class<? extends @Initialized @Nullable Object> p0)
  cannot override method in @Initialized @NonNull TargetType
    @Initialized @NonNull Member @Initialized @NonNull [] getMembers(@Initialized @NonNull TargetType this, @Initialized @Nullable Class<? extends @Initialized @Nullable Object> p0)
../nullgtn/urld44fdf4fee_nadilsons_reflection_dsl_tgz-pJ8-br_com_bit_ideias_reflection_SimplePerformanceTestJ8/src/br/com/bit/ideias/reflection/type/TargetType.java:35: error: [override.param] Incompatible parameter type for member.
        public boolean isValidMember(final Member member) {
                                                  ^
  found   : @Initialized @NonNull Member
  required: @Initialized @Nullable Member
  Consequence: method in @Initialized @NonNull <anonymous br.com.bit.ideias.reflection.type.TargetType$1>
    @Initialized @NonNull boolean isValidMember(@Initialized @NonNull <anonymous br.com.bit.ideias.reflection.type.TargetType$1> this, @Initialized @NonNull Member p0)
  cannot override method in @Initialized @NonNull TargetType
    @Initialized @NonNull boolean isValidMember(@Initialized @NonNull TargetType this, @Initialized @Nullable Member p0)
../nullgtn/urld44fdf4fee_nadilsons_reflection_dsl_tgz-pJ8-br_com_bit_ideias_reflection_SimplePerformanceTestJ8/src/br/com/bit/ideias/reflection/type/TargetType.java:42: error: [override.param] Incompatible parameter type for classe.
        protected Member[] getMembers(final Class<?> classe) {
                                                     ^
  found   : @Initialized @NonNull Class<? extends @Initialized @Nullable Object>
  required: @Initialized @Nullable Class<? extends @Initialized @Nullable Object>
  Consequence: method in @Initialized @NonNull <anonymous br.com.bit.ideias.reflection.type.TargetType$2>
    @Initialized @NonNull Member @Initialized @NonNull [] getMembers(@Initialized @NonNull <anonymous br.com.bit.ideias.reflection.type.TargetType$2> this, @Initialized @NonNull Class<? extends @Initialized @Nullable Object> p0)
  cannot override method in @Initialized @NonNull TargetType
    @Initialized @NonNull Member @Initialized @NonNull [] getMembers(@Initialized @NonNull TargetType this, @Initialized @Nullable Class<? extends @Initialized @Nullable Object> p0)
../nullgtn/urld44fdf4fee_nadilsons_reflection_dsl_tgz-pJ8-br_com_bit_ideias_reflection_SimplePerformanceTestJ8/src/br/com/bit/ideias/reflection/type/TargetType.java:53: error: [override.param] Incompatible parameter type for member.
        public boolean isValidMember(final Member member) {
                                                  ^
  found   : @Initialized @NonNull Member
  required: @Initialized @Nullable Member
  Consequence: method in @Initialized @NonNull <anonymous br.com.bit.ideias.reflection.type.TargetType$2>
    @Initialized @NonNull boolean isValidMember(@Initialized @NonNull <anonymous br.com.bit.ideias.reflection.type.TargetType$2> this, @Initialized @NonNull Member p0)
  cannot override method in @Initialized @NonNull TargetType
    @Initialized @NonNull boolean isValidMember(@Initialized @NonNull TargetType this, @Initialized @Nullable Member p0)
../nullgtn/urld44fdf4fee_nadilsons_reflection_dsl_tgz-pJ8-br_com_bit_ideias_reflection_SimplePerformanceTestJ8/src/br/com/bit/ideias/reflection/type/TargetType.java:61: error: [override.param] Incompatible parameter type for classe.
        protected Member[] getMembers(final Class<?> classe) {
                                                     ^
  found   : @Initialized @NonNull Class<? extends @Initialized @Nullable Object>
  required: @Initialized @Nullable Class<? extends @Initialized @Nullable Object>
  Consequence: method in @Initialized @NonNull <anonymous br.com.bit.ideias.reflection.type.TargetType$3>
    @Initialized @NonNull Member @Initialized @NonNull [] getMembers(@Initialized @NonNull <anonymous br.com.bit.ideias.reflection.type.TargetType$3> this, @Initialized @NonNull Class<? extends @Initialized @Nullable Object> p0)
  cannot override method in @Initialized @NonNull TargetType
    @Initialized @NonNull Member @Initialized @NonNull [] getMembers(@Initialized @NonNull TargetType this, @Initialized @Nullable Class<? extends @Initialized @Nullable Object> p0)
../nullgtn/urld44fdf4fee_nadilsons_reflection_dsl_tgz-pJ8-br_com_bit_ideias_reflection_SimplePerformanceTestJ8/src/br/com/bit/ideias/reflection/type/TargetType.java:72: error: [override.param] Incompatible parameter type for member.
        public boolean isValidMember(final Member member) {
                                                  ^
  found   : @Initialized @NonNull Member
  required: @Initialized @Nullable Member
  Consequence: method in @Initialized @NonNull <anonymous br.com.bit.ideias.reflection.type.TargetType$3>
    @Initialized @NonNull boolean isValidMember(@Initialized @NonNull <anonymous br.com.bit.ideias.reflection.type.TargetType$3> this, @Initialized @NonNull Member p0)
  cannot override method in @Initialized @NonNull TargetType
    @Initialized @NonNull boolean isValidMember(@Initialized @NonNull TargetType this, @Initialized @Nullable Member p0)
../nullgtn/urld44fdf4fee_nadilsons_reflection_dsl_tgz-pJ8-br_com_bit_ideias_reflection_SimplePerformanceTestJ8/src/br/com/bit/ideias/reflection/type/TargetType.java:79: error: [override.param] Incompatible parameter type for classe.
        protected Member[] getMembers(Class<?> classe) {
                                               ^
  found   : @Initialized @NonNull Class<? extends @Initialized @Nullable Object>
  required: @Initialized @Nullable Class<? extends @Initialized @Nullable Object>
  Consequence: method in @Initialized @NonNull <anonymous br.com.bit.ideias.reflection.type.TargetType$4>
    @Initialized @NonNull Member @Initialized @NonNull [] getMembers(@Initialized @NonNull <anonymous br.com.bit.ideias.reflection.type.TargetType$4> this, @Initialized @NonNull Class<? extends @Initialized @Nullable Object> p0)
  cannot override method in @Initialized @NonNull TargetType
    @Initialized @NonNull Member @Initialized @NonNull [] getMembers(@Initialized @NonNull TargetType this, @Initialized @Nullable Class<? extends @Initialized @Nullable Object> p0)
../nullgtn/urld44fdf4fee_nadilsons_reflection_dsl_tgz-pJ8-br_com_bit_ideias_reflection_SimplePerformanceTestJ8/src/br/com/bit/ideias/reflection/type/SearchType.java:21: error: [override.param] Incompatible parameter type for member.
        public boolean matches(final Member member, final Expression expression) {
                                            ^
  found   : @Initialized @NonNull Member
  required: @Initialized @Nullable Member
  Consequence: method in @Initialized @NonNull <anonymous br.com.bit.ideias.reflection.type.SearchType$1>
    @Initialized @NonNull boolean matches(@Initialized @NonNull <anonymous br.com.bit.ideias.reflection.type.SearchType$1> this, @Initialized @NonNull Member p0, @Initialized @NonNull Expression p1)
  cannot override method in @Initialized @NonNull SearchType
    @Initialized @NonNull boolean matches(@Initialized @NonNull SearchType this, @Initialized @Nullable Member p0, @Initialized @Nullable Expression p1)
../nullgtn/urld44fdf4fee_nadilsons_reflection_dsl_tgz-pJ8-br_com_bit_ideias_reflection_SimplePerformanceTestJ8/src/br/com/bit/ideias/reflection/type/SearchType.java:21: error: [override.param] Incompatible parameter type for expression.
        public boolean matches(final Member member, final Expression expression) {
                                                                     ^
  found   : @Initialized @NonNull Expression
  required: @Initialized @Nullable Expression
  Consequence: method in @Initialized @NonNull <anonymous br.com.bit.ideias.reflection.type.SearchType$1>
    @Initialized @NonNull boolean matches(@Initialized @NonNull <anonymous br.com.bit.ideias.reflection.type.SearchType$1> this, @Initialized @NonNull Member p0, @Initialized @NonNull Expression p1)
  cannot override method in @Initialized @NonNull SearchType
    @Initialized @NonNull boolean matches(@Initialized @NonNull SearchType this, @Initialized @Nullable Member p0, @Initialized @Nullable Expression p1)
../nullgtn/urld44fdf4fee_nadilsons_reflection_dsl_tgz-pJ8-br_com_bit_ideias_reflection_SimplePerformanceTestJ8/src/br/com/bit/ideias/reflection/type/SearchType.java:29: error: [override.param] Incompatible parameter type for member.
        public boolean matches(final Member member, final Expression expression) {
                                            ^
  found   : @Initialized @NonNull Member
  required: @Initialized @Nullable Member
  Consequence: method in @Initialized @NonNull <anonymous br.com.bit.ideias.reflection.type.SearchType$2>
    @Initialized @NonNull boolean matches(@Initialized @NonNull <anonymous br.com.bit.ideias.reflection.type.SearchType$2> this, @Initialized @NonNull Member p0, @Initialized @NonNull Expression p1)
  cannot override method in @Initialized @NonNull SearchType
    @Initialized @NonNull boolean matches(@Initialized @NonNull SearchType this, @Initialized @Nullable Member p0, @Initialized @Nullable Expression p1)
../nullgtn/urld44fdf4fee_nadilsons_reflection_dsl_tgz-pJ8-br_com_bit_ideias_reflection_SimplePerformanceTestJ8/src/br/com/bit/ideias/reflection/type/SearchType.java:29: error: [override.param] Incompatible parameter type for expression.
        public boolean matches(final Member member, final Expression expression) {
                                                                     ^
  found   : @Initialized @NonNull Expression
  required: @Initialized @Nullable Expression
  Consequence: method in @Initialized @NonNull <anonymous br.com.bit.ideias.reflection.type.SearchType$2>
    @Initialized @NonNull boolean matches(@Initialized @NonNull <anonymous br.com.bit.ideias.reflection.type.SearchType$2> this, @Initialized @NonNull Member p0, @Initialized @NonNull Expression p1)
  cannot override method in @Initialized @NonNull SearchType
    @Initialized @NonNull boolean matches(@Initialized @NonNull SearchType this, @Initialized @Nullable Member p0, @Initialized @Nullable Expression p1)
../nullgtn/urld44fdf4fee_nadilsons_reflection_dsl_tgz-pJ8-br_com_bit_ideias_reflection_SimplePerformanceTestJ8/src/br/com/bit/ideias/reflection/type/SearchType.java:37: error: [override.param] Incompatible parameter type for member.
        public boolean matches(final Member member, final Expression expression) {
                                            ^
  found   : @Initialized @NonNull Member
  required: @Initialized @Nullable Member
  Consequence: method in @Initialized @NonNull <anonymous br.com.bit.ideias.reflection.type.SearchType$3>
    @Initialized @NonNull boolean matches(@Initialized @NonNull <anonymous br.com.bit.ideias.reflection.type.SearchType$3> this, @Initialized @NonNull Member p0, @Initialized @NonNull Expression p1)
  cannot override method in @Initialized @NonNull SearchType
    @Initialized @NonNull boolean matches(@Initialized @NonNull SearchType this, @Initialized @Nullable Member p0, @Initialized @Nullable Expression p1)
../nullgtn/urld44fdf4fee_nadilsons_reflection_dsl_tgz-pJ8-br_com_bit_ideias_reflection_SimplePerformanceTestJ8/src/br/com/bit/ideias/reflection/type/SearchType.java:37: error: [override.param] Incompatible parameter type for expression.
        public boolean matches(final Member member, final Expression expression) {
                                                                     ^
  found   : @Initialized @NonNull Expression
  required: @Initialized @Nullable Expression
  Consequence: method in @Initialized @NonNull <anonymous br.com.bit.ideias.reflection.type.SearchType$3>
    @Initialized @NonNull boolean matches(@Initialized @NonNull <anonymous br.com.bit.ideias.reflection.type.SearchType$3> this, @Initialized @NonNull Member p0, @Initialized @NonNull Expression p1)
  cannot override method in @Initialized @NonNull SearchType
    @Initialized @NonNull boolean matches(@Initialized @NonNull SearchType this, @Initialized @Nullable Member p0, @Initialized @Nullable Expression p1)
../nullgtn/urld44fdf4fee_nadilsons_reflection_dsl_tgz-pJ8-br_com_bit_ideias_reflection_SimplePerformanceTestJ8/src/br/com/bit/ideias/reflection/type/SearchType.java:45: error: [override.param] Incompatible parameter type for member.
        public boolean matches(final Member member, final Expression expression) {
                                            ^
  found   : @Initialized @NonNull Member
  required: @Initialized @Nullable Member
  Consequence: method in @Initialized @NonNull <anonymous br.com.bit.ideias.reflection.type.SearchType$4>
    @Initialized @NonNull boolean matches(@Initialized @NonNull <anonymous br.com.bit.ideias.reflection.type.SearchType$4> this, @Initialized @NonNull Member p0, @Initialized @NonNull Expression p1)
  cannot override method in @Initialized @NonNull SearchType
    @Initialized @NonNull boolean matches(@Initialized @NonNull SearchType this, @Initialized @Nullable Member p0, @Initialized @Nullable Expression p1)
../nullgtn/urld44fdf4fee_nadilsons_reflection_dsl_tgz-pJ8-br_com_bit_ideias_reflection_SimplePerformanceTestJ8/src/br/com/bit/ideias/reflection/type/SearchType.java:45: error: [override.param] Incompatible parameter type for expression.
        public boolean matches(final Member member, final Expression expression) {
                                                                     ^
  found   : @Initialized @NonNull Expression
  required: @Initialized @Nullable Expression
  Consequence: method in @Initialized @NonNull <anonymous br.com.bit.ideias.reflection.type.SearchType$4>
    @Initialized @NonNull boolean matches(@Initialized @NonNull <anonymous br.com.bit.ideias.reflection.type.SearchType$4> this, @Initialized @NonNull Member p0, @Initialized @NonNull Expression p1)
  cannot override method in @Initialized @NonNull SearchType
    @Initialized @NonNull boolean matches(@Initialized @NonNull SearchType this, @Initialized @Nullable Member p0, @Initialized @Nullable Expression p1)
../nullgtn/urld44fdf4fee_nadilsons_reflection_dsl_tgz-pJ8-br_com_bit_ideias_reflection_SimplePerformanceTestJ8/src/br/com/bit/ideias/reflection/type/SearchType.java:53: error: [override.param] Incompatible parameter type for member.
        public boolean matches(final Member member, final Expression expression) {
                                            ^
  found   : @Initialized @NonNull Member
  required: @Initialized @Nullable Member
  Consequence: method in @Initialized @NonNull <anonymous br.com.bit.ideias.reflection.type.SearchType$5>
    @Initialized @NonNull boolean matches(@Initialized @NonNull <anonymous br.com.bit.ideias.reflection.type.SearchType$5> this, @Initialized @NonNull Member p0, @Initialized @NonNull Expression p1)
  cannot override method in @Initialized @NonNull SearchType
    @Initialized @NonNull boolean matches(@Initialized @NonNull SearchType this, @Initialized @Nullable Member p0, @Initialized @Nullable Expression p1)
../nullgtn/urld44fdf4fee_nadilsons_reflection_dsl_tgz-pJ8-br_com_bit_ideias_reflection_SimplePerformanceTestJ8/src/br/com/bit/ideias/reflection/type/SearchType.java:53: error: [override.param] Incompatible parameter type for expression.
        public boolean matches(final Member member, final Expression expression) {
                                                                     ^
  found   : @Initialized @NonNull Expression
  required: @Initialized @Nullable Expression
  Consequence: method in @Initialized @NonNull <anonymous br.com.bit.ideias.reflection.type.SearchType$5>
    @Initialized @NonNull boolean matches(@Initialized @NonNull <anonymous br.com.bit.ideias.reflection.type.SearchType$5> this, @Initialized @NonNull Member p0, @Initialized @NonNull Expression p1)
  cannot override method in @Initialized @NonNull SearchType
    @Initialized @NonNull boolean matches(@Initialized @NonNull SearchType this, @Initialized @Nullable Member p0, @Initialized @Nullable Expression p1)
../nullgtn/urld44fdf4fee_nadilsons_reflection_dsl_tgz-pJ8-br_com_bit_ideias_reflection_SimplePerformanceTestJ8/src/br/com/bit/ideias/reflection/type/SearchType.java:62: error: [override.param] Incompatible parameter type for member.
        public boolean matches(final Member member, final Expression expression) {
                                            ^
  found   : @Initialized @NonNull Member
  required: @Initialized @Nullable Member
  Consequence: method in @Initialized @NonNull <anonymous br.com.bit.ideias.reflection.type.SearchType$6>
    @Initialized @NonNull boolean matches(@Initialized @NonNull <anonymous br.com.bit.ideias.reflection.type.SearchType$6> this, @Initialized @NonNull Member p0, @Initialized @NonNull Expression p1)
  cannot override method in @Initialized @NonNull SearchType
    @Initialized @NonNull boolean matches(@Initialized @NonNull SearchType this, @Initialized @Nullable Member p0, @Initialized @Nullable Expression p1)
../nullgtn/urld44fdf4fee_nadilsons_reflection_dsl_tgz-pJ8-br_com_bit_ideias_reflection_SimplePerformanceTestJ8/src/br/com/bit/ideias/reflection/type/SearchType.java:62: error: [override.param] Incompatible parameter type for expression.
        public boolean matches(final Member member, final Expression expression) {
                                                                     ^
  found   : @Initialized @NonNull Expression
  required: @Initialized @Nullable Expression
  Consequence: method in @Initialized @NonNull <anonymous br.com.bit.ideias.reflection.type.SearchType$6>
    @Initialized @NonNull boolean matches(@Initialized @NonNull <anonymous br.com.bit.ideias.reflection.type.SearchType$6> this, @Initialized @NonNull Member p0, @Initialized @NonNull Expression p1)
  cannot override method in @Initialized @NonNull SearchType
    @Initialized @NonNull boolean matches(@Initialized @NonNull SearchType this, @Initialized @Nullable Member p0, @Initialized @Nullable Expression p1)
../nullgtn/urld44fdf4fee_nadilsons_reflection_dsl_tgz-pJ8-br_com_bit_ideias_reflection_SimplePerformanceTestJ8/src/br/com/bit/ideias/reflection/type/SearchType.java:73: error: [override.param] Incompatible parameter type for member.
        public boolean matches(final Member member, final Expression expression) {
                                            ^
  found   : @Initialized @NonNull Member
  required: @Initialized @Nullable Member
  Consequence: method in @Initialized @NonNull <anonymous br.com.bit.ideias.reflection.type.SearchType$7>
    @Initialized @NonNull boolean matches(@Initialized @NonNull <anonymous br.com.bit.ideias.reflection.type.SearchType$7> this, @Initialized @NonNull Member p0, @Initialized @NonNull Expression p1)
  cannot override method in @Initialized @NonNull SearchType
    @Initialized @NonNull boolean matches(@Initialized @NonNull SearchType this, @Initialized @Nullable Member p0, @Initialized @Nullable Expression p1)
../nullgtn/urld44fdf4fee_nadilsons_reflection_dsl_tgz-pJ8-br_com_bit_ideias_reflection_SimplePerformanceTestJ8/src/br/com/bit/ideias/reflection/type/SearchType.java:73: error: [override.param] Incompatible parameter type for expression.
        public boolean matches(final Member member, final Expression expression) {
                                                                     ^
  found   : @Initialized @NonNull Expression
  required: @Initialized @Nullable Expression
  Consequence: method in @Initialized @NonNull <anonymous br.com.bit.ideias.reflection.type.SearchType$7>
    @Initialized @NonNull boolean matches(@Initialized @NonNull <anonymous br.com.bit.ideias.reflection.type.SearchType$7> this, @Initialized @NonNull Member p0, @Initialized @NonNull Expression p1)
  cannot override method in @Initialized @NonNull SearchType
    @Initialized @NonNull boolean matches(@Initialized @NonNull SearchType this, @Initialized @Nullable Member p0, @Initialized @Nullable Expression p1)
../nullgtn/urld44fdf4fee_nadilsons_reflection_dsl_tgz-pJ8-br_com_bit_ideias_reflection_SimplePerformanceTestJ8/src/br/com/bit/ideias/reflection/type/SearchType.java:94: error: [override.param] Incompatible parameter type for member.
        public boolean matches(Member member, Expression expression) {
                                      ^
  found   : @Initialized @NonNull Member
  required: @Initialized @Nullable Member
  Consequence: method in @Initialized @NonNull <anonymous br.com.bit.ideias.reflection.type.SearchType$8>
    @Initialized @NonNull boolean matches(@Initialized @NonNull <anonymous br.com.bit.ideias.reflection.type.SearchType$8> this, @Initialized @NonNull Member p0, @Initialized @NonNull Expression p1)
  cannot override method in @Initialized @NonNull SearchType
    @Initialized @NonNull boolean matches(@Initialized @NonNull SearchType this, @Initialized @Nullable Member p0, @Initialized @Nullable Expression p1)
../nullgtn/urld44fdf4fee_nadilsons_reflection_dsl_tgz-pJ8-br_com_bit_ideias_reflection_SimplePerformanceTestJ8/src/br/com/bit/ideias/reflection/type/SearchType.java:94: error: [override.param] Incompatible parameter type for expression.
        public boolean matches(Member member, Expression expression) {
                                                         ^
  found   : @Initialized @NonNull Expression
  required: @Initialized @Nullable Expression
  Consequence: method in @Initialized @NonNull <anonymous br.com.bit.ideias.reflection.type.SearchType$8>
    @Initialized @NonNull boolean matches(@Initialized @NonNull <anonymous br.com.bit.ideias.reflection.type.SearchType$8> this, @Initialized @NonNull Member p0, @Initialized @NonNull Expression p1)
  cannot override method in @Initialized @NonNull SearchType
    @Initialized @NonNull boolean matches(@Initialized @NonNull SearchType this, @Initialized @Nullable Member p0, @Initialized @Nullable Expression p1)
../nullgtn/urld44fdf4fee_nadilsons_reflection_dsl_tgz-pJ8-br_com_bit_ideias_reflection_SimplePerformanceTestJ8/src/br/com/bit/ideias/reflection/type/SearchType.java:102: error: [override.param] Incompatible parameter type for member.
        public boolean matches(final Member member, final Expression expression) {
                                            ^
  found   : @Initialized @NonNull Member
  required: @Initialized @Nullable Member
  Consequence: method in @Initialized @NonNull <anonymous br.com.bit.ideias.reflection.type.SearchType$9>
    @Initialized @NonNull boolean matches(@Initialized @NonNull <anonymous br.com.bit.ideias.reflection.type.SearchType$9> this, @Initialized @NonNull Member p0, @Initialized @NonNull Expression p1)
  cannot override method in @Initialized @NonNull SearchType
    @Initialized @NonNull boolean matches(@Initialized @NonNull SearchType this, @Initialized @Nullable Member p0, @Initialized @Nullable Expression p1)
../nullgtn/urld44fdf4fee_nadilsons_reflection_dsl_tgz-pJ8-br_com_bit_ideias_reflection_SimplePerformanceTestJ8/src/br/com/bit/ideias/reflection/type/SearchType.java:102: error: [override.param] Incompatible parameter type for expression.
        public boolean matches(final Member member, final Expression expression) {
                                                                     ^
  found   : @Initialized @NonNull Expression
  required: @Initialized @Nullable Expression
  Consequence: method in @Initialized @NonNull <anonymous br.com.bit.ideias.reflection.type.SearchType$9>
    @Initialized @NonNull boolean matches(@Initialized @NonNull <anonymous br.com.bit.ideias.reflection.type.SearchType$9> this, @Initialized @NonNull Member p0, @Initialized @NonNull Expression p1)
  cannot override method in @Initialized @NonNull SearchType
    @Initialized @NonNull boolean matches(@Initialized @NonNull SearchType this, @Initialized @Nullable Member p0, @Initialized @Nullable Expression p1)
../nullgtn/urld44fdf4fee_nadilsons_reflection_dsl_tgz-pJ8-br_com_bit_ideias_reflection_SimplePerformanceTestJ8/src/br/com/bit/ideias/reflection/type/SearchType.java:116: error: [override.param] Incompatible parameter type for member.
        public boolean matches(final Member member, final Expression expression) {
                                            ^
  found   : @Initialized @NonNull Member
  required: @Initialized @Nullable Member
  Consequence: method in @Initialized @NonNull <anonymous br.com.bit.ideias.reflection.type.SearchType$10>
    @Initialized @NonNull boolean matches(@Initialized @NonNull <anonymous br.com.bit.ideias.reflection.type.SearchType$10> this, @Initialized @NonNull Member p0, @Initialized @NonNull Expression p1)
  cannot override method in @Initialized @NonNull SearchType
    @Initialized @NonNull boolean matches(@Initialized @NonNull SearchType this, @Initialized @Nullable Member p0, @Initialized @Nullable Expression p1)
../nullgtn/urld44fdf4fee_nadilsons_reflection_dsl_tgz-pJ8-br_com_bit_ideias_reflection_SimplePerformanceTestJ8/src/br/com/bit/ideias/reflection/type/SearchType.java:116: error: [override.param] Incompatible parameter type for expression.
        public boolean matches(final Member member, final Expression expression) {
                                                                     ^
  found   : @Initialized @NonNull Expression
  required: @Initialized @Nullable Expression
  Consequence: method in @Initialized @NonNull <anonymous br.com.bit.ideias.reflection.type.SearchType$10>
    @Initialized @NonNull boolean matches(@Initialized @NonNull <anonymous br.com.bit.ideias.reflection.type.SearchType$10> this, @Initialized @NonNull Member p0, @Initialized @NonNull Expression p1)
  cannot override method in @Initialized @NonNull SearchType
    @Initialized @NonNull boolean matches(@Initialized @NonNull SearchType this, @Initialized @Nullable Member p0, @Initialized @Nullable Expression p1)
../nullgtn/urld44fdf4fee_nadilsons_reflection_dsl_tgz-pJ8-br_com_bit_ideias_reflection_SimplePerformanceTestJ8/src/br/com/bit/ideias/reflection/type/SearchType.java:125: error: [override.param] Incompatible parameter type for member.
        public boolean matches(final Member member, final Expression expression) {
                                            ^
  found   : @Initialized @NonNull Member
  required: @Initialized @Nullable Member
  Consequence: method in @Initialized @NonNull <anonymous br.com.bit.ideias.reflection.type.SearchType$11>
    @Initialized @NonNull boolean matches(@Initialized @NonNull <anonymous br.com.bit.ideias.reflection.type.SearchType$11> this, @Initialized @NonNull Member p0, @Initialized @NonNull Expression p1)
  cannot override method in @Initialized @NonNull SearchType
    @Initialized @NonNull boolean matches(@Initialized @NonNull SearchType this, @Initialized @Nullable Member p0, @Initialized @Nullable Expression p1)
../nullgtn/urld44fdf4fee_nadilsons_reflection_dsl_tgz-pJ8-br_com_bit_ideias_reflection_SimplePerformanceTestJ8/src/br/com/bit/ideias/reflection/type/SearchType.java:125: error: [override.param] Incompatible parameter type for expression.
        public boolean matches(final Member member, final Expression expression) {
                                                                     ^
  found   : @Initialized @NonNull Expression
  required: @Initialized @Nullable Expression
  Consequence: method in @Initialized @NonNull <anonymous br.com.bit.ideias.reflection.type.SearchType$11>
    @Initialized @NonNull boolean matches(@Initialized @NonNull <anonymous br.com.bit.ideias.reflection.type.SearchType$11> this, @Initialized @NonNull Member p0, @Initialized @NonNull Expression p1)
  cannot override method in @Initialized @NonNull SearchType
    @Initialized @NonNull boolean matches(@Initialized @NonNull SearchType this, @Initialized @Nullable Member p0, @Initialized @Nullable Expression p1)
../nullgtn/urld44fdf4fee_nadilsons_reflection_dsl_tgz-pJ8-br_com_bit_ideias_reflection_SimplePerformanceTestJ8/src/br/com/bit/ideias/reflection/type/SearchType.java:134: error: [override.param] Incompatible parameter type for member.
        public boolean matches(final Member member, final Expression expression) {
                                            ^
  found   : @Initialized @NonNull Member
  required: @Initialized @Nullable Member
  Consequence: method in @Initialized @NonNull <anonymous br.com.bit.ideias.reflection.type.SearchType$12>
    @Initialized @NonNull boolean matches(@Initialized @NonNull <anonymous br.com.bit.ideias.reflection.type.SearchType$12> this, @Initialized @NonNull Member p0, @Initialized @NonNull Expression p1)
  cannot override method in @Initialized @NonNull SearchType
    @Initialized @NonNull boolean matches(@Initialized @NonNull SearchType this, @Initialized @Nullable Member p0, @Initialized @Nullable Expression p1)
../nullgtn/urld44fdf4fee_nadilsons_reflection_dsl_tgz-pJ8-br_com_bit_ideias_reflection_SimplePerformanceTestJ8/src/br/com/bit/ideias/reflection/type/SearchType.java:134: error: [override.param] Incompatible parameter type for expression.
        public boolean matches(final Member member, final Expression expression) {
                                                                     ^
  found   : @Initialized @NonNull Expression
  required: @Initialized @Nullable Expression
  Consequence: method in @Initialized @NonNull <anonymous br.com.bit.ideias.reflection.type.SearchType$12>
    @Initialized @NonNull boolean matches(@Initialized @NonNull <anonymous br.com.bit.ideias.reflection.type.SearchType$12> this, @Initialized @NonNull Member p0, @Initialized @NonNull Expression p1)
  cannot override method in @Initialized @NonNull SearchType
    @Initialized @NonNull boolean matches(@Initialized @NonNull SearchType this, @Initialized @Nullable Member p0, @Initialized @Nullable Expression p1)
../nullgtn/urld44fdf4fee_nadilsons_reflection_dsl_tgz-pJ8-br_com_bit_ideias_reflection_SimplePerformanceTestJ8/src/br/com/bit/ideias/reflection/type/SearchType.java:143: error: [override.param] Incompatible parameter type for member.
        public boolean matches(final Member member, final Expression expression) {
                                            ^
  found   : @Initialized @NonNull Member
  required: @Initialized @Nullable Member
  Consequence: method in @Initialized @NonNull <anonymous br.com.bit.ideias.reflection.type.SearchType$13>
    @Initialized @NonNull boolean matches(@Initialized @NonNull <anonymous br.com.bit.ideias.reflection.type.SearchType$13> this, @Initialized @NonNull Member p0, @Initialized @NonNull Expression p1)
  cannot override method in @Initialized @NonNull SearchType
    @Initialized @NonNull boolean matches(@Initialized @NonNull SearchType this, @Initialized @Nullable Member p0, @Initialized @Nullable Expression p1)
../nullgtn/urld44fdf4fee_nadilsons_reflection_dsl_tgz-pJ8-br_com_bit_ideias_reflection_SimplePerformanceTestJ8/src/br/com/bit/ideias/reflection/type/SearchType.java:143: error: [override.param] Incompatible parameter type for expression.
        public boolean matches(final Member member, final Expression expression) {
                                                                     ^
  found   : @Initialized @NonNull Expression
  required: @Initialized @Nullable Expression
  Consequence: method in @Initialized @NonNull <anonymous br.com.bit.ideias.reflection.type.SearchType$13>
    @Initialized @NonNull boolean matches(@Initialized @NonNull <anonymous br.com.bit.ideias.reflection.type.SearchType$13> this, @Initialized @NonNull Member p0, @Initialized @NonNull Expression p1)
  cannot override method in @Initialized @NonNull SearchType
    @Initialized @NonNull boolean matches(@Initialized @NonNull SearchType this, @Initialized @Nullable Member p0, @Initialized @Nullable Expression p1)
../nullgtn/urld44fdf4fee_nadilsons_reflection_dsl_tgz-pJ8-br_com_bit_ideias_reflection_SimplePerformanceTestJ8/src/br/com/bit/ideias/reflection/core/extrator/ExtractorConstructor.java:23: error: [initialization.fields.uninitialized] the constructor does not initialize fields: targetInstance
    ExtractorConstructor(final Extractor extractor) {
    ^
../nullgtn/urld44fdf4fee_nadilsons_reflection_dsl_tgz-pJ8-br_com_bit_ideias_reflection_SimplePerformanceTestJ8/src/br/com/bit/ideias/reflection/core/extrator/ExtractorMethod.java:31: error: [assignment] incompatible types in assignment.
        this.method = null;
                      ^
  found   : null (NullType)
  required: @Initialized @NonNull Method
../nullgtn/urld44fdf4fee_nadilsons_reflection_dsl_tgz-pJ8-br_com_bit_ideias_reflection_SimplePerformanceTestJ8/src/br/com/bit/ideias/reflection/core/extrator/ExtractorMethod.java:36: error: [assignment] incompatible types in assignment.
        this.methodName = null;
                          ^
  found   : null (NullType)
  required: @Initialized @NonNull String
../nullgtn/urld44fdf4fee_nadilsons_reflection_dsl_tgz-pJ8-br_com_bit_ideias_reflection_SimplePerformanceTestJ8/src/br/com/bit/ideias/reflection/core/extrator/ExtractorMethod.java:60: error: [return] incompatible types in return.
            return method.invoke(targetInstance, params);
                                ^
  type of expression: @Initialized @Nullable Object
  method return type: @Initialized @NonNull Object
../nullgtn/urld44fdf4fee_nadilsons_reflection_dsl_tgz-pJ8-br_com_bit_ideias_reflection_SimplePerformanceTestJ8/src/br/com/bit/ideias/reflection/core/extrator/ExtractorField.java:60: error: [argument] incompatible argument for parameter message of FieldNotExistsException constructor.
            throw new FieldNotExistsException(e.getMessage());
                                                          ^
  found   : @Initialized @Nullable String
  required: @Initialized @NonNull String
../nullgtn/urld44fdf4fee_nadilsons_reflection_dsl_tgz-pJ8-br_com_bit_ideias_reflection_SimplePerformanceTestJ8/src/br/com/bit/ideias/reflection/core/extrator/ExtractorField.java:69: error: [return] incompatible types in return.
        return field;
               ^
  type of expression: @Initialized @Nullable Field
  method return type: @Initialized @NonNull Field
../nullgtn/urld44fdf4fee_nadilsons_reflection_dsl_tgz-pJ8-br_com_bit_ideias_reflection_SimplePerformanceTestJ8/src/br/com/bit/ideias/reflection/core/extrator/ExtractorField.java:84: error: [dereference.of.nullable] dereference of possibly-null reference field
        field.setAccessible(accessPrivateMembers);
        ^
../nullgtn/urld44fdf4fee_nadilsons_reflection_dsl_tgz-pJ8-br_com_bit_ideias_reflection_SimplePerformanceTestJ8/src/br/com/bit/ideias/reflection/core/extrator/ExtractorField.java:87: error: [dereference.of.nullable] dereference of possibly-null reference field
            retorno = field.get(targetInstance);
                      ^
../nullgtn/urld44fdf4fee_nadilsons_reflection_dsl_tgz-pJ8-br_com_bit_ideias_reflection_SimplePerformanceTestJ8/src/br/com/bit/ideias/reflection/core/extrator/ExtractorField.java:89: error: [dereference.of.nullable] dereference of possibly-null reference field
            field.set(targetInstance, params[0]);
            ^
../nullgtn/urld44fdf4fee_nadilsons_reflection_dsl_tgz-pJ8-br_com_bit_ideias_reflection_SimplePerformanceTestJ8/src/br/com/bit/ideias/reflection/core/extrator/ExtractorField.java:90: error: [return] incompatible types in return.
        return retorno;
               ^
  type of expression: @Initialized @Nullable Object
  method return type: @Initialized @NonNull Object
../nullgtn/urld44fdf4fee_nadilsons_reflection_dsl_tgz-pJ8-br_com_bit_ideias_reflection_SimplePerformanceTestJ8/src/br/com/bit/ideias/reflection/core/extrator/ExtractorField.java:97: error: [argument] incompatible argument for parameter field of ExtractorField.getMethodForField.
        final ExtractorMethod em = new ExtractorMethod(extractor, getMethodForField(field, getter));
                                                                                    ^
  found   : @Initialized @Nullable Field
  required: @Initialized @NonNull Field
../nullgtn/urld44fdf4fee_nadilsons_reflection_dsl_tgz-pJ8-br_com_bit_ideias_reflection_SimplePerformanceTestJ8/src/br/com/bit/ideias/reflection/rql/query/QueryPart.java:11: error: [initialization.field.uninitialized] the default constructor does not initialize field rql
    protected String rql;
                     ^
../nullgtn/urld44fdf4fee_nadilsons_reflection_dsl_tgz-pJ8-br_com_bit_ideias_reflection_SimplePerformanceTestJ8/src/br/com/bit/ideias/reflection/rql/RqlTest.java:26: error: [initialization.field.uninitialized] the default constructor does not initialize field query
    private Query query;
                  ^
../nullgtn/urld44fdf4fee_nadilsons_reflection_dsl_tgz-pJ8-br_com_bit_ideias_reflection_SimplePerformanceTestJ8/src/br/com/bit/ideias/reflection/rql/RqlTest.java:119: error: [argument] incompatible argument for parameter query of Introspector.createQuery.
        Introspector.createQuery(null).list();
                                 ^
  found   : null (NullType)
  required: @Initialized @NonNull String
../nullgtn/urld44fdf4fee_nadilsons_reflection_dsl_tgz-pJ8-br_com_bit_ideias_reflection_SimplePerformanceTestJ8/src/br/com/bit/ideias/reflection/core/IntrospectorTest.java:39: error: [initialization.field.uninitialized] the default constructor does not initialize field introspectorForClass
    private Introspector introspectorForClass;
                         ^
../nullgtn/urld44fdf4fee_nadilsons_reflection_dsl_tgz-pJ8-br_com_bit_ideias_reflection_SimplePerformanceTestJ8/src/br/com/bit/ideias/reflection/core/IntrospectorTest.java:41: error: [initialization.field.uninitialized] the default constructor does not initialize field introspectorInObject
    private Introspector introspectorInObject;
                         ^
../nullgtn/urld44fdf4fee_nadilsons_reflection_dsl_tgz-pJ8-br_com_bit_ideias_reflection_SimplePerformanceTestJ8/src/br/com/bit/ideias/reflection/core/IntrospectorTest.java:66: error: [argument] incompatible argument for parameter actual of Assert.assertEquals.
        assertEquals("1", result);
                          ^
  found   : @Initialized @Nullable String
  required: @Initialized @NonNull Object
../nullgtn/urld44fdf4fee_nadilsons_reflection_dsl_tgz-pJ8-br_com_bit_ideias_reflection_SimplePerformanceTestJ8/src/br/com/bit/ideias/reflection/core/IntrospectorTest.java:81: error: [argument] incompatible argument for parameter targetClass of Introspector.forClass.
        Introspector.forClass(classe);
                              ^
  found   : @FBCBottom @Nullable Class<capture#01 extends @Initialized @Nullable Object>
  required: @Initialized @NonNull Class<? extends @Initialized @Nullable Object>
../nullgtn/urld44fdf4fee_nadilsons_reflection_dsl_tgz-pJ8-br_com_bit_ideias_reflection_SimplePerformanceTestJ8/src/br/com/bit/ideias/reflection/core/IntrospectorTest.java:93: error: [argument] incompatible argument for parameter className of Introspector.forClass.
        Introspector.forClass(string);
                              ^
  found   : @FBCBottom @Nullable String
  required: @Initialized @NonNull String
../nullgtn/urld44fdf4fee_nadilsons_reflection_dsl_tgz-pJ8-br_com_bit_ideias_reflection_SimplePerformanceTestJ8/src/br/com/bit/ideias/reflection/core/IntrospectorTest.java:106: error: [argument] incompatible argument for parameter instance of Introspector.inObject.
        Introspector.inObject(null);
                              ^
  found   : null (NullType)
  required: @Initialized @NonNull Object
../nullgtn/urld44fdf4fee_nadilsons_reflection_dsl_tgz-pJ8-br_com_bit_ideias_reflection_SimplePerformanceTestJ8/src/br/com/bit/ideias/reflection/core/IntrospectorTest.java:146: error: [argument] incompatible argument for parameter expected of Assert.assertEquals.
        assertEquals(valorBooleano, Boolean.FALSE);
                     ^
  found   : @Initialized @Nullable Boolean
  required: @Initialized @NonNull Object
../nullgtn/urld44fdf4fee_nadilsons_reflection_dsl_tgz-pJ8-br_com_bit_ideias_reflection_SimplePerformanceTestJ8/src/br/com/bit/ideias/reflection/core/IntrospectorTest.java:155: error: [argument] incompatible argument for parameter expected of Assert.assertEquals.
        assertEquals(invokeValue, valorTeste);
                     ^
  found   : @Initialized @Nullable Object
  required: @Initialized @NonNull Object
../nullgtn/urld44fdf4fee_nadilsons_reflection_dsl_tgz-pJ8-br_com_bit_ideias_reflection_SimplePerformanceTestJ8/src/br/com/bit/ideias/reflection/core/IntrospectorTest.java:158: error: [argument] incompatible argument for parameter expected of Assert.assertEquals.
        assertEquals(invokeValue2, valorTeste);
                     ^
  found   : @Initialized @Nullable Object
  required: @Initialized @NonNull Object
../nullgtn/urld44fdf4fee_nadilsons_reflection_dsl_tgz-pJ8-br_com_bit_ideias_reflection_SimplePerformanceTestJ8/src/br/com/bit/ideias/reflection/core/IntrospectorTest.java:167: error: [argument] incompatible argument for parameter expected of Assert.assertEquals.
        assertEquals(invokeValue, valorTeste);
                     ^
  found   : @Initialized @Nullable Object
  required: @Initialized @NonNull Object
../nullgtn/urld44fdf4fee_nadilsons_reflection_dsl_tgz-pJ8-br_com_bit_ideias_reflection_SimplePerformanceTestJ8/src/br/com/bit/ideias/reflection/core/IntrospectorTest.java:170: error: [argument] incompatible argument for parameter expected of Assert.assertEquals.
        assertEquals(invokeValue2, valorTeste);
                     ^
  found   : @Initialized @Nullable Object
  required: @Initialized @NonNull Object
../nullgtn/urld44fdf4fee_nadilsons_reflection_dsl_tgz-pJ8-br_com_bit_ideias_reflection_SimplePerformanceTestJ8/src/br/com/bit/ideias/reflection/core/IntrospectorTest.java:179: error: [argument] incompatible argument for parameter expected of Assert.assertEquals.
        assertEquals(invokeValue, valorTeste);
                     ^
  found   : @Initialized @Nullable Object
  required: @Initialized @NonNull Object
../nullgtn/urld44fdf4fee_nadilsons_reflection_dsl_tgz-pJ8-br_com_bit_ideias_reflection_SimplePerformanceTestJ8/src/br/com/bit/ideias/reflection/core/IntrospectorTest.java:182: error: [argument] incompatible argument for parameter expected of Assert.assertEquals.
        assertEquals(invokeValue2, valorTeste);
                     ^
  found   : @Initialized @Nullable Object
  required: @Initialized @NonNull Object
../nullgtn/urld44fdf4fee_nadilsons_reflection_dsl_tgz-pJ8-br_com_bit_ideias_reflection_SimplePerformanceTestJ8/src/br/com/bit/ideias/reflection/core/IntrospectorTest.java:191: error: [argument] incompatible argument for parameter expected of Assert.assertEquals.
        assertEquals(invokeValue, valorTeste);
                     ^
  found   : @Initialized @Nullable Object
  required: @Initialized @NonNull Object
../nullgtn/urld44fdf4fee_nadilsons_reflection_dsl_tgz-pJ8-br_com_bit_ideias_reflection_SimplePerformanceTestJ8/src/br/com/bit/ideias/reflection/core/IntrospectorTest.java:194: error: [argument] incompatible argument for parameter expected of Assert.assertEquals.
        assertEquals(invokeValue2, valorTeste);
                     ^
  found   : @Initialized @Nullable Object
  required: @Initialized @NonNull Object
../nullgtn/urld44fdf4fee_nadilsons_reflection_dsl_tgz-pJ8-br_com_bit_ideias_reflection_SimplePerformanceTestJ8/src/br/com/bit/ideias/reflection/core/IntrospectorTest.java:200: error: [argument] incompatible argument for parameter expected of Assert.assertEquals.
        assertEquals(invokeValue, INTEIRO);
                     ^
  found   : @Initialized @Nullable Object
  required: @Initialized @NonNull Object
../nullgtn/urld44fdf4fee_nadilsons_reflection_dsl_tgz-pJ8-br_com_bit_ideias_reflection_SimplePerformanceTestJ8/src/br/com/bit/ideias/reflection/core/IntrospectorTest.java:202: error: [argument] incompatible argument for parameter expected of Assert.assertEquals.
        assertEquals(invokeValue2, INTEIRO);
                     ^
  found   : @Initialized @Nullable Object
  required: @Initialized @NonNull Object
../nullgtn/urld44fdf4fee_nadilsons_reflection_dsl_tgz-pJ8-br_com_bit_ideias_reflection_SimplePerformanceTestJ8/src/br/com/bit/ideias/reflection/core/IntrospectorTest.java:210: error: [argument] incompatible argument for parameter expected of Assert.assertEquals.
        assertEquals(invokeValue, valorTeste);
                     ^
  found   : @Initialized @Nullable Object
  required: @Initialized @NonNull Object
../nullgtn/urld44fdf4fee_nadilsons_reflection_dsl_tgz-pJ8-br_com_bit_ideias_reflection_SimplePerformanceTestJ8/src/br/com/bit/ideias/reflection/core/IntrospectorTest.java:213: error: [argument] incompatible argument for parameter expected of Assert.assertEquals.
        assertEquals(invokeValue2, valorTeste);
                     ^
  found   : @Initialized @Nullable Object
  required: @Initialized @NonNull Object
../nullgtn/urld44fdf4fee_nadilsons_reflection_dsl_tgz-pJ8-br_com_bit_ideias_reflection_SimplePerformanceTestJ8/src/br/com/bit/ideias/reflection/core/IntrospectorTest.java:219: error: [argument] incompatible argument for parameter expected of Assert.assertEquals.
        assertEquals(invoke, INTEIRO);
                     ^
  found   : @Initialized @Nullable Object
  required: @Initialized @NonNull Object
../nullgtn/urld44fdf4fee_nadilsons_reflection_dsl_tgz-pJ8-br_com_bit_ideias_reflection_SimplePerformanceTestJ8/src/br/com/bit/ideias/reflection/core/IntrospectorTest.java:285: error: [argument] incompatible argument for parameter expected of Assert.assertEquals.
        assertEquals(dobro, INTEIRO * 2);
                     ^
  found   : @Initialized @Nullable Object
  required: @Initialized @NonNull Object
../nullgtn/urld44fdf4fee_nadilsons_reflection_dsl_tgz-pJ8-br_com_bit_ideias_reflection_SimplePerformanceTestJ8/src/br/com/bit/ideias/reflection/core/IntrospectorTest.java:292: error: [argument] incompatible argument for parameter expected of Assert.assertEquals.
        assertEquals(invoke, INTEIRO * 2);
                     ^
  found   : @Initialized @Nullable Object
  required: @Initialized @NonNull Object
../nullgtn/urld44fdf4fee_nadilsons_reflection_dsl_tgz-pJ8-br_com_bit_ideias_reflection_SimplePerformanceTestJ8/src/br/com/bit/ideias/reflection/core/IntrospectorTest.java:300: error: [argument] incompatible argument for parameter expected of Assert.assertEquals.
        assertEquals(invoke, valorTeste * 2);
                     ^
  found   : @Initialized @Nullable Object
  required: @Initialized @NonNull Object
../nullgtn/urld44fdf4fee_nadilsons_reflection_dsl_tgz-pJ8-br_com_bit_ideias_reflection_SimplePerformanceTestJ8/src/br/com/bit/ideias/reflection/core/IntrospectorTest.java:307: error: [argument] incompatible argument for parameter expected of Assert.assertEquals.
        assertEquals(invoke, INTEIRO * 2);
                     ^
  found   : @Initialized @Nullable Object
  required: @Initialized @NonNull Object
../nullgtn/urld44fdf4fee_nadilsons_reflection_dsl_tgz-pJ8-br_com_bit_ideias_reflection_SimplePerformanceTestJ8/src/br/com/bit/ideias/reflection/core/IntrospectorTest.java:315: error: [argument] incompatible argument for parameter expected of Assert.assertEquals.
        assertEquals(invoke, valorTeste * 2);
                     ^
  found   : @Initialized @Nullable Object
  required: @Initialized @NonNull Object
../nullgtn/urld44fdf4fee_nadilsons_reflection_dsl_tgz-pJ8-br_com_bit_ideias_reflection_SimplePerformanceTestJ8/src/br/com/bit/ideias/reflection/core/IntrospectorTest.java:321: error: [argument] incompatible argument for parameter expected of Assert.assertEquals.
        assertEquals(invoke, INTEIRO * 2);
                     ^
  found   : @Initialized @Nullable Object
  required: @Initialized @NonNull Object
../nullgtn/urld44fdf4fee_nadilsons_reflection_dsl_tgz-pJ8-br_com_bit_ideias_reflection_SimplePerformanceTestJ8/src/br/com/bit/ideias/reflection/core/IntrospectorTest.java:323: error: [argument] incompatible argument for parameter expected of Assert.assertEquals.
        assertEquals(invoke2, INTEIRO * 2);
                     ^
  found   : @Initialized @Nullable Object
  required: @Initialized @NonNull Object
../nullgtn/urld44fdf4fee_nadilsons_reflection_dsl_tgz-pJ8-br_com_bit_ideias_reflection_SimplePerformanceTestJ8/src/br/com/bit/ideias/reflection/core/IntrospectorTest.java:330: error: [argument] incompatible argument for parameter expected of Assert.assertEquals.
        assertEquals(invoke, valorTeste * 2);
                     ^
  found   : @Initialized @Nullable Object
  required: @Initialized @NonNull Object
../nullgtn/urld44fdf4fee_nadilsons_reflection_dsl_tgz-pJ8-br_com_bit_ideias_reflection_SimplePerformanceTestJ8/src/br/com/bit/ideias/reflection/core/IntrospectorTest.java:332: error: [argument] incompatible argument for parameter expected of Assert.assertEquals.
        assertEquals(invoke2, valorTeste * 2);
                     ^
  found   : @Initialized @Nullable Object
  required: @Initialized @NonNull Object
../nullgtn/urld44fdf4fee_nadilsons_reflection_dsl_tgz-pJ8-br_com_bit_ideias_reflection_SimplePerformanceTestJ8/src/br/com/bit/ideias/reflection/test/artefacts/ClasseDominio.java:32: error: [initialization.fields.uninitialized] the constructor does not initialize fields: atributoPrivadoInteiro, atributoPrivadoString, atributoIsolado
    public ClasseDominio() {
           ^
../nullgtn/urld44fdf4fee_nadilsons_reflection_dsl_tgz-pJ8-br_com_bit_ideias_reflection_SimplePerformanceTestJ8/src/br/com/bit/ideias/reflection/test/artefacts/ClasseDominio.java:33: error: [method.invocation] call to _evitaFinal() not allowed on the given receiver.
        _evitaFinal();
                   ^
  found   : @UnderInitialization @NonNull ClasseDominio
  required: @Initialized @NonNull ClasseDominio
../nullgtn/urld44fdf4fee_nadilsons_reflection_dsl_tgz-pJ8-br_com_bit_ideias_reflection_SimplePerformanceTestJ8/src/br/com/bit/ideias/reflection/test/artefacts/ClasseDominioFilha.java:5: error: [initialization.field.uninitialized] the default constructor does not initialize field atributoClasseFilha
    private String atributoClasseFilha;
                   ^
../nullgtn/urld44fdf4fee_nadilsons_reflection_dsl_tgz-pJ8-br_com_bit_ideias_reflection_SimplePerformanceTestJ8/src/br/com/bit/ideias/reflection/util/CollectionUtilTest.java:36: error: [argument] incompatible argument for parameter collection of CollectionUtil.isEmpty.
        assertTrue(CollectionUtil.isEmpty(nullList));
                                          ^
  found   : @FBCBottom @Nullable Collection<capture#02 extends @Initialized @Nullable Object>
  required: @Initialized @NonNull Collection<? extends @Initialized @Nullable Object>
../nullgtn/urld44fdf4fee_nadilsons_reflection_dsl_tgz-pJ8-br_com_bit_ideias_reflection_SimplePerformanceTestJ8/src/br/com/bit/ideias/reflection/util/CollectionUtilTest.java:38: error: [argument] incompatible argument for parameter collection of CollectionUtil.isEmpty.
        assertTrue(CollectionUtil.isEmpty(nullSet));
                                          ^
  found   : @FBCBottom @Nullable Collection<capture#03 extends @Initialized @Nullable Object>
  required: @Initialized @NonNull Collection<? extends @Initialized @Nullable Object>
../nullgtn/urld44fdf4fee_nadilsons_reflection_dsl_tgz-pJ8-br_com_bit_ideias_reflection_SimplePerformanceTestJ8/src/br/com/bit/ideias/reflection/util/CollectionUtilTest.java:40: error: [argument] incompatible argument for parameter map of CollectionUtil.isEmpty.
        assertTrue(CollectionUtil.isEmpty(nullMap));
                                          ^
  found   : @FBCBottom @Nullable Map<capture#04 extends @Initialized @Nullable Object, capture#05 extends @Initialized @Nullable Object>
  required: @Initialized @NonNull Map<? extends @Initialized @Nullable Object, ? extends @Initialized @Nullable Object>
../nullgtn/urld44fdf4fee_nadilsons_reflection_dsl_tgz-pJ8-br_com_bit_ideias_reflection_SimplePerformanceTestJ8/src/br/com/bit/ideias/reflection/util/CollectionUtilTest.java:42: error: [argument] incompatible argument for parameter array of CollectionUtil.isEmpty.
        assertTrue(CollectionUtil.isEmpty(nullArray));
                                          ^
  found   : @Initialized @NonNull Object @FBCBottom @Nullable []
  required: @Initialized @NonNull Object @Initialized @NonNull []
../nullgtn/urld44fdf4fee_nadilsons_reflection_dsl_tgz-pJ8-br_com_bit_ideias_reflection_SimplePerformanceTestJ8/src/br/com/bit/ideias/reflection/cache/LRUCache.java:40: error: [initialization.fields.uninitialized] the constructor does not initialize fields: delegate
    public LRUCache() {
           ^
../nullgtn/urld44fdf4fee_nadilsons_reflection_dsl_tgz-pJ8-br_com_bit_ideias_reflection_SimplePerformanceTestJ8/src/br/com/bit/ideias/reflection/cache/LRUCache.java:46: error: [method.invocation] call to config(br.com.bit.ideias.reflection.cache.CacheConfig) not allowed on the given receiver.
        config(new CacheConfig(100));
              ^
  found   : @UnderInitialization @NonNull LRUCache
  required: @Initialized @NonNull LRUCache
../nullgtn/urld44fdf4fee_nadilsons_reflection_dsl_tgz-pJ8-br_com_bit_ideias_reflection_SimplePerformanceTestJ8/src/br/com/bit/ideias/reflection/cache/LRUCache.java:49: error: [initialization.fields.uninitialized] the constructor does not initialize fields: delegate
    public LRUCache(CacheConfig conf) {
           ^
../nullgtn/urld44fdf4fee_nadilsons_reflection_dsl_tgz-pJ8-br_com_bit_ideias_reflection_SimplePerformanceTestJ8/src/br/com/bit/ideias/reflection/cache/LRUCache.java:50: error: [method.invocation] call to config(br.com.bit.ideias.reflection.cache.CacheConfig) not allowed on the given receiver.
        config(conf);
              ^
  found   : @UnderInitialization @NonNull LRUCache
  required: @Initialized @NonNull LRUCache
../nullgtn/urld44fdf4fee_nadilsons_reflection_dsl_tgz-pJ8-br_com_bit_ideias_reflection_SimplePerformanceTestJ8/src/br/com/bit/ideias/reflection/cache/LRUCache.java:57: error: [override.param] Incompatible parameter type for key.
    public void add(Object key, Object value) {
                           ^
  found   : @Initialized @NonNull Object
  required: @Initialized @Nullable Object
  Consequence: method in @Initialized @NonNull LRUCache
    @NonNull void add(@Initialized @NonNull LRUCache this, @Initialized @NonNull Object p0, @Initialized @NonNull Object p1)
  cannot override method in @Initialized @NonNull Cache
    @NonNull void add(@Initialized @NonNull Cache this, @Initialized @Nullable Object p0, @Initialized @Nullable Object p1)
../nullgtn/urld44fdf4fee_nadilsons_reflection_dsl_tgz-pJ8-br_com_bit_ideias_reflection_SimplePerformanceTestJ8/src/br/com/bit/ideias/reflection/cache/LRUCache.java:57: error: [override.param] Incompatible parameter type for value.
    public void add(Object key, Object value) {
                                       ^
  found   : @Initialized @NonNull Object
  required: @Initialized @Nullable Object
  Consequence: method in @Initialized @NonNull LRUCache
    @NonNull void add(@Initialized @NonNull LRUCache this, @Initialized @NonNull Object p0, @Initialized @NonNull Object p1)
  cannot override method in @Initialized @NonNull Cache
    @NonNull void add(@Initialized @NonNull Cache this, @Initialized @Nullable Object p0, @Initialized @Nullable Object p1)
../nullgtn/urld44fdf4fee_nadilsons_reflection_dsl_tgz-pJ8-br_com_bit_ideias_reflection_SimplePerformanceTestJ8/src/br/com/bit/ideias/reflection/cache/LRUCache.java:61: error: [override.param] Incompatible parameter type for key.
    public Object get(Object key) {
                             ^
  found   : @Initialized @NonNull Object
  required: @Initialized @Nullable Object
  Consequence: method in @Initialized @NonNull LRUCache
    @Initialized @NonNull Object get(@Initialized @NonNull LRUCache this, @Initialized @NonNull Object p0)
  cannot override method in @Initialized @NonNull Cache
    @Initialized @NonNull Object get(@Initialized @NonNull Cache this, @Initialized @Nullable Object p0)
../nullgtn/urld44fdf4fee_nadilsons_reflection_dsl_tgz-pJ8-br_com_bit_ideias_reflection_SimplePerformanceTestJ8/src/br/com/bit/ideias/reflection/cache/LRUCache.java:64: error: [return] incompatible types in return.
            return null;
                   ^
  type of expression: null (NullType)
  method return type: @Initialized @NonNull Object
../nullgtn/urld44fdf4fee_nadilsons_reflection_dsl_tgz-pJ8-br_com_bit_ideias_reflection_SimplePerformanceTestJ8/src/br/com/bit/ideias/reflection/cache/LRUCache.java:68: error: [return] incompatible types in return.
        return retorno;
               ^
  type of expression: @Initialized @Nullable Object
  method return type: @Initialized @NonNull Object
../nullgtn/urld44fdf4fee_nadilsons_reflection_dsl_tgz-pJ8-br_com_bit_ideias_reflection_SimplePerformanceTestJ8/src/br/com/bit/ideias/reflection/cache/CompositeKey.java:26: error: [override.param] Incompatible parameter type for obj.
    public boolean equals(Object obj) {
                                 ^
  found   : @Initialized @NonNull Object
  required: @Initialized @Nullable Object
  Consequence: method in @Initialized @NonNull CompositeKey
    @Initialized @NonNull boolean equals(@Initialized @NonNull CompositeKey this, @Initialized @NonNull Object p0)
  cannot override method in @Initialized @NonNull Object
    @Initialized @NonNull boolean equals(@Initialized @NonNull Object this, @Initialized @Nullable Object p0)
../nullgtn/urld44fdf4fee_nadilsons_reflection_dsl_tgz-pJ8-br_com_bit_ideias_reflection_SimplePerformanceTestJ8/src/br/com/bit/ideias/reflection/criteria/RestrictionsMethodTest.java:32: error: [initialization.field.uninitialized] the default constructor does not initialize field criterion
    private Criterion criterion;
                      ^
../nullgtn/urld44fdf4fee_nadilsons_reflection_dsl_tgz-pJ8-br_com_bit_ideias_reflection_SimplePerformanceTestJ8/src/br/com/bit/ideias/reflection/criteria/RestrictionsMethodTest.java:34: error: [initialization.field.uninitialized] the default constructor does not initialize field criterionClasseFilha
    private Criterion criterionClasseFilha;
                      ^
../nullgtn/urld44fdf4fee_nadilsons_reflection_dsl_tgz-pJ8-br_com_bit_ideias_reflection_SimplePerformanceTestJ8/src/br/com/bit/ideias/reflection/criteria/expression/DisjunctionExpression.java:15: error: [override.param] Incompatible parameter type for member.
    public boolean accept(final Member member) {
                                       ^
  found   : @Initialized @NonNull Member
  required: @Initialized @Nullable Member
  Consequence: method in @Initialized @NonNull DisjunctionExpression
    @Initialized @NonNull boolean accept(@Initialized @NonNull DisjunctionExpression this, @Initialized @NonNull Member p0)
  cannot override method in @Initialized @NonNull Expression
    @Initialized @NonNull boolean accept(@Initialized @NonNull Expression this, @Initialized @Nullable Member p0)
../nullgtn/urld44fdf4fee_nadilsons_reflection_dsl_tgz-pJ8-br_com_bit_ideias_reflection_SimplePerformanceTestJ8/src/br/com/bit/ideias/reflection/criteria/expression/ConjunctionExpression.java:19: error: [argument] incompatible argument for parameter value of BaseExpression constructor.
        super(null, null);
              ^
  found   : null (NullType)
  required: @Initialized @NonNull String
../nullgtn/urld44fdf4fee_nadilsons_reflection_dsl_tgz-pJ8-br_com_bit_ideias_reflection_SimplePerformanceTestJ8/src/br/com/bit/ideias/reflection/criteria/expression/ConjunctionExpression.java:19: error: [argument] incompatible argument for parameter searchType of BaseExpression constructor.
        super(null, null);
                    ^
  found   : null (NullType)
  required: @Initialized @NonNull SearchType
../nullgtn/urld44fdf4fee_nadilsons_reflection_dsl_tgz-pJ8-br_com_bit_ideias_reflection_SimplePerformanceTestJ8/src/br/com/bit/ideias/reflection/criteria/expression/ConjunctionExpression.java:22: error: [override.param] Incompatible parameter type for expression.
    public ComplexExpression add(final Expression expression) {
                                                  ^
  found   : @Initialized @NonNull Expression
  required: @Initialized @Nullable Expression
  Consequence: method in @Initialized @NonNull ConjunctionExpression
    @Initialized @NonNull ComplexExpression add(@Initialized @NonNull ConjunctionExpression this, @Initialized @NonNull Expression p0)
  cannot override method in @Initialized @NonNull ComplexExpression
    @Initialized @NonNull ComplexExpression add(@Initialized @NonNull ComplexExpression this, @Initialized @Nullable Expression p0)
../nullgtn/urld44fdf4fee_nadilsons_reflection_dsl_tgz-pJ8-br_com_bit_ideias_reflection_SimplePerformanceTestJ8/src/br/com/bit/ideias/reflection/criteria/expression/ConjunctionExpression.java:28: error: [override.param] Incompatible parameter type for member.
    public boolean accept(final Member member) {
                                       ^
  found   : @Initialized @NonNull Member
  required: @Initialized @Nullable Member
  Consequence: method in @Initialized @NonNull ConjunctionExpression
    @Initialized @NonNull boolean accept(@Initialized @NonNull ConjunctionExpression this, @Initialized @NonNull Member p0)
  cannot override method in @Initialized @NonNull Expression
    @Initialized @NonNull boolean accept(@Initialized @NonNull Expression this, @Initialized @Nullable Member p0)
../nullgtn/urld44fdf4fee_nadilsons_reflection_dsl_tgz-pJ8-br_com_bit_ideias_reflection_SimplePerformanceTestJ8/src/br/com/bit/ideias/reflection/criteria/expression/BaseExpression.java:29: error: [override.param] Incompatible parameter type for member.
    public boolean accept(final Member member) {
                                       ^
  found   : @Initialized @NonNull Member
  required: @Initialized @Nullable Member
  Consequence: method in @Initialized @NonNull BaseExpression
    @Initialized @NonNull boolean accept(@Initialized @NonNull BaseExpression this, @Initialized @NonNull Member p0)
  cannot override method in @Initialized @NonNull Expression
    @Initialized @NonNull boolean accept(@Initialized @NonNull Expression this, @Initialized @Nullable Member p0)
../nullgtn/urld44fdf4fee_nadilsons_reflection_dsl_tgz-pJ8-br_com_bit_ideias_reflection_SimplePerformanceTestJ8/src/br/com/bit/ideias/reflection/criteria/CriterionImpl.java:27: error: [override.param] Incompatible parameter type for expression.
    public Criterion add(final Expression expression) {
                                          ^
  found   : @Initialized @NonNull Expression
  required: @Initialized @Nullable Expression
  Consequence: method in @Initialized @NonNull CriterionImpl
    @Initialized @NonNull Criterion add(@Initialized @NonNull CriterionImpl this, @Initialized @NonNull Expression p0)
  cannot override method in @Initialized @NonNull Criterion
    @Initialized @NonNull Criterion add(@Initialized @NonNull Criterion this, @Initialized @Nullable Expression p0)
../nullgtn/urld44fdf4fee_nadilsons_reflection_dsl_tgz-pJ8-br_com_bit_ideias_reflection_SimplePerformanceTestJ8/src/br/com/bit/ideias/reflection/criteria/CriterionImpl.java:43: warning: [cast.unsafe] cast from "@Initialized @Nullable Object" to "T[ extends @Initialized @NonNull Member super @Initialized @NonNull Void]" cannot be statically verified
        return (T) result.get(0);
               ^
../nullgtn/urld44fdf4fee_nadilsons_reflection_dsl_tgz-pJ8-br_com_bit_ideias_reflection_SimplePerformanceTestJ8/src/br/com/bit/ideias/reflection/criteria/RestrictionTest.java:33: error: [initialization.field.uninitialized] the default constructor does not initialize field criterion
    private Criterion criterion;
                      ^
../nullgtn/urld44fdf4fee_nadilsons_reflection_dsl_tgz-pJ8-br_com_bit_ideias_reflection_SimplePerformanceTestJ8/src/br/com/bit/ideias/reflection/criteria/RestrictionTest.java:35: error: [initialization.field.uninitialized] the default constructor does not initialize field criterionClasseFilha
    private Criterion criterionClasseFilha;
                      ^
119 errors
2 warnings
