../original/url85940d3d8e_ccp999_Expr4j_tgz-pJ8-org_boris_expr_util_ExprEvaluatorJ8/src/org/boris/expr/ExcelMathAndTrigFunctionsTest.java:65: error: (argument) $$ 4 $$ expected $$ Assert.assertEquals $$ @Initialized @Nullable Object $$ @Initialized @NonNull Object $$ ( 2758, 2771 ) $$ incompatible argument for parameter expected of Assert.assertEquals.
            assertEquals("ABS not working", TH.eval(a, d), Math.abs(d));
                                                   ^
  found   : @Initialized @Nullable Object
  required: @Initialized @NonNull Object
../original/url85940d3d8e_ccp999_Expr4j_tgz-pJ8-org_boris_expr_util_ExprEvaluatorJ8/src/org/boris/expr/ExcelMathAndTrigFunctionsTest.java:74: error: (argument) $$ 4 $$ expected $$ Assert.assertEquals $$ @Initialized @Nullable Object $$ @Initialized @NonNull Object $$ ( 3051, 3064 ) $$ incompatible argument for parameter expected of Assert.assertEquals.
            assertEquals("ACOS not working", TH.eval(a, d), Math.acos(d));
                                                    ^
  found   : @Initialized @Nullable Object
  required: @Initialized @NonNull Object
../original/url85940d3d8e_ccp999_Expr4j_tgz-pJ8-org_boris_expr_util_ExprEvaluatorJ8/src/org/boris/expr/ExcelMathAndTrigFunctionsTest.java:89: error: (argument) $$ 4 $$ expected $$ Assert.assertEquals $$ @Initialized @Nullable Object $$ @Initialized @NonNull Object $$ ( 3525, 3538 ) $$ incompatible argument for parameter expected of Assert.assertEquals.
            assertEquals("ASIN not working", TH.eval(a, d), Math.asin(d));
                                                    ^
  found   : @Initialized @Nullable Object
  required: @Initialized @NonNull Object
../original/url85940d3d8e_ccp999_Expr4j_tgz-pJ8-org_boris_expr_util_ExprEvaluatorJ8/src/org/boris/expr/ExcelMathAndTrigFunctionsTest.java:104: error: (argument) $$ 4 $$ expected $$ Assert.assertEquals $$ @Initialized @Nullable Object $$ @Initialized @NonNull Object $$ ( 4012, 4025 ) $$ incompatible argument for parameter expected of Assert.assertEquals.
            assertEquals("ATAN not working", TH.eval(a, d), Math.atan(d));
                                                    ^
  found   : @Initialized @Nullable Object
  required: @Initialized @NonNull Object
../original/url85940d3d8e_ccp999_Expr4j_tgz-pJ8-org_boris_expr_util_ExprEvaluatorJ8/src/org/boris/expr/ExcelMathAndTrigFunctionsTest.java:124: error: (argument) $$ 4 $$ expected $$ Assert.assertEquals $$ @Initialized @Nullable Object $$ @Initialized @NonNull Object $$ ( 4669, 4688 ) $$ incompatible argument for parameter expected of Assert.assertEquals.
        assertEquals(TH.eval(c, -2.5, 2), ExprError.NUM);
                            ^
  found   : @Initialized @Nullable Object
  required: @Initialized @NonNull Object
../original/url85940d3d8e_ccp999_Expr4j_tgz-pJ8-org_boris_expr_util_ExprEvaluatorJ8/src/org/boris/expr/ExcelMathAndTrigFunctionsTest.java:140: error: (argument) $$ 4 $$ expected $$ Assert.assertEquals $$ @Initialized @Nullable Object $$ @Initialized @NonNull Object $$ ( 5250, 5263 ) $$ incompatible argument for parameter expected of Assert.assertEquals.
            assertEquals("COS not working", TH.eval(c, d), Math.cos(d));
                                                   ^
  found   : @Initialized @Nullable Object
  required: @Initialized @NonNull Object
../original/url85940d3d8e_ccp999_Expr4j_tgz-pJ8-org_boris_expr_util_ExprEvaluatorJ8/src/org/boris/expr/ExcelMathAndTrigFunctionsTest.java:149: error: (argument) $$ 4 $$ expected $$ Assert.assertEquals $$ @Initialized @Nullable Object $$ @Initialized @NonNull Object $$ ( 5562, 5575 ) $$ incompatible argument for parameter expected of Assert.assertEquals.
            assertEquals("COS not working", TH.eval(c, d), Math.cosh(d));
                                                   ^
  found   : @Initialized @Nullable Object
  required: @Initialized @NonNull Object
../original/url85940d3d8e_ccp999_Expr4j_tgz-pJ8-org_boris_expr_util_ExprEvaluatorJ8/src/org/boris/expr/ExcelMathAndTrigFunctionsTest.java:195: error: (argument) $$ 4 $$ expected $$ Assert.assertEquals $$ @Initialized @Nullable Object $$ @Initialized @NonNull Object $$ ( 7066, 7077 ) $$ incompatible argument for parameter expected of Assert.assertEquals.
        assertEquals(eval(f, -1), ExprError.NUM);
                         ^
  found   : @Initialized @Nullable Object
  required: @Initialized @NonNull Object
../original/url85940d3d8e_ccp999_Expr4j_tgz-pJ8-org_boris_expr_util_ExprEvaluatorJ8/src/org/boris/expr/ExcelMathAndTrigFunctionsTest.java:208: error: (argument) $$ 4 $$ expected $$ Assert.assertEquals $$ @Initialized @Nullable Object $$ @Initialized @NonNull Object $$ ( 7489, 7501 ) $$ incompatible argument for parameter expected of Assert.assertEquals.
        assertEquals(eval(i, 1.9), 1);
                         ^
  found   : @Initialized @Nullable Object
  required: @Initialized @NonNull Object
../original/url85940d3d8e_ccp999_Expr4j_tgz-pJ8-org_boris_expr_util_ExprEvaluatorJ8/src/org/boris/expr/ExcelMathAndTrigFunctionsTest.java:209: error: (argument) $$ 4 $$ expected $$ Assert.assertEquals $$ @Initialized @Nullable Object $$ @Initialized @NonNull Object $$ ( 7528, 7541 ) $$ incompatible argument for parameter expected of Assert.assertEquals.
        assertEquals(eval(i, -1.9), -2);
                         ^
  found   : @Initialized @Nullable Object
  required: @Initialized @NonNull Object
../original/url85940d3d8e_ccp999_Expr4j_tgz-pJ8-org_boris_expr_util_ExprEvaluatorJ8/src/org/boris/expr/ExcelMathAndTrigFunctionsTest.java:210: error: (argument) $$ 4 $$ expected $$ Assert.assertEquals $$ @Initialized @Nullable Object $$ @Initialized @NonNull Object $$ ( 7569, 7582 ) $$ incompatible argument for parameter expected of Assert.assertEquals.
        assertEquals(eval(i, -2.0), -2);
                         ^
  found   : @Initialized @Nullable Object
  required: @Initialized @NonNull Object
../original/url85940d3d8e_ccp999_Expr4j_tgz-pJ8-org_boris_expr_util_ExprEvaluatorJ8/src/org/boris/expr/ExcelMathAndTrigFunctionsTest.java:211: error: (argument) $$ 4 $$ expected $$ Assert.assertEquals $$ @Initialized @Nullable Object $$ @Initialized @NonNull Object $$ ( 7610, 7622 ) $$ incompatible argument for parameter expected of Assert.assertEquals.
        assertEquals(eval(i, 8.9), 8);
                         ^
  found   : @Initialized @Nullable Object
  required: @Initialized @NonNull Object
../original/url85940d3d8e_ccp999_Expr4j_tgz-pJ8-org_boris_expr_util_ExprEvaluatorJ8/src/org/boris/expr/ExcelMathAndTrigFunctionsTest.java:212: error: (argument) $$ 4 $$ expected $$ Assert.assertEquals $$ @Initialized @Nullable Object $$ @Initialized @NonNull Object $$ ( 7649, 7662 ) $$ incompatible argument for parameter expected of Assert.assertEquals.
        assertEquals(eval(i, -8.9), -9);
                         ^
  found   : @Initialized @Nullable Object
  required: @Initialized @NonNull Object
../original/url85940d3d8e_ccp999_Expr4j_tgz-pJ8-org_boris_expr_util_ExprEvaluatorJ8/src/org/boris/expr/ExcelMathAndTrigFunctionsTest.java:220: error: (argument) $$ 4 $$ expected $$ Assert.assertEquals $$ @Initialized @Nullable Object $$ @Initialized @NonNull Object $$ ( 7918, 7928 ) $$ incompatible argument for parameter expected of Assert.assertEquals.
            assertEquals("LN not working", eval(l, d), Math.log(d));
                                               ^
  found   : @Initialized @Nullable Object
  required: @Initialized @NonNull Object
../original/url85940d3d8e_ccp999_Expr4j_tgz-pJ8-org_boris_expr_util_ExprEvaluatorJ8/src/org/boris/expr/ExcelMathAndTrigFunctionsTest.java:236: error: (argument) $$ 4 $$ expected $$ Assert.assertEquals $$ @Initialized @Nullable Object $$ @Initialized @NonNull Object $$ ( 8449, 8459 ) $$ incompatible argument for parameter expected of Assert.assertEquals.
            assertEquals("LOG10 not working", eval(l, d), Math.log10(d));
                                                  ^
  found   : @Initialized @Nullable Object
  required: @Initialized @NonNull Object
../original/url85940d3d8e_ccp999_Expr4j_tgz-pJ8-org_boris_expr_util_ExprEvaluatorJ8/src/org/boris/expr/ExcelMathAndTrigFunctionsTest.java:301: error: (argument) $$ 4 $$ expected $$ Assert.assertNotSame $$ @Initialized @Nullable Object $$ @Initialized @NonNull Object $$ ( 10361, 10368 ) $$ incompatible argument for parameter expected of Assert.assertNotSame.
        assertNotSame(eval(r), eval(r));
                          ^
  found   : @Initialized @Nullable Object
  required: @Initialized @NonNull Object
../original/url85940d3d8e_ccp999_Expr4j_tgz-pJ8-org_boris_expr_util_ExprEvaluatorJ8/src/org/boris/expr/ExcelMathAndTrigFunctionsTest.java:301: error: (argument) $$ 4 $$ actual $$ Assert.assertNotSame $$ @Initialized @Nullable Object $$ @Initialized @NonNull Object $$ ( 10370, 10377 ) $$ incompatible argument for parameter actual of Assert.assertNotSame.
        assertNotSame(eval(r), eval(r));
                                   ^
  found   : @Initialized @Nullable Object
  required: @Initialized @NonNull Object
../original/url85940d3d8e_ccp999_Expr4j_tgz-pJ8-org_boris_expr_util_ExprEvaluatorJ8/src/org/boris/expr/ExcelMathAndTrigFunctionsTest.java:344: error: (argument) $$ 4 $$ expected $$ Assert.assertEquals $$ @Initialized @Nullable Object $$ @Initialized @NonNull Object $$ ( 11817, 11827 ) $$ incompatible argument for parameter expected of Assert.assertEquals.
            assertEquals("SIN not working", eval(s, d), Math.sin(d));
                                                ^
  found   : @Initialized @Nullable Object
  required: @Initialized @NonNull Object
../original/url85940d3d8e_ccp999_Expr4j_tgz-pJ8-org_boris_expr_util_ExprEvaluatorJ8/src/org/boris/expr/ExcelMathAndTrigFunctionsTest.java:352: error: (argument) $$ 4 $$ expected $$ Assert.assertEquals $$ @Initialized @Nullable Object $$ @Initialized @NonNull Object $$ ( 12065, 12075 ) $$ incompatible argument for parameter expected of Assert.assertEquals.
            assertEquals("SINH not working", eval(s, d), Math.sinh(d));
                                                 ^
  found   : @Initialized @Nullable Object
  required: @Initialized @NonNull Object
../original/url85940d3d8e_ccp999_Expr4j_tgz-pJ8-org_boris_expr_util_ExprEvaluatorJ8/src/org/boris/expr/ExcelMathAndTrigFunctionsTest.java:360: error: (argument) $$ 4 $$ expected $$ Assert.assertEquals $$ @Initialized @Nullable Object $$ @Initialized @NonNull Object $$ ( 12314, 12324 ) $$ incompatible argument for parameter expected of Assert.assertEquals.
            assertEquals("SQRT not working", eval(s, d), Math.sqrt(d));
                                                 ^
  found   : @Initialized @Nullable Object
  required: @Initialized @NonNull Object
../original/url85940d3d8e_ccp999_Expr4j_tgz-pJ8-org_boris_expr_util_ExprEvaluatorJ8/src/org/boris/expr/ExcelMathAndTrigFunctionsTest.java:419: error: (argument) $$ 4 $$ expected $$ Assert.assertEquals $$ @Initialized @Nullable Object $$ @Initialized @NonNull Object $$ ( 14427, 14437 ) $$ incompatible argument for parameter expected of Assert.assertEquals.
            assertEquals("TAN not working", eval(t, d), Math.tan(d));
                                                ^
  found   : @Initialized @Nullable Object
  required: @Initialized @NonNull Object
../original/url85940d3d8e_ccp999_Expr4j_tgz-pJ8-org_boris_expr_util_ExprEvaluatorJ8/src/org/boris/expr/ExcelMathAndTrigFunctionsTest.java:427: error: (argument) $$ 4 $$ expected $$ Assert.assertEquals $$ @Initialized @Nullable Object $$ @Initialized @NonNull Object $$ ( 14675, 14685 ) $$ incompatible argument for parameter expected of Assert.assertEquals.
            assertEquals("TANH not working", eval(t, d), Math.tanh(d));
                                                 ^
  found   : @Initialized @Nullable Object
  required: @Initialized @NonNull Object
../original/url85940d3d8e_ccp999_Expr4j_tgz-pJ8-org_boris_expr_util_ExprEvaluatorJ8/src/org/boris/expr/TH.java:71: error: (argument) $$ 4 $$ expected $$ Assert.assertEquals $$ @Initialized @Nullable Expr $$ @Initialized @NonNull Object $$ ( 2538, 2539 ) $$ incompatible argument for parameter expected of Assert.assertEquals.
        TestCase.assertEquals(e, Exprs.convertObject(result));
                              ^
  found   : @Initialized @Nullable Expr
  required: @Initialized @NonNull Object
../original/url85940d3d8e_ccp999_Expr4j_tgz-pJ8-org_boris_expr_util_ExprEvaluatorJ8/src/org/boris/expr/TH.java:71: error: (argument) $$ 4 $$ actual $$ Assert.assertEquals $$ @Initialized @Nullable Expr $$ @Initialized @NonNull Object $$ ( 2541, 2568 ) $$ incompatible argument for parameter actual of Assert.assertEquals.
        TestCase.assertEquals(e, Exprs.convertObject(result));
                                                    ^
  found   : @Initialized @Nullable Expr
  required: @Initialized @NonNull Object
../original/url85940d3d8e_ccp999_Expr4j_tgz-pJ8-org_boris_expr_util_ExprEvaluatorJ8/src/org/boris/expr/TH.java:108: error: (unboxing.of.nullable) $$ 1 $$ val $$ ( 3821, 3824 ) $$ unboxing a possibly-null reference val
        if (Math.abs(val - val2) > 0.00000000001) {
                     ^
../original/url85940d3d8e_ccp999_Expr4j_tgz-pJ8-org_boris_expr_util_ExprEvaluatorJ8/src/org/boris/expr/TH.java:109: error: (argument) $$ 4 $$ message $$ Assert.failNotSame $$ null (NullType) $$ @Initialized @NonNull String $$ ( 3885, 3889 ) $$ incompatible argument for parameter message of Assert.failNotSame.
            TestCase.failNotSame(null, val, val2);
                                 ^
  found   : null (NullType)
  required: @Initialized @NonNull String
../original/url85940d3d8e_ccp999_Expr4j_tgz-pJ8-org_boris_expr_util_ExprEvaluatorJ8/src/org/boris/expr/TH.java:116: error: (argument) $$ 4 $$ expected $$ Assert.assertEquals $$ @Initialized @Nullable Object $$ @Initialized @NonNull Object $$ ( 4065, 4116 ) $$ incompatible argument for parameter expected of Assert.assertEquals.
        assertEquals(Exprs.convertExpr(new BasicEvaluationCallback(), e), o);
                                      ^
  found   : @Initialized @Nullable Object
  required: @Initialized @NonNull Object
../original/url85940d3d8e_ccp999_Expr4j_tgz-pJ8-org_boris_expr_util_ExprEvaluatorJ8/src/org/boris/expr/TH.java:123: error: (argument) $$ 4 $$ expected $$ Assert.assertEquals $$ @Initialized @Nullable Object $$ @Initialized @NonNull Object $$ ( 4303, 4304 ) $$ incompatible argument for parameter expected of Assert.assertEquals.
            assertEquals(o, (Object) val);
                         ^
  found   : @Initialized @Nullable Object
  required: @Initialized @NonNull Object
../original/url85940d3d8e_ccp999_Expr4j_tgz-pJ8-org_boris_expr_util_ExprEvaluatorJ8/src/org/boris/expr/ExprArray.java:48: error: (assignment) $$ 2 $$ @Initialized @Nullable Expr $$ @Initialized @NonNull Expr $$ ( 1239, 1244 ) $$ incompatible types in assignment.
        array[index] = value;
                       ^
  found   : @Initialized @Nullable Expr
  required: @Initialized @NonNull Expr
../original/url85940d3d8e_ccp999_Expr4j_tgz-pJ8-org_boris_expr_util_ExprEvaluatorJ8/src/org/boris/expr/ExprArray.java:52: error: (assignment) $$ 2 $$ @Initialized @Nullable Expr $$ @Initialized @NonNull Expr $$ ( 1352, 1357 ) $$ incompatible types in assignment.
        array[row * columns + column] = value;
                                        ^
  found   : @Initialized @Nullable Expr
  required: @Initialized @NonNull Expr
../original/url85940d3d8e_ccp999_Expr4j_tgz-pJ8-org_boris_expr_util_ExprEvaluatorJ8/src/org/boris/expr/ExprVariable.java:54: error: (dereference.of.nullable) $$ 1 $$ context $$ ( 1447, 1454 ) $$ dereference of possibly-null reference context
            return context.evaluateVariable(this);
                   ^
../original/url85940d3d8e_ccp999_Expr4j_tgz-pJ8-org_boris_expr_util_ExprEvaluatorJ8/src/org/boris/expr/engine/GridMap.java:22: error: (dereference.of.nullable) $$ 1 $$ range $$ ( 756, 761 ) $$ dereference of possibly-null reference range
        GridReference dim1 = range.getDimension1();
                             ^
../original/url85940d3d8e_ccp999_Expr4j_tgz-pJ8-org_boris_expr_util_ExprEvaluatorJ8/src/org/boris/expr/engine/GridMap.java:25: error: (dereference.of.nullable) $$ 1 $$ dim1 $$ ( 882, 886 ) $$ dereference of possibly-null reference dim1
        int x1 = dim1.getColumn();
                 ^
../original/url85940d3d8e_ccp999_Expr4j_tgz-pJ8-org_boris_expr_util_ExprEvaluatorJ8/src/org/boris/expr/engine/GridMap.java:63: error: (dereference.of.nullable) $$ 1 $$ range $$ ( 2074, 2079 ) $$ dereference of possibly-null reference range
        if (range.isArray()) {
            ^
../original/url85940d3d8e_ccp999_Expr4j_tgz-pJ8-org_boris_expr_util_ExprEvaluatorJ8/src/org/boris/expr/engine/GridMap.java:77: error: (dereference.of.nullable) $$ 1 $$ dim1 $$ ( 2544, 2548 ) $$ dereference of possibly-null reference dim1
        int x1 = dim1.getColumn();
                 ^
../original/url85940d3d8e_ccp999_Expr4j_tgz-pJ8-org_boris_expr_util_ExprEvaluatorJ8/src/org/boris/expr/ExprFunction.java:65: error: (dereference.of.nullable) $$ 1 $$ context $$ ( 1714, 1721 ) $$ dereference of possibly-null reference context
            return context.evaluateFunction(this);
                   ^
../original/url85940d3d8e_ccp999_Expr4j_tgz-pJ8-org_boris_expr_util_ExprEvaluatorJ8/src/org/boris/expr/engine/Range.java:187: error: (dereference.of.nullable) $$ 1 $$ dim1 $$ ( 5543, 5547 ) $$ dereference of possibly-null reference dim1
        int x1 = dim1.getColumn();
                 ^
../original/url85940d3d8e_ccp999_Expr4j_tgz-pJ8-org_boris_expr_util_ExprEvaluatorJ8/src/org/boris/expr/util/LongMap.java:31: error: (assignment) $$ 2 $$ @Initialized @NonNull LongMap.@Initialized @MonotonicNonNull Entry $$ @Initialized @NonNull LongMap.@Initialized @NonNull Entry $$ ( 926, 932 ) $$ incompatible types in assignment.
            hashtable[pos] = e.next;
                              ^
  found   : @Initialized @NonNull LongMap.@Initialized @MonotonicNonNull Entry
  required: @Initialized @NonNull LongMap.@Initialized @NonNull Entry
../original/url85940d3d8e_ccp999_Expr4j_tgz-pJ8-org_boris_expr_util_ExprEvaluatorJ8/src/org/boris/expr/util/LongMap.java:38: error: (monotonic) $$ 3 $$ MonotonicNonNull $$ MonotonicNonNull $$ @Initialized @NonNull LongMap.@Initialized @MonotonicNonNull Entry $$ ( 1130, 1136 ) $$ cannot assign MonotonicNonNull to MonotonicNonNull (monotonic type).
                    prev.next = e.next;
                                 ^
  type of right-hand-side: @Initialized @NonNull LongMap.@Initialized @MonotonicNonNull Entry
../original/url85940d3d8e_ccp999_Expr4j_tgz-pJ8-org_boris_expr_util_ExprEvaluatorJ8/src/org/boris/expr/function/SimpleDatabaseFunction.java:27: error: (dereference.of.nullable) $$ 1 $$ criteria $$ ( 1053, 1061 ) $$ dereference of possibly-null reference criteria
            if (criteria.matches(db, i)) {
                ^
../original/url85940d3d8e_ccp999_Expr4j_tgz-pJ8-org_boris_expr_util_ExprEvaluatorJ8/src/org/boris/expr/function/SimpleDatabaseFunction.java:28: error: (argument) $$ 4 $$ arg0 $$ List.add $$ @Initialized @Nullable Expr $$ @Initialized @NonNull Expr $$ ( 1109, 1125 ) $$ incompatible argument for parameter arg0 of List.add.
                results.add(db.get(i, field));
                                  ^
  found   : @Initialized @Nullable Expr
  required: @Initialized @NonNull Expr
../original/url85940d3d8e_ccp999_Expr4j_tgz-pJ8-org_boris_expr_util_ExprEvaluatorJ8/src/org/boris/expr/util/Database.java:44: error: (argument) $$ 4 $$ arg0 $$ Map.get $$ @Initialized @Nullable String $$ @Initialized @NonNull Object $$ ( 1286, 1290 ) $$ incompatible argument for parameter arg0 of Map.get.
        return values[row].get(name);
                               ^
  found   : @Initialized @Nullable String
  required: @Initialized @NonNull Object
../original/url85940d3d8e_ccp999_Expr4j_tgz-pJ8-org_boris_expr_util_ExprEvaluatorJ8/src/org/boris/expr/util/Criteria.java:66: error: (argument) $$ 4 $$ arg1 $$ Map.put $$ @Initialized @Nullable Condition $$ @Initialized @NonNull Condition $$ ( 2144, 2164 ) $$ incompatible argument for parameter arg1 of Map.put.
                    dr[i - 1].put(dc[j], Condition.valueOf(e));
                                                          ^
  found   : @Initialized @Nullable Condition
  required: @Initialized @NonNull Condition
../original/url85940d3d8e_ccp999_Expr4j_tgz-pJ8-org_boris_expr_util_ExprEvaluatorJ8/src/org/boris/expr/util/Condition.java:108: error: (dereference.of.nullable) $$ 1 $$ c $$ ( 3864, 3865 ) $$ dereference of possibly-null reference c
        operators.addAll(c.operators);
                         ^
../original/url85940d3d8e_ccp999_Expr4j_tgz-pJ8-org_boris_expr_util_ExprEvaluatorJ8/src/org/boris/expr/AbstractBinaryOperator.java:61: error: (dereference.of.nullable) $$ 1 $$ obj $$ ( 1633, 1636 ) $$ dereference of possibly-null reference obj
        if (!obj.getClass().equals(getClass()))
             ^
../original/url85940d3d8e_ccp999_Expr4j_tgz-pJ8-org_boris_expr_util_ExprEvaluatorJ8/src/org/boris/expr/function/excel/COMBIN.java:20: error: (dereference.of.nullable) $$ 1 $$ ((ExprNumber)eNum) $$ ( 667, 686 ) $$ dereference of possibly-null reference ((ExprNumber)eNum)
        int num = ((ExprNumber) eNum).intValue();
                  ^
../original/url85940d3d8e_ccp999_Expr4j_tgz-pJ8-org_boris_expr_util_ExprEvaluatorJ8/src/org/boris/expr/function/excel/COMBIN.java:24: error: (dereference.of.nullable) $$ 1 $$ ((ExprNumber)eCho) $$ ( 833, 852 ) $$ dereference of possibly-null reference ((ExprNumber)eCho)
        int cho = ((ExprNumber) eCho).intValue();
                  ^
../original/url85940d3d8e_ccp999_Expr4j_tgz-pJ8-org_boris_expr_util_ExprEvaluatorJ8/src/org/boris/expr/function/excel/OFFSET.java:34: error: (dereference.of.nullable) $$ 1 $$ gf $$ ( 1168, 1170 ) $$ dereference of possibly-null reference gf
        int x = gf.getColumn();
                ^
../original/url85940d3d8e_ccp999_Expr4j_tgz-pJ8-org_boris_expr_util_ExprEvaluatorJ8/src/org/boris/expr/function/AbstractVarianceFunction.java:20: error: (method.invocation) $$ 3 $$ setIterations(int) $$ @UnderInitialization(org.boris.expr.function.AbstractVarianceFunction.class) @NonNull ForEachFunction $$ @Initialized @NonNull ForEachFunction $$ ( 635, 651 ) $$ call to setIterations(int) not allowed on the given receiver.
        setIterations(2);
                     ^
  found   : @UnderInitialization(org.boris.expr.function.AbstractVarianceFunction.class) @NonNull ForEachFunction
  required: @Initialized @NonNull ForEachFunction
../original/url85940d3d8e_ccp999_Expr4j_tgz-pJ8-org_boris_expr_util_ExprEvaluatorJ8/src/org/boris/expr/function/excel/LEN.java:24: error: (dereference.of.nullable) $$ 1 $$ a $$ ( 783, 784 ) $$ dereference of possibly-null reference a
            str = a.toString();
                  ^
../original/url85940d3d8e_ccp999_Expr4j_tgz-pJ8-org_boris_expr_util_ExprEvaluatorJ8/src/org/boris/expr/function/excel/CHIINV.java:20: error: (dereference.of.nullable) $$ 1 $$ ((ExprNumber)eP) $$ ( 664, 681 ) $$ dereference of possibly-null reference ((ExprNumber)eP)
        double p = ((ExprNumber) eP).doubleValue();
                   ^
../original/url85940d3d8e_ccp999_Expr4j_tgz-pJ8-org_boris_expr_util_ExprEvaluatorJ8/src/org/boris/expr/function/excel/CHIINV.java:26: error: (dereference.of.nullable) $$ 1 $$ ((ExprNumber)eDF) $$ ( 892, 910 ) $$ dereference of possibly-null reference ((ExprNumber)eDF)
        int df = ((ExprNumber) eDF).intValue();
                 ^
../original/url85940d3d8e_ccp999_Expr4j_tgz-pJ8-org_boris_expr_util_ExprEvaluatorJ8/src/org/boris/expr/function/excel/PERMUT.java:20: error: (dereference.of.nullable) $$ 1 $$ ((ExprNumber)eNum) $$ ( 667, 686 ) $$ dereference of possibly-null reference ((ExprNumber)eNum)
        int num = ((ExprNumber) eNum).intValue();
                  ^
../original/url85940d3d8e_ccp999_Expr4j_tgz-pJ8-org_boris_expr_util_ExprEvaluatorJ8/src/org/boris/expr/function/excel/PERMUT.java:24: error: (dereference.of.nullable) $$ 1 $$ ((ExprNumber)eCho) $$ ( 833, 852 ) $$ dereference of possibly-null reference ((ExprNumber)eCho)
        int cho = ((ExprNumber) eCho).intValue();
                  ^
../original/url85940d3d8e_ccp999_Expr4j_tgz-pJ8-org_boris_expr_util_ExprEvaluatorJ8/src/org/boris/expr/function/excel/BETADIST.java:21: error: (dereference.of.nullable) $$ 1 $$ ((ExprNumber)eX) $$ ( 706, 723 ) $$ dereference of possibly-null reference ((ExprNumber)eX)
        double x = ((ExprNumber) eX).doubleValue();
                   ^
../original/url85940d3d8e_ccp999_Expr4j_tgz-pJ8-org_boris_expr_util_ExprEvaluatorJ8/src/org/boris/expr/function/excel/BETADIST.java:25: error: (dereference.of.nullable) $$ 1 $$ ((ExprNumber)eAlpha) $$ ( 882, 903 ) $$ dereference of possibly-null reference ((ExprNumber)eAlpha)
        double alpha = ((ExprNumber) eAlpha).doubleValue();
                       ^
../original/url85940d3d8e_ccp999_Expr4j_tgz-pJ8-org_boris_expr_util_ExprEvaluatorJ8/src/org/boris/expr/function/excel/BETADIST.java:31: error: (dereference.of.nullable) $$ 1 $$ ((ExprNumber)eBeta) $$ ( 1119, 1139 ) $$ dereference of possibly-null reference ((ExprNumber)eBeta)
        double beta = ((ExprNumber) eBeta).doubleValue();
                      ^
../original/url85940d3d8e_ccp999_Expr4j_tgz-pJ8-org_boris_expr_util_ExprEvaluatorJ8/src/org/boris/expr/function/excel/BETADIST.java:39: error: (dereference.of.nullable) $$ 1 $$ ((ExprNumber)eA) $$ ( 1416, 1433 ) $$ dereference of possibly-null reference ((ExprNumber)eA)
            a = ((ExprNumber) eA).doubleValue();
                ^
../original/url85940d3d8e_ccp999_Expr4j_tgz-pJ8-org_boris_expr_util_ExprEvaluatorJ8/src/org/boris/expr/function/excel/BETADIST.java:45: error: (dereference.of.nullable) $$ 1 $$ ((ExprNumber)eB) $$ ( 1632, 1649 ) $$ dereference of possibly-null reference ((ExprNumber)eB)
            b = ((ExprNumber) eB).doubleValue();
                ^
../original/url85940d3d8e_ccp999_Expr4j_tgz-pJ8-org_boris_expr_util_ExprEvaluatorJ8/src/org/boris/expr/function/excel/BINOMDIST.java:20: error: (dereference.of.nullable) $$ 1 $$ ((ExprNumber)ens) $$ ( 669, 687 ) $$ dereference of possibly-null reference ((ExprNumber)ens)
        int nums = ((ExprNumber) ens).intValue();
                   ^
../original/url85940d3d8e_ccp999_Expr4j_tgz-pJ8-org_boris_expr_util_ExprEvaluatorJ8/src/org/boris/expr/function/excel/BINOMDIST.java:26: error: (dereference.of.nullable) $$ 1 $$ ((ExprNumber)et) $$ ( 891, 908 ) $$ dereference of possibly-null reference ((ExprNumber)et)
        int trials = ((ExprNumber) et).intValue();
                     ^
../original/url85940d3d8e_ccp999_Expr4j_tgz-pJ8-org_boris_expr_util_ExprEvaluatorJ8/src/org/boris/expr/function/excel/BINOMDIST.java:32: error: (dereference.of.nullable) $$ 1 $$ ((ExprNumber)ep) $$ ( 1115, 1132 ) $$ dereference of possibly-null reference ((ExprNumber)ep)
        double p = ((ExprNumber) ep).doubleValue();
                   ^
../original/url85940d3d8e_ccp999_Expr4j_tgz-pJ8-org_boris_expr_util_ExprEvaluatorJ8/src/org/boris/expr/function/excel/SUMPRODUCT.java:22: error: (assignment) $$ 2 $$ @Initialized @Nullable Expr $$ @Initialized @NonNull Expr $$ ( 676, 701 ) $$ incompatible types in assignment.
            ea[i] = evalArg(context, args[i]);
                           ^
  found   : @Initialized @Nullable Expr
  required: @Initialized @NonNull Expr
../original/url85940d3d8e_ccp999_Expr4j_tgz-pJ8-org_boris_expr_util_ExprEvaluatorJ8/src/org/boris/expr/function/excel/CHIDIST.java:20: error: (dereference.of.nullable) $$ 1 $$ ((ExprNumber)eX) $$ ( 665, 682 ) $$ dereference of possibly-null reference ((ExprNumber)eX)
        double x = ((ExprNumber) eX).doubleValue();
                   ^
../original/url85940d3d8e_ccp999_Expr4j_tgz-pJ8-org_boris_expr_util_ExprEvaluatorJ8/src/org/boris/expr/function/excel/CHIDIST.java:24: error: (dereference.of.nullable) $$ 1 $$ ((ExprNumber)eDF) $$ ( 829, 847 ) $$ dereference of possibly-null reference ((ExprNumber)eDF)
        int df = ((ExprNumber) eDF).intValue();
                 ^
../original/url85940d3d8e_ccp999_Expr4j_tgz-pJ8-org_boris_expr_util_ExprEvaluatorJ8/src/org/boris/expr/function/excel/TIME.java:20: error: (dereference.of.nullable) $$ 1 $$ ((ExprNumber)eH) $$ ( 661, 678 ) $$ dereference of possibly-null reference ((ExprNumber)eH)
        double h = ((ExprNumber) eH).doubleValue();
                   ^
../original/url85940d3d8e_ccp999_Expr4j_tgz-pJ8-org_boris_expr_util_ExprEvaluatorJ8/src/org/boris/expr/function/excel/TIME.java:24: error: (dereference.of.nullable) $$ 1 $$ ((ExprNumber)eM) $$ ( 825, 842 ) $$ dereference of possibly-null reference ((ExprNumber)eM)
        double m = ((ExprNumber) eM).doubleValue();
                   ^
../original/url85940d3d8e_ccp999_Expr4j_tgz-pJ8-org_boris_expr_util_ExprEvaluatorJ8/src/org/boris/expr/function/excel/TIME.java:28: error: (dereference.of.nullable) $$ 1 $$ ((ExprNumber)eS) $$ ( 989, 1006 ) $$ dereference of possibly-null reference ((ExprNumber)eS)
        double s = ((ExprNumber) eS).doubleValue();
                   ^
../original/url85940d3d8e_ccp999_Expr4j_tgz-pJ8-org_boris_expr_util_ExprEvaluatorJ8/src/org/boris/expr/function/excel/DEVSQ.java:12: error: (method.invocation) $$ 3 $$ setIterations(int) $$ @UnderInitialization(org.boris.expr.function.excel.DEVSQ.class) @NonNull ForEachFunction $$ @Initialized @NonNull ForEachFunction $$ ( 321, 337 ) $$ call to setIterations(int) not allowed on the given receiver.
        setIterations(2);
                     ^
  found   : @UnderInitialization(org.boris.expr.function.excel.DEVSQ.class) @NonNull ForEachFunction
  required: @Initialized @NonNull ForEachFunction
../original/url85940d3d8e_ccp999_Expr4j_tgz-pJ8-org_boris_expr_util_ExprEvaluatorJ8/src/org/boris/expr/function/excel/BETAINV.java:21: error: (dereference.of.nullable) $$ 1 $$ ((ExprNumber)eX) $$ ( 705, 722 ) $$ dereference of possibly-null reference ((ExprNumber)eX)
        double x = ((ExprNumber) eX).doubleValue();
                   ^
../original/url85940d3d8e_ccp999_Expr4j_tgz-pJ8-org_boris_expr_util_ExprEvaluatorJ8/src/org/boris/expr/function/excel/BETAINV.java:25: error: (dereference.of.nullable) $$ 1 $$ ((ExprNumber)eAlpha) $$ ( 881, 902 ) $$ dereference of possibly-null reference ((ExprNumber)eAlpha)
        double alpha = ((ExprNumber) eAlpha).doubleValue();
                       ^
../original/url85940d3d8e_ccp999_Expr4j_tgz-pJ8-org_boris_expr_util_ExprEvaluatorJ8/src/org/boris/expr/function/excel/BETAINV.java:31: error: (dereference.of.nullable) $$ 1 $$ ((ExprNumber)eBeta) $$ ( 1118, 1138 ) $$ dereference of possibly-null reference ((ExprNumber)eBeta)
        double beta = ((ExprNumber) eBeta).doubleValue();
                      ^
../original/url85940d3d8e_ccp999_Expr4j_tgz-pJ8-org_boris_expr_util_ExprEvaluatorJ8/src/org/boris/expr/function/excel/BETAINV.java:39: error: (dereference.of.nullable) $$ 1 $$ ((ExprNumber)eA) $$ ( 1415, 1432 ) $$ dereference of possibly-null reference ((ExprNumber)eA)
            a = ((ExprNumber) eA).doubleValue();
                ^
../original/url85940d3d8e_ccp999_Expr4j_tgz-pJ8-org_boris_expr_util_ExprEvaluatorJ8/src/org/boris/expr/function/excel/BETAINV.java:45: error: (dereference.of.nullable) $$ 1 $$ ((ExprNumber)eB) $$ ( 1631, 1648 ) $$ dereference of possibly-null reference ((ExprNumber)eB)
            b = ((ExprNumber) eB).doubleValue();
                ^
../original/url85940d3d8e_ccp999_Expr4j_tgz-pJ8-org_boris_expr_util_ExprEvaluatorJ8/src/org/boris/expr/function/excel/SUMIF.java:46: error: (dereference.of.nullable) $$ 1 $$ c $$ ( 1578, 1579 ) $$ dereference of possibly-null reference c
        if (c.eval(item)) {
            ^
../original/url85940d3d8e_ccp999_Expr4j_tgz-pJ8-org_boris_expr_util_ExprEvaluatorJ8/src/org/boris/expr/function/excel/VDB.java:24: error: (dereference.of.nullable) $$ 1 $$ ((ExprNumber)eC) $$ ( 748, 765 ) $$ dereference of possibly-null reference ((ExprNumber)eC)
        double cost = ((ExprNumber) eC).doubleValue();
                      ^
../original/url85940d3d8e_ccp999_Expr4j_tgz-pJ8-org_boris_expr_util_ExprEvaluatorJ8/src/org/boris/expr/function/excel/VDB.java:32: error: (dereference.of.nullable) $$ 1 $$ ((ExprNumber)eS) $$ ( 1002, 1019 ) $$ dereference of possibly-null reference ((ExprNumber)eS)
        double salvage = ((ExprNumber) eS).doubleValue();
                         ^
../original/url85940d3d8e_ccp999_Expr4j_tgz-pJ8-org_boris_expr_util_ExprEvaluatorJ8/src/org/boris/expr/function/excel/VDB.java:40: error: (dereference.of.nullable) $$ 1 $$ ((ExprNumber)eL) $$ ( 1247, 1264 ) $$ dereference of possibly-null reference ((ExprNumber)eL)
        int life = ((ExprNumber) eL).intValue();
                   ^
../original/url85940d3d8e_ccp999_Expr4j_tgz-pJ8-org_boris_expr_util_ExprEvaluatorJ8/src/org/boris/expr/function/excel/VDB.java:48: error: (dereference.of.nullable) $$ 1 $$ ((ExprNumber)eP0) $$ ( 1512, 1530 ) $$ dereference of possibly-null reference ((ExprNumber)eP0)
        double start_period = ((ExprNumber) eP0).doubleValue();
                              ^
../original/url85940d3d8e_ccp999_Expr4j_tgz-pJ8-org_boris_expr_util_ExprEvaluatorJ8/src/org/boris/expr/function/excel/VDB.java:56: error: (dereference.of.nullable) $$ 1 $$ ((ExprNumber)eP1) $$ ( 1777, 1795 ) $$ dereference of possibly-null reference ((ExprNumber)eP1)
        double end_period = ((ExprNumber) eP1).doubleValue();
                            ^
../original/url85940d3d8e_ccp999_Expr4j_tgz-pJ8-org_boris_expr_util_ExprEvaluatorJ8/src/org/boris/expr/function/excel/VDB.java:66: error: (dereference.of.nullable) $$ 1 $$ ((ExprNumber)eF) $$ ( 2107, 2124 ) $$ dereference of possibly-null reference ((ExprNumber)eF)
            factor = ((ExprNumber) eF).doubleValue();
                     ^
../original/url85940d3d8e_ccp999_Expr4j_tgz-pJ8-org_boris_expr_util_ExprEvaluatorJ8/src/org/boris/expr/function/excel/REPT.java:29: error: (dereference.of.nullable) $$ 1 $$ str $$ ( 932, 935 ) $$ dereference of possibly-null reference str
            String s = str.toString();
                       ^
../original/url85940d3d8e_ccp999_Expr4j_tgz-pJ8-org_boris_expr_util_ExprEvaluatorJ8/src/org/boris/expr/function/excel/KURT.java:13: error: (method.invocation) $$ 3 $$ setIterations(int) $$ @UnderInitialization(org.boris.expr.function.excel.KURT.class) @NonNull ForEachFunction $$ @Initialized @NonNull ForEachFunction $$ ( 353, 369 ) $$ call to setIterations(int) not allowed on the given receiver.
        setIterations(3);
                     ^
  found   : @UnderInitialization(org.boris.expr.function.excel.KURT.class) @NonNull ForEachFunction
  required: @Initialized @NonNull ForEachFunction
../original/url85940d3d8e_ccp999_Expr4j_tgz-pJ8-org_boris_expr_util_ExprEvaluatorJ8/src/org/boris/expr/function/excel/TEXT.java:23: error: (dereference.of.nullable) $$ 1 $$ ((ExprNumber)eV) $$ ( 734, 751 ) $$ dereference of possibly-null reference ((ExprNumber)eV)
        double value = ((ExprNumber) eV).doubleValue();
                       ^
../original/url85940d3d8e_ccp999_Expr4j_tgz-pJ8-org_boris_expr_util_ExprEvaluatorJ8/src/org/boris/expr/function/excel/DATE.java:20: error: (dereference.of.nullable) $$ 1 $$ ((ExprNumber)eY) $$ ( 661, 678 ) $$ dereference of possibly-null reference ((ExprNumber)eY)
        double y = ((ExprNumber) eY).doubleValue();
                   ^
../original/url85940d3d8e_ccp999_Expr4j_tgz-pJ8-org_boris_expr_util_ExprEvaluatorJ8/src/org/boris/expr/function/excel/DATE.java:24: error: (dereference.of.nullable) $$ 1 $$ ((ExprNumber)eM) $$ ( 825, 842 ) $$ dereference of possibly-null reference ((ExprNumber)eM)
        double m = ((ExprNumber) eM).doubleValue();
                   ^
../original/url85940d3d8e_ccp999_Expr4j_tgz-pJ8-org_boris_expr_util_ExprEvaluatorJ8/src/org/boris/expr/function/excel/DATE.java:28: error: (dereference.of.nullable) $$ 1 $$ ((ExprNumber)eD) $$ ( 989, 1006 ) $$ dereference of possibly-null reference ((ExprNumber)eD)
        double d = ((ExprNumber) eD).doubleValue();
                   ^
../original/url85940d3d8e_ccp999_Expr4j_tgz-pJ8-org_boris_expr_util_ExprEvaluatorJ8/src/org/boris/expr/function/excel/CRITBINOM.java:20: error: (dereference.of.nullable) $$ 1 $$ ((ExprNumber)et) $$ ( 669, 686 ) $$ dereference of possibly-null reference ((ExprNumber)et)
        int trials = ((ExprNumber) et).intValue();
                     ^
../original/url85940d3d8e_ccp999_Expr4j_tgz-pJ8-org_boris_expr_util_ExprEvaluatorJ8/src/org/boris/expr/function/excel/CRITBINOM.java:26: error: (dereference.of.nullable) $$ 1 $$ ((ExprNumber)ep) $$ ( 890, 907 ) $$ dereference of possibly-null reference ((ExprNumber)ep)
        double p = ((ExprNumber) ep).doubleValue();
                   ^
../original/url85940d3d8e_ccp999_Expr4j_tgz-pJ8-org_boris_expr_util_ExprEvaluatorJ8/src/org/boris/expr/function/excel/CRITBINOM.java:32: error: (dereference.of.nullable) $$ 1 $$ ((ExprNumber)ea) $$ ( 1122, 1139 ) $$ dereference of possibly-null reference ((ExprNumber)ea)
        double alpha = ((ExprNumber) ea).doubleValue();
                       ^
../original/url85940d3d8e_ccp999_Expr4j_tgz-pJ8-org_boris_expr_util_ExprEvaluatorJ8/src/org/boris/expr/function/excel/UPPER.java:21: error: (dereference.of.nullable) $$ 1 $$ a $$ ( 751, 752 ) $$ dereference of possibly-null reference a
        return new ExprString(a.toString().toUpperCase());
                              ^
../original/url85940d3d8e_ccp999_Expr4j_tgz-pJ8-org_boris_expr_util_ExprEvaluatorJ8/src/org/boris/expr/function/excel/TRIM.java:23: error: (dereference.of.nullable) $$ 1 $$ a $$ ( 749, 750 ) $$ dereference of possibly-null reference a
            str = a.toString();
                  ^
../original/url85940d3d8e_ccp999_Expr4j_tgz-pJ8-org_boris_expr_util_ExprEvaluatorJ8/src/org/boris/expr/function/excel/LOWER.java:21: error: (dereference.of.nullable) $$ 1 $$ a $$ ( 751, 752 ) $$ dereference of possibly-null reference a
        return new ExprString(a.toString().toLowerCase());
                              ^
../original/url85940d3d8e_ccp999_Expr4j_tgz-pJ8-org_boris_expr_util_ExprEvaluatorJ8/src/org/boris/expr/function/DoubleInOutFunctionErr.java:29: error: (dereference.of.nullable) $$ 1 $$ ((ExprNumber)a) $$ ( 1108, 1124 ) $$ dereference of possibly-null reference ((ExprNumber)a)
        return new ExprDouble(evaluate(((ExprNumber) a).doubleValue()));
                                       ^
../original/url85940d3d8e_ccp999_Expr4j_tgz-pJ8-org_boris_expr_util_ExprEvaluatorJ8/src/org/boris/expr/function/ExprAlias.java:60: error: (dereference.of.nullable) $$ 1 $$ delegate $$ ( 1939, 1947 ) $$ dereference of possibly-null reference delegate
        return delegate.evaluateFunction(function);
               ^
../original/url85940d3d8e_ccp999_Expr4j_tgz-pJ8-org_boris_expr_util_ExprEvaluatorJ8/src/org/boris/expr/function/ExprAlias.java:68: error: (dereference.of.nullable) $$ 1 $$ delegate $$ ( 2211, 2219 ) $$ dereference of possibly-null reference delegate
            return delegate.evaluateVariable(variable);
                   ^
../original/url85940d3d8e_ccp999_Expr4j_tgz-pJ8-org_boris_expr_util_ExprEvaluatorJ8/src/org/boris/expr/ExcelLookupAndReferenceFunctionsTest.java:26: error: (argument) $$ 4 $$ expected $$ Assert.assertEquals $$ @Initialized @Nullable Object $$ @Initialized @NonNull Object $$ ( 1037, 1066 ) $$ incompatible argument for parameter expected of Assert.assertEquals.
        assertEquals(eval(a, 1, 1, 2, 0, "Sheet "), "\'Sheet \'!R1C[1]");
                         ^
  found   : @Initialized @Nullable Object
  required: @Initialized @NonNull Object
../original/url85940d3d8e_ccp999_Expr4j_tgz-pJ8-org_boris_expr_util_ExprEvaluatorJ8/src/org/boris/expr/ExcelLookupAndReferenceFunctionsTest.java:27: error: (argument) $$ 4 $$ expected $$ Assert.assertEquals $$ @Initialized @Nullable Object $$ @Initialized @NonNull Object $$ ( 1111, 1124 ) $$ incompatible argument for parameter expected of Assert.assertEquals.
        assertEquals(eval(a, 2, 3), "$C$2");
                         ^
  found   : @Initialized @Nullable Object
  required: @Initialized @NonNull Object
../original/url85940d3d8e_ccp999_Expr4j_tgz-pJ8-org_boris_expr_util_ExprEvaluatorJ8/src/org/boris/expr/ExcelLookupAndReferenceFunctionsTest.java:28: error: (argument) $$ 4 $$ expected $$ Assert.assertEquals $$ @Initialized @Nullable Object $$ @Initialized @NonNull Object $$ ( 1156, 1172 ) $$ incompatible argument for parameter expected of Assert.assertEquals.
        assertEquals(eval(a, 2, 3, 2), "C$2");
                         ^
  found   : @Initialized @Nullable Object
  required: @Initialized @NonNull Object
../original/url85940d3d8e_ccp999_Expr4j_tgz-pJ8-org_boris_expr_util_ExprEvaluatorJ8/src/org/boris/expr/ExcelLookupAndReferenceFunctionsTest.java:29: error: (argument) $$ 4 $$ expected $$ Assert.assertEquals $$ @Initialized @Nullable Object $$ @Initialized @NonNull Object $$ ( 1203, 1226 ) $$ incompatible argument for parameter expected of Assert.assertEquals.
        assertEquals(eval(a, 2, 3, 2, false), "R2C[3]");
                         ^
  found   : @Initialized @Nullable Object
  required: @Initialized @NonNull Object
../original/url85940d3d8e_ccp999_Expr4j_tgz-pJ8-org_boris_expr_util_ExprEvaluatorJ8/src/org/boris/expr/ExcelLookupAndReferenceFunctionsTest.java:30: error: (argument) $$ 4 $$ expected $$ Assert.assertEquals $$ @Initialized @Nullable Object $$ @Initialized @NonNull Object $$ ( 1260, 1298 ) $$ incompatible argument for parameter expected of Assert.assertEquals.
        assertEquals(eval(a, 2, 3, 1, false, "EXCEL SHEET"),
                         ^
  found   : @Initialized @Nullable Object
  required: @Initialized @NonNull Object
../original/url85940d3d8e_ccp999_Expr4j_tgz-pJ8-org_boris_expr_util_ExprEvaluatorJ8/src/org/boris/expr/ExcelLookupAndReferenceFunctionsTest.java:43: error: (argument) $$ 4 $$ expected $$ Assert.assertEquals $$ @Initialized @Nullable Object $$ @Initialized @NonNull Object $$ ( 1686, 1702 ) $$ incompatible argument for parameter expected of Assert.assertEquals.
        assertEquals(eval(c, 1, 3, 4), 3);
                         ^
  found   : @Initialized @Nullable Object
  required: @Initialized @NonNull Object
../original/url85940d3d8e_ccp999_Expr4j_tgz-pJ8-org_boris_expr_util_ExprEvaluatorJ8/src/org/boris/expr/ExcelLookupAndReferenceFunctionsTest.java:44: error: (argument) $$ 4 $$ expected $$ Assert.assertEquals $$ @Initialized @Nullable Object $$ @Initialized @NonNull Object $$ ( 1729, 1751 ) $$ incompatible argument for parameter expected of Assert.assertEquals.
        assertEquals(eval(c, 2, 3, "hello"), "hello");
                         ^
  found   : @Initialized @Nullable Object
  required: @Initialized @NonNull Object
../original/url85940d3d8e_ccp999_Expr4j_tgz-pJ8-org_boris_expr_util_ExprEvaluatorJ8/src/org/boris/expr/ExcelLookupAndReferenceFunctionsTest.java:45: error: (argument) $$ 4 $$ expected $$ Assert.assertEquals $$ @Initialized @Nullable Object $$ @Initialized @NonNull Object $$ ( 1784, 1801 ) $$ incompatible argument for parameter expected of Assert.assertEquals.
        assertEquals(eval(c, true, 35), 35);
                         ^
  found   : @Initialized @Nullable Object
  required: @Initialized @NonNull Object
../original/url85940d3d8e_ccp999_Expr4j_tgz-pJ8-org_boris_expr_util_ExprEvaluatorJ8/src/org/boris/expr/engine/AbstractCalculationEngine.java:81: error: (return) $$ 2 $$ Set<@KeyFor("this.rawInputs") Range> $$ Set<Range> $$ ( 2581, 2599 ) $$ incompatible types in return.
        return rawInputs.keySet();
                               ^
  type of expression: Set<@KeyFor("this.rawInputs") Range>
  method return type: Set<Range>
../original/url85940d3d8e_ccp999_Expr4j_tgz-pJ8-org_boris_expr_util_ExprEvaluatorJ8/src/org/boris/expr/engine/AbstractCalculationEngine.java:155: error: (dereference.of.nullable) $$ 1 $$ dim1 $$ ( 4895, 4899 ) $$ dereference of possibly-null reference dim1
        int x1 = dim1.getColumn();
                 ^
../original/url85940d3d8e_ccp999_Expr4j_tgz-pJ8-org_boris_expr_util_ExprEvaluatorJ8/src/org/boris/expr/ExcelInformationFunctionsTest.java:35: error: (argument) $$ 4 $$ expected $$ Assert.assertEquals $$ @Initialized @Nullable Object $$ @Initialized @NonNull Object $$ ( 1320, 1343 ) $$ incompatible argument for parameter expected of Assert.assertEquals.
        assertEquals(eval(e, ExprError.NULL), 1);
                         ^
  found   : @Initialized @Nullable Object
  required: @Initialized @NonNull Object
../original/url85940d3d8e_ccp999_Expr4j_tgz-pJ8-org_boris_expr_util_ExprEvaluatorJ8/src/org/boris/expr/ExcelInformationFunctionsTest.java:36: error: (argument) $$ 4 $$ expected $$ Assert.assertEquals $$ @Initialized @Nullable Object $$ @Initialized @NonNull Object $$ ( 1370, 1393 ) $$ incompatible argument for parameter expected of Assert.assertEquals.
        assertEquals(eval(e, ExprError.DIV0), 2);
                         ^
  found   : @Initialized @Nullable Object
  required: @Initialized @NonNull Object
../original/url85940d3d8e_ccp999_Expr4j_tgz-pJ8-org_boris_expr_util_ExprEvaluatorJ8/src/org/boris/expr/ExcelInformationFunctionsTest.java:37: error: (argument) $$ 4 $$ expected $$ Assert.assertEquals $$ @Initialized @Nullable Object $$ @Initialized @NonNull Object $$ ( 1420, 1444 ) $$ incompatible argument for parameter expected of Assert.assertEquals.
        assertEquals(eval(e, ExprError.VALUE), 3);
                         ^
  found   : @Initialized @Nullable Object
  required: @Initialized @NonNull Object
../original/url85940d3d8e_ccp999_Expr4j_tgz-pJ8-org_boris_expr_util_ExprEvaluatorJ8/src/org/boris/expr/ExcelInformationFunctionsTest.java:39: error: (argument) $$ 4 $$ expected $$ Assert.assertEquals $$ @Initialized @Nullable Object $$ @Initialized @NonNull Object $$ ( 1522, 1537 ) $$ incompatible argument for parameter expected of Assert.assertEquals.
        assertEquals(eval(e, "asdf"), ExprError.NA);
                         ^
  found   : @Initialized @Nullable Object
  required: @Initialized @NonNull Object
../original/url85940d3d8e_ccp999_Expr4j_tgz-pJ8-org_boris_expr_util_ExprEvaluatorJ8/src/org/boris/expr/ExcelInformationFunctionsTest.java:49: error: (argument) $$ 4 $$ expected $$ Assert.assertEquals $$ @Initialized @Nullable Object $$ @Initialized @NonNull Object $$ ( 1786, 1797 ) $$ incompatible argument for parameter expected of Assert.assertEquals.
        assertEquals(eval(i, ""), true);
                         ^
  found   : @Initialized @Nullable Object
  required: @Initialized @NonNull Object
../original/url85940d3d8e_ccp999_Expr4j_tgz-pJ8-org_boris_expr_util_ExprEvaluatorJ8/src/org/boris/expr/ExcelInformationFunctionsTest.java:50: error: (argument) $$ 4 $$ expected $$ Assert.assertEquals $$ @Initialized @Nullable Object $$ @Initialized @NonNull Object $$ ( 1827, 1855 ) $$ incompatible argument for parameter expected of Assert.assertEquals.
        assertEquals(eval(i, ExprMissing.MISSING), true);
                         ^
  found   : @Initialized @Nullable Object
  required: @Initialized @NonNull Object
../original/url85940d3d8e_ccp999_Expr4j_tgz-pJ8-org_boris_expr_util_ExprEvaluatorJ8/src/org/boris/expr/ExcelInformationFunctionsTest.java:51: error: (argument) $$ 4 $$ expected $$ Assert.assertEquals $$ @Initialized @Nullable Object $$ @Initialized @NonNull Object $$ ( 1885, 1908 ) $$ incompatible argument for parameter expected of Assert.assertEquals.
        assertEquals(eval(i, ExprError.DIV0), false);
                         ^
  found   : @Initialized @Nullable Object
  required: @Initialized @NonNull Object
../original/url85940d3d8e_ccp999_Expr4j_tgz-pJ8-org_boris_expr_util_ExprEvaluatorJ8/src/org/boris/expr/ExcelInformationFunctionsTest.java:52: error: (argument) $$ 4 $$ expected $$ Assert.assertEquals $$ @Initialized @Nullable Object $$ @Initialized @NonNull Object $$ ( 1939, 1957 ) $$ incompatible argument for parameter expected of Assert.assertEquals.
        assertEquals(eval(i, "#DIV/0!"), false);
                         ^
  found   : @Initialized @Nullable Object
  required: @Initialized @NonNull Object
../original/url85940d3d8e_ccp999_Expr4j_tgz-pJ8-org_boris_expr_util_ExprEvaluatorJ8/src/org/boris/expr/ExcelInformationFunctionsTest.java:57: error: (argument) $$ 4 $$ expected $$ Assert.assertEquals $$ @Initialized @Nullable Object $$ @Initialized @NonNull Object $$ ( 2073, 2086 ) $$ incompatible argument for parameter expected of Assert.assertEquals.
        assertEquals(eval(i, true), false);
                         ^
  found   : @Initialized @Nullable Object
  required: @Initialized @NonNull Object
../original/url85940d3d8e_ccp999_Expr4j_tgz-pJ8-org_boris_expr_util_ExprEvaluatorJ8/src/org/boris/expr/ExcelInformationFunctionsTest.java:58: error: (argument) $$ 4 $$ expected $$ Assert.assertEquals $$ @Initialized @Nullable Object $$ @Initialized @NonNull Object $$ ( 2117, 2131 ) $$ incompatible argument for parameter expected of Assert.assertEquals.
        assertEquals(eval(i, false), false);
                         ^
  found   : @Initialized @Nullable Object
  required: @Initialized @NonNull Object
../original/url85940d3d8e_ccp999_Expr4j_tgz-pJ8-org_boris_expr_util_ExprEvaluatorJ8/src/org/boris/expr/ExcelInformationFunctionsTest.java:59: error: (argument) $$ 4 $$ expected $$ Assert.assertEquals $$ @Initialized @Nullable Object $$ @Initialized @NonNull Object $$ ( 2162, 2185 ) $$ incompatible argument for parameter expected of Assert.assertEquals.
        assertEquals(eval(i, ExprError.DIV0), true);
                         ^
  found   : @Initialized @Nullable Object
  required: @Initialized @NonNull Object
../original/url85940d3d8e_ccp999_Expr4j_tgz-pJ8-org_boris_expr_util_ExprEvaluatorJ8/src/org/boris/expr/ExcelInformationFunctionsTest.java:60: error: (argument) $$ 4 $$ expected $$ Assert.assertEquals $$ @Initialized @Nullable Object $$ @Initialized @NonNull Object $$ ( 2215, 2233 ) $$ incompatible argument for parameter expected of Assert.assertEquals.
        assertEquals(eval(i, "#DIV/0!"), false);
                         ^
  found   : @Initialized @Nullable Object
  required: @Initialized @NonNull Object
../original/url85940d3d8e_ccp999_Expr4j_tgz-pJ8-org_boris_expr_util_ExprEvaluatorJ8/src/org/boris/expr/ExcelInformationFunctionsTest.java:65: error: (argument) $$ 4 $$ expected $$ Assert.assertEquals $$ @Initialized @Nullable Object $$ @Initialized @NonNull Object $$ ( 2361, 2374 ) $$ incompatible argument for parameter expected of Assert.assertEquals.
        assertEquals(eval(i, true), true);
                         ^
  found   : @Initialized @Nullable Object
  required: @Initialized @NonNull Object
../original/url85940d3d8e_ccp999_Expr4j_tgz-pJ8-org_boris_expr_util_ExprEvaluatorJ8/src/org/boris/expr/ExcelInformationFunctionsTest.java:66: error: (argument) $$ 4 $$ expected $$ Assert.assertEquals $$ @Initialized @Nullable Object $$ @Initialized @NonNull Object $$ ( 2404, 2418 ) $$ incompatible argument for parameter expected of Assert.assertEquals.
        assertEquals(eval(i, false), true);
                         ^
  found   : @Initialized @Nullable Object
  required: @Initialized @NonNull Object
../original/url85940d3d8e_ccp999_Expr4j_tgz-pJ8-org_boris_expr_util_ExprEvaluatorJ8/src/org/boris/expr/ExcelInformationFunctionsTest.java:67: error: (argument) $$ 4 $$ expected $$ Assert.assertEquals $$ @Initialized @Nullable Object $$ @Initialized @NonNull Object $$ ( 2448, 2458 ) $$ incompatible argument for parameter expected of Assert.assertEquals.
        assertEquals(eval(i, 1), false);
                         ^
  found   : @Initialized @Nullable Object
  required: @Initialized @NonNull Object
../original/url85940d3d8e_ccp999_Expr4j_tgz-pJ8-org_boris_expr_util_ExprEvaluatorJ8/src/org/boris/expr/ExcelInformationFunctionsTest.java:68: error: (argument) $$ 4 $$ expected $$ Assert.assertEquals $$ @Initialized @Nullable Object $$ @Initialized @NonNull Object $$ ( 2489, 2501 ) $$ incompatible argument for parameter expected of Assert.assertEquals.
        assertEquals(eval(i, 1.0), false);
                         ^
  found   : @Initialized @Nullable Object
  required: @Initialized @NonNull Object
../original/url85940d3d8e_ccp999_Expr4j_tgz-pJ8-org_boris_expr_util_ExprEvaluatorJ8/src/org/boris/expr/ExcelInformationFunctionsTest.java:73: error: (argument) $$ 4 $$ expected $$ Assert.assertEquals $$ @Initialized @Nullable Object $$ @Initialized @NonNull Object $$ ( 2614, 2627 ) $$ incompatible argument for parameter expected of Assert.assertEquals.
        assertEquals(eval(i, true), false);
                         ^
  found   : @Initialized @Nullable Object
  required: @Initialized @NonNull Object
../original/url85940d3d8e_ccp999_Expr4j_tgz-pJ8-org_boris_expr_util_ExprEvaluatorJ8/src/org/boris/expr/ExcelInformationFunctionsTest.java:74: error: (argument) $$ 4 $$ expected $$ Assert.assertEquals $$ @Initialized @Nullable Object $$ @Initialized @NonNull Object $$ ( 2658, 2669 ) $$ incompatible argument for parameter expected of Assert.assertEquals.
        assertEquals(eval(i, ""), false);
                         ^
  found   : @Initialized @Nullable Object
  required: @Initialized @NonNull Object
../original/url85940d3d8e_ccp999_Expr4j_tgz-pJ8-org_boris_expr_util_ExprEvaluatorJ8/src/org/boris/expr/ExcelInformationFunctionsTest.java:75: error: (argument) $$ 4 $$ expected $$ Assert.assertEquals $$ @Initialized @Nullable Object $$ @Initialized @NonNull Object $$ ( 2700, 2710 ) $$ incompatible argument for parameter expected of Assert.assertEquals.
        assertEquals(eval(i, 1), false);
                         ^
  found   : @Initialized @Nullable Object
  required: @Initialized @NonNull Object
../original/url85940d3d8e_ccp999_Expr4j_tgz-pJ8-org_boris_expr_util_ExprEvaluatorJ8/src/org/boris/expr/ExcelInformationFunctionsTest.java:76: error: (argument) $$ 4 $$ expected $$ Assert.assertEquals $$ @Initialized @Nullable Object $$ @Initialized @NonNull Object $$ ( 2741, 2753 ) $$ incompatible argument for parameter expected of Assert.assertEquals.
        assertEquals(eval(i, 1.0), false);
                         ^
  found   : @Initialized @Nullable Object
  required: @Initialized @NonNull Object
../original/url85940d3d8e_ccp999_Expr4j_tgz-pJ8-org_boris_expr_util_ExprEvaluatorJ8/src/org/boris/expr/ExcelInformationFunctionsTest.java:77: error: (argument) $$ 4 $$ expected $$ Assert.assertEquals $$ @Initialized @Nullable Object $$ @Initialized @NonNull Object $$ ( 2784, 2803 ) $$ incompatible argument for parameter expected of Assert.assertEquals.
        assertEquals(eval(i, toArray(1)), false);
                         ^
  found   : @Initialized @Nullable Object
  required: @Initialized @NonNull Object
../original/url85940d3d8e_ccp999_Expr4j_tgz-pJ8-org_boris_expr_util_ExprEvaluatorJ8/src/org/boris/expr/ExcelInformationFunctionsTest.java:78: error: (argument) $$ 4 $$ expected $$ Assert.assertEquals $$ @Initialized @Nullable Object $$ @Initialized @NonNull Object $$ ( 2834, 2857 ) $$ incompatible argument for parameter expected of Assert.assertEquals.
        assertEquals(eval(i, ExprError.DIV0), false);
                         ^
  found   : @Initialized @Nullable Object
  required: @Initialized @NonNull Object
../original/url85940d3d8e_ccp999_Expr4j_tgz-pJ8-org_boris_expr_util_ExprEvaluatorJ8/src/org/boris/expr/ExcelInformationFunctionsTest.java:79: error: (argument) $$ 4 $$ expected $$ Assert.assertEquals $$ @Initialized @Nullable Object $$ @Initialized @NonNull Object $$ ( 2888, 2909 ) $$ incompatible argument for parameter expected of Assert.assertEquals.
        assertEquals(eval(i, ExprError.NA), true);
                         ^
  found   : @Initialized @Nullable Object
  required: @Initialized @NonNull Object
../original/url85940d3d8e_ccp999_Expr4j_tgz-pJ8-org_boris_expr_util_ExprEvaluatorJ8/src/org/boris/expr/ExcelInformationFunctionsTest.java:84: error: (argument) $$ 4 $$ expected $$ Assert.assertEquals $$ @Initialized @Nullable Object $$ @Initialized @NonNull Object $$ ( 3036, 3049 ) $$ incompatible argument for parameter expected of Assert.assertEquals.
        assertEquals(eval(i, true), true);
                         ^
  found   : @Initialized @Nullable Object
  required: @Initialized @NonNull Object
../original/url85940d3d8e_ccp999_Expr4j_tgz-pJ8-org_boris_expr_util_ExprEvaluatorJ8/src/org/boris/expr/ExcelInformationFunctionsTest.java:85: error: (argument) $$ 4 $$ expected $$ Assert.assertEquals $$ @Initialized @Nullable Object $$ @Initialized @NonNull Object $$ ( 3079, 3090 ) $$ incompatible argument for parameter expected of Assert.assertEquals.
        assertEquals(eval(i, ""), true);
                         ^
  found   : @Initialized @Nullable Object
  required: @Initialized @NonNull Object
../original/url85940d3d8e_ccp999_Expr4j_tgz-pJ8-org_boris_expr_util_ExprEvaluatorJ8/src/org/boris/expr/ExcelInformationFunctionsTest.java:86: error: (argument) $$ 4 $$ expected $$ Assert.assertEquals $$ @Initialized @Nullable Object $$ @Initialized @NonNull Object $$ ( 3120, 3135 ) $$ incompatible argument for parameter expected of Assert.assertEquals.
        assertEquals(eval(i, "asdf"), false);
                         ^
  found   : @Initialized @Nullable Object
  required: @Initialized @NonNull Object
../original/url85940d3d8e_ccp999_Expr4j_tgz-pJ8-org_boris_expr_util_ExprEvaluatorJ8/src/org/boris/expr/ExcelInformationFunctionsTest.java:91: error: (argument) $$ 4 $$ expected $$ Assert.assertEquals $$ @Initialized @Nullable Object $$ @Initialized @NonNull Object $$ ( 3260, 3271 ) $$ incompatible argument for parameter expected of Assert.assertEquals.
        assertEquals(eval(i, ""), false);
                         ^
  found   : @Initialized @Nullable Object
  required: @Initialized @NonNull Object
../original/url85940d3d8e_ccp999_Expr4j_tgz-pJ8-org_boris_expr_util_ExprEvaluatorJ8/src/org/boris/expr/ExcelInformationFunctionsTest.java:92: error: (argument) $$ 4 $$ expected $$ Assert.assertEquals $$ @Initialized @Nullable Object $$ @Initialized @NonNull Object $$ ( 3302, 3312 ) $$ incompatible argument for parameter expected of Assert.assertEquals.
        assertEquals(eval(i, 1), true);
                         ^
  found   : @Initialized @Nullable Object
  required: @Initialized @NonNull Object
../original/url85940d3d8e_ccp999_Expr4j_tgz-pJ8-org_boris_expr_util_ExprEvaluatorJ8/src/org/boris/expr/ExcelInformationFunctionsTest.java:93: error: (argument) $$ 4 $$ expected $$ Assert.assertEquals $$ @Initialized @Nullable Object $$ @Initialized @NonNull Object $$ ( 3342, 3353 ) $$ incompatible argument for parameter expected of Assert.assertEquals.
        assertEquals(eval(i, 1.), true);
                         ^
  found   : @Initialized @Nullable Object
  required: @Initialized @NonNull Object
../original/url85940d3d8e_ccp999_Expr4j_tgz-pJ8-org_boris_expr_util_ExprEvaluatorJ8/src/org/boris/expr/ExcelInformationFunctionsTest.java:94: error: (argument) $$ 4 $$ expected $$ Assert.assertEquals $$ @Initialized @Nullable Object $$ @Initialized @NonNull Object $$ ( 3383, 3397 ) $$ incompatible argument for parameter expected of Assert.assertEquals.
        assertEquals(eval(i, false), false);
                         ^
  found   : @Initialized @Nullable Object
  required: @Initialized @NonNull Object
../original/url85940d3d8e_ccp999_Expr4j_tgz-pJ8-org_boris_expr_util_ExprEvaluatorJ8/src/org/boris/expr/ExcelInformationFunctionsTest.java:104: error: (argument) $$ 4 $$ expected $$ Assert.assertEquals $$ @Initialized @Nullable Object $$ @Initialized @NonNull Object $$ ( 3652, 3663 ) $$ incompatible argument for parameter expected of Assert.assertEquals.
        assertEquals(eval(i, ""), true);
                         ^
  found   : @Initialized @Nullable Object
  required: @Initialized @NonNull Object
../original/url85940d3d8e_ccp999_Expr4j_tgz-pJ8-org_boris_expr_util_ExprEvaluatorJ8/src/org/boris/expr/ExcelInformationFunctionsTest.java:105: error: (argument) $$ 4 $$ expected $$ Assert.assertEquals $$ @Initialized @Nullable Object $$ @Initialized @NonNull Object $$ ( 3693, 3703 ) $$ incompatible argument for parameter expected of Assert.assertEquals.
        assertEquals(eval(i, 1), false);
                         ^
  found   : @Initialized @Nullable Object
  required: @Initialized @NonNull Object
../original/url85940d3d8e_ccp999_Expr4j_tgz-pJ8-org_boris_expr_util_ExprEvaluatorJ8/src/org/boris/expr/ExcelInformationFunctionsTest.java:106: error: (argument) $$ 4 $$ expected $$ Assert.assertEquals $$ @Initialized @Nullable Object $$ @Initialized @NonNull Object $$ ( 3734, 3745 ) $$ incompatible argument for parameter expected of Assert.assertEquals.
        assertEquals(eval(i, 1.), false);
                         ^
  found   : @Initialized @Nullable Object
  required: @Initialized @NonNull Object
../original/url85940d3d8e_ccp999_Expr4j_tgz-pJ8-org_boris_expr_util_ExprEvaluatorJ8/src/org/boris/expr/ExcelInformationFunctionsTest.java:107: error: (argument) $$ 4 $$ expected $$ Assert.assertEquals $$ @Initialized @Nullable Object $$ @Initialized @NonNull Object $$ ( 3776, 3790 ) $$ incompatible argument for parameter expected of Assert.assertEquals.
        assertEquals(eval(i, false), false);
                         ^
  found   : @Initialized @Nullable Object
  required: @Initialized @NonNull Object
../original/url85940d3d8e_ccp999_Expr4j_tgz-pJ8-org_boris_expr_util_ExprEvaluatorJ8/src/org/boris/expr/ExcelInformationFunctionsTest.java:108: error: (argument) $$ 4 $$ expected $$ Assert.assertEquals $$ @Initialized @Nullable Object $$ @Initialized @NonNull Object $$ ( 3821, 3845 ) $$ incompatible argument for parameter expected of Assert.assertEquals.
        assertEquals(eval(i, toArray("asdF")), false);
                         ^
  found   : @Initialized @Nullable Object
  required: @Initialized @NonNull Object
../original/url85940d3d8e_ccp999_Expr4j_tgz-pJ8-org_boris_expr_util_ExprEvaluatorJ8/src/org/boris/expr/ExcelInformationFunctionsTest.java:122: error: (argument) $$ 4 $$ expected $$ Assert.assertEquals $$ @Initialized @Nullable Object $$ @Initialized @NonNull Object $$ ( 4228, 4235 ) $$ incompatible argument for parameter expected of Assert.assertEquals.
        assertEquals(eval(n), ExprError.NA);
                         ^
  found   : @Initialized @Nullable Object
  required: @Initialized @NonNull Object
../original/url85940d3d8e_ccp999_Expr4j_tgz-pJ8-org_boris_expr_util_ExprEvaluatorJ8/src/org/boris/expr/ExprStringConcat.java:21: error: (dereference.of.nullable) $$ 1 $$ ((ExprEvaluatable)lhs) $$ ( 797, 820 ) $$ dereference of possibly-null reference ((ExprEvaluatable)lhs)
            l = ((ExprEvaluatable) lhs).evaluate(context);
                ^
../original/url85940d3d8e_ccp999_Expr4j_tgz-pJ8-org_boris_expr_util_ExprEvaluatorJ8/src/org/boris/expr/ExprStringConcat.java:26: error: (dereference.of.nullable) $$ 1 $$ ((ExprEvaluatable)rhs) $$ ( 1008, 1031 ) $$ dereference of possibly-null reference ((ExprEvaluatable)rhs)
            r = ((ExprEvaluatable) rhs).evaluate(context);
                ^
../original/url85940d3d8e_ccp999_Expr4j_tgz-pJ8-org_boris_expr_util_ExprEvaluatorJ8/src/org/boris/expr/ExprStringConcat.java:29: error: (dereference.of.nullable) $$ 1 $$ l $$ ( 1149, 1150 ) $$ dereference of possibly-null reference l
        if (l.type.equals(ExprType.String) && r.type.equals(ExprType.String)) {
            ^
../original/url85940d3d8e_ccp999_Expr4j_tgz-pJ8-org_boris_expr_util_ExprEvaluatorJ8/src/org/boris/expr/ExprStringConcat.java:29: error: (dereference.of.nullable) $$ 1 $$ r $$ ( 1183, 1184 ) $$ dereference of possibly-null reference r
        if (l.type.equals(ExprType.String) && r.type.equals(ExprType.String)) {
                                              ^
../original/url85940d3d8e_ccp999_Expr4j_tgz-pJ8-org_boris_expr_util_ExprEvaluatorJ8/src/org/boris/expr/AbstractComparisonOperator.java:23: error: (dereference.of.nullable) $$ 1 $$ l $$ ( 910, 911 ) $$ dereference of possibly-null reference l
            return l.toString().compareTo(r.toString());
                   ^
../original/url85940d3d8e_ccp999_Expr4j_tgz-pJ8-org_boris_expr_util_ExprEvaluatorJ8/src/org/boris/expr/AbstractComparisonOperator.java:23: error: (dereference.of.nullable) $$ 1 $$ r $$ ( 933, 934 ) $$ dereference of possibly-null reference r
            return l.toString().compareTo(r.toString());
                                          ^
../original/url85940d3d8e_ccp999_Expr4j_tgz-pJ8-org_boris_expr_util_ExprEvaluatorJ8/src/org/boris/expr/engine/IterationEngine.java:57: error: (argument) $$ 4 $$ arg1 $$ Map.put $$ @Initialized @Nullable Expr $$ @Initialized @NonNull Expr $$ ( 1886, 1887 ) $$ incompatible argument for parameter arg1 of Map.put.
                    valueChanges.put(r, e);
                                        ^
  found   : @Initialized @Nullable Expr
  required: @Initialized @NonNull Expr
../original/url85940d3d8e_ccp999_Expr4j_tgz-pJ8-org_boris_expr_util_ExprEvaluatorJ8/src/org/boris/expr/engine/IterationEngine.java:117: error: (argument) $$ 4 $$ arg1 $$ Map.put $$ @Initialized @Nullable Expr $$ @Initialized @NonNull Expr $$ ( 3594, 3598 ) $$ incompatible argument for parameter arg1 of Map.put.
        inputExprs.put(range, expr);
                              ^
  found   : @Initialized @Nullable Expr
  required: @Initialized @NonNull Expr
../original/url85940d3d8e_ccp999_Expr4j_tgz-pJ8-org_boris_expr_util_ExprEvaluatorJ8/src/org/boris/expr/engine/IterationEngine.java:124: error: (dereference.of.nullable) $$ 1 $$ expr $$ ( 3775, 3779 ) $$ dereference of possibly-null reference expr
        if (expr.evaluatable) {
            ^
../original/url85940d3d8e_ccp999_Expr4j_tgz-pJ8-org_boris_expr_util_ExprEvaluatorJ8/src/org/boris/expr/engine/DependencyEngine.java:76: error: (dereference.of.nullable) $$ 1 $$ expr $$ ( 2509, 2513 ) $$ dereference of possibly-null reference expr
        if (expr.evaluatable) {
            ^
../original/url85940d3d8e_ccp999_Expr4j_tgz-pJ8-org_boris_expr_util_ExprEvaluatorJ8/src/org/boris/expr/engine/DependencyEngine.java:87: error: (argument) $$ 4 $$ node $$ Graph.traverse $$ @KeyFor("this.rawInputs") Range $$ @KeyFor("[error for expression: #2.rawInputs; error: Invalid 'rawInputs' because field or class rawInputs not found in #2]") Object $$ ( 2911, 2916 ) $$ incompatible argument for parameter node of Graph.traverse.
            graph.traverse(range, this);
                           ^
  found   : @KeyFor("this.rawInputs") Range
  required: @KeyFor("[error for expression: #2.rawInputs; error: Invalid 'rawInputs' because field or class rawInputs not found in #2]") Object
../original/url85940d3d8e_ccp999_Expr4j_tgz-pJ8-org_boris_expr_util_ExprEvaluatorJ8/src/org/boris/expr/engine/DependencyEngine.java:110: error: (dereference.of.nullable) $$ 1 $$ source $$ ( 3697, 3703 ) $$ dereference of possibly-null reference source
        if (source.isArray()) {
            ^
../original/url85940d3d8e_ccp999_Expr4j_tgz-pJ8-org_boris_expr_util_ExprEvaluatorJ8/src/org/boris/expr/engine/DependencyEngine.java:121: error: (dereference.of.nullable) $$ 1 $$ source $$ ( 4025, 4031 ) $$ dereference of possibly-null reference source
        if (source.isArray()) {
            ^
../original/url85940d3d8e_ccp999_Expr4j_tgz-pJ8-org_boris_expr_util_ExprEvaluatorJ8/src/org/boris/expr/util/Graph.java:101: error: (argument) $$ 4 $$ e $$ Graph.checkCycle $$ @Initialized @Nullable Edge $$ @Initialized @NonNull Edge $$ ( 3108, 3123 ) $$ incompatible argument for parameter e of Graph.checkCycle.
                checkCycle((Edge) i.next(), visited);
                           ^
  found   : @Initialized @Nullable Edge
  required: @Initialized @NonNull Edge
../original/url85940d3d8e_ccp999_Expr4j_tgz-pJ8-org_boris_expr_util_ExprEvaluatorJ8/src/org/boris/expr/util/Graph.java:107: error: (argument) $$ 4 $$ arg0 $$ Set.remove $$ @Initialized @Nullable Edge $$ @Initialized @NonNull Object $$ ( 3226, 3227 ) $$ incompatible argument for parameter arg0 of Set.remove.
        edges.remove(e);
                     ^
  found   : @Initialized @Nullable Edge
  required: @Initialized @NonNull Object
../original/url85940d3d8e_ccp999_Expr4j_tgz-pJ8-org_boris_expr_util_ExprEvaluatorJ8/src/org/boris/expr/util/Graph.java:125: error: (argument) $$ 4 $$ arg0 $$ Map.get $$ @Initialized @Nullable Object $$ @Initialized @NonNull Object $$ ( 3782, 3783 ) $$ incompatible argument for parameter arg0 of Map.get.
            Set in = (Set) inbounds.get(o);
                                        ^
  found   : @Initialized @Nullable Object
  required: @Initialized @NonNull Object
../original/url85940d3d8e_ccp999_Expr4j_tgz-pJ8-org_boris_expr_util_ExprEvaluatorJ8/src/org/boris/expr/util/Graph.java:136: error: (argument) $$ 4 $$ arg0 $$ Set.contains $$ @Initialized @Nullable Object $$ @Initialized @NonNull Object $$ ( 4096, 4097 ) $$ incompatible argument for parameter arg0 of Set.contains.
            if (!traversed.contains(o)) {
                                    ^
  found   : @Initialized @Nullable Object
  required: @Initialized @NonNull Object
../original/url85940d3d8e_ccp999_Expr4j_tgz-pJ8-org_boris_expr_util_ExprEvaluatorJ8/src/org/boris/expr/util/Graph.java:150: error: (dereference.of.nullable) $$ 1 $$ traversed $$ ( 4491, 4500 ) $$ dereference of possibly-null reference traversed
                if (!traversed.contains(e.source))
                     ^
../original/url85940d3d8e_ccp999_Expr4j_tgz-pJ8-org_boris_expr_util_ExprEvaluatorJ8/src/org/boris/expr/util/Graph.java:150: error: (dereference.of.nullable) $$ 1 $$ e $$ ( 4510, 4511 ) $$ dereference of possibly-null reference e
                if (!traversed.contains(e.source))
                                        ^
../original/url85940d3d8e_ccp999_Expr4j_tgz-pJ8-org_boris_expr_util_ExprEvaluatorJ8/src/org/boris/expr/util/Graph.java:153: error: (dereference.of.nullable) $$ 1 $$ ordered $$ ( 4609, 4616 ) $$ dereference of possibly-null reference ordered
                    ordered.add(e);
                    ^
../original/url85940d3d8e_ccp999_Expr4j_tgz-pJ8-org_boris_expr_util_ExprEvaluatorJ8/src/org/boris/expr/util/Graph.java:158: error: (dereference.of.nullable) $$ 1 $$ traversed $$ ( 4669, 4678 ) $$ dereference of possibly-null reference traversed
        if (!traversed.contains(node)) {
             ^
../original/url85940d3d8e_ccp999_Expr4j_tgz-pJ8-org_boris_expr_util_ExprEvaluatorJ8/src/org/boris/expr/util/Graph.java:160: error: (dereference.of.nullable) $$ 1 $$ ordered $$ ( 4744, 4751 ) $$ dereference of possibly-null reference ordered
            ordered.add(node);
            ^
../original/url85940d3d8e_ccp999_Expr4j_tgz-pJ8-org_boris_expr_util_ExprEvaluatorJ8/src/org/boris/expr/util/Graph.java:173: error: (argument) $$ 4 $$ arg0 $$ Set.contains $$ @Initialized @Nullable Edge $$ @Initialized @NonNull Object $$ ( 5084, 5085 ) $$ incompatible argument for parameter arg0 of Set.contains.
            if (!traversed.contains(e)) {
                                    ^
  found   : @Initialized @Nullable Edge
  required: @Initialized @NonNull Object
../original/url85940d3d8e_ccp999_Expr4j_tgz-pJ8-org_boris_expr_util_ExprEvaluatorJ8/src/org/boris/expr/util/Graph.java:182: error: (dereference.of.nullable) $$ 1 $$ ((Edge)i.next()) $$ ( 5316, 5333 ) $$ dereference of possibly-null reference ((Edge)i.next())
            Object n = ((Edge) i.next()).target;
                       ^
../original/url85940d3d8e_ccp999_Expr4j_tgz-pJ8-org_boris_expr_util_ExprEvaluatorJ8/src/org/boris/expr/util/Graph.java:195: error: (dereference.of.nullable) $$ 1 $$ ordered $$ ( 5612, 5619 ) $$ dereference of possibly-null reference ordered
        ordered.clear();
        ^
../original/url85940d3d8e_ccp999_Expr4j_tgz-pJ8-org_boris_expr_util_ExprEvaluatorJ8/src/org/boris/expr/util/Graph.java:201: error: (dereference.of.nullable) $$ 1 $$ ordered $$ ( 5739, 5746 ) $$ dereference of possibly-null reference ordered
        return ordered.iterator();
               ^
../original/url85940d3d8e_ccp999_Expr4j_tgz-pJ8-org_boris_expr_util_ExprEvaluatorJ8/src/org/boris/expr/util/Graph.java:204: error: (expression.unparsable) $$ 1 $$ [error for expression: #2.rawInputs; error: Invalid 'rawInputs' because field or class rawInputs not found in #2] $$ ( 5794, 5800 ) $$ Expression invalid in dependent type annotation: [error for expression: #2.rawInputs; error: Invalid 'rawInputs' because field or class rawInputs not found in #2]
    public void traverse(Object node, GraphTraversalListener listener) {
                         ^
../original/url85940d3d8e_ccp999_Expr4j_tgz-pJ8-org_boris_expr_util_ExprEvaluatorJ8/src/org/boris/expr/util/Graph.java:212: error: (expression.unparsable) $$ 1 $$ [error for expression: #2.rawInputs; error: Invalid 'rawInputs' because field or class rawInputs not found in #2] $$ ( 6057, 6063 ) $$ Expression invalid in dependent type annotation: [error for expression: #2.rawInputs; error: Invalid 'rawInputs' because field or class rawInputs not found in #2]
    private void walk(Object node, Set traversed) {
                      ^
../original/url85940d3d8e_ccp999_Expr4j_tgz-pJ8-org_boris_expr_util_ExprEvaluatorJ8/src/org/boris/expr/util/Graph.java:219: error: (dereference.of.nullable) $$ 1 $$ e $$ ( 6333, 6334 ) $$ dereference of possibly-null reference e
                walk(e.target, traversed);
                     ^
../original/url85940d3d8e_ccp999_Expr4j_tgz-pJ8-org_boris_expr_util_ExprEvaluatorJ8/src/org/boris/expr/util/Graph.java:219: error: (argument) $$ 4 $$ node $$ Graph.walk $$ Object $$ @KeyFor("[error for expression: #2.rawInputs; error: Invalid 'rawInputs' because field or class rawInputs not found in #2]") Object $$ ( 6333, 6341 ) $$ incompatible argument for parameter node of Graph.walk.
                walk(e.target, traversed);
                      ^
  found   : Object
  required: @KeyFor("[error for expression: #2.rawInputs; error: Invalid 'rawInputs' because field or class rawInputs not found in #2]") Object
../original/url85940d3d8e_ccp999_Expr4j_tgz-pJ8-org_boris_expr_util_ExprEvaluatorJ8/src/org/boris/expr/util/Graph.java:224: error: (expression.unparsable) $$ 1 $$ [error for expression: #2.rawInputs; error: Invalid 'rawInputs' because field or class rawInputs not found in #2] $$ ( 6417, 6423 ) $$ Expression invalid in dependent type annotation: [error for expression: #2.rawInputs; error: Invalid 'rawInputs' because field or class rawInputs not found in #2]
    private void traverse(Object node, GraphTraversalListener listener,
                          ^
../original/url85940d3d8e_ccp999_Expr4j_tgz-pJ8-org_boris_expr_util_ExprEvaluatorJ8/src/org/boris/expr/util/Graph.java:231: error: (dereference.of.nullable) $$ 1 $$ e $$ ( 6753, 6754 ) $$ dereference of possibly-null reference e
                Set ins = (Set) inbounds.get(e.target);
                                             ^
../original/url85940d3d8e_ccp999_Expr4j_tgz-pJ8-org_boris_expr_util_ExprEvaluatorJ8/src/org/boris/expr/util/Graph.java:232: error: (dereference.of.nullable) $$ 1 $$ ins $$ ( 6794, 6797 ) $$ dereference of possibly-null reference ins
                Iterator j = ins.iterator();
                             ^
../original/url85940d3d8e_ccp999_Expr4j_tgz-pJ8-org_boris_expr_util_ExprEvaluatorJ8/src/org/boris/expr/util/Graph.java:236: error: (dereference.of.nullable) $$ 1 $$ in $$ ( 6982, 6984 ) $$ dereference of possibly-null reference in
                    if (subgraph.contains(in.source) &&
                                          ^
../original/url85940d3d8e_ccp999_Expr4j_tgz-pJ8-org_boris_expr_util_ExprEvaluatorJ8/src/org/boris/expr/util/Graph.java:246: error: (argument) $$ 4 $$ node $$ Graph.traverse $$ Object $$ @KeyFor("[error for expression: #2.rawInputs; error: Invalid 'rawInputs' because field or class rawInputs not found in #2]") Object $$ ( 7391, 7399 ) $$ incompatible argument for parameter node of Graph.traverse.
                    traverse(e.target, listener, traversed, subgraph);
                              ^
  found   : Object
  required: @KeyFor("[error for expression: #2.rawInputs; error: Invalid 'rawInputs' because field or class rawInputs not found in #2]") Object
../original/url85940d3d8e_ccp999_Expr4j_tgz-pJ8-org_boris_expr_util_ExprEvaluatorJ8/src/org/boris/expr/ExprAddition.java:32: error: (dereference.of.nullable) $$ 1 $$ rhs $$ ( 1068, 1071 ) $$ dereference of possibly-null reference rhs
            return rhs.toString();
                   ^
../original/url85940d3d8e_ccp999_Expr4j_tgz-pJ8-org_boris_expr_util_ExprEvaluatorJ8/src/org/boris/expr/ExcelTextFunctionsTest.java:41: error: (argument) $$ 4 $$ expected $$ Assert.assertEquals $$ @Initialized @Nullable Object $$ @Initialized @NonNull Object $$ ( 1574, 1585 ) $$ incompatible argument for parameter expected of Assert.assertEquals.
        assertEquals(eval(c, 65), "A");
                         ^
  found   : @Initialized @Nullable Object
  required: @Initialized @NonNull Object
../original/url85940d3d8e_ccp999_Expr4j_tgz-pJ8-org_boris_expr_util_ExprEvaluatorJ8/src/org/boris/expr/ExcelTextFunctionsTest.java:42: error: (argument) $$ 4 $$ expected $$ Assert.assertEquals $$ @Initialized @Nullable Object $$ @Initialized @NonNull Object $$ ( 1614, 1625 ) $$ incompatible argument for parameter expected of Assert.assertEquals.
        assertEquals(eval(c, 33), "!");
                         ^
  found   : @Initialized @Nullable Object
  required: @Initialized @NonNull Object
../original/url85940d3d8e_ccp999_Expr4j_tgz-pJ8-org_boris_expr_util_ExprEvaluatorJ8/src/org/boris/expr/ExcelTextFunctionsTest.java:51: error: (argument) $$ 4 $$ expected $$ Assert.assertEquals $$ @Initialized @Nullable Object $$ @Initialized @NonNull Object $$ ( 1855, 1868 ) $$ incompatible argument for parameter expected of Assert.assertEquals.
        assertEquals(eval(c, true), 84);
                         ^
  found   : @Initialized @Nullable Object
  required: @Initialized @NonNull Object
../original/url85940d3d8e_ccp999_Expr4j_tgz-pJ8-org_boris_expr_util_ExprEvaluatorJ8/src/org/boris/expr/ExcelTextFunctionsTest.java:52: error: (argument) $$ 4 $$ expected $$ Assert.assertEquals $$ @Initialized @Nullable Object $$ @Initialized @NonNull Object $$ ( 1896, 1910 ) $$ incompatible argument for parameter expected of Assert.assertEquals.
        assertEquals(eval(c, false), 70);
                         ^
  found   : @Initialized @Nullable Object
  required: @Initialized @NonNull Object
../original/url85940d3d8e_ccp999_Expr4j_tgz-pJ8-org_boris_expr_util_ExprEvaluatorJ8/src/org/boris/expr/ExcelTextFunctionsTest.java:53: error: (argument) $$ 4 $$ expected $$ Assert.assertEquals $$ @Initialized @Nullable Object $$ @Initialized @NonNull Object $$ ( 1938, 1948 ) $$ incompatible argument for parameter expected of Assert.assertEquals.
        assertEquals(eval(c, 1), 49);
                         ^
  found   : @Initialized @Nullable Object
  required: @Initialized @NonNull Object
../original/url85940d3d8e_ccp999_Expr4j_tgz-pJ8-org_boris_expr_util_ExprEvaluatorJ8/src/org/boris/expr/ExcelTextFunctionsTest.java:54: error: (argument) $$ 4 $$ expected $$ Assert.assertEquals $$ @Initialized @Nullable Object $$ @Initialized @NonNull Object $$ ( 1976, 1990 ) $$ incompatible argument for parameter expected of Assert.assertEquals.
        assertEquals(eval(c, "asd"), 97);
                         ^
  found   : @Initialized @Nullable Object
  required: @Initialized @NonNull Object
../original/url85940d3d8e_ccp999_Expr4j_tgz-pJ8-org_boris_expr_util_ExprEvaluatorJ8/src/org/boris/expr/ExcelTextFunctionsTest.java:55: error: (argument) $$ 4 $$ expected $$ Assert.assertEquals $$ @Initialized @Nullable Object $$ @Initialized @NonNull Object $$ ( 2018, 2031 ) $$ incompatible argument for parameter expected of Assert.assertEquals.
        assertEquals(eval(c, "%$"), 37);
                         ^
  found   : @Initialized @Nullable Object
  required: @Initialized @NonNull Object
../original/url85940d3d8e_ccp999_Expr4j_tgz-pJ8-org_boris_expr_util_ExprEvaluatorJ8/src/org/boris/expr/ExcelTextFunctionsTest.java:56: error: (argument) $$ 4 $$ expected $$ Assert.assertEquals $$ @Initialized @Nullable Object $$ @Initialized @NonNull Object $$ ( 2059, 2072 ) $$ incompatible argument for parameter expected of Assert.assertEquals.
        assertEquals(eval(c, 56.3), 53);
                         ^
  found   : @Initialized @Nullable Object
  required: @Initialized @NonNull Object
../original/url85940d3d8e_ccp999_Expr4j_tgz-pJ8-org_boris_expr_util_ExprEvaluatorJ8/src/org/boris/expr/ExcelTextFunctionsTest.java:61: error: (argument) $$ 4 $$ expected $$ Assert.assertEquals $$ @Initialized @Nullable Object $$ @Initialized @NonNull Object $$ ( 2203, 2218 ) $$ incompatible argument for parameter expected of Assert.assertEquals.
        assertEquals(eval(c, "asdf"), "asdf");
                         ^
  found   : @Initialized @Nullable Object
  required: @Initialized @NonNull Object
../original/url85940d3d8e_ccp999_Expr4j_tgz-pJ8-org_boris_expr_util_ExprEvaluatorJ8/src/org/boris/expr/ExcelTextFunctionsTest.java:62: error: (argument) $$ 4 $$ expected $$ Assert.assertEquals $$ @Initialized @Nullable Object $$ @Initialized @NonNull Object $$ ( 2250, 2273 ) $$ incompatible argument for parameter expected of Assert.assertEquals.
        assertEquals(eval(c, "asdf", "qwer"), "asdfqwer");
                         ^
  found   : @Initialized @Nullable Object
  required: @Initialized @NonNull Object
../original/url85940d3d8e_ccp999_Expr4j_tgz-pJ8-org_boris_expr_util_ExprEvaluatorJ8/src/org/boris/expr/ExcelTextFunctionsTest.java:63: error: (argument) $$ 4 $$ expected $$ Assert.assertEquals $$ @Initialized @Nullable Object $$ @Initialized @NonNull Object $$ ( 2309, 2326 ) $$ incompatible argument for parameter expected of Assert.assertEquals.
        assertEquals(eval(c, 1, 2, 3.), "123.0");
                         ^
  found   : @Initialized @Nullable Object
  required: @Initialized @NonNull Object
../original/url85940d3d8e_ccp999_Expr4j_tgz-pJ8-org_boris_expr_util_ExprEvaluatorJ8/src/org/boris/expr/ExcelTextFunctionsTest.java:73: error: (argument) $$ 4 $$ expected $$ Assert.assertEquals $$ @Initialized @Nullable Object $$ @Initialized @NonNull Object $$ ( 2572, 2595 ) $$ incompatible argument for parameter expected of Assert.assertEquals.
        assertEquals(eval(e, "word", "Word"), false);
                         ^
  found   : @Initialized @Nullable Object
  required: @Initialized @NonNull Object
../original/url85940d3d8e_ccp999_Expr4j_tgz-pJ8-org_boris_expr_util_ExprEvaluatorJ8/src/org/boris/expr/ExcelTextFunctionsTest.java:74: error: (argument) $$ 4 $$ expected $$ Assert.assertEquals $$ @Initialized @Nullable Object $$ @Initialized @NonNull Object $$ ( 2626, 2649 ) $$ incompatible argument for parameter expected of Assert.assertEquals.
        assertEquals(eval(e, "word", "word"), true);
                         ^
  found   : @Initialized @Nullable Object
  required: @Initialized @NonNull Object
../original/url85940d3d8e_ccp999_Expr4j_tgz-pJ8-org_boris_expr_util_ExprEvaluatorJ8/src/org/boris/expr/ExcelTextFunctionsTest.java:75: error: (argument) $$ 4 $$ expected $$ Assert.assertEquals $$ @Initialized @Nullable Object $$ @Initialized @NonNull Object $$ ( 2679, 2698 ) $$ incompatible argument for parameter expected of Assert.assertEquals.
        assertEquals(eval(e, "1.2", 1.2), true);
                         ^
  found   : @Initialized @Nullable Object
  required: @Initialized @NonNull Object
../original/url85940d3d8e_ccp999_Expr4j_tgz-pJ8-org_boris_expr_util_ExprEvaluatorJ8/src/org/boris/expr/ExcelTextFunctionsTest.java:76: error: (argument) $$ 4 $$ expected $$ Assert.assertEquals $$ @Initialized @Nullable Object $$ @Initialized @NonNull Object $$ ( 2728, 2777 ) $$ incompatible argument for parameter expected of Assert.assertEquals.
        assertEquals(eval(e, ExprMissing.MISSING, ExprMissing.MISSING), true);
                         ^
  found   : @Initialized @Nullable Object
  required: @Initialized @NonNull Object
../original/url85940d3d8e_ccp999_Expr4j_tgz-pJ8-org_boris_expr_util_ExprEvaluatorJ8/src/org/boris/expr/ExcelTextFunctionsTest.java:81: error: (argument) $$ 4 $$ expected $$ Assert.assertEquals $$ @Initialized @Nullable Object $$ @Initialized @NonNull Object $$ ( 2889, 2920 ) $$ incompatible argument for parameter expected of Assert.assertEquals.
        assertEquals(eval(f, "M", "Miriam McGovern"), 1);
                         ^
  found   : @Initialized @Nullable Object
  required: @Initialized @NonNull Object
../original/url85940d3d8e_ccp999_Expr4j_tgz-pJ8-org_boris_expr_util_ExprEvaluatorJ8/src/org/boris/expr/ExcelTextFunctionsTest.java:82: error: (argument) $$ 4 $$ expected $$ Assert.assertEquals $$ @Initialized @Nullable Object $$ @Initialized @NonNull Object $$ ( 2947, 2978 ) $$ incompatible argument for parameter expected of Assert.assertEquals.
        assertEquals(eval(f, "m", "Miriam McGovern"), 6);
                         ^
  found   : @Initialized @Nullable Object
  required: @Initialized @NonNull Object
../original/url85940d3d8e_ccp999_Expr4j_tgz-pJ8-org_boris_expr_util_ExprEvaluatorJ8/src/org/boris/expr/ExcelTextFunctionsTest.java:83: error: (argument) $$ 4 $$ expected $$ Assert.assertEquals $$ @Initialized @Nullable Object $$ @Initialized @NonNull Object $$ ( 3005, 3039 ) $$ incompatible argument for parameter expected of Assert.assertEquals.
        assertEquals(eval(f, "M", "Miriam McGovern", 3), 8);
                         ^
  found   : @Initialized @Nullable Object
  required: @Initialized @NonNull Object
../original/url85940d3d8e_ccp999_Expr4j_tgz-pJ8-org_boris_expr_util_ExprEvaluatorJ8/src/org/boris/expr/ExcelTextFunctionsTest.java:95: error: (argument) $$ 4 $$ expected $$ Assert.assertEquals $$ @Initialized @Nullable Object $$ @Initialized @NonNull Object $$ ( 3421, 3445 ) $$ incompatible argument for parameter expected of Assert.assertEquals.
        assertEquals(eval(l, "Sale Price", 4), "Sale");
                         ^
  found   : @Initialized @Nullable Object
  required: @Initialized @NonNull Object
../original/url85940d3d8e_ccp999_Expr4j_tgz-pJ8-org_boris_expr_util_ExprEvaluatorJ8/src/org/boris/expr/ExcelTextFunctionsTest.java:96: error: (argument) $$ 4 $$ expected $$ Assert.assertEquals $$ @Initialized @Nullable Object $$ @Initialized @NonNull Object $$ ( 3477, 3497 ) $$ incompatible argument for parameter expected of Assert.assertEquals.
        assertEquals(eval(l, "Sweden", 1), "S");
                         ^
  found   : @Initialized @Nullable Object
  required: @Initialized @NonNull Object
../original/url85940d3d8e_ccp999_Expr4j_tgz-pJ8-org_boris_expr_util_ExprEvaluatorJ8/src/org/boris/expr/ExcelTextFunctionsTest.java:108: error: (argument) $$ 4 $$ expected $$ Assert.assertEquals $$ @Initialized @Nullable Object $$ @Initialized @NonNull Object $$ ( 3827, 3842 ) $$ incompatible argument for parameter expected of Assert.assertEquals.
        assertEquals(eval(l, "ASDF"), "asdf");
                         ^
  found   : @Initialized @Nullable Object
  required: @Initialized @NonNull Object
../original/url85940d3d8e_ccp999_Expr4j_tgz-pJ8-org_boris_expr_util_ExprEvaluatorJ8/src/org/boris/expr/ExcelTextFunctionsTest.java:109: error: (argument) $$ 4 $$ expected $$ Assert.assertEquals $$ @Initialized @Nullable Object $$ @Initialized @NonNull Object $$ ( 3874, 3887 ) $$ incompatible argument for parameter expected of Assert.assertEquals.
        assertEquals(eval(l, true), "true");
                         ^
  found   : @Initialized @Nullable Object
  required: @Initialized @NonNull Object
../original/url85940d3d8e_ccp999_Expr4j_tgz-pJ8-org_boris_expr_util_ExprEvaluatorJ8/src/org/boris/expr/ExcelTextFunctionsTest.java:110: error: (argument) $$ 4 $$ expected $$ Assert.assertEquals $$ @Initialized @Nullable Object $$ @Initialized @NonNull Object $$ ( 3919, 3929 ) $$ incompatible argument for parameter expected of Assert.assertEquals.
        assertEquals(eval(l, 1), "1");
                         ^
  found   : @Initialized @Nullable Object
  required: @Initialized @NonNull Object
../original/url85940d3d8e_ccp999_Expr4j_tgz-pJ8-org_boris_expr_util_ExprEvaluatorJ8/src/org/boris/expr/ExcelTextFunctionsTest.java:117: error: (argument) $$ 4 $$ expected $$ Assert.assertEquals $$ @Initialized @Nullable Object $$ @Initialized @NonNull Object $$ ( 4131, 4158 ) $$ incompatible argument for parameter expected of Assert.assertEquals.
        assertEquals(eval(m, "Fluid Flow", 1, 5), "Fluid");
                         ^
  found   : @Initialized @Nullable Object
  required: @Initialized @NonNull Object
../original/url85940d3d8e_ccp999_Expr4j_tgz-pJ8-org_boris_expr_util_ExprEvaluatorJ8/src/org/boris/expr/ExcelTextFunctionsTest.java:118: error: (argument) $$ 4 $$ expected $$ Assert.assertEquals $$ @Initialized @Nullable Object $$ @Initialized @NonNull Object $$ ( 4191, 4219 ) $$ incompatible argument for parameter expected of Assert.assertEquals.
        assertEquals(eval(m, "Fluid Flow", 7, 20), "Flow");
                         ^
  found   : @Initialized @Nullable Object
  required: @Initialized @NonNull Object
../original/url85940d3d8e_ccp999_Expr4j_tgz-pJ8-org_boris_expr_util_ExprEvaluatorJ8/src/org/boris/expr/ExcelTextFunctionsTest.java:119: error: (argument) $$ 4 $$ expected $$ Assert.assertEquals $$ @Initialized @Nullable Object $$ @Initialized @NonNull Object $$ ( 4251, 4279 ) $$ incompatible argument for parameter expected of Assert.assertEquals.
        assertEquals(eval(m, "Fluid Flow", 20, 5), "");
                         ^
  found   : @Initialized @Nullable Object
  required: @Initialized @NonNull Object
../original/url85940d3d8e_ccp999_Expr4j_tgz-pJ8-org_boris_expr_util_ExprEvaluatorJ8/src/org/boris/expr/ExcelTextFunctionsTest.java:120: error: (argument) $$ 4 $$ expected $$ Assert.assertEquals $$ @Initialized @Nullable Object $$ @Initialized @NonNull Object $$ ( 4307, 4335 ) $$ incompatible argument for parameter expected of Assert.assertEquals.
        assertEquals(eval(m, "Fluid Flow", -1, 5), ExprError.VALUE);
                         ^
  found   : @Initialized @Nullable Object
  required: @Initialized @NonNull Object
../original/url85940d3d8e_ccp999_Expr4j_tgz-pJ8-org_boris_expr_util_ExprEvaluatorJ8/src/org/boris/expr/ExcelTextFunctionsTest.java:121: error: (argument) $$ 4 $$ expected $$ Assert.assertEquals $$ @Initialized @Nullable Object $$ @Initialized @NonNull Object $$ ( 4376, 4403 ) $$ incompatible argument for parameter expected of Assert.assertEquals.
        assertEquals(eval(m, "Fluid Flow", 0, 5), ExprError.VALUE);
                         ^
  found   : @Initialized @Nullable Object
  required: @Initialized @NonNull Object
../original/url85940d3d8e_ccp999_Expr4j_tgz-pJ8-org_boris_expr_util_ExprEvaluatorJ8/src/org/boris/expr/ExcelTextFunctionsTest.java:122: error: (argument) $$ 4 $$ expected $$ Assert.assertEquals $$ @Initialized @Nullable Object $$ @Initialized @NonNull Object $$ ( 4444, 4472 ) $$ incompatible argument for parameter expected of Assert.assertEquals.
        assertEquals(eval(m, "Fluid Flow", 4, -2), ExprError.VALUE);
                         ^
  found   : @Initialized @Nullable Object
  required: @Initialized @NonNull Object
../original/url85940d3d8e_ccp999_Expr4j_tgz-pJ8-org_boris_expr_util_ExprEvaluatorJ8/src/org/boris/expr/ExcelTextFunctionsTest.java:127: error: (argument) $$ 4 $$ expected $$ Assert.assertEquals $$ @Initialized @Nullable Object $$ @Initialized @NonNull Object $$ ( 4601, 4627 ) $$ incompatible argument for parameter expected of Assert.assertEquals.
        assertEquals(eval(p, "this is a TITLE"), "This Is A Title");
                         ^
  found   : @Initialized @Nullable Object
  required: @Initialized @NonNull Object
../original/url85940d3d8e_ccp999_Expr4j_tgz-pJ8-org_boris_expr_util_ExprEvaluatorJ8/src/org/boris/expr/ExcelTextFunctionsTest.java:128: error: (argument) $$ 4 $$ expected $$ Assert.assertEquals $$ @Initialized @Nullable Object $$ @Initialized @NonNull Object $$ ( 4670, 4696 ) $$ incompatible argument for parameter expected of Assert.assertEquals.
        assertEquals(eval(p, "2-cent\'s worth"), "2-Cent\'S Worth");
                         ^
  found   : @Initialized @Nullable Object
  required: @Initialized @NonNull Object
../original/url85940d3d8e_ccp999_Expr4j_tgz-pJ8-org_boris_expr_util_ExprEvaluatorJ8/src/org/boris/expr/ExcelTextFunctionsTest.java:129: error: (argument) $$ 4 $$ expected $$ Assert.assertEquals $$ @Initialized @Nullable Object $$ @Initialized @NonNull Object $$ ( 4739, 4758 ) $$ incompatible argument for parameter expected of Assert.assertEquals.
        assertEquals(eval(p, "76BudGet"), "76Budget");
                         ^
  found   : @Initialized @Nullable Object
  required: @Initialized @NonNull Object
../original/url85940d3d8e_ccp999_Expr4j_tgz-pJ8-org_boris_expr_util_ExprEvaluatorJ8/src/org/boris/expr/ExcelTextFunctionsTest.java:134: error: (argument) $$ 4 $$ expected $$ Assert.assertEquals $$ @Initialized @Nullable Object $$ @Initialized @NonNull Object $$ ( 4885, 4918 ) $$ incompatible argument for parameter expected of Assert.assertEquals.
        assertEquals(eval(r, "abcdefghijk", 6, 5, "*"), "abcde*k");
                         ^
  found   : @Initialized @Nullable Object
  required: @Initialized @NonNull Object
../original/url85940d3d8e_ccp999_Expr4j_tgz-pJ8-org_boris_expr_util_ExprEvaluatorJ8/src/org/boris/expr/ExcelTextFunctionsTest.java:135: error: (argument) $$ 4 $$ expected $$ Assert.assertEquals $$ @Initialized @Nullable Object $$ @Initialized @NonNull Object $$ ( 4953, 4980 ) $$ incompatible argument for parameter expected of Assert.assertEquals.
        assertEquals(eval(r, "2009", 3, 2, "10"), "2010");
                         ^
  found   : @Initialized @Nullable Object
  required: @Initialized @NonNull Object
../original/url85940d3d8e_ccp999_Expr4j_tgz-pJ8-org_boris_expr_util_ExprEvaluatorJ8/src/org/boris/expr/ExcelTextFunctionsTest.java:136: error: (argument) $$ 4 $$ expected $$ Assert.assertEquals $$ @Initialized @Nullable Object $$ @Initialized @NonNull Object $$ ( 5012, 5040 ) $$ incompatible argument for parameter expected of Assert.assertEquals.
        assertEquals(eval(r, "123456", 1, 3, "@"), "@456");
                         ^
  found   : @Initialized @Nullable Object
  required: @Initialized @NonNull Object
../original/url85940d3d8e_ccp999_Expr4j_tgz-pJ8-org_boris_expr_util_ExprEvaluatorJ8/src/org/boris/expr/ExcelTextFunctionsTest.java:142: error: (argument) $$ 4 $$ expected $$ Assert.assertEquals $$ @Initialized @Nullable Object $$ @Initialized @NonNull Object $$ ( 5200, 5216 ) $$ incompatible argument for parameter expected of Assert.assertEquals.
        assertEquals(eval(r, "*-", 3), "*-*-*-");
                         ^
  found   : @Initialized @Nullable Object
  required: @Initialized @NonNull Object
../original/url85940d3d8e_ccp999_Expr4j_tgz-pJ8-org_boris_expr_util_ExprEvaluatorJ8/src/org/boris/expr/ExcelTextFunctionsTest.java:143: error: (argument) $$ 4 $$ expected $$ Assert.assertEquals $$ @Initialized @Nullable Object $$ @Initialized @NonNull Object $$ ( 5250, 5266 ) $$ incompatible argument for parameter expected of Assert.assertEquals.
        assertEquals(eval(r, "-", 10), "----------");
                         ^
  found   : @Initialized @Nullable Object
  required: @Initialized @NonNull Object
../original/url85940d3d8e_ccp999_Expr4j_tgz-pJ8-org_boris_expr_util_ExprEvaluatorJ8/src/org/boris/expr/ExcelTextFunctionsTest.java:149: error: (argument) $$ 4 $$ expected $$ Assert.assertEquals $$ @Initialized @Nullable Object $$ @Initialized @NonNull Object $$ ( 5429, 5453 ) $$ incompatible argument for parameter expected of Assert.assertEquals.
        assertEquals(eval(r, "Sale Price", 5), "Price");
                         ^
  found   : @Initialized @Nullable Object
  required: @Initialized @NonNull Object
../original/url85940d3d8e_ccp999_Expr4j_tgz-pJ8-org_boris_expr_util_ExprEvaluatorJ8/src/org/boris/expr/ExcelTextFunctionsTest.java:150: error: (argument) $$ 4 $$ expected $$ Assert.assertEquals $$ @Initialized @Nullable Object $$ @Initialized @NonNull Object $$ ( 5486, 5509 ) $$ incompatible argument for parameter expected of Assert.assertEquals.
        assertEquals(eval(r, "Stock Number"), "r");
                         ^
  found   : @Initialized @Nullable Object
  required: @Initialized @NonNull Object
../original/url85940d3d8e_ccp999_Expr4j_tgz-pJ8-org_boris_expr_util_ExprEvaluatorJ8/src/org/boris/expr/ExcelTextFunctionsTest.java:155: error: (argument) $$ 4 $$ expected $$ Assert.assertEquals $$ @Initialized @Nullable Object $$ @Initialized @NonNull Object $$ ( 5626, 5655 ) $$ incompatible argument for parameter expected of Assert.assertEquals.
        assertEquals(eval(s, "e", "Statements", 6), 7);
                         ^
  found   : @Initialized @Nullable Object
  required: @Initialized @NonNull Object
../original/url85940d3d8e_ccp999_Expr4j_tgz-pJ8-org_boris_expr_util_ExprEvaluatorJ8/src/org/boris/expr/ExcelTextFunctionsTest.java:156: error: (argument) $$ 4 $$ expected $$ Assert.assertEquals $$ @Initialized @Nullable Object $$ @Initialized @NonNull Object $$ ( 5682, 5716 ) $$ incompatible argument for parameter expected of Assert.assertEquals.
        assertEquals(eval(s, "margin", "Profit Margin"), 8);
                         ^
  found   : @Initialized @Nullable Object
  required: @Initialized @NonNull Object
../original/url85940d3d8e_ccp999_Expr4j_tgz-pJ8-org_boris_expr_util_ExprEvaluatorJ8/src/org/boris/expr/ExcelTextFunctionsTest.java:178: error: (argument) $$ 4 $$ expected $$ Assert.assertEquals $$ @Initialized @Nullable Object $$ @Initialized @NonNull Object $$ ( 6504, 6522 ) $$ incompatible argument for parameter expected of Assert.assertEquals.
        assertEquals(eval(t, 0.4, "0%"), "40%");
                         ^
  found   : @Initialized @Nullable Object
  required: @Initialized @NonNull Object
../original/url85940d3d8e_ccp999_Expr4j_tgz-pJ8-org_boris_expr_util_ExprEvaluatorJ8/src/org/boris/expr/ExcelTextFunctionsTest.java:179: error: (argument) $$ 4 $$ expected $$ Assert.assertEquals $$ @Initialized @Nullable Object $$ @Initialized @NonNull Object $$ ( 6553, 6575 ) $$ incompatible argument for parameter expected of Assert.assertEquals.
        assertEquals(eval(t, 2800, "$0.00"), "$2800.00");
                         ^
  found   : @Initialized @Nullable Object
  required: @Initialized @NonNull Object
../original/url85940d3d8e_ccp999_Expr4j_tgz-pJ8-org_boris_expr_util_ExprEvaluatorJ8/src/org/boris/expr/ExcelTextFunctionsTest.java:184: error: (argument) $$ 4 $$ expected $$ Assert.assertEquals $$ @Initialized @Nullable Object $$ @Initialized @NonNull Object $$ ( 6693, 6728 ) $$ incompatible argument for parameter expected of Assert.assertEquals.
        assertEquals(eval(t, " First Quarter Earnings "),
                         ^
  found   : @Initialized @Nullable Object
  required: @Initialized @NonNull Object
../original/url85940d3d8e_ccp999_Expr4j_tgz-pJ8-org_boris_expr_util_ExprEvaluatorJ8/src/org/boris/expr/ExcelTextFunctionsTest.java:186: error: (argument) $$ 4 $$ expected $$ Assert.assertEquals $$ @Initialized @Nullable Object $$ @Initialized @NonNull Object $$ ( 6794, 6805 ) $$ incompatible argument for parameter expected of Assert.assertEquals.
        assertEquals(eval(t, ""), "");
                         ^
  found   : @Initialized @Nullable Object
  required: @Initialized @NonNull Object
../original/url85940d3d8e_ccp999_Expr4j_tgz-pJ8-org_boris_expr_util_ExprEvaluatorJ8/src/org/boris/expr/ExcelTextFunctionsTest.java:187: error: (argument) $$ 4 $$ expected $$ Assert.assertEquals $$ @Initialized @Nullable Object $$ @Initialized @NonNull Object $$ ( 6833, 6847 ) $$ incompatible argument for parameter expected of Assert.assertEquals.
        assertEquals(eval(t, "   "), "");
                         ^
  found   : @Initialized @Nullable Object
  required: @Initialized @NonNull Object
../original/url85940d3d8e_ccp999_Expr4j_tgz-pJ8-org_boris_expr_util_ExprEvaluatorJ8/src/org/boris/expr/ExcelTextFunctionsTest.java:192: error: (argument) $$ 4 $$ expected $$ Assert.assertEquals $$ @Initialized @Nullable Object $$ @Initialized @NonNull Object $$ ( 6960, 6975 ) $$ incompatible argument for parameter expected of Assert.assertEquals.
        assertEquals(eval(u, "asdf"), "ASDF");
                         ^
  found   : @Initialized @Nullable Object
  required: @Initialized @NonNull Object
../original/url85940d3d8e_ccp999_Expr4j_tgz-pJ8-org_boris_expr_util_ExprEvaluatorJ8/src/org/boris/expr/ExcelTextFunctionsTest.java:193: error: (argument) $$ 4 $$ expected $$ Assert.assertEquals $$ @Initialized @Nullable Object $$ @Initialized @NonNull Object $$ ( 7007, 7020 ) $$ incompatible argument for parameter expected of Assert.assertEquals.
        assertEquals(eval(u, true), "TRUE");
                         ^
  found   : @Initialized @Nullable Object
  required: @Initialized @NonNull Object
../original/url85940d3d8e_ccp999_Expr4j_tgz-pJ8-org_boris_expr_util_ExprEvaluatorJ8/src/org/boris/expr/ExcelTextFunctionsTest.java:194: error: (argument) $$ 4 $$ expected $$ Assert.assertEquals $$ @Initialized @Nullable Object $$ @Initialized @NonNull Object $$ ( 7052, 7062 ) $$ incompatible argument for parameter expected of Assert.assertEquals.
        assertEquals(eval(u, 1), "1");
                         ^
  found   : @Initialized @Nullable Object
  required: @Initialized @NonNull Object
../original/url85940d3d8e_ccp999_Expr4j_tgz-pJ8-org_boris_expr_util_ExprEvaluatorJ8/src/org/boris/expr/BasicEngineProvider.java:51: error: (dereference.of.nullable) $$ 1 $$ ref $$ ( 1625, 1628 ) $$ dereference of possibly-null reference ref
		if (ref.getColumn() < 1 || ref.getColumn() > columns)
		    ^
../original/url85940d3d8e_ccp999_Expr4j_tgz-pJ8-org_boris_expr_util_ExprEvaluatorJ8/src/org/boris/expr/util/IO.java:121: error: (argument) $$ 4 $$ in $$ InputStreamReader constructor $$ @Initialized @Nullable InputStream $$ @Initialized @NonNull InputStream $$ ( 3522, 3574 ) $$ incompatible argument for parameter in of InputStreamReader constructor.
                .getResourceAsStream(resource)));
                                    ^
  found   : @Initialized @Nullable InputStream
  required: @Initialized @NonNull InputStream
../original/url85940d3d8e_ccp999_Expr4j_tgz-pJ8-org_boris_expr_util_ExprEvaluatorJ8/src/org/boris/expr/util/SimpleEvaluationContext.java:53: error: (argument) $$ 4 $$ arg1 $$ Map.put $$ @Initialized @Nullable Expr $$ @Initialized @NonNull Expr $$ ( 1963, 1964 ) $$ incompatible argument for parameter arg1 of Map.put.
            variables.put(v, e);
                             ^
  found   : @Initialized @Nullable Expr
  required: @Initialized @NonNull Expr
../original/url85940d3d8e_ccp999_Expr4j_tgz-pJ8-org_boris_expr_util_ExprEvaluatorJ8/src/org/boris/expr/util/Exprs.java:57: error: (dereference.of.nullable) $$ 1 $$ expr $$ ( 1924, 1928 ) $$ dereference of possibly-null reference expr
            return expr.toString();
                   ^
../original/url85940d3d8e_ccp999_Expr4j_tgz-pJ8-org_boris_expr_util_ExprEvaluatorJ8/src/org/boris/expr/util/Exprs.java:109: error: (assignment) $$ 2 $$ @Initialized @Nullable Expr $$ @Initialized @NonNull Expr $$ ( 3366, 3394 ) $$ incompatible types in assignment.
            a[i] = Exprs.convertObject(args[i]);
                                      ^
  found   : @Initialized @Nullable Expr
  required: @Initialized @NonNull Expr
../original/url85940d3d8e_ccp999_Expr4j_tgz-pJ8-org_boris_expr_util_ExprEvaluatorJ8/src/org/boris/expr/ExcelDateAndTimeFunctionsTest.java:71: error: (argument) $$ 4 $$ expected $$ Assert.assertEquals $$ @Initialized @Nullable Object $$ @Initialized @NonNull Object $$ ( 2212, 2219 ) $$ incompatible argument for parameter expected of Assert.assertEquals.
            assertEquals("NOW not working", eval(n), ExcelDate
                                                ^
  found   : @Initialized @Nullable Object
  required: @Initialized @NonNull Object
../original/url85940d3d8e_ccp999_Expr4j_tgz-pJ8-org_boris_expr_util_ExprEvaluatorJ8/src/org/boris/expr/ExcelDateAndTimeFunctionsTest.java:93: error: (unboxing.of.nullable) $$ 1 $$ (Double)eval(t) $$ ( 2763, 2779 ) $$ unboxing a possibly-null reference (Double)eval(t)
            double d1 = (Double) eval(t);
                        ^
../original/url85940d3d8e_ccp999_Expr4j_tgz-pJ8-org_boris_expr_util_ExprEvaluatorJ8/src/org/boris/expr/ExcelDateAndTimeFunctionsTest.java:126: error: (argument) $$ 4 $$ expected $$ Assert.assertEquals $$ @Initialized @Nullable Object $$ @Initialized @NonNull Object $$ ( 3839, 3860 ) $$ incompatible argument for parameter expected of Assert.assertEquals.
        assertEquals("testing " + date, eval(new DAY(), date), (double) day);
                                            ^
  found   : @Initialized @Nullable Object
  required: @Initialized @NonNull Object
../original/url85940d3d8e_ccp999_Expr4j_tgz-pJ8-org_boris_expr_util_ExprEvaluatorJ8/src/org/boris/expr/ExcelDateAndTimeFunctionsTest.java:127: error: (argument) $$ 4 $$ expected $$ Assert.assertEquals $$ @Initialized @Nullable Object $$ @Initialized @NonNull Object $$ ( 3917, 3940 ) $$ incompatible argument for parameter expected of Assert.assertEquals.
        assertEquals("testing " + date, eval(new MONTH(), date), (double) month);
                                            ^
  found   : @Initialized @Nullable Object
  required: @Initialized @NonNull Object
../original/url85940d3d8e_ccp999_Expr4j_tgz-pJ8-org_boris_expr_util_ExprEvaluatorJ8/src/org/boris/expr/ExcelDateAndTimeFunctionsTest.java:128: error: (argument) $$ 4 $$ expected $$ Assert.assertEquals $$ @Initialized @Nullable Object $$ @Initialized @NonNull Object $$ ( 3999, 4021 ) $$ incompatible argument for parameter expected of Assert.assertEquals.
        assertEquals("testing " + date, eval(new YEAR(), date), (double) year);
                                            ^
  found   : @Initialized @Nullable Object
  required: @Initialized @NonNull Object
../original/url85940d3d8e_ccp999_Expr4j_tgz-pJ8-org_boris_expr_util_ExprEvaluatorJ8/src/org/boris/expr/ExcelDateAndTimeFunctionsTest.java:129: error: (argument) $$ 4 $$ expected $$ Assert.assertEquals $$ @Initialized @Nullable Object $$ @Initialized @NonNull Object $$ ( 4079, 4101 ) $$ incompatible argument for parameter expected of Assert.assertEquals.
        assertEquals("testing " + date, eval(new HOUR(), date), (double) hour);
                                            ^
  found   : @Initialized @Nullable Object
  required: @Initialized @NonNull Object
../original/url85940d3d8e_ccp999_Expr4j_tgz-pJ8-org_boris_expr_util_ExprEvaluatorJ8/src/org/boris/expr/ExcelDateAndTimeFunctionsTest.java:130: error: (argument) $$ 4 $$ expected $$ Assert.assertEquals $$ @Initialized @Nullable Object $$ @Initialized @NonNull Object $$ ( 4159, 4183 ) $$ incompatible argument for parameter expected of Assert.assertEquals.
        assertEquals("testing " + date, eval(new MINUTE(), date),
                                            ^
  found   : @Initialized @Nullable Object
  required: @Initialized @NonNull Object
../original/url85940d3d8e_ccp999_Expr4j_tgz-pJ8-org_boris_expr_util_ExprEvaluatorJ8/src/org/boris/expr/ExcelDateAndTimeFunctionsTest.java:132: error: (argument) $$ 4 $$ expected $$ Assert.assertEquals $$ @Initialized @Nullable Object $$ @Initialized @NonNull Object $$ ( 4259, 4283 ) $$ incompatible argument for parameter expected of Assert.assertEquals.
        assertEquals("testing " + date, eval(new SECOND(), date),
                                            ^
  found   : @Initialized @Nullable Object
  required: @Initialized @NonNull Object
../original/url85940d3d8e_ccp999_Expr4j_tgz-pJ8-org_boris_expr_util_ExprEvaluatorJ8/src/org/boris/expr/ExcelDateAndTimeFunctionsTest.java:134: error: (argument) $$ 4 $$ expected $$ Assert.assertEquals $$ @Initialized @Nullable Object $$ @Initialized @NonNull Object $$ ( 4359, 4384 ) $$ incompatible argument for parameter expected of Assert.assertEquals.
        assertEquals("testing " + date, eval(new WEEKDAY(), date),
                                            ^
  found   : @Initialized @Nullable Object
  required: @Initialized @NonNull Object
../original/url85940d3d8e_ccp999_Expr4j_tgz-pJ8-org_boris_expr_util_ExprEvaluatorJ8/src/org/boris/expr/ExcelDateTest.java:81: error: (argument) $$ 4 $$ message $$ Assert.failNotSame $$ null (NullType) $$ @Initialized @NonNull String $$ ( 3193, 3197 ) $$ incompatible argument for parameter message of Assert.failNotSame.
            failNotSame(null, val, val2);
                        ^
  found   : null (NullType)
  required: @Initialized @NonNull String
../original/url85940d3d8e_ccp999_Expr4j_tgz-pJ8-org_boris_expr_util_ExprEvaluatorJ8/src/org/boris/expr/TestGen.java:21: error: (argument) $$ 4 $$ in $$ InputStreamReader constructor $$ @Initialized @Nullable InputStream $$ @Initialized @NonNull InputStream $$ ( 735, 779 ) $$ incompatible argument for parameter in of InputStreamReader constructor.
                ZTEST.class.getResourceAsStream("flist.txt")));
                                               ^
  found   : @Initialized @Nullable InputStream
  required: @Initialized @NonNull InputStream
../original/url85940d3d8e_ccp999_Expr4j_tgz-pJ8-org_boris_expr_util_ExprEvaluatorJ8/src/org/boris/expr/RangeTest.java:21: error: (argument) $$ 4 $$ object $$ Assert.assertNull $$ @Initialized @Nullable GridReference $$ @Initialized @NonNull Object $$ ( 725, 751 ) $$ incompatible argument for parameter object of Assert.assertNull.
        assertNull(GridReference.valueOf("1"));
                                        ^
  found   : @Initialized @Nullable GridReference
  required: @Initialized @NonNull Object
../original/url85940d3d8e_ccp999_Expr4j_tgz-pJ8-org_boris_expr_util_ExprEvaluatorJ8/src/org/boris/expr/RangeTest.java:23: error: (argument) $$ 4 $$ object $$ Assert.assertNull $$ @Initialized @Nullable GridReference $$ @Initialized @NonNull Object $$ ( 846, 876 ) $$ incompatible argument for parameter object of Assert.assertNull.
        assertNull(GridReference.valueOf("A$A32"));
                                        ^
  found   : @Initialized @Nullable GridReference
  required: @Initialized @NonNull Object
../original/url85940d3d8e_ccp999_Expr4j_tgz-pJ8-org_boris_expr_util_ExprEvaluatorJ8/src/org/boris/expr/RangeTest.java:25: error: (argument) $$ 4 $$ object $$ Assert.assertNull $$ @Initialized @Nullable GridReference $$ @Initialized @NonNull Object $$ ( 973, 999 ) $$ incompatible argument for parameter object of Assert.assertNull.
        assertNull(GridReference.valueOf("B"));
                                        ^
  found   : @Initialized @Nullable GridReference
  required: @Initialized @NonNull Object
../original/url85940d3d8e_ccp999_Expr4j_tgz-pJ8-org_boris_expr_util_ExprEvaluatorJ8/src/org/boris/expr/RangeTest.java:28: error: (argument) $$ 4 $$ object $$ Assert.assertNull $$ @Initialized @Nullable GridReference $$ @Initialized @NonNull Object $$ ( 1121, 1146 ) $$ incompatible argument for parameter object of Assert.assertNull.
        assertNull(GridReference.valueOf(""));
                                        ^
  found   : @Initialized @Nullable GridReference
  required: @Initialized @NonNull Object
../original/url85940d3d8e_ccp999_Expr4j_tgz-pJ8-org_boris_expr_util_ExprEvaluatorJ8/src/org/boris/expr/RangeTest.java:29: error: (argument) $$ 4 $$ object $$ Assert.assertNull $$ @Initialized @Nullable GridReference $$ @Initialized @NonNull Object $$ ( 1168, 1196 ) $$ incompatible argument for parameter object of Assert.assertNull.
        assertNull(GridReference.valueOf("   "));
                                        ^
  found   : @Initialized @Nullable GridReference
  required: @Initialized @NonNull Object
../original/url85940d3d8e_ccp999_Expr4j_tgz-pJ8-org_boris_expr_util_ExprEvaluatorJ8/src/org/boris/expr/RangeTest.java:49: error: (argument) $$ 4 $$ actual $$ Assert.assertEquals $$ @Initialized @Nullable GridReference $$ @Initialized @NonNull Object $$ ( 2106, 2172 ) $$ incompatible argument for parameter actual of Assert.assertEquals.
                .getDimension1());
                              ^
  found   : @Initialized @Nullable GridReference
  required: @Initialized @NonNull Object
../original/url85940d3d8e_ccp999_Expr4j_tgz-pJ8-org_boris_expr_util_ExprEvaluatorJ8/src/org/boris/expr/RangeTest.java:70: error: (argument) $$ 4 $$ expected $$ Assert.assertEquals $$ @Initialized @Nullable GridReference $$ @Initialized @NonNull Object $$ ( 2681, 2682 ) $$ incompatible argument for parameter expected of Assert.assertEquals.
        assertEquals(g, new GridReference(column, columnFixed, row, rowFixed));
                     ^
  found   : @Initialized @Nullable GridReference
  required: @Initialized @NonNull Object
../original/url85940d3d8e_ccp999_Expr4j_tgz-pJ8-org_boris_expr_util_ExprEvaluatorJ8/src/org/boris/expr/GridReferenceTest.java:28: error: (argument) $$ 4 $$ actual $$ Assert.assertEquals $$ @Initialized @Nullable String $$ @Initialized @NonNull String $$ ( 1065, 1094 ) $$ incompatible argument for parameter actual of Assert.assertEquals.
        assertEquals("A", GridReference.toColumnName(1));
                                                    ^
  found   : @Initialized @Nullable String
  required: @Initialized @NonNull String
../original/url85940d3d8e_ccp999_Expr4j_tgz-pJ8-org_boris_expr_util_ExprEvaluatorJ8/src/org/boris/expr/GridReferenceTest.java:29: error: (argument) $$ 4 $$ actual $$ Assert.assertEquals $$ @Initialized @Nullable String $$ @Initialized @NonNull String $$ ( 1123, 1152 ) $$ incompatible argument for parameter actual of Assert.assertEquals.
        assertEquals("E", GridReference.toColumnName(5));
                                                    ^
  found   : @Initialized @Nullable String
  required: @Initialized @NonNull String
../original/url85940d3d8e_ccp999_Expr4j_tgz-pJ8-org_boris_expr_util_ExprEvaluatorJ8/src/org/boris/expr/GridReferenceTest.java:30: error: (argument) $$ 4 $$ actual $$ Assert.assertEquals $$ @Initialized @Nullable String $$ @Initialized @NonNull String $$ ( 1181, 1211 ) $$ incompatible argument for parameter actual of Assert.assertEquals.
        assertEquals("M", GridReference.toColumnName(13));
                                                    ^
  found   : @Initialized @Nullable String
  required: @Initialized @NonNull String
../original/url85940d3d8e_ccp999_Expr4j_tgz-pJ8-org_boris_expr_util_ExprEvaluatorJ8/src/org/boris/expr/GridReferenceTest.java:31: error: (argument) $$ 4 $$ actual $$ Assert.assertEquals $$ @Initialized @Nullable String $$ @Initialized @NonNull String $$ ( 1241, 1271 ) $$ incompatible argument for parameter actual of Assert.assertEquals.
        assertEquals("BG", GridReference.toColumnName(59));
                                                     ^
  found   : @Initialized @Nullable String
  required: @Initialized @NonNull String
../original/url85940d3d8e_ccp999_Expr4j_tgz-pJ8-org_boris_expr_util_ExprEvaluatorJ8/src/org/boris/expr/GridReferenceTest.java:32: error: (argument) $$ 4 $$ actual $$ Assert.assertEquals $$ @Initialized @Nullable String $$ @Initialized @NonNull String $$ ( 1302, 1335 ) $$ incompatible argument for parameter actual of Assert.assertEquals.
        assertEquals("ZZZ", GridReference.toColumnName(18278));
                                                      ^
  found   : @Initialized @Nullable String
  required: @Initialized @NonNull String
../original/url85940d3d8e_ccp999_Expr4j_tgz-pJ8-org_boris_expr_util_ExprEvaluatorJ8/src/org/boris/expr/GridReferenceTest.java:33: error: (argument) $$ 4 $$ actual $$ Assert.assertEquals $$ @Initialized @Nullable String $$ @Initialized @NonNull String $$ ( 1364, 1394 ) $$ incompatible argument for parameter actual of Assert.assertEquals.
        assertEquals("Z", GridReference.toColumnName(26));
                                                    ^
  found   : @Initialized @Nullable String
  required: @Initialized @NonNull String
../original/url85940d3d8e_ccp999_Expr4j_tgz-pJ8-org_boris_expr_util_ExprEvaluatorJ8/src/org/boris/expr/ExprFunctionTest.java:20: error: (dereference.of.nullable) $$ 1 $$ f $$ ( 790, 791 ) $$ dereference of possibly-null reference f
        assertEquals(new ExprInteger(1), f.getArg(0));
                                         ^
../original/url85940d3d8e_ccp999_Expr4j_tgz-pJ8-org_boris_expr_util_ExprEvaluatorJ8/src/org/boris/expr/ExprFunctionTest.java:23: error: (argument) $$ 4 $$ expected $$ Assert.assertEquals $$ @Initialized @Nullable Expr $$ @Initialized @NonNull Object $$ ( 942, 956 ) $$ incompatible argument for parameter expected of Assert.assertEquals.
        assertEquals(b.parse("1+2"), f.getArg(3));
                            ^
  found   : @Initialized @Nullable Expr
  required: @Initialized @NonNull Object
../original/url85940d3d8e_ccp999_Expr4j_tgz-pJ8-org_boris_expr_util_ExprEvaluatorJ8/src/org/boris/expr/ExprFunctionTest.java:33: error: (dereference.of.nullable) $$ 1 $$ f $$ ( 1428, 1429 ) $$ dereference of possibly-null reference f
        assertEquals(new ExprInteger(123), f.getArg(0));
                                           ^
../original/url85940d3d8e_ccp999_Expr4j_tgz-pJ8-org_boris_expr_util_ExprEvaluatorJ8/src/org/boris/expr/ExcelStatisticalFunctionsTest.java:96: error: (argument) $$ 4 $$ expected $$ Assert.assertEquals $$ @Initialized @Nullable Object $$ @Initialized @NonNull Object $$ ( 4167, 4195 ) $$ incompatible argument for parameter expected of Assert.assertEquals.
        assertEquals(eval(a, ExprMissing.MISSING), ExprError.DIV0);
                         ^
  found   : @Initialized @Nullable Object
  required: @Initialized @NonNull Object
../original/url85940d3d8e_ccp999_Expr4j_tgz-pJ8-org_boris_expr_util_ExprEvaluatorJ8/src/org/boris/expr/ExcelStatisticalFunctionsTest.java:147: error: (argument) $$ 4 $$ expected $$ Assert.assertEquals $$ @Initialized @Nullable Object $$ @Initialized @NonNull Object $$ ( 5660, 5690 ) $$ incompatible argument for parameter expected of Assert.assertEquals.
        assertEquals(eval(c, 1, 2, 3, "asdf", true), 3);
                         ^
  found   : @Initialized @Nullable Object
  required: @Initialized @NonNull Object
../original/url85940d3d8e_ccp999_Expr4j_tgz-pJ8-org_boris_expr_util_ExprEvaluatorJ8/src/org/boris/expr/ExcelStatisticalFunctionsTest.java:148: error: (argument) $$ 4 $$ expected $$ Assert.assertEquals $$ @Initialized @Nullable Object $$ @Initialized @NonNull Object $$ ( 5717, 5760 ) $$ incompatible argument for parameter expected of Assert.assertEquals.
        assertEquals(eval(c, (Object) null, ExprMissing.MISSING), 0);
                         ^
  found   : @Initialized @Nullable Object
  required: @Initialized @NonNull Object
../original/url85940d3d8e_ccp999_Expr4j_tgz-pJ8-org_boris_expr_util_ExprEvaluatorJ8/src/org/boris/expr/ExcelStatisticalFunctionsTest.java:149: error: (argument) $$ 4 $$ expected $$ Assert.assertEquals $$ @Initialized @Nullable Object $$ @Initialized @NonNull Object $$ ( 5787, 5805 ) $$ incompatible argument for parameter expected of Assert.assertEquals.
        assertEquals(eval(c, 1.2, -1.2), 2);
                         ^
  found   : @Initialized @Nullable Object
  required: @Initialized @NonNull Object
../original/url85940d3d8e_ccp999_Expr4j_tgz-pJ8-org_boris_expr_util_ExprEvaluatorJ8/src/org/boris/expr/ExcelStatisticalFunctionsTest.java:154: error: (argument) $$ 4 $$ expected $$ Assert.assertEquals $$ @Initialized @Nullable Object $$ @Initialized @NonNull Object $$ ( 5920, 5950 ) $$ incompatible argument for parameter expected of Assert.assertEquals.
        assertEquals(eval(c, 1, 2, 3, "asdf", true), 5);
                         ^
  found   : @Initialized @Nullable Object
  required: @Initialized @NonNull Object
../original/url85940d3d8e_ccp999_Expr4j_tgz-pJ8-org_boris_expr_util_ExprEvaluatorJ8/src/org/boris/expr/ExcelStatisticalFunctionsTest.java:155: error: (argument) $$ 4 $$ expected $$ Assert.assertEquals $$ @Initialized @Nullable Object $$ @Initialized @NonNull Object $$ ( 5977, 6020 ) $$ incompatible argument for parameter expected of Assert.assertEquals.
        assertEquals(eval(c, (Object) null, ExprMissing.MISSING), 0);
                         ^
  found   : @Initialized @Nullable Object
  required: @Initialized @NonNull Object
../original/url85940d3d8e_ccp999_Expr4j_tgz-pJ8-org_boris_expr_util_ExprEvaluatorJ8/src/org/boris/expr/ExcelStatisticalFunctionsTest.java:156: error: (argument) $$ 4 $$ expected $$ Assert.assertEquals $$ @Initialized @Nullable Object $$ @Initialized @NonNull Object $$ ( 6047, 6065 ) $$ incompatible argument for parameter expected of Assert.assertEquals.
        assertEquals(eval(c, 1.2, -1.2), 2);
                         ^
  found   : @Initialized @Nullable Object
  required: @Initialized @NonNull Object
../original/url85940d3d8e_ccp999_Expr4j_tgz-pJ8-org_boris_expr_util_ExprEvaluatorJ8/src/org/boris/expr/ExcelStatisticalFunctionsTest.java:161: error: (argument) $$ 4 $$ expected $$ Assert.assertEquals $$ @Initialized @Nullable Object $$ @Initialized @NonNull Object $$ ( 6192, 6223 ) $$ incompatible argument for parameter expected of Assert.assertEquals.
        assertEquals(eval(c, ExprMissing.MISSING, 1), 1);
                         ^
  found   : @Initialized @Nullable Object
  required: @Initialized @NonNull Object
../original/url85940d3d8e_ccp999_Expr4j_tgz-pJ8-org_boris_expr_util_ExprEvaluatorJ8/src/org/boris/expr/ExcelStatisticalFunctionsTest.java:162: error: (argument) $$ 4 $$ expected $$ Assert.assertEquals $$ @Initialized @Nullable Object $$ @Initialized @NonNull Object $$ ( 6250, 6287 ) $$ incompatible argument for parameter expected of Assert.assertEquals.
        assertEquals(eval(c, (Object) ExprMissing.MISSING), 1);
                         ^
  found   : @Initialized @Nullable Object
  required: @Initialized @NonNull Object
../original/url85940d3d8e_ccp999_Expr4j_tgz-pJ8-org_boris_expr_util_ExprEvaluatorJ8/src/org/boris/expr/ExcelStatisticalFunctionsTest.java:163: error: (argument) $$ 4 $$ expected $$ Assert.assertEquals $$ @Initialized @Nullable Object $$ @Initialized @NonNull Object $$ ( 6314, 6344 ) $$ incompatible argument for parameter expected of Assert.assertEquals.
        assertEquals(eval(c, 1, 2, 3, "asdf", true), 0);
                         ^
  found   : @Initialized @Nullable Object
  required: @Initialized @NonNull Object
../original/url85940d3d8e_ccp999_Expr4j_tgz-pJ8-org_boris_expr_util_ExprEvaluatorJ8/src/org/boris/expr/ExcelStatisticalFunctionsTest.java:164: error: (argument) $$ 4 $$ expected $$ Assert.assertEquals $$ @Initialized @Nullable Object $$ @Initialized @NonNull Object $$ ( 6371, 6414 ) $$ incompatible argument for parameter expected of Assert.assertEquals.
        assertEquals(eval(c, (Object) null, ExprMissing.MISSING), 1);
                         ^
  found   : @Initialized @Nullable Object
  required: @Initialized @NonNull Object
../original/url85940d3d8e_ccp999_Expr4j_tgz-pJ8-org_boris_expr_util_ExprEvaluatorJ8/src/org/boris/expr/ExcelStatisticalFunctionsTest.java:165: error: (argument) $$ 4 $$ expected $$ Assert.assertEquals $$ @Initialized @Nullable Object $$ @Initialized @NonNull Object $$ ( 6441, 6459 ) $$ incompatible argument for parameter expected of Assert.assertEquals.
        assertEquals(eval(c, 1.2, -1.2), 0);
                         ^
  found   : @Initialized @Nullable Object
  required: @Initialized @NonNull Object
../original/url85940d3d8e_ccp999_Expr4j_tgz-pJ8-org_boris_expr_util_ExprEvaluatorJ8/src/org/boris/expr/ExcelStatisticalFunctionsTest.java:263: error: (argument) $$ 4 $$ expected $$ Assert.assertEquals $$ @Initialized @Nullable Object $$ @Initialized @NonNull Object $$ ( 9446, 9465 ) $$ incompatible argument for parameter expected of Assert.assertEquals.
        assertEquals(eval(h, 1, 2, 3, 0), ExprError.NUM);
                         ^
  found   : @Initialized @Nullable Object
  required: @Initialized @NonNull Object
../original/url85940d3d8e_ccp999_Expr4j_tgz-pJ8-org_boris_expr_util_ExprEvaluatorJ8/src/org/boris/expr/ExprExpression.java:37: error: (dereference.of.nullable) $$ 1 $$ child $$ ( 1099, 1104 ) $$ dereference of possibly-null reference child
        child.validate();
        ^
../original/url85940d3d8e_ccp999_Expr4j_tgz-pJ8-org_boris_expr_util_ExprEvaluatorJ8/src/org/boris/expr/ExcelDatabaseFunctionsTest.java:20: error: (dereference.of.nullable) $$ 1 $$ db $$ ( 786, 788 ) $$ dereference of possibly-null reference db
        assertEquals(db.get(2, "Yield"), 9);
                     ^
../original/url85940d3d8e_ccp999_Expr4j_tgz-pJ8-org_boris_expr_util_ExprEvaluatorJ8/src/org/boris/expr/ExcelDatabaseFunctionsTest.java:22: error: (dereference.of.nullable) $$ 1 $$ c $$ ( 897, 898 ) $$ dereference of possibly-null reference c
        assertEquals(c.matches(db, 3), true);
                     ^
../original/url85940d3d8e_ccp999_Expr4j_tgz-pJ8-org_boris_expr_util_ExprEvaluatorJ8/src/org/boris/expr/ExcelLogicalFunctionsTest.java:21: error: (argument) $$ 4 $$ expected $$ Assert.assertEquals $$ @Initialized @Nullable Object $$ @Initialized @NonNull Object $$ ( 768, 792 ) $$ incompatible argument for parameter expected of Assert.assertEquals.
        assertEquals(TH.eval(a, 3, true, 3.4), true);
                            ^
  found   : @Initialized @Nullable Object
  required: @Initialized @NonNull Object
../original/url85940d3d8e_ccp999_Expr4j_tgz-pJ8-org_boris_expr_util_ExprEvaluatorJ8/src/org/boris/expr/ExcelLogicalFunctionsTest.java:22: error: (argument) $$ 4 $$ expected $$ Assert.assertEquals $$ @Initialized @Nullable Object $$ @Initialized @NonNull Object $$ ( 822, 847 ) $$ incompatible argument for parameter expected of Assert.assertEquals.
        assertEquals(TH.eval(a, 3, false, 3.4), false);
                            ^
  found   : @Initialized @Nullable Object
  required: @Initialized @NonNull Object
../original/url85940d3d8e_ccp999_Expr4j_tgz-pJ8-org_boris_expr_util_ExprEvaluatorJ8/src/org/boris/expr/ExcelLogicalFunctionsTest.java:30: error: (argument) $$ 4 $$ expected $$ Assert.assertEquals $$ @Initialized @Nullable Object $$ @Initialized @NonNull Object $$ ( 1070, 1077 ) $$ incompatible argument for parameter expected of Assert.assertEquals.
        assertEquals(eval(f), false);
                         ^
  found   : @Initialized @Nullable Object
  required: @Initialized @NonNull Object
../original/url85940d3d8e_ccp999_Expr4j_tgz-pJ8-org_boris_expr_util_ExprEvaluatorJ8/src/org/boris/expr/ExcelLogicalFunctionsTest.java:36: error: (argument) $$ 4 $$ expected $$ Assert.assertEquals $$ @Initialized @Nullable Object $$ @Initialized @NonNull Object $$ ( 1227, 1271 ) $$ incompatible argument for parameter expected of Assert.assertEquals.
        assertEquals(eval(i, parse("10.1>=11"), "right", "wrong"), "wrong");
                         ^
  found   : @Initialized @Nullable Object
  required: @Initialized @NonNull Object
../original/url85940d3d8e_ccp999_Expr4j_tgz-pJ8-org_boris_expr_util_ExprEvaluatorJ8/src/org/boris/expr/ExcelLogicalFunctionsTest.java:48: error: (argument) $$ 4 $$ expected $$ Assert.assertEquals $$ @Initialized @Nullable Object $$ @Initialized @NonNull Object $$ ( 1779, 1792 ) $$ incompatible argument for parameter expected of Assert.assertEquals.
        assertEquals(eval(n, true), false);
                         ^
  found   : @Initialized @Nullable Object
  required: @Initialized @NonNull Object
../original/url85940d3d8e_ccp999_Expr4j_tgz-pJ8-org_boris_expr_util_ExprEvaluatorJ8/src/org/boris/expr/ExcelLogicalFunctionsTest.java:49: error: (argument) $$ 4 $$ expected $$ Assert.assertEquals $$ @Initialized @Nullable Object $$ @Initialized @NonNull Object $$ ( 1823, 1833 ) $$ incompatible argument for parameter expected of Assert.assertEquals.
        assertEquals(eval(n, 1), false);
                         ^
  found   : @Initialized @Nullable Object
  required: @Initialized @NonNull Object
../original/url85940d3d8e_ccp999_Expr4j_tgz-pJ8-org_boris_expr_util_ExprEvaluatorJ8/src/org/boris/expr/ExcelLogicalFunctionsTest.java:50: error: (argument) $$ 4 $$ expected $$ Assert.assertEquals $$ @Initialized @Nullable Object $$ @Initialized @NonNull Object $$ ( 1864, 1874 ) $$ incompatible argument for parameter expected of Assert.assertEquals.
        assertEquals(eval(n, 0), true);
                         ^
  found   : @Initialized @Nullable Object
  required: @Initialized @NonNull Object
../original/url85940d3d8e_ccp999_Expr4j_tgz-pJ8-org_boris_expr_util_ExprEvaluatorJ8/src/org/boris/expr/ExcelLogicalFunctionsTest.java:51: error: (argument) $$ 4 $$ expected $$ Assert.assertEquals $$ @Initialized @Nullable Object $$ @Initialized @NonNull Object $$ ( 1904, 1918 ) $$ incompatible argument for parameter expected of Assert.assertEquals.
        assertEquals(eval(n, -10.3), false);
                         ^
  found   : @Initialized @Nullable Object
  required: @Initialized @NonNull Object
../original/url85940d3d8e_ccp999_Expr4j_tgz-pJ8-org_boris_expr_util_ExprEvaluatorJ8/src/org/boris/expr/ParserTest.java:19: error: (dereference.of.nullable) $$ 1 $$ a3 $$ ( 811, 813 ) $$ dereference of possibly-null reference a3
        assertEquals(a3.get(0, 1), 2);
                     ^
../original/url85940d3d8e_ccp999_Expr4j_tgz-pJ8-org_boris_expr_util_ExprEvaluatorJ8/src/org/boris/expr/LexerTest.java:61: error: (dereference.of.nullable) $$ 1 $$ l.next() $$ ( 2309, 2317 ) $$ dereference of possibly-null reference l.next()
            assertEquals(l.next().type, types[i]);
                               ^
../original/url85940d3d8e_ccp999_Expr4j_tgz-pJ8-org_boris_expr_util_ExprEvaluatorJ8/src/org/boris/expr/LexerTest.java:63: error: (argument) $$ 4 $$ object $$ Assert.assertNull $$ @Initialized @Nullable ExprToken $$ @Initialized @NonNull Object $$ ( 2364, 2372 ) $$ incompatible argument for parameter object of Assert.assertNull.
        assertNull(l.next());
                         ^
  found   : @Initialized @Nullable ExprToken
  required: @Initialized @NonNull Object
Note: Some input files use unchecked or unsafe operations.
Note: Recompile with -Xlint:unchecked for details.
286 errors
