../original/urla05239b71c_viniciusinnovatium_mumps2java_api_tgz-pJ8-com_disclinc_netmanager_script_test_ExecTesteNewJ8/src/br/com/innovatium/mumps2java/dataaccess/DAO.java:50: error: (argument) $$ 4 $$ arg0 $$ Map.put $$ @Initialized @Nullable String $$ @Initialized @NonNull String $$ ( 1310, 1329 ) $$ incompatible argument for parameter arg0 of Map.put.
				map.put(result.getString(1), result.getString(2));
				                        ^
  found   : @Initialized @Nullable String
  required: @Initialized @NonNull String
../original/urla05239b71c_viniciusinnovatium_mumps2java_api_tgz-pJ8-com_disclinc_netmanager_script_test_ExecTesteNewJ8/src/br/com/innovatium/mumps2java/dataaccess/DAO.java:50: error: (argument) $$ 4 $$ arg1 $$ Map.put $$ @Initialized @Nullable String $$ @Initialized @NonNull String $$ ( 1331, 1350 ) $$ incompatible argument for parameter arg1 of Map.put.
				map.put(result.getString(1), result.getString(2));
				                                             ^
  found   : @Initialized @Nullable String
  required: @Initialized @NonNull String
../original/urla05239b71c_viniciusinnovatium_mumps2java_api_tgz-pJ8-com_disclinc_netmanager_script_test_ExecTesteNewJ8/src/br/com/innovatium/mumps2java/datastructure/Tree.java:125: error: (dereference.of.nullable) $$ 1 $$ this.getSubnode() $$ ( 3753, 3770 ) $$ dereference of possibly-null reference this.getSubnode()
			return this.hasSubnodes() ? this.getSubnode().getSubscript() : "";
			                                           ^
../original/urla05239b71c_viniciusinnovatium_mumps2java_api_tgz-pJ8-com_disclinc_netmanager_script_test_ExecTesteNewJ8/src/br/com/innovatium/mumps2java/datastructure/Tree.java:142: error: (dereference.of.nullable) $$ 1 $$ node.getSubnode() $$ ( 4301, 4318 ) $$ dereference of possibly-null reference node.getSubnode()
			subscript = node.hasSubnodes() ? node.getSubnode().getSubscript()
			                                                ^
../original/urla05239b71c_viniciusinnovatium_mumps2java_api_tgz-pJ8-com_disclinc_netmanager_script_test_ExecTesteNewJ8/src/br/com/innovatium/mumps2java/datastructure/Tree.java:148: error: (dereference.of.nullable) $$ 1 $$ node.getNext() $$ ( 4580, 4594 ) $$ dereference of possibly-null reference node.getNext()
			subscript = node.hasNext() ? node.getNext().getSubscript() : "";
			                                         ^
../original/urla05239b71c_viniciusinnovatium_mumps2java_api_tgz-pJ8-com_disclinc_netmanager_script_test_ExecTesteNewJ8/src/br/com/innovatium/mumps2java/datastructure/Tree.java:150: error: (dereference.of.nullable) $$ 1 $$ node.getPrevious() $$ ( 4683, 4701 ) $$ dereference of possibly-null reference node.getPrevious()
			subscript = node.hasPrevious() ? node.getPrevious().getSubscript()
			                                                 ^
../original/urla05239b71c_viniciusinnovatium_mumps2java_api_tgz-pJ8-com_disclinc_netmanager_script_test_ExecTesteNewJ8/src/br/com/innovatium/mumps2java/datastructure/Tree.java:165: error: (iterating.over.nullable) $$ 1 $$ node.getFirstLevelSubnodes() $$ ( 5002, 5030 ) $$ iterating over possibly-null reference node.getFirstLevelSubnodes()
			for (Node subnode : node.getFirstLevelSubnodes()) {
			                                              ^
../original/urla05239b71c_viniciusinnovatium_mumps2java_api_tgz-pJ8-com_disclinc_netmanager_script_test_ExecTesteNewJ8/src/br/com/innovatium/mumps2java/datastructure/Tree.java:188: error: (dereference.of.nullable) $$ 1 $$ subnode $$ ( 5504, 5511 ) $$ dereference of possibly-null reference subnode
			if (subnode.getValue() != null) {
			    ^
../original/urla05239b71c_viniciusinnovatium_mumps2java_api_tgz-pJ8-com_disclinc_netmanager_script_test_ExecTesteNewJ8/src/br/com/innovatium/mumps2java/datastructure/Tree.java:195: error: (argument) $$ 4 $$ node $$ Tree.hasPopulatedSubnode $$ @Initialized @Nullable Node $$ @Initialized @NonNull Node $$ ( 5768, 5782 ) $$ incompatible argument for parameter node of Tree.hasPopulatedSubnode.
			found = hasPopulatedSubnode(node.getNext(), found);
			                                        ^
  found   : @Initialized @Nullable Node
  required: @Initialized @NonNull Node
../original/urla05239b71c_viniciusinnovatium_mumps2java_api_tgz-pJ8-com_disclinc_netmanager_script_test_ExecTesteNewJ8/src/br/com/innovatium/mumps2java/datastructure/Tree.java:238: error: (dereference.of.nullable) $$ 1 $$ origNode $$ ( 6694, 6702 ) $$ dereference of possibly-null reference origNode
		if (origNode.getValue() != null) {
		    ^
../original/urla05239b71c_viniciusinnovatium_mumps2java_api_tgz-pJ8-com_disclinc_netmanager_script_test_ExecTesteNewJ8/src/br/com/innovatium/mumps2java/datastructure/Tree.java:239: error: (dereference.of.nullable) $$ 1 $$ destNode $$ ( 6729, 6737 ) $$ dereference of possibly-null reference destNode
			destNode.setValue(origNode.getValue());
			^
../original/urla05239b71c_viniciusinnovatium_mumps2java_api_tgz-pJ8-com_disclinc_netmanager_script_test_ExecTesteNewJ8/src/br/com/innovatium/mumps2java/datastructure/Tree.java:243: error: (method.invocation) $$ 3 $$ set(java.lang.Object[],java.lang.Object[]) $$ @Initialized @NonNull Tree.@UnderInitialization(br.com.innovatium.mumps2java.datastructure.Tree.MergeOperationOverNodes.class) @NonNull MergeOperationOverNodes $$ @Initialized @NonNull Tree.@Initialized @NonNull MergeOperationOverNodes $$ ( 6813, 6859 ) $$ call to set(java.lang.Object[],java.lang.Object[]) not allowed on the given receiver.
			mergeSubnodesOperation.set(destSubs, origSubs);
			                          ^
  found   : @Initialized @NonNull Tree.@UnderInitialization(br.com.innovatium.mumps2java.datastructure.Tree.MergeOperationOverNodes.class) @NonNull MergeOperationOverNodes
  required: @Initialized @NonNull Tree.@Initialized @NonNull MergeOperationOverNodes
../original/urla05239b71c_viniciusinnovatium_mumps2java_api_tgz-pJ8-com_disclinc_netmanager_script_test_ExecTesteNewJ8/src/br/com/innovatium/mumps2java/datastructure/Tree.java:260: error: (method.invocation) $$ 3 $$ operate(br.com.innovatium.mumps2java.datastructure.Node) $$ @UnknownInitialization(br.com.innovatium.mumps2java.datastructure.Tree.MergeOperationOverNodes.class) @NonNull OperationOverNodes $$ @Initialized @NonNull OperationOverNodes $$ ( 7317, 7340 ) $$ call to operate(br.com.innovatium.mumps2java.datastructure.Node) not allowed on the given receiver.
			operation.operate(node);
			                 ^
  found   : @UnknownInitialization(br.com.innovatium.mumps2java.datastructure.Tree.MergeOperationOverNodes.class) @NonNull OperationOverNodes
  required: @Initialized @NonNull OperationOverNodes
../original/urla05239b71c_viniciusinnovatium_mumps2java_api_tgz-pJ8-com_disclinc_netmanager_script_test_ExecTesteNewJ8/src/br/com/innovatium/mumps2java/datastructure/Tree.java:323: error: (dereference.of.nullable) $$ 1 $$ currentNode.getPrevious() $$ ( 8775, 8800 ) $$ dereference of possibly-null reference currentNode.getPrevious()
				currentNode.getPrevious().setNext(stackedNode);
				                       ^
../original/urla05239b71c_viniciusinnovatium_mumps2java_api_tgz-pJ8-com_disclinc_netmanager_script_test_ExecTesteNewJ8/src/br/com/innovatium/mumps2java/datastructure/Tree.java:326: error: (dereference.of.nullable) $$ 1 $$ currentNode.getNext() $$ ( 8867, 8888 ) $$ dereference of possibly-null reference currentNode.getNext()
				currentNode.getNext().setPrevious(stackedNode);
				                   ^
../original/urla05239b71c_viniciusinnovatium_mumps2java_api_tgz-pJ8-com_disclinc_netmanager_script_test_ExecTesteNewJ8/src/br/com/innovatium/mumps2java/datastructure/Tree.java:338: error: (dereference.of.nullable) $$ 1 $$ node $$ ( 9094, 9098 ) $$ dereference of possibly-null reference node
		if (node.isFirstSubnode()) {
		    ^
../original/urla05239b71c_viniciusinnovatium_mumps2java_api_tgz-pJ8-com_disclinc_netmanager_script_test_ExecTesteNewJ8/src/br/com/innovatium/mumps2java/datastructure/Tree.java:339: error: (dereference.of.nullable) $$ 1 $$ node.getParent() $$ ( 9123, 9139 ) $$ dereference of possibly-null reference node.getParent()
			node.getParent().setSubnode(node.getNext());
			              ^
../original/urla05239b71c_viniciusinnovatium_mumps2java_api_tgz-pJ8-com_disclinc_netmanager_script_test_ExecTesteNewJ8/src/br/com/innovatium/mumps2java/datastructure/Tree.java:341: error: (dereference.of.nullable) $$ 1 $$ node.getPrevious() $$ ( 9184, 9202 ) $$ dereference of possibly-null reference node.getPrevious()
			node.getPrevious().setNext(node.getNext());
			                ^
../original/urla05239b71c_viniciusinnovatium_mumps2java_api_tgz-pJ8-com_disclinc_netmanager_script_test_ExecTesteNewJ8/src/br/com/innovatium/mumps2java/datastructure/Tree.java:361: error: (dereference.of.nullable) $$ 1 $$ node $$ ( 9783, 9787 ) $$ dereference of possibly-null reference node
		while (node.hasNext()) {
		       ^
../original/urla05239b71c_viniciusinnovatium_mumps2java_api_tgz-pJ8-com_disclinc_netmanager_script_test_ExecTesteNewJ8/src/br/com/innovatium/mumps2java/datastructure/Tree.java:373: error: (assignment) $$ 2 $$ @Initialized @Nullable Object @Initialized @NonNull [] $$ @Initialized @NonNull Object @UnknownInitialization @Nullable [] $$ ( 10087, 10113 ) $$ incompatible types in assignment.
		final Object[] subnodeArray = Arrays.copyOf(subs, index);
		                                           ^
  found   : @Initialized @Nullable Object @Initialized @NonNull []
  required: @Initialized @NonNull Object @UnknownInitialization @Nullable []
../original/urla05239b71c_viniciusinnovatium_mumps2java_api_tgz-pJ8-com_disclinc_netmanager_script_test_ExecTesteNewJ8/src/br/com/innovatium/mumps2java/datastructure/Tree.java:384: error: (argument) $$ 4 $$ parent $$ Tree.generateNode $$ @Initialized @Nullable Node $$ @Initialized @NonNull Node $$ ( 10488, 10497 ) $$ incompatible argument for parameter parent of Tree.generateNode.
			nodefound = generateNode(nodefound, subs, index);
			                         ^
  found   : @Initialized @Nullable Node
  required: @Initialized @NonNull Node
../original/urla05239b71c_viniciusinnovatium_mumps2java_api_tgz-pJ8-com_disclinc_netmanager_script_test_ExecTesteNewJ8/src/br/com/innovatium/mumps2java/datastructure/Tree.java:387: error: (dereference.of.nullable) $$ 1 $$ nodefound $$ ( 10527, 10536 ) $$ dereference of possibly-null reference nodefound
		if (nodefound.getParent() == null) {
		    ^
../original/urla05239b71c_viniciusinnovatium_mumps2java_api_tgz-pJ8-com_disclinc_netmanager_script_test_ExecTesteNewJ8/src/br/com/innovatium/mumps2java/datastructure/Tree.java:427: error: (assignment) $$ 2 $$ @UnderInitialization(br.com.innovatium.mumps2java.datastructure.Node.class) @NonNull Tree $$ @Initialized @NonNull Tree $$ ( 11480, 11484 ) $$ incompatible types in assignment.
			this.tree = tree;
			            ^
  found   : @UnderInitialization(br.com.innovatium.mumps2java.datastructure.Node.class) @NonNull Tree
  required: @Initialized @NonNull Tree
../original/urla05239b71c_viniciusinnovatium_mumps2java_api_tgz-pJ8-com_disclinc_netmanager_script_test_ExecTesteNewJ8/src/br/com/innovatium/mumps2java/datastructure/Tree.java:439: error: (dereference.of.nullable) $$ 1 $$ orig $$ ( 11773, 11777 ) $$ dereference of possibly-null reference orig
					node.getSubs(orig.length));
					             ^
../original/urla05239b71c_viniciusinnovatium_mumps2java_api_tgz-pJ8-com_disclinc_netmanager_script_test_ExecTesteNewJ8/src/br/com/innovatium/mumps2java/datastructure/Tree.java:442: error: (method.invocation) $$ 3 $$ set(java.lang.Object[],java.lang.Object) $$ @UnderInitialization(br.com.innovatium.mumps2java.datastructure.Node.class) @NonNull Tree $$ @Initialized @NonNull Tree $$ ( 11863, 11897 ) $$ call to set(java.lang.Object[],java.lang.Object) not allowed on the given receiver.
				tree.set(concatSubs, subnodeValue);
				        ^
  found   : @UnderInitialization(br.com.innovatium.mumps2java.datastructure.Node.class) @NonNull Tree
  required: @Initialized @NonNull Tree
../original/urla05239b71c_viniciusinnovatium_mumps2java_api_tgz-pJ8-com_disclinc_netmanager_script_test_ExecTesteNewJ8/src/br/com/innovatium/mumps2java/datastructure/Node.java:39: error: (method.invocation) $$ 3 $$ isNumber(java.lang.String) $$ @UnderInitialization @NonNull Node $$ @Initialized @NonNull Node $$ ( 975, 1000 ) $$ call to isNumber(java.lang.String) not allowed on the given receiver.
		if ((temp = isNumber(temp.toString())) != null) {
		                    ^
  found   : @UnderInitialization @NonNull Node
  required: @Initialized @NonNull Node
../original/urla05239b71c_viniciusinnovatium_mumps2java_api_tgz-pJ8-com_disclinc_netmanager_script_test_ExecTesteNewJ8/src/br/com/innovatium/mumps2java/datastructure/Node.java:146: error: (dereference.of.nullable) $$ 1 $$ parent $$ ( 3235, 3241 ) $$ dereference of possibly-null reference parent
		return findPrevious(parent.subnode, this);
		                    ^
../original/urla05239b71c_viniciusinnovatium_mumps2java_api_tgz-pJ8-com_disclinc_netmanager_script_test_ExecTesteNewJ8/src/br/com/innovatium/mumps2java/datastructure/Node.java:150: error: (dereference.of.nullable) $$ 1 $$ previous $$ ( 3329, 3337 ) $$ dereference of possibly-null reference previous
		if (previous.compareTo(subnode) > 0) {
		    ^
../original/urla05239b71c_viniciusinnovatium_mumps2java_api_tgz-pJ8-com_disclinc_netmanager_script_test_ExecTesteNewJ8/src/br/com/innovatium/mumps2java/datastructure/Node.java:152: error: (dereference.of.nullable) $$ 1 $$ previous.getPrevious() $$ ( 3404, 3426 ) $$ dereference of possibly-null reference previous.getPrevious()
					&& previous.getPrevious().compareTo(subnode) < 0) {
					                       ^
../original/urla05239b71c_viniciusinnovatium_mumps2java_api_tgz-pJ8-com_disclinc_netmanager_script_test_ExecTesteNewJ8/src/br/com/innovatium/mumps2java/datastructure/Node.java:174: error: (dereference.of.nullable) $$ 1 $$ parent.getSubnode() $$ ( 3947, 3966 ) $$ dereference of possibly-null reference parent.getSubnode()
			return parent.getSubnode().equals(this);
			                        ^
../original/urla05239b71c_viniciusinnovatium_mumps2java_api_tgz-pJ8-com_disclinc_netmanager_script_test_ExecTesteNewJ8/src/br/com/innovatium/mumps2java/datastructure/Node.java:253: error: (argument) $$ 4 $$ arg0 $$ List.add $$ @Initialized @Nullable Node $$ @Initialized @NonNull Node $$ ( 5775, 5779 ) $$ incompatible argument for parameter arg0 of List.add.
			list.add(next);
			         ^
  found   : @Initialized @Nullable Node
  required: @Initialized @NonNull Node
../original/urla05239b71c_viniciusinnovatium_mumps2java_api_tgz-pJ8-com_disclinc_netmanager_script_test_ExecTesteNewJ8/src/br/com/innovatium/mumps2java/datastructure/Node.java:254: error: (dereference.of.nullable) $$ 1 $$ next $$ ( 5802, 5806 ) $$ dereference of possibly-null reference next
		} while ((next = next.getNext()) != null);
		                 ^
../original/urla05239b71c_viniciusinnovatium_mumps2java_api_tgz-pJ8-com_disclinc_netmanager_script_test_ExecTesteNewJ8/src/br/com/innovatium/mumps2java/datastructure/util/DataStructureUtil.java:12: error: (dereference.of.nullable) $$ 1 $$ first $$ ( 302, 307 ) $$ dereference of possibly-null reference first
		return concat(first, second, first.length, 0);
		                             ^
../original/urla05239b71c_viniciusinnovatium_mumps2java_api_tgz-pJ8-com_disclinc_netmanager_script_test_ExecTesteNewJ8/src/br/com/innovatium/mumps2java/datastructure/util/DataStructureUtil.java:16: error: (dereference.of.nullable) $$ 1 $$ first $$ ( 430, 435 ) $$ dereference of possibly-null reference first
		return concat(first, second, first.length - 1, 0);
		                             ^
../original/urla05239b71c_viniciusinnovatium_mumps2java_api_tgz-pJ8-com_disclinc_netmanager_script_test_ExecTesteNewJ8/src/br/com/innovatium/mumps2java/datastructure/util/DataStructureUtil.java:29: error: (dereference.of.nullable) $$ 1 $$ subs $$ ( 799, 803 ) $$ dereference of possibly-null reference subs
		int end = subs.length - 1;
		          ^
../original/urla05239b71c_viniciusinnovatium_mumps2java_api_tgz-pJ8-com_disclinc_netmanager_script_test_ExecTesteNewJ8/src/br/com/innovatium/mumps2java/datastructure/util/DataStructureUtil.java:45: error: (dereference.of.nullable) $$ 1 $$ subs $$ ( 1361, 1365 ) $$ dereference of possibly-null reference subs
		int delimiterOccurece = subs.length - 1;
		                        ^
../original/urla05239b71c_viniciusinnovatium_mumps2java_api_tgz-pJ8-com_disclinc_netmanager_script_test_ExecTesteNewJ8/src/br/com/innovatium/mumps2java/datastructure/util/DataStructureUtil.java:87: error: (accessing.nullable) $$ 1 $$ first $$ ( 2518, 2523 ) $$ accessing a possibly-null array first
			copy[i] = first[i];
			          ^
../original/urla05239b71c_viniciusinnovatium_mumps2java_api_tgz-pJ8-com_disclinc_netmanager_script_test_ExecTesteNewJ8/src/br/com/innovatium/mumps2java/datastructure/util/DataStructureUtil.java:91: error: (assignment) $$ 2 $$ @Initialized @Nullable Object $$ @Initialized @NonNull Object $$ ( 2626, 2635 ) $$ incompatible types in assignment.
			copy[i + lastIndexOfFirst] = second[i];
			                                   ^
  found   : @Initialized @Nullable Object
  required: @Initialized @NonNull Object
../original/urla05239b71c_viniciusinnovatium_mumps2java_api_tgz-pJ8-com_disclinc_netmanager_script_test_ExecTesteNewJ8/src/br/com/innovatium/mumps2java/datastructure/OrderDataCache.java:15: error: (dereference.of.nullable) $$ 1 $$ subs $$ ( 377, 381 ) $$ dereference of possibly-null reference subs
		int last = subs.length;
		           ^
../original/urla05239b71c_viniciusinnovatium_mumps2java_api_tgz-pJ8-com_disclinc_netmanager_script_test_ExecTesteNewJ8/src/br/com/innovatium/mumps2java/datastructure/OrderDataCache.java:18: error: (assignment) $$ 2 $$ @Initialized @Nullable Object @Initialized @NonNull [] $$ @Initialized @NonNull Object @UnknownInitialization @Nullable [] $$ ( 471, 493 ) $$ incompatible types in assignment.
			subscripts = Arrays.copyOf(subs, i);
			                          ^
  found   : @Initialized @Nullable Object @Initialized @NonNull []
  required: @Initialized @NonNull Object @UnknownInitialization @Nullable []
../original/urla05239b71c_viniciusinnovatium_mumps2java_api_tgz-pJ8-com_disclinc_netmanager_script_test_ExecTesteNewJ8/src/mLibrary/mContext.java:47: error: (assignment) $$ 2 $$ @UnderInitialization(mLibrary.mFnc.class) @NonNull mFnc $$ @Initialized @NonNull mFnc $$ ( 1119, 1133 ) $$ incompatible types in assignment.
		this.Fnc = new mFnc(this);
		           ^
  found   : @UnderInitialization(mLibrary.mFnc.class) @NonNull mFnc
  required: @Initialized @NonNull mFnc
../original/urla05239b71c_viniciusinnovatium_mumps2java_api_tgz-pJ8-com_disclinc_netmanager_script_test_ExecTesteNewJ8/src/mLibrary/mContext.java:48: error: (assignment) $$ 2 $$ @UnderInitialization(mLibrary.mCmd.class) @NonNull mCmd $$ @Initialized @NonNull mCmd $$ ( 1149, 1163 ) $$ incompatible types in assignment.
		this.Cmd = new mCmd(this);
		           ^
  found   : @UnderInitialization(mLibrary.mCmd.class) @NonNull mCmd
  required: @Initialized @NonNull mCmd
../original/urla05239b71c_viniciusinnovatium_mumps2java_api_tgz-pJ8-com_disclinc_netmanager_script_test_ExecTesteNewJ8/src/mLibrary/mContext.java:49: error: (assignment) $$ 2 $$ @UnderInitialization(mSystem.mSystem.class) @NonNull mSystem $$ @Initialized @NonNull mSystem $$ ( 1182, 1199 ) $$ incompatible types in assignment.
		this.system = new mSystem(this);
		              ^
  found   : @UnderInitialization(mSystem.mSystem.class) @NonNull mSystem
  required: @Initialized @NonNull mSystem
../original/urla05239b71c_viniciusinnovatium_mumps2java_api_tgz-pJ8-com_disclinc_netmanager_script_test_ExecTesteNewJ8/src/mLibrary/mContext.java:102: error: (argument) $$ 4 $$ obj $$ Method.invoke $$ @Initialized @Nullable Object $$ @Initialized @NonNull Object $$ ( 2366, 2369 ) $$ incompatible argument for parameter obj of Method.invoke.
				m.invoke(obj, parameters);
				         ^
  found   : @Initialized @Nullable Object
  required: @Initialized @NonNull Object
../original/urla05239b71c_viniciusinnovatium_mumps2java_api_tgz-pJ8-com_disclinc_netmanager_script_test_ExecTesteNewJ8/src/mLibrary/mContext.java:104: error: (argument) $$ 4 $$ obj $$ Method.invoke $$ @Initialized @Nullable Object $$ @Initialized @NonNull Object $$ ( 2420, 2423 ) $$ incompatible argument for parameter obj of Method.invoke.
				result = m.invoke(obj, parameters);
				                  ^
  found   : @Initialized @Nullable Object
  required: @Initialized @NonNull Object
../original/urla05239b71c_viniciusinnovatium_mumps2java_api_tgz-pJ8-com_disclinc_netmanager_script_test_ExecTesteNewJ8/src/mLibrary/mContext.java:123: error: (argument) $$ 4 $$ arg0 $$ Map.get $$ @Initialized @Nullable String $$ @Initialized @NonNull Object $$ ( 2862, 2872 ) $$ incompatible argument for parameter arg0 of Map.get.
		Method m = methodMap.get(methodName);
		                         ^
  found   : @Initialized @Nullable String
  required: @Initialized @NonNull Object
../original/urla05239b71c_viniciusinnovatium_mumps2java_api_tgz-pJ8-com_disclinc_netmanager_script_test_ExecTesteNewJ8/src/mLibrary/mContext.java:142: error: (argument) $$ 4 $$ arg1 $$ Map.put $$ @Initialized @Nullable Method $$ @Initialized @NonNull Method $$ ( 3472, 3473 ) $$ incompatible argument for parameter arg1 of Map.put.
			methodMap.put(methodName, m);
			                          ^
  found   : @Initialized @Nullable Method
  required: @Initialized @NonNull Method
../original/urla05239b71c_viniciusinnovatium_mumps2java_api_tgz-pJ8-com_disclinc_netmanager_script_test_ExecTesteNewJ8/src/mLibrary/mContext.java:166: error: (assignment) $$ 2 $$ @Initialized @Nullable Object @Initialized @NonNull [] $$ @Initialized @NonNull Object @UnknownInitialization @Nullable [] $$ ( 4074, 4122 ) $$ incompatible types in assignment.
				parameters = Arrays.copyOfRange(args, initParam, args.length);
				                               ^
  found   : @Initialized @Nullable Object @Initialized @NonNull []
  required: @Initialized @NonNull Object @UnknownInitialization @Nullable []
../original/urla05239b71c_viniciusinnovatium_mumps2java_api_tgz-pJ8-com_disclinc_netmanager_script_test_ExecTesteNewJ8/src/mLibrary/mContext.java:219: error: (assignment) $$ 2 $$ Set<Entry<@KeyFor("map") String, String []>> $$ Set<Entry<String, String []>> $$ ( 5805, 5819 ) $$ incompatible types in assignment.
		Set<Entry<String, String[]>> results = map.entrySet();
		                                                   ^
  found   : Set<Entry<@KeyFor("map") String, String []>>
  required: Set<Entry<String, String []>>
../original/urla05239b71c_viniciusinnovatium_mumps2java_api_tgz-pJ8-com_disclinc_netmanager_script_test_ExecTesteNewJ8/src/mLibrary/mContext.java:254: error: (dereference.of.nullable) $$ 1 $$ orig $$ ( 6551, 6555 ) $$ dereference of possibly-null reference orig
		Object valOrig = orig.get();
		                 ^
../original/urla05239b71c_viniciusinnovatium_mumps2java_api_tgz-pJ8-com_disclinc_netmanager_script_test_ExecTesteNewJ8/src/mLibrary/mContext.java:256: error: (dereference.of.nullable) $$ 1 $$ dest $$ ( 6593, 6597 ) $$ dereference of possibly-null reference dest
			dest.set(valOrig);
			^
../original/urla05239b71c_viniciusinnovatium_mumps2java_api_tgz-pJ8-com_disclinc_netmanager_script_test_ExecTesteNewJ8/src/mLibrary/mContext.java:269: error: (dereference.of.nullable) $$ 1 $$ dest $$ ( 6956, 6960 ) $$ dereference of possibly-null reference dest
					Arrays.asList(dest.getSubs()));
					              ^
../original/urla05239b71c_viniciusinnovatium_mumps2java_api_tgz-pJ8-com_disclinc_netmanager_script_test_ExecTesteNewJ8/src/mLibrary/mContext.java:281: error: (assignment) $$ 2 $$ Set<Entry<@KeyFor("maps") mData, Object []>> $$ Set<Entry<mData, Object []>> $$ ( 7318, 7333 ) $$ incompatible types in assignment.
		Set<Entry<mData, Object[]>> set = maps.entrySet();
		                                               ^
  found   : Set<Entry<@KeyFor("maps") mData, Object []>>
  required: Set<Entry<mData, Object []>>
../original/urla05239b71c_viniciusinnovatium_mumps2java_api_tgz-pJ8-com_disclinc_netmanager_script_test_ExecTesteNewJ8/src/mLibrary/mContext.java:291: error: (assignment) $$ 2 $$ Set<Entry<@KeyFor("maps") mData, Object []>> $$ Set<Entry<mData, Object []>> $$ ( 7605, 7620 ) $$ incompatible types in assignment.
		Set<Entry<mData, Object[]>> set = maps.entrySet();
		                                               ^
  found   : Set<Entry<@KeyFor("maps") mData, Object []>>
  required: Set<Entry<mData, Object []>>
../original/urla05239b71c_viniciusinnovatium_mumps2java_api_tgz-pJ8-com_disclinc_netmanager_script_test_ExecTesteNewJ8/src/mLibrary/mContext.java:403: error: (dereference.of.nullable) $$ 1 $$ var $$ ( 10542, 10545 ) $$ dereference of possibly-null reference var
				var.set(variable);
				^
../original/urla05239b71c_viniciusinnovatium_mumps2java_api_tgz-pJ8-com_disclinc_netmanager_script_test_ExecTesteNewJ8/src/mLibrary/mContext.java:405: error: (dereference.of.nullable) $$ 1 $$ var $$ ( 10605, 10608 ) $$ dereference of possibly-null reference var
				var.set(valueDefault);
				^
../original/urla05239b71c_viniciusinnovatium_mumps2java_api_tgz-pJ8-com_disclinc_netmanager_script_test_ExecTesteNewJ8/src/mLibrary/mContext.java:471: error: (dereference.of.nullable) $$ 1 $$ var(parseVarSubs(_content)) $$ ( 12231, 12258 ) $$ dereference of possibly-null reference var(parseVarSubs(_content))
			_result = var(parseVarSubs(_content)).get();
			             ^
../original/urla05239b71c_viniciusinnovatium_mumps2java_api_tgz-pJ8-com_disclinc_netmanager_script_test_ExecTesteNewJ8/src/mLibrary/mData.java:31: error: (dereference.of.nullable) $$ 1 $$ dao $$ ( 1227, 1230 ) $$ dereference of possibly-null reference dao
			value = dao.find(tableName, generateKeyWithoutVarName(subs));
			        ^
../original/urla05239b71c_viniciusinnovatium_mumps2java_api_tgz-pJ8-com_disclinc_netmanager_script_test_ExecTesteNewJ8/src/mLibrary/mData.java:55: error: (dereference.of.nullable) $$ 1 $$ dao $$ ( 1839, 1842 ) $$ dereference of possibly-null reference dao
				dao.insert(tableName, generateKeyWithoutVarName(currentSubs),
				^
../original/urla05239b71c_viniciusinnovatium_mumps2java_api_tgz-pJ8-com_disclinc_netmanager_script_test_ExecTesteNewJ8/src/mLibrary/mData.java:91: error: (dereference.of.nullable) $$ 1 $$ dao $$ ( 2644, 2647 ) $$ dereference of possibly-null reference dao
			dao.remove(generateTableName(subs), generateKeyWithoutVarName(subs));
			^
../original/urla05239b71c_viniciusinnovatium_mumps2java_api_tgz-pJ8-com_disclinc_netmanager_script_test_ExecTesteNewJ8/src/mLibrary/mData.java:148: error: (dereference.of.nullable) $$ 1 $$ dao $$ ( 3856, 3859 ) $$ dereference of possibly-null reference dao
		Map<String, String> map = dao.like(tableName,
		                          ^
../original/urla05239b71c_viniciusinnovatium_mumps2java_api_tgz-pJ8-com_disclinc_netmanager_script_test_ExecTesteNewJ8/src/mLibrary/mData.java:152: error: (assignment) $$ 2 $$ Set<Entry<@KeyFor("map") String, String>> $$ Set<Entry<String, String>> $$ ( 3983, 3997 ) $$ incompatible types in assignment.
			Set<Entry<String, String>> result = map.entrySet();
			                                                ^
  found   : Set<Entry<@KeyFor("map") String, String>>
  required: Set<Entry<String, String>>
../original/urla05239b71c_viniciusinnovatium_mumps2java_api_tgz-pJ8-com_disclinc_netmanager_script_test_ExecTesteNewJ8/src/mLibrary/mRequest.java:18: error: (method.invocation) $$ 3 $$ populateParameter(java.util.Map<java.lang.String,java.lang.String[]>) $$ @UnderInitialization(mLibrary.mRequest.class) @NonNull mRequest $$ @Initialized @NonNull mRequest $$ ( 421, 443 ) $$ call to populateParameter(java.util.Map<java.lang.String,java.lang.String[]>) not allowed on the given receiver.
		populateParameter(map);
		                 ^
  found   : @UnderInitialization(mLibrary.mRequest.class) @NonNull mRequest
  required: @Initialized @NonNull mRequest
../original/urla05239b71c_viniciusinnovatium_mumps2java_api_tgz-pJ8-com_disclinc_netmanager_script_test_ExecTesteNewJ8/src/mLibrary/mRequest.java:22: error: (assignment) $$ 2 $$ Set<Entry<@KeyFor("map") String, String []>> $$ Set<Entry<String, String []>> $$ ( 555, 569 ) $$ incompatible types in assignment.
		Set<Entry<String, String[]>> results = map.entrySet();
		                                                   ^
  found   : Set<Entry<@KeyFor("map") String, String []>>
  required: Set<Entry<String, String []>>
../original/urla05239b71c_viniciusinnovatium_mumps2java_api_tgz-pJ8-com_disclinc_netmanager_script_test_ExecTesteNewJ8/src/mLibrary/mRequest.java:64: error: (dereference.of.nullable) $$ 1 $$ varData("data", args) $$ ( 1566, 1587 ) $$ dereference of possibly-null reference varData("data", args)
		return varData("data", args).get();
		              ^
../original/urla05239b71c_viniciusinnovatium_mumps2java_api_tgz-pJ8-com_disclinc_netmanager_script_test_ExecTesteNewJ8/src/mLibrary/mSession.java:14: error: (method.invocation) $$ 3 $$ populateParameter(java.util.Map<java.lang.String,java.lang.String[]>) $$ @UnderInitialization(mLibrary.mSession.class) @NonNull mSession $$ @Initialized @NonNull mSession $$ ( 274, 296 ) $$ call to populateParameter(java.util.Map<java.lang.String,java.lang.String[]>) not allowed on the given receiver.
		populateParameter(map);
		                 ^
  found   : @UnderInitialization(mLibrary.mSession.class) @NonNull mSession
  required: @Initialized @NonNull mSession
../original/urla05239b71c_viniciusinnovatium_mumps2java_api_tgz-pJ8-com_disclinc_netmanager_script_test_ExecTesteNewJ8/src/mLibrary/mSession.java:15: error: (method.invocation) $$ 3 $$ setSessionId(java.lang.String) $$ @UnderInitialization(mLibrary.mSession.class) @NonNull mSession $$ @Initialized @NonNull mSession $$ ( 301, 343 ) $$ call to setSessionId(java.lang.String) not allowed on the given receiver.
		setSessionId(UUID.randomUUID().toString());
		            ^
  found   : @UnderInitialization(mLibrary.mSession.class) @NonNull mSession
  required: @Initialized @NonNull mSession
../original/urla05239b71c_viniciusinnovatium_mumps2java_api_tgz-pJ8-com_disclinc_netmanager_script_test_ExecTesteNewJ8/src/mLibrary/mSession.java:28: error: (assignment) $$ 2 $$ Set<Entry<@KeyFor("map") String, String []>> $$ Set<Entry<String, String []>> $$ ( 636, 650 ) $$ incompatible types in assignment.
		Set<Entry<String, String[]>> results = map.entrySet();
		                                                   ^
  found   : Set<Entry<@KeyFor("map") String, String []>>
  required: Set<Entry<String, String []>>
../original/urla05239b71c_viniciusinnovatium_mumps2java_api_tgz-pJ8-com_disclinc_netmanager_script_test_ExecTesteNewJ8/src/mLibrary/mFnc.java:134: error: (dereference.of.nullable) $$ 1 $$ mVar $$ ( 4065, 4069 ) $$ dereference of possibly-null reference mVar
		return mVar.data();
		       ^
../original/urla05239b71c_viniciusinnovatium_mumps2java_api_tgz-pJ8-com_disclinc_netmanager_script_test_ExecTesteNewJ8/src/mLibrary/mFnc.java:189: error: (unboxing.of.nullable) $$ 1 $$ mFncUtil.castInt(start) $$ ( 5280, 5303 ) $$ unboxing a possibly-null reference mFncUtil.castInt(start)
				mFncUtil.castString(substring), mFncUtil.castInt(start));
				                                                ^
../original/urla05239b71c_viniciusinnovatium_mumps2java_api_tgz-pJ8-com_disclinc_netmanager_script_test_ExecTesteNewJ8/src/mLibrary/mFnc.java:444: error: (dereference.of.nullable) $$ 1 $$ var $$ ( 12763, 12766 ) $$ dereference of possibly-null reference var
		final Object[] subs = var.getSubs();
		                      ^
../original/urla05239b71c_viniciusinnovatium_mumps2java_api_tgz-pJ8-com_disclinc_netmanager_script_test_ExecTesteNewJ8/src/mLibrary/mFnc.java:458: error: (dereference.of.nullable) $$ 1 $$ m$ $$ ( 13292, 13294 ) $$ dereference of possibly-null reference m$
				next = m$.getmDataPublic().order(subs,
				       ^
../original/urla05239b71c_viniciusinnovatium_mumps2java_api_tgz-pJ8-com_disclinc_netmanager_script_test_ExecTesteNewJ8/src/mLibrary/mFnc.java:461: error: (dereference.of.nullable) $$ 1 $$ m$ $$ ( 13399, 13401 ) $$ dereference of possibly-null reference m$
				next = m$.getmDataLocal().order(subs,
				       ^
../original/urla05239b71c_viniciusinnovatium_mumps2java_api_tgz-pJ8-com_disclinc_netmanager_script_test_ExecTesteNewJ8/src/mLibrary/mFnc.java:467: error: (method.invocation) $$ 3 $$ getmDataLocal() $$ @UnderInitialization @NonNull mContext $$ @Initialized @NonNull mContext $$ ( 13578, 13596 ) $$ call to getmDataLocal() not allowed on the given receiver.
				next = m$.getmDataLocal().order(new Object[] { "" },
				                       ^
  found   : @UnderInitialization @NonNull mContext
  required: @Initialized @NonNull mContext
../original/urla05239b71c_viniciusinnovatium_mumps2java_api_tgz-pJ8-com_disclinc_netmanager_script_test_ExecTesteNewJ8/src/mLibrary/mFnc.java:472: error: (dereference.of.nullable) $$ 1 $$ m$ $$ ( 13725, 13727 ) $$ dereference of possibly-null reference m$
			mData mdata = m$.hasPublicVariables() ? m$.getmDataPublic() : m$
			              ^
../original/urla05239b71c_viniciusinnovatium_mumps2java_api_tgz-pJ8-com_disclinc_netmanager_script_test_ExecTesteNewJ8/src/mLibrary/mFnc.java:472: error: (method.invocation) $$ 3 $$ getmDataPublic() $$ @UnderInitialization @NonNull mContext $$ @Initialized @NonNull mContext $$ ( 13751, 13770 ) $$ call to getmDataPublic() not allowed on the given receiver.
			mData mdata = m$.hasPublicVariables() ? m$.getmDataPublic() : m$
			                                                         ^
  found   : @UnderInitialization @NonNull mContext
  required: @Initialized @NonNull mContext
../original/urla05239b71c_viniciusinnovatium_mumps2java_api_tgz-pJ8-com_disclinc_netmanager_script_test_ExecTesteNewJ8/src/mLibrary/mFnc.java:473: error: (method.invocation) $$ 3 $$ getmDataLocal() $$ @UnderInitialization @NonNull mContext $$ @Initialized @NonNull mContext $$ ( 13773, 13798 ) $$ call to getmDataLocal() not allowed on the given receiver.
					.getmDataLocal();
					              ^
  found   : @UnderInitialization @NonNull mContext
  required: @Initialized @NonNull mContext
../original/urla05239b71c_viniciusinnovatium_mumps2java_api_tgz-pJ8-com_disclinc_netmanager_script_test_ExecTesteNewJ8/src/mLibrary/mFnc.java:488: error: (unboxing.of.nullable) $$ 1 $$ mFncUtil.castInt(index) $$ ( 14317, 14340 ) $$ unboxing a possibly-null reference mFncUtil.castInt(index)
				mFncUtil.castString(delimiter), mFncUtil.castInt(index));
				                                                ^
../original/urla05239b71c_viniciusinnovatium_mumps2java_api_tgz-pJ8-com_disclinc_netmanager_script_test_ExecTesteNewJ8/src/mLibrary/mFnc.java:494: error: (unboxing.of.nullable) $$ 1 $$ mFncUtil.castInt(from) $$ ( 14537, 14559 ) $$ unboxing a possibly-null reference mFncUtil.castInt(from)
				mFncUtil.castString(delimiter), mFncUtil.castInt(from),
				                                                ^
../original/urla05239b71c_viniciusinnovatium_mumps2java_api_tgz-pJ8-com_disclinc_netmanager_script_test_ExecTesteNewJ8/src/mLibrary/mFnc.java:495: error: (unboxing.of.nullable) $$ 1 $$ mFncUtil.castInt(to) $$ ( 14566, 14586 ) $$ unboxing a possibly-null reference mFncUtil.castInt(to)
				mFncUtil.castInt(to));
				                ^
../original/urla05239b71c_viniciusinnovatium_mumps2java_api_tgz-pJ8-com_disclinc_netmanager_script_test_ExecTesteNewJ8/src/mLibrary/mFnc.java:577: error: (dereference.of.nullable) $$ 1 $$ m$ $$ ( 17070, 17072 ) $$ dereference of possibly-null reference m$
			target.set(m$.indirectVar(result));
			           ^
../original/urla05239b71c_viniciusinnovatium_mumps2java_api_tgz-pJ8-com_disclinc_netmanager_script_test_ExecTesteNewJ8/src/mLibrary/mFnc.java:1194: error: (assignment) $$ 2 $$ @Initialized @Nullable String @Initialized @NonNull [] $$ @Initialized @NonNull String @UnknownInitialization @Nullable [] $$ ( 33245, 33307 ) $$ incompatible types in assignment.
		final String[] array = Arrays.copyOfRange(string.split(delimiter),
		                                         ^
  found   : @Initialized @Nullable String @Initialized @NonNull []
  required: @Initialized @NonNull String @UnknownInitialization @Nullable []
../original/urla05239b71c_viniciusinnovatium_mumps2java_api_tgz-pJ8-com_disclinc_netmanager_script_test_ExecTesteNewJ8/src/mLibrary/mFnc.java:1205: error: (assignment) $$ 2 $$ @Initialized @Nullable Object @Initialized @NonNull [] $$ @Initialized @NonNull Object @UnknownInitialization @Nullable [] $$ ( 33616, 33654 ) $$ incompatible types in assignment.
			array = Arrays.copyOfRange(array, 0, position);
			                          ^
  found   : @Initialized @Nullable Object @Initialized @NonNull []
  required: @Initialized @NonNull Object @UnknownInitialization @Nullable []
../original/urla05239b71c_viniciusinnovatium_mumps2java_api_tgz-pJ8-com_disclinc_netmanager_script_test_ExecTesteNewJ8/src/mLibrary/mFnc.java:1276: error: (dereference.of.nullable) $$ 1 $$ string $$ ( 35524, 35530 ) $$ dereference of possibly-null reference string
			string = string.toLowerCase();
			         ^
../original/urla05239b71c_viniciusinnovatium_mumps2java_api_tgz-pJ8-com_disclinc_netmanager_script_test_ExecTesteNewJ8/src/mLibrary/mFnc.java:1278: error: (dereference.of.nullable) $$ 1 $$ string $$ ( 35603, 35609 ) $$ dereference of possibly-null reference string
			string = string.toUpperCase();
			         ^
../original/urla05239b71c_viniciusinnovatium_mumps2java_api_tgz-pJ8-com_disclinc_netmanager_script_test_ExecTesteNewJ8/src/mLibrary/mFnc.java:1288: error: (dereference.of.nullable) $$ 1 $$ m$ $$ ( 35740, 35742 ) $$ dereference of possibly-null reference m$
		return m$.var("$ZTRAP").get();
		       ^
../original/urla05239b71c_viniciusinnovatium_mumps2java_api_tgz-pJ8-com_disclinc_netmanager_script_test_ExecTesteNewJ8/src/mLibrary/mFnc.java:1288: error: (dereference.of.nullable) $$ 1 $$ m$.var("$ZTRAP") $$ ( 35740, 35756 ) $$ dereference of possibly-null reference m$.var("$ZTRAP")
		return m$.var("$ZTRAP").get();
		             ^
../original/urla05239b71c_viniciusinnovatium_mumps2java_api_tgz-pJ8-com_disclinc_netmanager_script_test_ExecTesteNewJ8/src/mLibrary/mFnc.java:1296: error: (argument) $$ 4 $$ string $$ mFnc.length $$ @Initialized @Nullable String $$ @Initialized @NonNull Object $$ ( 35914, 35932 ) $$ incompatible argument for parameter string of mFnc.length.
		return length(castString(string));
		                        ^
  found   : @Initialized @Nullable String
  required: @Initialized @NonNull Object
../original/urla05239b71c_viniciusinnovatium_mumps2java_api_tgz-pJ8-com_disclinc_netmanager_script_test_ExecTesteNewJ8/src/mLibrary/mFnc.java:1320: error: (dereference.of.nullable) $$ 1 $$ string $$ ( 36396, 36402 ) $$ dereference of possibly-null reference string
		return string.split(delimiter).length;
		       ^
../original/urla05239b71c_viniciusinnovatium_mumps2java_api_tgz-pJ8-com_disclinc_netmanager_script_test_ExecTesteNewJ8/src/mLibrary/mFnc.java:1320: error: (argument) $$ 4 $$ regex $$ String.split $$ @Initialized @Nullable String $$ @Initialized @NonNull String $$ ( 36409, 36418 ) $$ incompatible argument for parameter regex of String.split.
		return string.split(delimiter).length;
		                    ^
  found   : @Initialized @Nullable String
  required: @Initialized @NonNull String
../original/urla05239b71c_viniciusinnovatium_mumps2java_api_tgz-pJ8-com_disclinc_netmanager_script_test_ExecTesteNewJ8/src/mLibrary/mCmd.java:37: error: (dereference.of.nullable) $$ 1 $$ m$ $$ ( 896, 898 ) $$ dereference of possibly-null reference m$
		methodName = m$.defineMethodName(objClass, methodName);
		             ^
../original/urla05239b71c_viniciusinnovatium_mumps2java_api_tgz-pJ8-com_disclinc_netmanager_script_test_ExecTesteNewJ8/src/mLibrary/mCmd.java:38: error: (method.invocation) $$ 3 $$ dispatch(mLibrary.mClass,java.lang.String,java.lang.Object...) $$ @UnderInitialization @NonNull mContext $$ @Initialized @NonNull mContext $$ ( 942, 987 ) $$ call to dispatch(mLibrary.mClass,java.lang.String,java.lang.Object...) not allowed on the given receiver.
		m$.dispatch(objClass, methodName, parameters);
		           ^
  found   : @UnderInitialization @NonNull mContext
  required: @Initialized @NonNull mContext
../original/urla05239b71c_viniciusinnovatium_mumps2java_api_tgz-pJ8-com_disclinc_netmanager_script_test_ExecTesteNewJ8/src/mLibrary/mCmd.java:52: error: (dereference.of.nullable) $$ 1 $$ m$ $$ ( 1292, 1294 ) $$ dereference of possibly-null reference m$
			mVar var = m$.indirectVar(methodName);
			           ^
../original/urla05239b71c_viniciusinnovatium_mumps2java_api_tgz-pJ8-com_disclinc_netmanager_script_test_ExecTesteNewJ8/src/mLibrary/mCmd.java:53: error: (dereference.of.nullable) $$ 1 $$ var $$ ( 1337, 1340 ) $$ dereference of possibly-null reference var
			methodName = var.getName();
			             ^
../original/urla05239b71c_viniciusinnovatium_mumps2java_api_tgz-pJ8-com_disclinc_netmanager_script_test_ExecTesteNewJ8/src/mLibrary/mCmd.java:64: error: (dereference.of.nullable) $$ 1 $$ m$ $$ ( 1643, 1645 ) $$ dereference of possibly-null reference m$
				m$.fnc$(methodName);
				^
../original/urla05239b71c_viniciusinnovatium_mumps2java_api_tgz-pJ8-com_disclinc_netmanager_script_test_ExecTesteNewJ8/src/mLibrary/mCmd.java:119: error: (dereference.of.nullable) $$ 1 $$ m$ $$ ( 2958, 2960 ) $$ dereference of possibly-null reference m$
		m$.merge(target, source);
		^
../original/urla05239b71c_viniciusinnovatium_mumps2java_api_tgz-pJ8-com_disclinc_netmanager_script_test_ExecTesteNewJ8/src/mLibrary/mCmd.java:189: error: (dereference.of.nullable) $$ 1 $$ m$ $$ ( 4608, 4610 ) $$ dereference of possibly-null reference m$
			Writer writer = m$.getWriter();
			                ^
../original/urla05239b71c_viniciusinnovatium_mumps2java_api_tgz-pJ8-com_disclinc_netmanager_script_test_ExecTesteNewJ8/src/mLibrary/mCmd.java:192: error: (dereference.of.nullable) $$ 1 $$ writer $$ ( 4673, 4679 ) $$ dereference of possibly-null reference writer
					writer.write(String.valueOf(str));
					^
../original/urla05239b71c_viniciusinnovatium_mumps2java_api_tgz-pJ8-com_disclinc_netmanager_script_test_ExecTesteNewJ8/src/mLibrary/mCmd.java:217: error: (dereference.of.nullable) $$ 1 $$ m$ $$ ( 5285, 5287 ) $$ dereference of possibly-null reference m$
		m$.var("^MXecute", "cmd", ++m$.xecuteCount).set(object.toString());
		^
../original/urla05239b71c_viniciusinnovatium_mumps2java_api_tgz-pJ8-com_disclinc_netmanager_script_test_ExecTesteNewJ8/src/mLibrary/mCmd.java:217: error: (dereference.of.nullable) $$ 1 $$ m$.var("^MXecute", "cmd", ++m$.xecuteCount) $$ ( 5285, 5328 ) $$ dereference of possibly-null reference m$.var("^MXecute", "cmd", ++m$.xecuteCount)
		m$.var("^MXecute", "cmd", ++m$.xecuteCount).set(object.toString());
		      ^
../original/urla05239b71c_viniciusinnovatium_mumps2java_api_tgz-pJ8-com_disclinc_netmanager_script_test_ExecTesteNewJ8/src/mLibrary/mCmd.java:257: error: (dereference.of.nullable) $$ 1 $$ m$ $$ ( 6263, 6265 ) $$ dereference of possibly-null reference m$
			m$.Cmd.Do(methodName);
			^
../original/urla05239b71c_viniciusinnovatium_mumps2java_api_tgz-pJ8-com_disclinc_netmanager_script_test_ExecTesteNewJ8/src/mLibrary/mCmd.java:257: error: (dereference.of.nullable) $$ 1 $$ m$.Cmd $$ ( 6263, 6269 ) $$ dereference of possibly-null reference m$.Cmd
			m$.Cmd.Do(methodName);
			  ^
../original/urla05239b71c_viniciusinnovatium_mumps2java_api_tgz-pJ8-com_disclinc_netmanager_script_test_ExecTesteNewJ8/src/mLibrary/mParameter.java:16: error: (argument) $$ 4 $$ obj $$ Field.get $$ null (NullType) $$ @Initialized @NonNull Object $$ ( 278, 282 ) $$ incompatible argument for parameter obj of Field.get.
			retorno = parameterField.get(null);
			                             ^
  found   : null (NullType)
  required: @Initialized @NonNull Object
../original/urla05239b71c_viniciusinnovatium_mumps2java_api_tgz-pJ8-com_disclinc_netmanager_script_test_ExecTesteNewJ8/src/com/disclinc/netmanager/function/test/PieceFunctionTest.java:21: error: (argument) $$ 4 $$ actual $$ Assert.assertEquals $$ @Initialized @Nullable Object $$ @Initialized @NonNull Object $$ ( 604, 634 ) $$ incompatible argument for parameter actual of Assert.assertEquals.
				$piece(STRING_TEST, DELIMITER));
				      ^
  found   : @Initialized @Nullable Object
  required: @Initialized @NonNull Object
../original/urla05239b71c_viniciusinnovatium_mumps2java_api_tgz-pJ8-com_disclinc_netmanager_script_test_ExecTesteNewJ8/src/com/disclinc/netmanager/function/test/PieceFunctionTest.java:27: error: (argument) $$ 4 $$ actual $$ Assert.assertEquals $$ @Initialized @Nullable String $$ @Initialized @NonNull Object $$ ( 770, 804 ) $$ incompatible argument for parameter actual of Assert.assertEquals.
				"One Memorial Drive", $piece(STRING_TEST, DELIMITER, to));
				                            ^
  found   : @Initialized @Nullable String
  required: @Initialized @NonNull Object
../original/urla05239b71c_viniciusinnovatium_mumps2java_api_tgz-pJ8-com_disclinc_netmanager_script_test_ExecTesteNewJ8/src/com/disclinc/netmanager/function/test/PieceFunctionTest.java:37: error: (argument) $$ 4 $$ actual $$ Assert.assertEquals $$ @Initialized @Nullable Object $$ @Initialized @NonNull Object $$ ( 1023, 1063 ) $$ incompatible argument for parameter actual of Assert.assertEquals.
				$piece(STRING_TEST, DELIMITER, to, from));
				      ^
  found   : @Initialized @Nullable Object
  required: @Initialized @NonNull Object
../original/urla05239b71c_viniciusinnovatium_mumps2java_api_tgz-pJ8-com_disclinc_netmanager_script_test_ExecTesteNewJ8/src/com/disclinc/netmanager/function/test/PieceFunctionTest.java:43: error: (argument) $$ 4 $$ actual $$ Assert.assertEquals $$ @Initialized @Nullable Object $$ @Initialized @NonNull Object $$ ( 1200, 1249 ) $$ incompatible argument for parameter actual of Assert.assertEquals.
				$piece($piece(STRING_TEST, DELIMITER, from), " "));
				      ^
  found   : @Initialized @Nullable Object
  required: @Initialized @NonNull Object
../original/urla05239b71c_viniciusinnovatium_mumps2java_api_tgz-pJ8-com_disclinc_netmanager_script_test_ExecTesteNewJ8/src/com/disclinc/netmanager/function/test/ReplaceFunctionTest.java:20: error: (argument) $$ 4 $$ actual $$ Assert.assertEquals $$ @Initialized @Nullable String $$ @Initialized @NonNull Object $$ ( 519, 563 ) $$ incompatible argument for parameter actual of Assert.assertEquals.
				$replace(string, oldSubstring, newSubstring));
				        ^
  found   : @Initialized @Nullable String
  required: @Initialized @NonNull Object
error: Invalid format string: "(dereference.of.nullable) $$ 1 $$ m$.var("%x", "1", "2") $$ ( 2603, 2625 ) $$ dereference of possibly-null reference %s" args: [m$.var("%x", "1", "2")]
  ; The Checker Framework crashed.  Please report the crash.  Version: Checker Framework 3.42.0. 
  Compilation unit: ../original/urla05239b71c_viniciusinnovatium_mumps2java_api_tgz-pJ8-com_disclinc_netmanager_script_test_ExecTesteNewJ8/src/com/disclinc/netmanager/function/test/OrderFunctionTest.java
  Last visited tree at line 62 column 17:
  		m$.var("%x", "1", "2").set(1);
  Exception: java.util.IllegalFormatConversionException: x != com.sun.tools.javac.tree.JCTree$JCMethodInvocation; java.util.IllegalFormatConversionException: x != com.sun.tools.javac.tree.JCTree$JCMethodInvocation
  	at java.base/java.util.Formatter$FormatSpecifier.failConversion(Formatter.java:4426)
  	at java.base/java.util.Formatter$FormatSpecifier.printInteger(Formatter.java:2938)
  	at java.base/java.util.Formatter$FormatSpecifier.print(Formatter.java:2892)
  	at java.base/java.util.Formatter.format(Formatter.java:2673)
  	at java.base/java.util.Formatter.format(Formatter.java:2609)
  	at java.base/java.lang.String.format(String.java:2897)
  	at org.checkerframework.framework.source.SourceChecker.report(SourceChecker.java:1165)
  	at org.checkerframework.framework.source.SourceChecker.reportError(SourceChecker.java:1080)
  	at org.checkerframework.checker.nullness.NullnessVisitor.checkForNullability(NullnessVisitor.java:643)
  	at org.checkerframework.checker.nullness.NullnessVisitor.checkForNullability(NullnessVisitor.java:629)
  	at org.checkerframework.checker.nullness.NullnessVisitor.visitMemberSelect(NullnessVisitor.java:268)
  	at org.checkerframework.checker.nullness.NullnessVisitor.visitMemberSelect(NullnessVisitor.java:70)
  	at jdk.compiler/com.sun.tools.javac.tree.JCTree$JCFieldAccess.accept(JCTree.java:2138)
  	at jdk.compiler/com.sun.source.util.TreePathScanner.scan(TreePathScanner.java:82)
  	at org.checkerframework.framework.source.SourceVisitor.scan(SourceVisitor.java:92)
  	at org.checkerframework.common.basetype.BaseTypeVisitor.scan(BaseTypeVisitor.java:410)
  	at org.checkerframework.common.basetype.BaseTypeVisitor.visitMethodInvocation(BaseTypeVisitor.java:1848)
  	at org.checkerframework.checker.nullness.NullnessVisitor.visitMethodInvocation(NullnessVisitor.java:555)
  	at org.checkerframework.checker.nullness.NullnessVisitor.visitMethodInvocation(NullnessVisitor.java:70)
  	at jdk.compiler/com.sun.tools.javac.tree.JCTree$JCMethodInvocation.accept(JCTree.java:1666)
  	at jdk.compiler/com.sun.source.util.TreePathScanner.scan(TreePathScanner.java:82)
  	at org.checkerframework.framework.source.SourceVisitor.scan(SourceVisitor.java:92)
  	at org.checkerframework.common.basetype.BaseTypeVisitor.scan(BaseTypeVisitor.java:410)
  	at org.checkerframework.common.basetype.BaseTypeVisitor.scan(BaseTypeVisitor.java:187)
  	at jdk.compiler/com.sun.source.util.TreeScanner.visitExpressionStatement(TreeScanner.java:433)
  	at jdk.compiler/com.sun.tools.javac.tree.JCTree$JCExpressionStatement.accept(JCTree.java:1476)
  	at jdk.compiler/com.sun.source.util.TreePathScanner.scan(TreePathScanner.java:82)
  	at org.checkerframework.framework.source.SourceVisitor.scan(SourceVisitor.java:92)
  	at org.checkerframework.common.basetype.BaseTypeVisitor.scan(BaseTypeVisitor.java:410)
  	at org.checkerframework.common.basetype.BaseTypeVisitor.scan(BaseTypeVisitor.java:187)
  	at jdk.compiler/com.sun.source.util.TreeScanner.scanAndReduce(TreeScanner.java:90)
  	at jdk.compiler/com.sun.source.util.TreeScanner.scan(TreeScanner.java:105)
  	at jdk.compiler/com.sun.source.util.TreeScanner.visitBlock(TreeScanner.java:248)
  	at jdk.compiler/com.sun.tools.javac.tree.JCTree$JCBlock.accept(JCTree.java:1048)
  	at jdk.compiler/com.sun.source.util.TreePathScanner.scan(TreePathScanner.java:82)
  	at org.checkerframework.framework.source.SourceVisitor.scan(SourceVisitor.java:92)
  	at org.checkerframework.common.basetype.BaseTypeVisitor.scan(BaseTypeVisitor.java:410)
  	at org.checkerframework.common.basetype.BaseTypeVisitor.scan(BaseTypeVisitor.java:187)
  	at jdk.compiler/com.sun.source.util.TreeScanner.scanAndReduce(TreeScanner.java:90)
  	at jdk.compiler/com.sun.source.util.TreeScanner.visitMethod(TreeScanner.java:206)
  	at org.checkerframework.framework.source.SourceVisitor.visitMethod(SourceVisitor.java:110)
  	at org.checkerframework.common.basetype.BaseTypeVisitor.visitMethod(BaseTypeVisitor.java:1048)
  	at org.checkerframework.checker.initialization.InitializationVisitor.visitMethod(InitializationVisitor.java:293)
  	at org.checkerframework.checker.nullness.NullnessVisitor.visitMethod(NullnessVisitor.java:537)
  	at org.checkerframework.checker.nullness.NullnessVisitor.visitMethod(NullnessVisitor.java:70)
  	at jdk.compiler/com.sun.tools.javac.tree.JCTree$JCMethodDecl.accept(JCTree.java:898)
  	at jdk.compiler/com.sun.source.util.TreePathScanner.scan(TreePathScanner.java:82)
  	at org.checkerframework.framework.source.SourceVisitor.scan(SourceVisitor.java:92)
  	at org.checkerframework.common.basetype.BaseTypeVisitor.scan(BaseTypeVisitor.java:410)
  	at org.checkerframework.common.basetype.BaseTypeVisitor.scan(BaseTypeVisitor.java:187)
  	at jdk.compiler/com.sun.source.util.TreeScanner.scanAndReduce(TreeScanner.java:90)
  	at jdk.compiler/com.sun.source.util.TreeScanner.scan(TreeScanner.java:105)
  	at jdk.compiler/com.sun.source.util.TreeScanner.scanAndReduce(TreeScanner.java:113)
  	at jdk.compiler/com.sun.source.util.TreeScanner.visitClass(TreeScanner.java:187)
  	at org.checkerframework.framework.source.SourceVisitor.visitClass(SourceVisitor.java:98)
  	at org.checkerframework.common.basetype.BaseTypeVisitor.processClassTree(BaseTypeVisitor.java:617)
  	at org.checkerframework.checker.initialization.InitializationVisitor.processClassTree(InitializationVisitor.java:246)
  	at org.checkerframework.checker.nullness.NullnessVisitor.processClassTree(NullnessVisitor.java:601)
  	at org.checkerframework.common.basetype.BaseTypeVisitor.visitClass(BaseTypeVisitor.java:563)
  	at org.checkerframework.common.basetype.BaseTypeVisitor.visitClass(BaseTypeVisitor.java:187)
  	at jdk.compiler/com.sun.tools.javac.tree.JCTree$JCClassDecl.accept(JCTree.java:808)
  	at jdk.compiler/com.sun.source.util.TreePathScanner.scan(TreePathScanner.java:56)
  	at org.checkerframework.framework.source.SourceVisitor.visit(SourceVisitor.java:86)
  	at org.checkerframework.framework.source.SourceChecker.typeProcess(SourceChecker.java:1050)
  	at org.checkerframework.common.basetype.BaseTypeChecker.typeProcess(BaseTypeChecker.java:558)
  	at org.checkerframework.javacutil.AbstractTypeProcessor$AttributionTaskListener.finished(AbstractTypeProcessor.java:188)
  	at jdk.compiler/com.sun.tools.javac.api.ClientCodeWrapper$WrappedTaskListener.finished(ClientCodeWrapper.java:828)
  	at jdk.compiler/com.sun.tools.javac.api.MultiTaskListener.finished(MultiTaskListener.java:132)
  	at jdk.compiler/com.sun.tools.javac.main.JavaCompiler.flow(JavaCompiler.java:1417)
  	at jdk.compiler/com.sun.tools.javac.main.JavaCompiler.flow(JavaCompiler.java:1374)
  	at jdk.compiler/com.sun.tools.javac.main.JavaCompiler.compile(JavaCompiler.java:973)
  	at jdk.compiler/com.sun.tools.javac.main.Main.compile(Main.java:311)
  	at jdk.compiler/com.sun.tools.javac.main.Main.compile(Main.java:170)
  	at jdk.compiler/com.sun.tools.javac.Main.compile(Main.java:57)
  	at jdk.compiler/com.sun.tools.javac.Main.main(Main.java:43)
../original/urla05239b71c_viniciusinnovatium_mumps2java_api_tgz-pJ8-com_disclinc_netmanager_script_test_ExecTesteNewJ8/src/com/disclinc/netmanager/function/test/OrderFunctionTest.java:14: error: (dereference.of.nullable) $$ 1 $$ m$.var("b") $$ ( 272, 283 ) $$ dereference of possibly-null reference m$.var("b")
		m$.var("b").set(88);
		      ^
../original/urla05239b71c_viniciusinnovatium_mumps2java_api_tgz-pJ8-com_disclinc_netmanager_script_test_ExecTesteNewJ8/src/com/disclinc/netmanager/function/test/OrderFunctionTest.java:15: error: (dereference.of.nullable) $$ 1 $$ m$.var("a") $$ ( 295, 306 ) $$ dereference of possibly-null reference m$.var("a")
		m$.var("a").set(12);
		      ^
../original/urla05239b71c_viniciusinnovatium_mumps2java_api_tgz-pJ8-com_disclinc_netmanager_script_test_ExecTesteNewJ8/src/com/disclinc/netmanager/function/test/OrderFunctionTest.java:16: error: (dereference.of.nullable) $$ 1 $$ m$.var("a", "1") $$ ( 318, 334 ) $$ dereference of possibly-null reference m$.var("a", "1")
		m$.var("a", "1").set(6);
		      ^
../original/urla05239b71c_viniciusinnovatium_mumps2java_api_tgz-pJ8-com_disclinc_netmanager_script_test_ExecTesteNewJ8/src/com/disclinc/netmanager/function/test/OrderFunctionTest.java:17: error: (dereference.of.nullable) $$ 1 $$ m$.var("a", "1", "amarelo") $$ ( 345, 372 ) $$ dereference of possibly-null reference m$.var("a", "1", "amarelo")
		m$.var("a", "1", "amarelo").set(2);
		      ^
../original/urla05239b71c_viniciusinnovatium_mumps2java_api_tgz-pJ8-com_disclinc_netmanager_script_test_ExecTesteNewJ8/src/com/disclinc/netmanager/function/test/OrderFunctionTest.java:18: error: (dereference.of.nullable) $$ 1 $$ m$.var("a", "1", "azul") $$ ( 383, 407 ) $$ dereference of possibly-null reference m$.var("a", "1", "azul")
		m$.var("a", "1", "azul").set(4);
		      ^
../original/urla05239b71c_viniciusinnovatium_mumps2java_api_tgz-pJ8-com_disclinc_netmanager_script_test_ExecTesteNewJ8/src/com/disclinc/netmanager/function/test/OrderFunctionTest.java:19: error: (dereference.of.nullable) $$ 1 $$ m$.var("a", "1", "branco") $$ ( 418, 444 ) $$ dereference of possibly-null reference m$.var("a", "1", "branco")
		m$.var("a", "1", "branco").set(14);
		      ^
../original/urla05239b71c_viniciusinnovatium_mumps2java_api_tgz-pJ8-com_disclinc_netmanager_script_test_ExecTesteNewJ8/src/com/disclinc/netmanager/function/test/OrderFunctionTest.java:20: error: (dereference.of.nullable) $$ 1 $$ m$.var("a", "1", "preto") $$ ( 456, 481 ) $$ dereference of possibly-null reference m$.var("a", "1", "preto")
		m$.var("a", "1", "preto").set(4);
		      ^
../original/urla05239b71c_viniciusinnovatium_mumps2java_api_tgz-pJ8-com_disclinc_netmanager_script_test_ExecTesteNewJ8/src/com/disclinc/netmanager/function/test/OrderFunctionTest.java:21: error: (dereference.of.nullable) $$ 1 $$ m$.var("a", "2") $$ ( 492, 508 ) $$ dereference of possibly-null reference m$.var("a", "2")
		m$.var("a", "2").set(8);
		      ^
../original/urla05239b71c_viniciusinnovatium_mumps2java_api_tgz-pJ8-com_disclinc_netmanager_script_test_ExecTesteNewJ8/src/com/disclinc/netmanager/function/test/OrderFunctionTest.java:26: error: (dereference.of.nullable) $$ 1 $$ m$.var("b") $$ ( 633, 644 ) $$ dereference of possibly-null reference m$.var("b")
		assertEquals("Fail on searching local variable value", 88, m$.var("b").get());
		                                                                 ^
../original/urla05239b71c_viniciusinnovatium_mumps2java_api_tgz-pJ8-com_disclinc_netmanager_script_test_ExecTesteNewJ8/src/com/disclinc/netmanager/function/test/OrderFunctionTest.java:26: error: (argument) $$ 4 $$ actual $$ Assert.assertEquals $$ @Initialized @Nullable Object $$ @Initialized @NonNull Object $$ ( 633, 650 ) $$ incompatible argument for parameter actual of Assert.assertEquals.
		assertEquals("Fail on searching local variable value", 88, m$.var("b").get());
		                                                                          ^
  found   : @Initialized @Nullable Object
  required: @Initialized @NonNull Object
../original/urla05239b71c_viniciusinnovatium_mumps2java_api_tgz-pJ8-com_disclinc_netmanager_script_test_ExecTesteNewJ8/src/com/disclinc/netmanager/function/test/OrderFunctionTest.java:27: error: (dereference.of.nullable) $$ 1 $$ m$.var("a") $$ ( 714, 725 ) $$ dereference of possibly-null reference m$.var("a")
		assertEquals("Fail on searching local variable value", 12, m$.var("a").get());
		                                                                 ^
../original/urla05239b71c_viniciusinnovatium_mumps2java_api_tgz-pJ8-com_disclinc_netmanager_script_test_ExecTesteNewJ8/src/com/disclinc/netmanager/function/test/OrderFunctionTest.java:27: error: (argument) $$ 4 $$ actual $$ Assert.assertEquals $$ @Initialized @Nullable Object $$ @Initialized @NonNull Object $$ ( 714, 731 ) $$ incompatible argument for parameter actual of Assert.assertEquals.
		assertEquals("Fail on searching local variable value", 12, m$.var("a").get());
		                                                                          ^
  found   : @Initialized @Nullable Object
  required: @Initialized @NonNull Object
../original/urla05239b71c_viniciusinnovatium_mumps2java_api_tgz-pJ8-com_disclinc_netmanager_script_test_ExecTesteNewJ8/src/com/disclinc/netmanager/function/test/OrderFunctionTest.java:28: error: (dereference.of.nullable) $$ 1 $$ m$.var("a", "1") $$ ( 794, 810 ) $$ dereference of possibly-null reference m$.var("a", "1")
		assertEquals("Fail on searching local variable value", 6, m$.var("a", "1").get());
		                                                                ^
../original/urla05239b71c_viniciusinnovatium_mumps2java_api_tgz-pJ8-com_disclinc_netmanager_script_test_ExecTesteNewJ8/src/com/disclinc/netmanager/function/test/OrderFunctionTest.java:28: error: (argument) $$ 4 $$ actual $$ Assert.assertEquals $$ @Initialized @Nullable Object $$ @Initialized @NonNull Object $$ ( 794, 816 ) $$ incompatible argument for parameter actual of Assert.assertEquals.
		assertEquals("Fail on searching local variable value", 6, m$.var("a", "1").get());
		                                                                              ^
  found   : @Initialized @Nullable Object
  required: @Initialized @NonNull Object
../original/urla05239b71c_viniciusinnovatium_mumps2java_api_tgz-pJ8-com_disclinc_netmanager_script_test_ExecTesteNewJ8/src/com/disclinc/netmanager/function/test/OrderFunctionTest.java:29: error: (dereference.of.nullable) $$ 1 $$ m$.var("a", "1", "amarelo") $$ ( 879, 906 ) $$ dereference of possibly-null reference m$.var("a", "1", "amarelo")
		assertEquals("Fail on searching local variable value", 2, m$.var("a", "1", "amarelo").get());
		                                                                ^
../original/urla05239b71c_viniciusinnovatium_mumps2java_api_tgz-pJ8-com_disclinc_netmanager_script_test_ExecTesteNewJ8/src/com/disclinc/netmanager/function/test/OrderFunctionTest.java:29: error: (argument) $$ 4 $$ actual $$ Assert.assertEquals $$ @Initialized @Nullable Object $$ @Initialized @NonNull Object $$ ( 879, 912 ) $$ incompatible argument for parameter actual of Assert.assertEquals.
		assertEquals("Fail on searching local variable value", 2, m$.var("a", "1", "amarelo").get());
		                                                                                         ^
  found   : @Initialized @Nullable Object
  required: @Initialized @NonNull Object
../original/urla05239b71c_viniciusinnovatium_mumps2java_api_tgz-pJ8-com_disclinc_netmanager_script_test_ExecTesteNewJ8/src/com/disclinc/netmanager/function/test/OrderFunctionTest.java:30: error: (dereference.of.nullable) $$ 1 $$ m$.var("a", "2") $$ ( 975, 991 ) $$ dereference of possibly-null reference m$.var("a", "2")
		assertEquals("Fail on searching local variable value", 8, m$.var("a", "2").get());
		                                                                ^
../original/urla05239b71c_viniciusinnovatium_mumps2java_api_tgz-pJ8-com_disclinc_netmanager_script_test_ExecTesteNewJ8/src/com/disclinc/netmanager/function/test/OrderFunctionTest.java:30: error: (argument) $$ 4 $$ actual $$ Assert.assertEquals $$ @Initialized @Nullable Object $$ @Initialized @NonNull Object $$ ( 975, 997 ) $$ incompatible argument for parameter actual of Assert.assertEquals.
		assertEquals("Fail on searching local variable value", 8, m$.var("a", "2").get());
		                                                                              ^
  found   : @Initialized @Nullable Object
  required: @Initialized @NonNull Object
../original/urla05239b71c_viniciusinnovatium_mumps2java_api_tgz-pJ8-com_disclinc_netmanager_script_test_ExecTesteNewJ8/src/com/disclinc/netmanager/function/test/CaseFunctionTest.java:25: error: (argument) $$ 4 $$ actual $$ Assert.assertEquals $$ @Initialized @Nullable Object $$ @Initialized @NonNull Object $$ ( 597, 603 ) $$ incompatible argument for parameter actual of Assert.assertEquals.
		assertEquals("Fail on case a valid condition", "amarelo", actual);
		                                                          ^
  found   : @Initialized @Nullable Object
  required: @Initialized @NonNull Object
../original/urla05239b71c_viniciusinnovatium_mumps2java_api_tgz-pJ8-com_disclinc_netmanager_script_test_ExecTesteNewJ8/src/com/disclinc/netmanager/function/test/CaseFunctionTest.java:43: error: (argument) $$ 4 $$ actual $$ Assert.assertEquals $$ @Initialized @Nullable Object $$ @Initialized @NonNull Object $$ ( 1041, 1047 ) $$ incompatible argument for parameter actual of Assert.assertEquals.
		assertEquals("Fail on case a valid condition", "vermelho", actual);
		                                                           ^
  found   : @Initialized @Nullable Object
  required: @Initialized @NonNull Object
../original/urla05239b71c_viniciusinnovatium_mumps2java_api_tgz-pJ8-com_disclinc_netmanager_script_test_ExecTesteNewJ8/src/com/disclinc/netmanager/function/test/CaseFunctionTest.java:61: error: (argument) $$ 4 $$ actual $$ Assert.assertEquals $$ @Initialized @Nullable Object $$ @Initialized @NonNull Object $$ ( 1479, 1485 ) $$ incompatible argument for parameter actual of Assert.assertEquals.
		assertEquals("Fail on case a valid condition", "azul", actual);
		                                                       ^
  found   : @Initialized @Nullable Object
  required: @Initialized @NonNull Object
../original/urla05239b71c_viniciusinnovatium_mumps2java_api_tgz-pJ8-com_disclinc_netmanager_script_test_ExecTesteNewJ8/src/com/disclinc/netmanager/function/test/CaseFunctionTest.java:79: error: (argument) $$ 4 $$ actual $$ Assert.assertEquals $$ @Initialized @Nullable Object $$ @Initialized @NonNull Object $$ ( 1943, 1949 ) $$ incompatible argument for parameter actual of Assert.assertEquals.
		assertEquals("Fail on case a valid condition", expected, actual);
		                                                         ^
  found   : @Initialized @Nullable Object
  required: @Initialized @NonNull Object
../original/urla05239b71c_viniciusinnovatium_mumps2java_api_tgz-pJ8-com_disclinc_netmanager_script_test_ExecTesteNewJ8/src/com/disclinc/netmanager/function/test/CaseFunctionTest.java:97: error: (argument) $$ 4 $$ actual $$ Assert.assertEquals $$ @Initialized @Nullable Object $$ @Initialized @NonNull Object $$ ( 2405, 2411 ) $$ incompatible argument for parameter actual of Assert.assertEquals.
		assertEquals("Fail on case a valid condition", expected, actual);
		                                                         ^
  found   : @Initialized @Nullable Object
  required: @Initialized @NonNull Object
../original/urla05239b71c_viniciusinnovatium_mumps2java_api_tgz-pJ8-com_disclinc_netmanager_script_test_ExecTesteNewJ8/src/com/disclinc/netmanager/function/test/ExtractFunctionTest.java:14: error: (argument) $$ 4 $$ actual $$ Assert.assertEquals $$ @Initialized @Nullable String $$ @Initialized @NonNull Object $$ ( 348, 368 ) $$ incompatible argument for parameter actual of Assert.assertEquals.
		assertEquals("Fail to extract string as default value", "1",  $extract(stringTest));
		                                                                      ^
  found   : @Initialized @Nullable String
  required: @Initialized @NonNull Object
../original/urla05239b71c_viniciusinnovatium_mumps2java_api_tgz-pJ8-com_disclinc_netmanager_script_test_ExecTesteNewJ8/src/com/disclinc/netmanager/function/test/ExtractFunctionTest.java:19: error: (argument) $$ 4 $$ actual $$ Assert.assertEquals $$ @Initialized @Nullable String $$ @Initialized @NonNull Object $$ ( 492, 515 ) $$ incompatible argument for parameter actual of Assert.assertEquals.
		assertEquals("Fail to extract string as default value", "A",  $extract(stringTest, 5));
		                                                                      ^
  found   : @Initialized @Nullable String
  required: @Initialized @NonNull Object
../original/urla05239b71c_viniciusinnovatium_mumps2java_api_tgz-pJ8-com_disclinc_netmanager_script_test_ExecTesteNewJ8/src/com/disclinc/netmanager/function/test/ExtractFunctionTest.java:24: error: (argument) $$ 4 $$ actual $$ Assert.assertEquals $$ @Initialized @Nullable String $$ @Initialized @NonNull Object $$ ( 649, 676 ) $$ incompatible argument for parameter actual of Assert.assertEquals.
		assertEquals("Fail to extract string as default value", "Alabama",  $extract(stringTest, 5, 11));
		                                                                            ^
  found   : @Initialized @Nullable String
  required: @Initialized @NonNull Object
../original/urla05239b71c_viniciusinnovatium_mumps2java_api_tgz-pJ8-com_disclinc_netmanager_script_test_ExecTesteNewJ8/src/com/disclinc/netmanager/function/test/ExtractFunctionTest.java:29: error: (argument) $$ 4 $$ actual $$ Assert.assertEquals $$ @Initialized @Nullable String $$ @Initialized @NonNull Object $$ ( 812, 840 ) $$ incompatible argument for parameter actual of Assert.assertEquals.
		assertEquals("Fail to extract string as default value", "1234Alabama",  $extract(stringTest, -5, 11));
		                                                                                ^
  found   : @Initialized @Nullable String
  required: @Initialized @NonNull Object
../original/urla05239b71c_viniciusinnovatium_mumps2java_api_tgz-pJ8-com_disclinc_netmanager_script_test_ExecTesteNewJ8/src/com/disclinc/netmanager/function/test/ExtractFunctionTest.java:34: error: (argument) $$ 4 $$ actual $$ Assert.assertEquals $$ @Initialized @Nullable String $$ @Initialized @NonNull Object $$ ( 971, 1000 ) $$ incompatible argument for parameter actual of Assert.assertEquals.
		assertEquals("Fail to extract string as default value", "",  $extract(stringTest, -5, -11));
		                                                                     ^
  found   : @Initialized @Nullable String
  required: @Initialized @NonNull Object
../original/urla05239b71c_viniciusinnovatium_mumps2java_api_tgz-pJ8-com_disclinc_netmanager_script_test_ExecTesteNewJ8/src/com/disclinc/netmanager/function/test/ExtractFunctionTest.java:39: error: (argument) $$ 4 $$ actual $$ Assert.assertEquals $$ @Initialized @Nullable String $$ @Initialized @NonNull Object $$ ( 1127, 1155 ) $$ incompatible argument for parameter actual of Assert.assertEquals.
		assertEquals("Fail to extract string as default value", "",  $extract(stringTest, 50, 11));
		                                                                     ^
  found   : @Initialized @Nullable String
  required: @Initialized @NonNull Object
../original/urla05239b71c_viniciusinnovatium_mumps2java_api_tgz-pJ8-com_disclinc_netmanager_script_test_ExecTesteNewJ8/src/com/disclinc/netmanager/function/test/ExtractFunctionTest.java:44: error: (argument) $$ 4 $$ actual $$ Assert.assertEquals $$ @Initialized @Nullable String $$ @Initialized @NonNull Object $$ ( 1283, 1307 ) $$ incompatible argument for parameter actual of Assert.assertEquals.
		assertEquals("Fail to extract string a non present element", "",  $extract(stringTest, 50));
		                                                                          ^
  found   : @Initialized @Nullable String
  required: @Initialized @NonNull Object
../original/urla05239b71c_viniciusinnovatium_mumps2java_api_tgz-pJ8-com_disclinc_netmanager_script_test_ExecTesteNewJ8/src/com/disclinc/netmanager/function/test/ExtractFunctionTest.java:49: error: (argument) $$ 4 $$ actual $$ Assert.assertEquals $$ @Initialized @Nullable String $$ @Initialized @NonNull Object $$ ( 1452, 1476 ) $$ incompatible argument for parameter actual of Assert.assertEquals.
		assertEquals("Fail to extract string a non present element", "",  $extract(stringTest, -9));
		                                                                          ^
  found   : @Initialized @Nullable String
  required: @Initialized @NonNull Object
../original/urla05239b71c_viniciusinnovatium_mumps2java_api_tgz-pJ8-com_disclinc_netmanager_script_test_ExecTesteNewJ8/src/com/disclinc/netmanager/function/test/ExtractFunctionTest.java:55: error: (argument) $$ 4 $$ actual $$ Assert.assertEquals $$ @Initialized @Nullable String $$ @Initialized @NonNull Object $$ ( 1636, 1654 ) $$ incompatible argument for parameter actual of Assert.assertEquals.
		assertEquals("Fail to extract string a non present element", "x",  $extract(x, 1, 10));
		                                                                           ^
  found   : @Initialized @Nullable String
  required: @Initialized @NonNull Object
../original/urla05239b71c_viniciusinnovatium_mumps2java_api_tgz-pJ8-com_disclinc_netmanager_script_test_ExecTesteNewJ8/src/com/disclinc/netmanager/function/test/ExtractFunctionTest.java:61: error: (argument) $$ 4 $$ actual $$ Assert.assertEquals $$ @Initialized @Nullable String $$ @Initialized @NonNull Object $$ ( 1808, 1825 ) $$ incompatible argument for parameter actual of Assert.assertEquals.
		assertEquals("Fail to extract string a non present element", "x",  $extract(x, 1, 1));
		                                                                           ^
  found   : @Initialized @Nullable String
  required: @Initialized @NonNull Object
../original/urla05239b71c_viniciusinnovatium_mumps2java_api_tgz-pJ8-com_disclinc_netmanager_script_test_ExecTesteNewJ8/src/com/disclinc/netmanager/function/test/Select2FunctionTest.java:24: error: (argument) $$ 4 $$ actual $$ Assert.assertEquals $$ @Initialized @Nullable Object $$ @Initialized @NonNull Object $$ ( 640, 646 ) $$ incompatible argument for parameter actual of Assert.assertEquals.
		assertEquals("Fail on select a valid condition", expected, actual);
		                                                           ^
  found   : @Initialized @Nullable Object
  required: @Initialized @NonNull Object
error: Invalid format string: "(dereference.of.nullable) $$ 1 $$ m$.var("%a") $$ ( 4177, 4189 ) $$ dereference of possibly-null reference %s" args: [m$.var("%a")]
  ; The Checker Framework crashed.  Please report the crash.  Version: Checker Framework 3.42.0. 
  Compilation unit: ../original/urla05239b71c_viniciusinnovatium_mumps2java_api_tgz-pJ8-com_disclinc_netmanager_script_test_ExecTesteNewJ8/src/com/disclinc/netmanager/function/test/MergeFunctionTest.java
  Last visited tree at line 99 column 17:
  		m$.var("%a").set("1");
  Exception: java.util.IllegalFormatConversionException: a != com.sun.tools.javac.tree.JCTree$JCMethodInvocation; java.util.IllegalFormatConversionException: a != com.sun.tools.javac.tree.JCTree$JCMethodInvocation
  	at java.base/java.util.Formatter$FormatSpecifier.failConversion(Formatter.java:4426)
  	at java.base/java.util.Formatter$FormatSpecifier.printFloat(Formatter.java:2951)
  	at java.base/java.util.Formatter$FormatSpecifier.print(Formatter.java:2898)
  	at java.base/java.util.Formatter.format(Formatter.java:2673)
  	at java.base/java.util.Formatter.format(Formatter.java:2609)
  	at java.base/java.lang.String.format(String.java:2897)
  	at org.checkerframework.framework.source.SourceChecker.report(SourceChecker.java:1165)
  	at org.checkerframework.framework.source.SourceChecker.reportError(SourceChecker.java:1080)
  	at org.checkerframework.checker.nullness.NullnessVisitor.checkForNullability(NullnessVisitor.java:643)
  	at org.checkerframework.checker.nullness.NullnessVisitor.checkForNullability(NullnessVisitor.java:629)
  	at org.checkerframework.checker.nullness.NullnessVisitor.visitMemberSelect(NullnessVisitor.java:268)
  	at org.checkerframework.checker.nullness.NullnessVisitor.visitMemberSelect(NullnessVisitor.java:70)
  	at jdk.compiler/com.sun.tools.javac.tree.JCTree$JCFieldAccess.accept(JCTree.java:2138)
  	at jdk.compiler/com.sun.source.util.TreePathScanner.scan(TreePathScanner.java:82)
  	at org.checkerframework.framework.source.SourceVisitor.scan(SourceVisitor.java:92)
  	at org.checkerframework.common.basetype.BaseTypeVisitor.scan(BaseTypeVisitor.java:410)
  	at org.checkerframework.common.basetype.BaseTypeVisitor.visitMethodInvocation(BaseTypeVisitor.java:1848)
  	at org.checkerframework.checker.nullness.NullnessVisitor.visitMethodInvocation(NullnessVisitor.java:555)
  	at org.checkerframework.checker.nullness.NullnessVisitor.visitMethodInvocation(NullnessVisitor.java:70)
  	at jdk.compiler/com.sun.tools.javac.tree.JCTree$JCMethodInvocation.accept(JCTree.java:1666)
  	at jdk.compiler/com.sun.source.util.TreePathScanner.scan(TreePathScanner.java:82)
  	at org.checkerframework.framework.source.SourceVisitor.scan(SourceVisitor.java:92)
  	at org.checkerframework.common.basetype.BaseTypeVisitor.scan(BaseTypeVisitor.java:410)
  	at org.checkerframework.common.basetype.BaseTypeVisitor.scan(BaseTypeVisitor.java:187)
  	at jdk.compiler/com.sun.source.util.TreeScanner.visitExpressionStatement(TreeScanner.java:433)
  	at jdk.compiler/com.sun.tools.javac.tree.JCTree$JCExpressionStatement.accept(JCTree.java:1476)
  	at jdk.compiler/com.sun.source.util.TreePathScanner.scan(TreePathScanner.java:82)
  	at org.checkerframework.framework.source.SourceVisitor.scan(SourceVisitor.java:92)
  	at org.checkerframework.common.basetype.BaseTypeVisitor.scan(BaseTypeVisitor.java:410)
  	at org.checkerframework.common.basetype.BaseTypeVisitor.scan(BaseTypeVisitor.java:187)
  	at jdk.compiler/com.sun.source.util.TreeScanner.scanAndReduce(TreeScanner.java:90)
  	at jdk.compiler/com.sun.source.util.TreeScanner.scan(TreeScanner.java:105)
  	at jdk.compiler/com.sun.source.util.TreeScanner.visitBlock(TreeScanner.java:248)
  	at jdk.compiler/com.sun.tools.javac.tree.JCTree$JCBlock.accept(JCTree.java:1048)
  	at jdk.compiler/com.sun.source.util.TreePathScanner.scan(TreePathScanner.java:82)
  	at org.checkerframework.framework.source.SourceVisitor.scan(SourceVisitor.java:92)
  	at org.checkerframework.common.basetype.BaseTypeVisitor.scan(BaseTypeVisitor.java:410)
  	at org.checkerframework.common.basetype.BaseTypeVisitor.scan(BaseTypeVisitor.java:187)
  	at jdk.compiler/com.sun.source.util.TreeScanner.scanAndReduce(TreeScanner.java:90)
  	at jdk.compiler/com.sun.source.util.TreeScanner.visitMethod(TreeScanner.java:206)
  	at org.checkerframework.framework.source.SourceVisitor.visitMethod(SourceVisitor.java:110)
  	at org.checkerframework.common.basetype.BaseTypeVisitor.visitMethod(BaseTypeVisitor.java:1048)
  	at org.checkerframework.checker.initialization.InitializationVisitor.visitMethod(InitializationVisitor.java:293)
  	at org.checkerframework.checker.nullness.NullnessVisitor.visitMethod(NullnessVisitor.java:537)
  	at org.checkerframework.checker.nullness.NullnessVisitor.visitMethod(NullnessVisitor.java:70)
  	at jdk.compiler/com.sun.tools.javac.tree.JCTree$JCMethodDecl.accept(JCTree.java:898)
  	at jdk.compiler/com.sun.source.util.TreePathScanner.scan(TreePathScanner.java:82)
  	at org.checkerframework.framework.source.SourceVisitor.scan(SourceVisitor.java:92)
  	at org.checkerframework.common.basetype.BaseTypeVisitor.scan(BaseTypeVisitor.java:410)
  	at org.checkerframework.common.basetype.BaseTypeVisitor.scan(BaseTypeVisitor.java:187)
  	at jdk.compiler/com.sun.source.util.TreeScanner.scanAndReduce(TreeScanner.java:90)
  	at jdk.compiler/com.sun.source.util.TreeScanner.scan(TreeScanner.java:105)
  	at jdk.compiler/com.sun.source.util.TreeScanner.scanAndReduce(TreeScanner.java:113)
  	at jdk.compiler/com.sun.source.util.TreeScanner.visitClass(TreeScanner.java:187)
  	at org.checkerframework.framework.source.SourceVisitor.visitClass(SourceVisitor.java:98)
  	at org.checkerframework.common.basetype.BaseTypeVisitor.processClassTree(BaseTypeVisitor.java:617)
  	at org.checkerframework.checker.initialization.InitializationVisitor.processClassTree(InitializationVisitor.java:246)
  	at org.checkerframework.checker.nullness.NullnessVisitor.processClassTree(NullnessVisitor.java:601)
  	at org.checkerframework.common.basetype.BaseTypeVisitor.visitClass(BaseTypeVisitor.java:563)
  	at org.checkerframework.common.basetype.BaseTypeVisitor.visitClass(BaseTypeVisitor.java:187)
  	at jdk.compiler/com.sun.tools.javac.tree.JCTree$JCClassDecl.accept(JCTree.java:808)
  	at jdk.compiler/com.sun.source.util.TreePathScanner.scan(TreePathScanner.java:56)
  	at org.checkerframework.framework.source.SourceVisitor.visit(SourceVisitor.java:86)
  	at org.checkerframework.framework.source.SourceChecker.typeProcess(SourceChecker.java:1050)
  	at org.checkerframework.common.basetype.BaseTypeChecker.typeProcess(BaseTypeChecker.java:558)
  	at org.checkerframework.javacutil.AbstractTypeProcessor$AttributionTaskListener.finished(AbstractTypeProcessor.java:188)
  	at jdk.compiler/com.sun.tools.javac.api.ClientCodeWrapper$WrappedTaskListener.finished(ClientCodeWrapper.java:828)
  	at jdk.compiler/com.sun.tools.javac.api.MultiTaskListener.finished(MultiTaskListener.java:132)
  	at jdk.compiler/com.sun.tools.javac.main.JavaCompiler.flow(JavaCompiler.java:1417)
  	at jdk.compiler/com.sun.tools.javac.main.JavaCompiler.flow(JavaCompiler.java:1374)
  	at jdk.compiler/com.sun.tools.javac.main.JavaCompiler.compile(JavaCompiler.java:973)
  	at jdk.compiler/com.sun.tools.javac.main.Main.compile(Main.java:311)
  	at jdk.compiler/com.sun.tools.javac.main.Main.compile(Main.java:170)
  	at jdk.compiler/com.sun.tools.javac.Main.compile(Main.java:57)
  	at jdk.compiler/com.sun.tools.javac.Main.main(Main.java:43)
../original/urla05239b71c_viniciusinnovatium_mumps2java_api_tgz-pJ8-com_disclinc_netmanager_script_test_ExecTesteNewJ8/src/com/disclinc/netmanager/function/test/MergeFunctionTest.java:13: error: (dereference.of.nullable) $$ 1 $$ m$.var("x") $$ ( 271, 282 ) $$ dereference of possibly-null reference m$.var("x")
		m$.var("x").set(2);
		      ^
../original/urla05239b71c_viniciusinnovatium_mumps2java_api_tgz-pJ8-com_disclinc_netmanager_script_test_ExecTesteNewJ8/src/com/disclinc/netmanager/function/test/MergeFunctionTest.java:14: error: (dereference.of.nullable) $$ 1 $$ m$.var("y") $$ ( 293, 304 ) $$ dereference of possibly-null reference m$.var("y")
		m$.var("y").set(1);
		      ^
../original/urla05239b71c_viniciusinnovatium_mumps2java_api_tgz-pJ8-com_disclinc_netmanager_script_test_ExecTesteNewJ8/src/com/disclinc/netmanager/function/test/MergeFunctionTest.java:17: error: (argument) $$ 4 $$ expected $$ Assert.assertEquals $$ @Initialized @Nullable Object $$ @Initialized @NonNull Object $$ ( 422, 439 ) $$ incompatible argument for parameter expected of Assert.assertEquals.
		assertEquals("The value of the merged variable must be the same", m$.var("y").get(), m$.var("x").get());
		                                                                                 ^
  found   : @Initialized @Nullable Object
  required: @Initialized @NonNull Object
../original/urla05239b71c_viniciusinnovatium_mumps2java_api_tgz-pJ8-com_disclinc_netmanager_script_test_ExecTesteNewJ8/src/com/disclinc/netmanager/function/test/MergeFunctionTest.java:17: error: (argument) $$ 4 $$ actual $$ Assert.assertEquals $$ @Initialized @Nullable Object $$ @Initialized @NonNull Object $$ ( 441, 458 ) $$ incompatible argument for parameter actual of Assert.assertEquals.
		assertEquals("The value of the merged variable must be the same", m$.var("y").get(), m$.var("x").get());
		                                                                                                    ^
  found   : @Initialized @Nullable Object
  required: @Initialized @NonNull Object
../original/urla05239b71c_viniciusinnovatium_mumps2java_api_tgz-pJ8-com_disclinc_netmanager_script_test_ExecTesteNewJ8/src/com/disclinc/netmanager/function/test/MergeFunctionTest.java:23: error: (dereference.of.nullable) $$ 1 $$ m$.var("x") $$ ( 561, 572 ) $$ dereference of possibly-null reference m$.var("x")
		m$.var("x").set(2);
		      ^
../original/urla05239b71c_viniciusinnovatium_mumps2java_api_tgz-pJ8-com_disclinc_netmanager_script_test_ExecTesteNewJ8/src/com/disclinc/netmanager/function/test/MergeFunctionTest.java:24: error: (dereference.of.nullable) $$ 1 $$ m$.var("x", "1") $$ ( 583, 599 ) $$ dereference of possibly-null reference m$.var("x", "1")
		m$.var("x", "1").set(2);
		      ^
../original/urla05239b71c_viniciusinnovatium_mumps2java_api_tgz-pJ8-com_disclinc_netmanager_script_test_ExecTesteNewJ8/src/com/disclinc/netmanager/function/test/MergeFunctionTest.java:25: error: (dereference.of.nullable) $$ 1 $$ m$.var("y") $$ ( 610, 621 ) $$ dereference of possibly-null reference m$.var("y")
		m$.var("y").set(1);
		      ^
../original/urla05239b71c_viniciusinnovatium_mumps2java_api_tgz-pJ8-com_disclinc_netmanager_script_test_ExecTesteNewJ8/src/com/disclinc/netmanager/function/test/MergeFunctionTest.java:28: error: (argument) $$ 4 $$ expected $$ Assert.assertEquals $$ @Initialized @Nullable Object $$ @Initialized @NonNull Object $$ ( 739, 756 ) $$ incompatible argument for parameter expected of Assert.assertEquals.
		assertEquals("The value of the merged variable must be the same", m$.var("y").get(), m$.var("x").get());
		                                                                                 ^
  found   : @Initialized @Nullable Object
  required: @Initialized @NonNull Object
../original/urla05239b71c_viniciusinnovatium_mumps2java_api_tgz-pJ8-com_disclinc_netmanager_script_test_ExecTesteNewJ8/src/com/disclinc/netmanager/function/test/MergeFunctionTest.java:28: error: (argument) $$ 4 $$ actual $$ Assert.assertEquals $$ @Initialized @Nullable Object $$ @Initialized @NonNull Object $$ ( 758, 775 ) $$ incompatible argument for parameter actual of Assert.assertEquals.
		assertEquals("The value of the merged variable must be the same", m$.var("y").get(), m$.var("x").get());
		                                                                                                    ^
  found   : @Initialized @Nullable Object
  required: @Initialized @NonNull Object
../original/urla05239b71c_viniciusinnovatium_mumps2java_api_tgz-pJ8-com_disclinc_netmanager_script_test_ExecTesteNewJ8/src/com/disclinc/netmanager/function/test/MergeFunctionTest.java:30: error: (dereference.of.nullable) $$ 1 $$ m$.var("y", "1") $$ ( 849, 865 ) $$ dereference of possibly-null reference m$.var("y", "1")
		assertEquals("The value of existente subscript must be the same", m$.var("y", "1").get(), m$.var("x", "1").get());
		                                                                        ^
../original/urla05239b71c_viniciusinnovatium_mumps2java_api_tgz-pJ8-com_disclinc_netmanager_script_test_ExecTesteNewJ8/src/com/disclinc/netmanager/function/test/MergeFunctionTest.java:30: error: (argument) $$ 4 $$ expected $$ Assert.assertEquals $$ @Initialized @Nullable Object $$ @Initialized @NonNull Object $$ ( 849, 871 ) $$ incompatible argument for parameter expected of Assert.assertEquals.
		assertEquals("The value of existente subscript must be the same", m$.var("y", "1").get(), m$.var("x", "1").get());
		                                                                                      ^
  found   : @Initialized @Nullable Object
  required: @Initialized @NonNull Object
../original/urla05239b71c_viniciusinnovatium_mumps2java_api_tgz-pJ8-com_disclinc_netmanager_script_test_ExecTesteNewJ8/src/com/disclinc/netmanager/function/test/MergeFunctionTest.java:30: error: (argument) $$ 4 $$ actual $$ Assert.assertEquals $$ @Initialized @Nullable Object $$ @Initialized @NonNull Object $$ ( 873, 895 ) $$ incompatible argument for parameter actual of Assert.assertEquals.
		assertEquals("The value of existente subscript must be the same", m$.var("y", "1").get(), m$.var("x", "1").get());
		                                                                                                              ^
  found   : @Initialized @Nullable Object
  required: @Initialized @NonNull Object
../original/urla05239b71c_viniciusinnovatium_mumps2java_api_tgz-pJ8-com_disclinc_netmanager_script_test_ExecTesteNewJ8/src/com/disclinc/netmanager/function/test/MergeFunctionTest.java:37: error: (dereference.of.nullable) $$ 1 $$ m$.var("x", "1") $$ ( 1061, 1077 ) $$ dereference of possibly-null reference m$.var("x", "1")
		m$.var("x", "1").set("2");
		      ^
../original/urla05239b71c_viniciusinnovatium_mumps2java_api_tgz-pJ8-com_disclinc_netmanager_script_test_ExecTesteNewJ8/src/com/disclinc/netmanager/function/test/MergeFunctionTest.java:38: error: (dereference.of.nullable) $$ 1 $$ m$.var("y") $$ ( 1090, 1101 ) $$ dereference of possibly-null reference m$.var("y")
		m$.var("y").set("1");
		      ^
../original/urla05239b71c_viniciusinnovatium_mumps2java_api_tgz-pJ8-com_disclinc_netmanager_script_test_ExecTesteNewJ8/src/com/disclinc/netmanager/function/test/MergeFunctionTest.java:41: error: (argument) $$ 4 $$ actual $$ Assert.assertEquals $$ @Initialized @Nullable Object $$ @Initialized @NonNull Object $$ ( 1263, 1280 ) $$ incompatible argument for parameter actual of Assert.assertEquals.
		assertEquals("The value of the merged variable must be unchanged because the x variable is undefined", "1", m$.var("y").get());
		                                                                                                                           ^
  found   : @Initialized @Nullable Object
  required: @Initialized @NonNull Object
../original/urla05239b71c_viniciusinnovatium_mumps2java_api_tgz-pJ8-com_disclinc_netmanager_script_test_ExecTesteNewJ8/src/com/disclinc/netmanager/function/test/MergeFunctionTest.java:43: error: (dereference.of.nullable) $$ 1 $$ m$.var("y", "1") $$ ( 1354, 1370 ) $$ dereference of possibly-null reference m$.var("y", "1")
		assertEquals("The value of existente subscript must be the same", m$.var("y", "1").get(), m$.var("x", "1").get());
		                                                                        ^
../original/urla05239b71c_viniciusinnovatium_mumps2java_api_tgz-pJ8-com_disclinc_netmanager_script_test_ExecTesteNewJ8/src/com/disclinc/netmanager/function/test/MergeFunctionTest.java:43: error: (argument) $$ 4 $$ expected $$ Assert.assertEquals $$ @Initialized @Nullable Object $$ @Initialized @NonNull Object $$ ( 1354, 1376 ) $$ incompatible argument for parameter expected of Assert.assertEquals.
		assertEquals("The value of existente subscript must be the same", m$.var("y", "1").get(), m$.var("x", "1").get());
		                                                                                      ^
  found   : @Initialized @Nullable Object
  required: @Initialized @NonNull Object
../original/urla05239b71c_viniciusinnovatium_mumps2java_api_tgz-pJ8-com_disclinc_netmanager_script_test_ExecTesteNewJ8/src/com/disclinc/netmanager/function/test/MergeFunctionTest.java:43: error: (argument) $$ 4 $$ actual $$ Assert.assertEquals $$ @Initialized @Nullable Object $$ @Initialized @NonNull Object $$ ( 1378, 1400 ) $$ incompatible argument for parameter actual of Assert.assertEquals.
		assertEquals("The value of existente subscript must be the same", m$.var("y", "1").get(), m$.var("x", "1").get());
		                                                                                                              ^
  found   : @Initialized @Nullable Object
  required: @Initialized @NonNull Object
../original/urla05239b71c_viniciusinnovatium_mumps2java_api_tgz-pJ8-com_disclinc_netmanager_script_test_ExecTesteNewJ8/src/com/disclinc/netmanager/function/test/MergeFunctionTest.java:49: error: (dereference.of.nullable) $$ 1 $$ m$.var("a", "1") $$ ( 1514, 1530 ) $$ dereference of possibly-null reference m$.var("a", "1")
		m$.var("a", "1").set("1");
		      ^
../original/urla05239b71c_viniciusinnovatium_mumps2java_api_tgz-pJ8-com_disclinc_netmanager_script_test_ExecTesteNewJ8/src/com/disclinc/netmanager/function/test/MergeFunctionTest.java:50: error: (dereference.of.nullable) $$ 1 $$ m$.var("a", "1", "1") $$ ( 1543, 1564 ) $$ dereference of possibly-null reference m$.var("a", "1", "1")
		m$.var("a", "1", "1").set("11");
		      ^
../original/urla05239b71c_viniciusinnovatium_mumps2java_api_tgz-pJ8-com_disclinc_netmanager_script_test_ExecTesteNewJ8/src/com/disclinc/netmanager/function/test/MergeFunctionTest.java:51: error: (dereference.of.nullable) $$ 1 $$ m$.var("a", "2") $$ ( 1578, 1594 ) $$ dereference of possibly-null reference m$.var("a", "2")
		m$.var("a", "2").set("2");
		      ^
../original/urla05239b71c_viniciusinnovatium_mumps2java_api_tgz-pJ8-com_disclinc_netmanager_script_test_ExecTesteNewJ8/src/com/disclinc/netmanager/function/test/MergeFunctionTest.java:52: error: (dereference.of.nullable) $$ 1 $$ m$.var("a", "2", "1") $$ ( 1607, 1628 ) $$ dereference of possibly-null reference m$.var("a", "2", "1")
		m$.var("a", "2", "1").set("21");
		      ^
../original/urla05239b71c_viniciusinnovatium_mumps2java_api_tgz-pJ8-com_disclinc_netmanager_script_test_ExecTesteNewJ8/src/com/disclinc/netmanager/function/test/MergeFunctionTest.java:54: error: (dereference.of.nullable) $$ 1 $$ m$.var("b") $$ ( 1645, 1656 ) $$ dereference of possibly-null reference m$.var("b")
		m$.var("b").set("10");
		      ^
../original/urla05239b71c_viniciusinnovatium_mumps2java_api_tgz-pJ8-com_disclinc_netmanager_script_test_ExecTesteNewJ8/src/com/disclinc/netmanager/function/test/MergeFunctionTest.java:55: error: (dereference.of.nullable) $$ 1 $$ m$.var("b", "1", "1") $$ ( 1670, 1691 ) $$ dereference of possibly-null reference m$.var("b", "1", "1")
		m$.var("b", "1", "1").set("33");
		      ^
../original/urla05239b71c_viniciusinnovatium_mumps2java_api_tgz-pJ8-com_disclinc_netmanager_script_test_ExecTesteNewJ8/src/com/disclinc/netmanager/function/test/MergeFunctionTest.java:56: error: (dereference.of.nullable) $$ 1 $$ m$.var("b", "1") $$ ( 1705, 1721 ) $$ dereference of possibly-null reference m$.var("b", "1")
		m$.var("b", "1").set("3");
		      ^
../original/urla05239b71c_viniciusinnovatium_mumps2java_api_tgz-pJ8-com_disclinc_netmanager_script_test_ExecTesteNewJ8/src/com/disclinc/netmanager/function/test/MergeFunctionTest.java:59: error: (argument) $$ 4 $$ actual $$ Assert.assertEquals $$ @Initialized @Nullable Object $$ @Initialized @NonNull Object $$ ( 1884, 1901 ) $$ incompatible argument for parameter actual of Assert.assertEquals.
		assertEquals("The value of the merged variable must be unchanged because the x variable is undefined", "10", m$.var("b").get());
		                                                                                                                            ^
  found   : @Initialized @Nullable Object
  required: @Initialized @NonNull Object
../original/urla05239b71c_viniciusinnovatium_mumps2java_api_tgz-pJ8-com_disclinc_netmanager_script_test_ExecTesteNewJ8/src/com/disclinc/netmanager/function/test/MergeFunctionTest.java:61: error: (argument) $$ 4 $$ expected $$ Assert.assertEquals $$ @Initialized @Nullable Object $$ @Initialized @NonNull Object $$ ( 1973, 2000 ) $$ incompatible argument for parameter expected of Assert.assertEquals.
		assertEquals("This subscripts was merged and must be the same", m$.var("b", "1", "1").get(), m$.var("a", "1", "1").get());
		                                                                                         ^
  found   : @Initialized @Nullable Object
  required: @Initialized @NonNull Object
../original/urla05239b71c_viniciusinnovatium_mumps2java_api_tgz-pJ8-com_disclinc_netmanager_script_test_ExecTesteNewJ8/src/com/disclinc/netmanager/function/test/MergeFunctionTest.java:61: error: (argument) $$ 4 $$ actual $$ Assert.assertEquals $$ @Initialized @Nullable Object $$ @Initialized @NonNull Object $$ ( 2002, 2029 ) $$ incompatible argument for parameter actual of Assert.assertEquals.
		assertEquals("This subscripts was merged and must be the same", m$.var("b", "1", "1").get(), m$.var("a", "1", "1").get());
		                                                                                                                      ^
  found   : @Initialized @Nullable Object
  required: @Initialized @NonNull Object
../original/urla05239b71c_viniciusinnovatium_mumps2java_api_tgz-pJ8-com_disclinc_netmanager_script_test_ExecTesteNewJ8/src/com/disclinc/netmanager/function/test/MergeFunctionTest.java:62: error: (argument) $$ 4 $$ expected $$ Assert.assertEquals $$ @Initialized @Nullable Object $$ @Initialized @NonNull Object $$ ( 2098, 2120 ) $$ incompatible argument for parameter expected of Assert.assertEquals.
		assertEquals("This subscripts was merged and must be the same", m$.var("b", "1").get(), m$.var("a", "1").get());
		                                                                                    ^
  found   : @Initialized @Nullable Object
  required: @Initialized @NonNull Object
../original/urla05239b71c_viniciusinnovatium_mumps2java_api_tgz-pJ8-com_disclinc_netmanager_script_test_ExecTesteNewJ8/src/com/disclinc/netmanager/function/test/MergeFunctionTest.java:62: error: (argument) $$ 4 $$ actual $$ Assert.assertEquals $$ @Initialized @Nullable Object $$ @Initialized @NonNull Object $$ ( 2122, 2144 ) $$ incompatible argument for parameter actual of Assert.assertEquals.
		assertEquals("This subscripts was merged and must be the same", m$.var("b", "1").get(), m$.var("a", "1").get());
		                                                                                                            ^
  found   : @Initialized @Nullable Object
  required: @Initialized @NonNull Object
../original/urla05239b71c_viniciusinnovatium_mumps2java_api_tgz-pJ8-com_disclinc_netmanager_script_test_ExecTesteNewJ8/src/com/disclinc/netmanager/function/test/MergeFunctionTest.java:63: error: (dereference.of.nullable) $$ 1 $$ m$.var("b", "2") $$ ( 2213, 2229 ) $$ dereference of possibly-null reference m$.var("b", "2")
		assertEquals("This subscripts was merged and must be the same", m$.var("b", "2").get(), m$.var("a", "2").get());
		                                                                      ^
../original/urla05239b71c_viniciusinnovatium_mumps2java_api_tgz-pJ8-com_disclinc_netmanager_script_test_ExecTesteNewJ8/src/com/disclinc/netmanager/function/test/MergeFunctionTest.java:63: error: (argument) $$ 4 $$ expected $$ Assert.assertEquals $$ @Initialized @Nullable Object $$ @Initialized @NonNull Object $$ ( 2213, 2235 ) $$ incompatible argument for parameter expected of Assert.assertEquals.
		assertEquals("This subscripts was merged and must be the same", m$.var("b", "2").get(), m$.var("a", "2").get());
		                                                                                    ^
  found   : @Initialized @Nullable Object
  required: @Initialized @NonNull Object
../original/urla05239b71c_viniciusinnovatium_mumps2java_api_tgz-pJ8-com_disclinc_netmanager_script_test_ExecTesteNewJ8/src/com/disclinc/netmanager/function/test/MergeFunctionTest.java:63: error: (argument) $$ 4 $$ actual $$ Assert.assertEquals $$ @Initialized @Nullable Object $$ @Initialized @NonNull Object $$ ( 2237, 2259 ) $$ incompatible argument for parameter actual of Assert.assertEquals.
		assertEquals("This subscripts was merged and must be the same", m$.var("b", "2").get(), m$.var("a", "2").get());
		                                                                                                            ^
  found   : @Initialized @Nullable Object
  required: @Initialized @NonNull Object
../original/urla05239b71c_viniciusinnovatium_mumps2java_api_tgz-pJ8-com_disclinc_netmanager_script_test_ExecTesteNewJ8/src/com/disclinc/netmanager/function/test/MergeFunctionTest.java:64: error: (dereference.of.nullable) $$ 1 $$ m$.var("b", "2", "1") $$ ( 2328, 2349 ) $$ dereference of possibly-null reference m$.var("b", "2", "1")
		assertEquals("This subscripts was merged and must be the same", m$.var("b", "2", "1").get(), m$.var("a", "2", "1").get());
		                                                                      ^
../original/urla05239b71c_viniciusinnovatium_mumps2java_api_tgz-pJ8-com_disclinc_netmanager_script_test_ExecTesteNewJ8/src/com/disclinc/netmanager/function/test/MergeFunctionTest.java:64: error: (argument) $$ 4 $$ expected $$ Assert.assertEquals $$ @Initialized @Nullable Object $$ @Initialized @NonNull Object $$ ( 2328, 2355 ) $$ incompatible argument for parameter expected of Assert.assertEquals.
		assertEquals("This subscripts was merged and must be the same", m$.var("b", "2", "1").get(), m$.var("a", "2", "1").get());
		                                                                                         ^
  found   : @Initialized @Nullable Object
  required: @Initialized @NonNull Object
../original/urla05239b71c_viniciusinnovatium_mumps2java_api_tgz-pJ8-com_disclinc_netmanager_script_test_ExecTesteNewJ8/src/com/disclinc/netmanager/function/test/MergeFunctionTest.java:64: error: (argument) $$ 4 $$ actual $$ Assert.assertEquals $$ @Initialized @Nullable Object $$ @Initialized @NonNull Object $$ ( 2357, 2384 ) $$ incompatible argument for parameter actual of Assert.assertEquals.
		assertEquals("This subscripts was merged and must be the same", m$.var("b", "2", "1").get(), m$.var("a", "2", "1").get());
		                                                                                                                      ^
  found   : @Initialized @Nullable Object
  required: @Initialized @NonNull Object
../original/urla05239b71c_viniciusinnovatium_mumps2java_api_tgz-pJ8-com_disclinc_netmanager_script_test_ExecTesteNewJ8/src/com/disclinc/netmanager/function/test/MergeFunctionTest.java:71: error: (dereference.of.nullable) $$ 1 $$ m$.var("a", "1") $$ ( 2490, 2506 ) $$ dereference of possibly-null reference m$.var("a", "1")
		m$.var("a", "1").set("1");
		      ^
../original/urla05239b71c_viniciusinnovatium_mumps2java_api_tgz-pJ8-com_disclinc_netmanager_script_test_ExecTesteNewJ8/src/com/disclinc/netmanager/function/test/MergeFunctionTest.java:72: error: (dereference.of.nullable) $$ 1 $$ m$.var("a", "1", "1") $$ ( 2519, 2540 ) $$ dereference of possibly-null reference m$.var("a", "1", "1")
		m$.var("a", "1", "1").set("11");
		      ^
../original/urla05239b71c_viniciusinnovatium_mumps2java_api_tgz-pJ8-com_disclinc_netmanager_script_test_ExecTesteNewJ8/src/com/disclinc/netmanager/function/test/MergeFunctionTest.java:73: error: (dereference.of.nullable) $$ 1 $$ m$.var("a", "2") $$ ( 2554, 2570 ) $$ dereference of possibly-null reference m$.var("a", "2")
		m$.var("a", "2").set("2");
		      ^
../original/urla05239b71c_viniciusinnovatium_mumps2java_api_tgz-pJ8-com_disclinc_netmanager_script_test_ExecTesteNewJ8/src/com/disclinc/netmanager/function/test/MergeFunctionTest.java:74: error: (dereference.of.nullable) $$ 1 $$ m$.var("a", "2", "1") $$ ( 2583, 2604 ) $$ dereference of possibly-null reference m$.var("a", "2", "1")
		m$.var("a", "2", "1").set("21");
		      ^
../original/urla05239b71c_viniciusinnovatium_mumps2java_api_tgz-pJ8-com_disclinc_netmanager_script_test_ExecTesteNewJ8/src/com/disclinc/netmanager/function/test/MergeFunctionTest.java:76: error: (dereference.of.nullable) $$ 1 $$ m$.var("b") $$ ( 2621, 2632 ) $$ dereference of possibly-null reference m$.var("b")
		m$.var("b").set("10");
		      ^
../original/urla05239b71c_viniciusinnovatium_mumps2java_api_tgz-pJ8-com_disclinc_netmanager_script_test_ExecTesteNewJ8/src/com/disclinc/netmanager/function/test/MergeFunctionTest.java:77: error: (dereference.of.nullable) $$ 1 $$ m$.var("b", "1", "1") $$ ( 2646, 2667 ) $$ dereference of possibly-null reference m$.var("b", "1", "1")
		m$.var("b", "1", "1").set("33");
		      ^
../original/urla05239b71c_viniciusinnovatium_mumps2java_api_tgz-pJ8-com_disclinc_netmanager_script_test_ExecTesteNewJ8/src/com/disclinc/netmanager/function/test/MergeFunctionTest.java:78: error: (dereference.of.nullable) $$ 1 $$ m$.var("b", "1") $$ ( 2681, 2697 ) $$ dereference of possibly-null reference m$.var("b", "1")
		m$.var("b", "1").set("3");
		      ^
../original/urla05239b71c_viniciusinnovatium_mumps2java_api_tgz-pJ8-com_disclinc_netmanager_script_test_ExecTesteNewJ8/src/com/disclinc/netmanager/function/test/MergeFunctionTest.java:82: error: (argument) $$ 4 $$ actual $$ Assert.assertEquals $$ @Initialized @Nullable Object $$ @Initialized @NonNull Object $$ ( 2908, 2925 ) $$ incompatible argument for parameter actual of Assert.assertEquals.
		assertEquals("The value of the merged variable must be unchanged because the x variable is undefined", "10", m$.var("b").get());
		                                                                                                                            ^
  found   : @Initialized @Nullable Object
  required: @Initialized @NonNull Object
../original/urla05239b71c_viniciusinnovatium_mumps2java_api_tgz-pJ8-com_disclinc_netmanager_script_test_ExecTesteNewJ8/src/com/disclinc/netmanager/function/test/MergeFunctionTest.java:84: error: (argument) $$ 4 $$ expected $$ Assert.assertEquals $$ @Initialized @Nullable Object $$ @Initialized @NonNull Object $$ ( 2997, 3024 ) $$ incompatible argument for parameter expected of Assert.assertEquals.
		assertEquals("This subscripts was merged and must be the same", m$.var("b", "1", "1").get(), m$.var("a", "1", "1").get());
		                                                                                         ^
  found   : @Initialized @Nullable Object
  required: @Initialized @NonNull Object
../original/urla05239b71c_viniciusinnovatium_mumps2java_api_tgz-pJ8-com_disclinc_netmanager_script_test_ExecTesteNewJ8/src/com/disclinc/netmanager/function/test/MergeFunctionTest.java:84: error: (argument) $$ 4 $$ actual $$ Assert.assertEquals $$ @Initialized @Nullable Object $$ @Initialized @NonNull Object $$ ( 3026, 3053 ) $$ incompatible argument for parameter actual of Assert.assertEquals.
		assertEquals("This subscripts was merged and must be the same", m$.var("b", "1", "1").get(), m$.var("a", "1", "1").get());
		                                                                                                                      ^
  found   : @Initialized @Nullable Object
  required: @Initialized @NonNull Object
../original/urla05239b71c_viniciusinnovatium_mumps2java_api_tgz-pJ8-com_disclinc_netmanager_script_test_ExecTesteNewJ8/src/com/disclinc/netmanager/function/test/MergeFunctionTest.java:85: error: (argument) $$ 4 $$ expected $$ Assert.assertEquals $$ @Initialized @Nullable Object $$ @Initialized @NonNull Object $$ ( 3122, 3144 ) $$ incompatible argument for parameter expected of Assert.assertEquals.
		assertEquals("This subscripts was merged and must be the same", m$.var("b", "1").get(), m$.var("a", "1").get());
		                                                                                    ^
  found   : @Initialized @Nullable Object
  required: @Initialized @NonNull Object
../original/urla05239b71c_viniciusinnovatium_mumps2java_api_tgz-pJ8-com_disclinc_netmanager_script_test_ExecTesteNewJ8/src/com/disclinc/netmanager/function/test/MergeFunctionTest.java:85: error: (argument) $$ 4 $$ actual $$ Assert.assertEquals $$ @Initialized @Nullable Object $$ @Initialized @NonNull Object $$ ( 3146, 3168 ) $$ incompatible argument for parameter actual of Assert.assertEquals.
		assertEquals("This subscripts was merged and must be the same", m$.var("b", "1").get(), m$.var("a", "1").get());
		                                                                                                            ^
  found   : @Initialized @Nullable Object
  required: @Initialized @NonNull Object
../original/urla05239b71c_viniciusinnovatium_mumps2java_api_tgz-pJ8-com_disclinc_netmanager_script_test_ExecTesteNewJ8/src/com/disclinc/netmanager/function/test/MergeFunctionTest.java:86: error: (dereference.of.nullable) $$ 1 $$ m$.var("b", "2") $$ ( 3237, 3253 ) $$ dereference of possibly-null reference m$.var("b", "2")
		assertEquals("This subscripts was merged and must be the same", m$.var("b", "2").get(), m$.var("a", "2").get());
		                                                                      ^
../original/urla05239b71c_viniciusinnovatium_mumps2java_api_tgz-pJ8-com_disclinc_netmanager_script_test_ExecTesteNewJ8/src/com/disclinc/netmanager/function/test/MergeFunctionTest.java:86: error: (argument) $$ 4 $$ expected $$ Assert.assertEquals $$ @Initialized @Nullable Object $$ @Initialized @NonNull Object $$ ( 3237, 3259 ) $$ incompatible argument for parameter expected of Assert.assertEquals.
		assertEquals("This subscripts was merged and must be the same", m$.var("b", "2").get(), m$.var("a", "2").get());
		                                                                                    ^
  found   : @Initialized @Nullable Object
  required: @Initialized @NonNull Object
../original/urla05239b71c_viniciusinnovatium_mumps2java_api_tgz-pJ8-com_disclinc_netmanager_script_test_ExecTesteNewJ8/src/com/disclinc/netmanager/function/test/MergeFunctionTest.java:86: error: (argument) $$ 4 $$ actual $$ Assert.assertEquals $$ @Initialized @Nullable Object $$ @Initialized @NonNull Object $$ ( 3261, 3283 ) $$ incompatible argument for parameter actual of Assert.assertEquals.
		assertEquals("This subscripts was merged and must be the same", m$.var("b", "2").get(), m$.var("a", "2").get());
		                                                                                                            ^
  found   : @Initialized @Nullable Object
  required: @Initialized @NonNull Object
../original/urla05239b71c_viniciusinnovatium_mumps2java_api_tgz-pJ8-com_disclinc_netmanager_script_test_ExecTesteNewJ8/src/com/disclinc/netmanager/function/test/MergeFunctionTest.java:87: error: (dereference.of.nullable) $$ 1 $$ m$.var("b", "2", "1") $$ ( 3352, 3373 ) $$ dereference of possibly-null reference m$.var("b", "2", "1")
		assertEquals("This subscripts was merged and must be the same", m$.var("b", "2", "1").get(), m$.var("a", "2", "1").get());
		                                                                      ^
../original/urla05239b71c_viniciusinnovatium_mumps2java_api_tgz-pJ8-com_disclinc_netmanager_script_test_ExecTesteNewJ8/src/com/disclinc/netmanager/function/test/MergeFunctionTest.java:87: error: (argument) $$ 4 $$ expected $$ Assert.assertEquals $$ @Initialized @Nullable Object $$ @Initialized @NonNull Object $$ ( 3352, 3379 ) $$ incompatible argument for parameter expected of Assert.assertEquals.
		assertEquals("This subscripts was merged and must be the same", m$.var("b", "2", "1").get(), m$.var("a", "2", "1").get());
		                                                                                         ^
  found   : @Initialized @Nullable Object
  required: @Initialized @NonNull Object
../original/urla05239b71c_viniciusinnovatium_mumps2java_api_tgz-pJ8-com_disclinc_netmanager_script_test_ExecTesteNewJ8/src/com/disclinc/netmanager/function/test/MergeFunctionTest.java:87: error: (argument) $$ 4 $$ actual $$ Assert.assertEquals $$ @Initialized @Nullable Object $$ @Initialized @NonNull Object $$ ( 3381, 3408 ) $$ incompatible argument for parameter actual of Assert.assertEquals.
		assertEquals("This subscripts was merged and must be the same", m$.var("b", "2", "1").get(), m$.var("a", "2", "1").get());
		                                                                                                                      ^
  found   : @Initialized @Nullable Object
  required: @Initialized @NonNull Object
../original/urla05239b71c_viniciusinnovatium_mumps2java_api_tgz-pJ8-com_disclinc_netmanager_script_test_ExecTesteNewJ8/src/com/disclinc/netmanager/function/test/MergeFunctionTest.java:90: error: (dereference.of.nullable) $$ 1 $$ m$.var("b", "2", "1", "1") $$ ( 3606, 3632 ) $$ dereference of possibly-null reference m$.var("b", "2", "1", "1")
		assertEquals("This subscripts was merged and must be the same", m$.var("b", "2", "1", "1").get(), m$.var("a", "1").get());
		                                                                      ^
../original/urla05239b71c_viniciusinnovatium_mumps2java_api_tgz-pJ8-com_disclinc_netmanager_script_test_ExecTesteNewJ8/src/com/disclinc/netmanager/function/test/MergeFunctionTest.java:90: error: (argument) $$ 4 $$ expected $$ Assert.assertEquals $$ @Initialized @Nullable Object $$ @Initialized @NonNull Object $$ ( 3606, 3638 ) $$ incompatible argument for parameter expected of Assert.assertEquals.
		assertEquals("This subscripts was merged and must be the same", m$.var("b", "2", "1", "1").get(), m$.var("a", "1").get());
		                                                                                              ^
  found   : @Initialized @Nullable Object
  required: @Initialized @NonNull Object
../original/urla05239b71c_viniciusinnovatium_mumps2java_api_tgz-pJ8-com_disclinc_netmanager_script_test_ExecTesteNewJ8/src/com/disclinc/netmanager/function/test/MergeFunctionTest.java:91: error: (dereference.of.nullable) $$ 1 $$ m$.var("b", "2", "1", "1", "1") $$ ( 3731, 3762 ) $$ dereference of possibly-null reference m$.var("b", "2", "1", "1", "1")
		assertEquals("This subscripts was merged and must be the same", m$.var("b", "2", "1", "1", "1").get(), m$.var("a", "1", "1").get());
		                                                                      ^
../original/urla05239b71c_viniciusinnovatium_mumps2java_api_tgz-pJ8-com_disclinc_netmanager_script_test_ExecTesteNewJ8/src/com/disclinc/netmanager/function/test/MergeFunctionTest.java:91: error: (argument) $$ 4 $$ expected $$ Assert.assertEquals $$ @Initialized @Nullable Object $$ @Initialized @NonNull Object $$ ( 3731, 3768 ) $$ incompatible argument for parameter expected of Assert.assertEquals.
		assertEquals("This subscripts was merged and must be the same", m$.var("b", "2", "1", "1", "1").get(), m$.var("a", "1", "1").get());
		                                                                                                   ^
  found   : @Initialized @Nullable Object
  required: @Initialized @NonNull Object
../original/urla05239b71c_viniciusinnovatium_mumps2java_api_tgz-pJ8-com_disclinc_netmanager_script_test_ExecTesteNewJ8/src/com/disclinc/netmanager/function/test/MergeFunctionTest.java:92: error: (dereference.of.nullable) $$ 1 $$ m$.var("b", "2", "1", "2", "1") $$ ( 3866, 3897 ) $$ dereference of possibly-null reference m$.var("b", "2", "1", "2", "1")
		assertEquals("This subscripts was merged and must be the same", m$.var("b", "2", "1", "2", "1").get(), m$.var("a", "2", "1").get());
		                                                                      ^
../original/urla05239b71c_viniciusinnovatium_mumps2java_api_tgz-pJ8-com_disclinc_netmanager_script_test_ExecTesteNewJ8/src/com/disclinc/netmanager/function/test/MergeFunctionTest.java:92: error: (argument) $$ 4 $$ expected $$ Assert.assertEquals $$ @Initialized @Nullable Object $$ @Initialized @NonNull Object $$ ( 3866, 3903 ) $$ incompatible argument for parameter expected of Assert.assertEquals.
		assertEquals("This subscripts was merged and must be the same", m$.var("b", "2", "1", "2", "1").get(), m$.var("a", "2", "1").get());
		                                                                                                   ^
  found   : @Initialized @Nullable Object
  required: @Initialized @NonNull Object
../original/urla05239b71c_viniciusinnovatium_mumps2java_api_tgz-pJ8-com_disclinc_netmanager_script_test_ExecTesteNewJ8/src/com/disclinc/netmanager/function/test/MergeFunctionTest.java:93: error: (dereference.of.nullable) $$ 1 $$ m$.var("b", "2", "1", "2", "2") $$ ( 4001, 4032 ) $$ dereference of possibly-null reference m$.var("b", "2", "1", "2", "2")
		assertEquals("This subscripts was merged and must be the same", m$.var("b", "2", "1", "2", "2").get(), m$.var("a", "2", "2").get());
		                                                                      ^
../original/urla05239b71c_viniciusinnovatium_mumps2java_api_tgz-pJ8-com_disclinc_netmanager_script_test_ExecTesteNewJ8/src/com/disclinc/netmanager/function/test/MergeFunctionTest.java:93: error: (argument) $$ 4 $$ expected $$ Assert.assertEquals $$ @Initialized @Nullable Object $$ @Initialized @NonNull Object $$ ( 4001, 4038 ) $$ incompatible argument for parameter expected of Assert.assertEquals.
		assertEquals("This subscripts was merged and must be the same", m$.var("b", "2", "1", "2", "2").get(), m$.var("a", "2", "2").get());
		                                                                                                   ^
  found   : @Initialized @Nullable Object
  required: @Initialized @NonNull Object
../original/urla05239b71c_viniciusinnovatium_mumps2java_api_tgz-pJ8-com_disclinc_netmanager_script_test_ExecTesteNewJ8/src/com/disclinc/netmanager/function/test/MergeFunctionTest.java:93: error: (dereference.of.nullable) $$ 1 $$ m$.var("a", "2", "2") $$ ( 4040, 4061 ) $$ dereference of possibly-null reference m$.var("a", "2", "2")
		assertEquals("This subscripts was merged and must be the same", m$.var("b", "2", "1", "2", "2").get(), m$.var("a", "2", "2").get());
		                                                                                                             ^
../original/urla05239b71c_viniciusinnovatium_mumps2java_api_tgz-pJ8-com_disclinc_netmanager_script_test_ExecTesteNewJ8/src/com/disclinc/netmanager/function/test/MergeFunctionTest.java:93: error: (argument) $$ 4 $$ actual $$ Assert.assertEquals $$ @Initialized @Nullable Object $$ @Initialized @NonNull Object $$ ( 4040, 4067 ) $$ incompatible argument for parameter actual of Assert.assertEquals.
		assertEquals("This subscripts was merged and must be the same", m$.var("b", "2", "1", "2", "2").get(), m$.var("a", "2", "2").get());
		                                                                                                                                ^
  found   : @Initialized @Nullable Object
  required: @Initialized @NonNull Object
../original/urla05239b71c_viniciusinnovatium_mumps2java_api_tgz-pJ8-com_disclinc_netmanager_script_test_ExecTesteNewJ8/src/com/disclinc/netmanager/function/test/JustifyFunctionTest.java:18: error: (argument) $$ 4 $$ actual $$ Assert.assertEquals $$ @Initialized @Nullable Object $$ @Initialized @NonNull Object $$ ( 444, 450 ) $$ incompatible argument for parameter actual of Assert.assertEquals.
		assertEquals("Fail on justify with some string", expected, actual);
		                                                           ^
  found   : @Initialized @Nullable Object
  required: @Initialized @NonNull Object
../original/urla05239b71c_viniciusinnovatium_mumps2java_api_tgz-pJ8-com_disclinc_netmanager_script_test_ExecTesteNewJ8/src/com/disclinc/netmanager/function/test/JustifyFunctionTest.java:30: error: (argument) $$ 4 $$ actual $$ Assert.assertEquals $$ @Initialized @Nullable Object $$ @Initialized @NonNull Object $$ ( 721, 727 ) $$ incompatible argument for parameter actual of Assert.assertEquals.
		assertEquals("Fail on justify with some string", expected, actual);
		                                                           ^
  found   : @Initialized @Nullable Object
  required: @Initialized @NonNull Object
../original/urla05239b71c_viniciusinnovatium_mumps2java_api_tgz-pJ8-com_disclinc_netmanager_script_test_ExecTesteNewJ8/src/com/disclinc/netmanager/function/test/JustifyFunctionTest.java:42: error: (argument) $$ 4 $$ actual $$ Assert.assertEquals $$ @Initialized @Nullable Object $$ @Initialized @NonNull Object $$ ( 993, 999 ) $$ incompatible argument for parameter actual of Assert.assertEquals.
		assertEquals("Fail on justify with some string", expected, actual);
		                                                           ^
  found   : @Initialized @Nullable Object
  required: @Initialized @NonNull Object
../original/urla05239b71c_viniciusinnovatium_mumps2java_api_tgz-pJ8-com_disclinc_netmanager_script_test_ExecTesteNewJ8/src/com/disclinc/netmanager/function/test/JustifyFunctionTest.java:54: error: (argument) $$ 4 $$ actual $$ Assert.assertEquals $$ @Initialized @Nullable Object $$ @Initialized @NonNull Object $$ ( 1254, 1260 ) $$ incompatible argument for parameter actual of Assert.assertEquals.
		assertEquals("Fail on justify with some string", expected, actual);
		                                                           ^
  found   : @Initialized @Nullable Object
  required: @Initialized @NonNull Object
../original/urla05239b71c_viniciusinnovatium_mumps2java_api_tgz-pJ8-com_disclinc_netmanager_script_test_ExecTesteNewJ8/src/com/disclinc/netmanager/function/test/JustifyFunctionTest.java:64: error: (argument) $$ 4 $$ expected $$ Assert.assertEquals $$ null (NullType) $$ @Initialized @NonNull Object $$ ( 1477, 1481 ) $$ incompatible argument for parameter expected of Assert.assertEquals.
		assertEquals("Fail on justify with some string", null, actual);
		                                                 ^
  found   : null (NullType)
  required: @Initialized @NonNull Object
../original/urla05239b71c_viniciusinnovatium_mumps2java_api_tgz-pJ8-com_disclinc_netmanager_script_test_ExecTesteNewJ8/src/com/disclinc/netmanager/function/test/JustifyFunctionTest.java:64: error: (argument) $$ 4 $$ actual $$ Assert.assertEquals $$ @Initialized @Nullable Object $$ @Initialized @NonNull Object $$ ( 1483, 1489 ) $$ incompatible argument for parameter actual of Assert.assertEquals.
		assertEquals("Fail on justify with some string", null, actual);
		                                                       ^
  found   : @Initialized @Nullable Object
  required: @Initialized @NonNull Object
../original/urla05239b71c_viniciusinnovatium_mumps2java_api_tgz-pJ8-com_disclinc_netmanager_script_test_ExecTesteNewJ8/src/com/disclinc/netmanager/function/test/JustifyFunctionTest.java:73: error: (argument) $$ 4 $$ actual $$ Assert.assertEquals $$ @Initialized @Nullable Object $$ @Initialized @NonNull Object $$ ( 1756, 1762 ) $$ incompatible argument for parameter actual of Assert.assertEquals.
		assertEquals("Fail on justify with some string", expected, actual);
		                                                           ^
  found   : @Initialized @Nullable Object
  required: @Initialized @NonNull Object
../original/urla05239b71c_viniciusinnovatium_mumps2java_api_tgz-pJ8-com_disclinc_netmanager_script_test_ExecTesteNewJ8/src/com/disclinc/netmanager/function/test/JustifyFunctionTest.java:82: error: (argument) $$ 4 $$ actual $$ Assert.assertEquals $$ @Initialized @Nullable Object $$ @Initialized @NonNull Object $$ ( 2032, 2038 ) $$ incompatible argument for parameter actual of Assert.assertEquals.
		assertEquals("Fail on justify with some string", expected, actual);
		                                                           ^
  found   : @Initialized @Nullable Object
  required: @Initialized @NonNull Object
../original/urla05239b71c_viniciusinnovatium_mumps2java_api_tgz-pJ8-com_disclinc_netmanager_script_test_ExecTesteNewJ8/src/com/disclinc/netmanager/function/test/JustifyFunctionTest.java:91: error: (argument) $$ 4 $$ actual $$ Assert.assertEquals $$ @Initialized @Nullable Object $$ @Initialized @NonNull Object $$ ( 2318, 2324 ) $$ incompatible argument for parameter actual of Assert.assertEquals.
		assertEquals("Fail on justify with some string", expected, actual);
		                                                           ^
  found   : @Initialized @Nullable Object
  required: @Initialized @NonNull Object
../original/urla05239b71c_viniciusinnovatium_mumps2java_api_tgz-pJ8-com_disclinc_netmanager_script_test_ExecTesteNewJ8/src/com/disclinc/netmanager/function/test/JustifyFunctionTest.java:100: error: (argument) $$ 4 $$ actual $$ Assert.assertEquals $$ @Initialized @Nullable Object $$ @Initialized @NonNull Object $$ ( 2623, 2629 ) $$ incompatible argument for parameter actual of Assert.assertEquals.
		assertEquals("Fail on justify with some string", expected, actual);
		                                                           ^
  found   : @Initialized @Nullable Object
  required: @Initialized @NonNull Object
../original/urla05239b71c_viniciusinnovatium_mumps2java_api_tgz-pJ8-com_disclinc_netmanager_script_test_ExecTesteNewJ8/src/com/disclinc/netmanager/function/test/JustifyFunctionTest.java:109: error: (argument) $$ 4 $$ actual $$ Assert.assertEquals $$ @Initialized @Nullable Object $$ @Initialized @NonNull Object $$ ( 2892, 2898 ) $$ incompatible argument for parameter actual of Assert.assertEquals.
		assertEquals("Fail on justify with some string", expected, actual);
		                                                           ^
  found   : @Initialized @Nullable Object
  required: @Initialized @NonNull Object
../original/urla05239b71c_viniciusinnovatium_mumps2java_api_tgz-pJ8-com_disclinc_netmanager_script_test_ExecTesteNewJ8/src/com/disclinc/netmanager/function/test/JustifyFunctionTest.java:118: error: (argument) $$ 4 $$ actual $$ Assert.assertEquals $$ @Initialized @Nullable Object $$ @Initialized @NonNull Object $$ ( 3150, 3156 ) $$ incompatible argument for parameter actual of Assert.assertEquals.
		assertEquals("Fail on justify with some string", expected, actual);
		                                                           ^
  found   : @Initialized @Nullable Object
  required: @Initialized @NonNull Object
../original/urla05239b71c_viniciusinnovatium_mumps2java_api_tgz-pJ8-com_disclinc_netmanager_script_test_ExecTesteNewJ8/src/com/disclinc/netmanager/function/test/SelectFunctionTest.java:33: warning: non-varargs call of varargs method with inexact argument type for last parameter;
		assertEquals("Fail on select a valid condition", null, $select(null));
		                                                               ^
  cast to BooleanObject for a varargs call
  cast to BooleanObject[] for a non-varargs call and to suppress this warning
../original/urla05239b71c_viniciusinnovatium_mumps2java_api_tgz-pJ8-com_disclinc_netmanager_script_test_ExecTesteNewJ8/src/com/disclinc/netmanager/function/test/SelectFunctionTest.java:18: error: (argument) $$ 4 $$ actual $$ Assert.assertEquals $$ @Initialized @Nullable Object $$ @Initialized @NonNull Object $$ ( 551, 594 ) $$ incompatible argument for parameter actual of Assert.assertEquals.
				$select(condition1, condition2, condition3));
				       ^
  found   : @Initialized @Nullable Object
  required: @Initialized @NonNull Object
../original/urla05239b71c_viniciusinnovatium_mumps2java_api_tgz-pJ8-com_disclinc_netmanager_script_test_ExecTesteNewJ8/src/com/disclinc/netmanager/function/test/SelectFunctionTest.java:27: error: (argument) $$ 4 $$ expected $$ Assert.assertEquals $$ null (NullType) $$ @Initialized @NonNull Object $$ ( 923, 927 ) $$ incompatible argument for parameter expected of Assert.assertEquals.
		assertEquals("Fail on select a valid condition", null,
		                                                 ^
  found   : null (NullType)
  required: @Initialized @NonNull Object
../original/urla05239b71c_viniciusinnovatium_mumps2java_api_tgz-pJ8-com_disclinc_netmanager_script_test_ExecTesteNewJ8/src/com/disclinc/netmanager/function/test/SelectFunctionTest.java:28: error: (argument) $$ 4 $$ actual $$ Assert.assertEquals $$ @Initialized @Nullable Object $$ @Initialized @NonNull Object $$ ( 934, 977 ) $$ incompatible argument for parameter actual of Assert.assertEquals.
				$select(condition1, condition2, condition3));
				       ^
  found   : @Initialized @Nullable Object
  required: @Initialized @NonNull Object
../original/urla05239b71c_viniciusinnovatium_mumps2java_api_tgz-pJ8-com_disclinc_netmanager_script_test_ExecTesteNewJ8/src/com/disclinc/netmanager/function/test/SelectFunctionTest.java:33: error: (argument) $$ 4 $$ expected $$ Assert.assertEquals $$ null (NullType) $$ @Initialized @NonNull Object $$ ( 1098, 1102 ) $$ incompatible argument for parameter expected of Assert.assertEquals.
		assertEquals("Fail on select a valid condition", null, $select(null));
		                                                 ^
  found   : null (NullType)
  required: @Initialized @NonNull Object
../original/urla05239b71c_viniciusinnovatium_mumps2java_api_tgz-pJ8-com_disclinc_netmanager_script_test_ExecTesteNewJ8/src/com/disclinc/netmanager/function/test/SelectFunctionTest.java:33: error: (argument) $$ 4 $$ actual $$ Assert.assertEquals $$ @Initialized @Nullable Object $$ @Initialized @NonNull Object $$ ( 1104, 1117 ) $$ incompatible argument for parameter actual of Assert.assertEquals.
		assertEquals("Fail on select a valid condition", null, $select(null));
		                                                              ^
  found   : @Initialized @Nullable Object
  required: @Initialized @NonNull Object
../original/urla05239b71c_viniciusinnovatium_mumps2java_api_tgz-pJ8-com_disclinc_netmanager_script_test_ExecTesteNewJ8/src/com/disclinc/netmanager/function/test/SelectFunctionTest.java:33: error: (argument) $$ 4 $$ conditions $$ mFnc.$select $$ null (NullType) $$ @Initialized @Nullable BooleanObject @Initialized @NonNull [] $$ ( 1112, 1116 ) $$ incompatible argument for parameter conditions of mFnc.$select.
		assertEquals("Fail on select a valid condition", null, $select(null));
		                                                               ^
  found   : null (NullType)
  required: @Initialized @Nullable BooleanObject @Initialized @NonNull []
../original/urla05239b71c_viniciusinnovatium_mumps2java_api_tgz-pJ8-com_disclinc_netmanager_script_test_ExecTesteNewJ8/src/com/disclinc/netmanager/function/test/SelectFunctionTest.java:38: error: (argument) $$ 4 $$ expected $$ Assert.assertEquals $$ null (NullType) $$ @Initialized @NonNull Object $$ ( 1239, 1243 ) $$ incompatible argument for parameter expected of Assert.assertEquals.
		assertEquals("Fail on select a valid condition", null,
		                                                 ^
  found   : null (NullType)
  required: @Initialized @NonNull Object
../original/urla05239b71c_viniciusinnovatium_mumps2java_api_tgz-pJ8-com_disclinc_netmanager_script_test_ExecTesteNewJ8/src/com/disclinc/netmanager/function/test/SelectFunctionTest.java:39: error: (argument) $$ 4 $$ actual $$ Assert.assertEquals $$ @Initialized @Nullable Object $$ @Initialized @NonNull Object $$ ( 1250, 1281 ) $$ incompatible argument for parameter actual of Assert.assertEquals.
				$select(new BooleanObject[] {}));
				       ^
  found   : @Initialized @Nullable Object
  required: @Initialized @NonNull Object
../original/urla05239b71c_viniciusinnovatium_mumps2java_api_tgz-pJ8-com_disclinc_netmanager_script_test_ExecTesteNewJ8/src/com/disclinc/netmanager/function/test/DataFunctionTest.java:15: error: (dereference.of.nullable) $$ 1 $$ m$.var("x") $$ ( 282, 293 ) $$ dereference of possibly-null reference m$.var("x")
		m$.var("x").set(1);
		      ^
../original/urla05239b71c_viniciusinnovatium_mumps2java_api_tgz-pJ8-com_disclinc_netmanager_script_test_ExecTesteNewJ8/src/com/disclinc/netmanager/function/test/DataFunctionTest.java:16: error: (dereference.of.nullable) $$ 1 $$ m$.var("x", "11") $$ ( 304, 321 ) $$ dereference of possibly-null reference m$.var("x", "11")
		m$.var("x", "11").set(null);
		      ^
../original/urla05239b71c_viniciusinnovatium_mumps2java_api_tgz-pJ8-com_disclinc_netmanager_script_test_ExecTesteNewJ8/src/com/disclinc/netmanager/function/test/DataFunctionTest.java:17: error: (dereference.of.nullable) $$ 1 $$ m$.var("x", "12") $$ ( 335, 352 ) $$ dereference of possibly-null reference m$.var("x", "12")
		m$.var("x", "12").set(12);
		      ^
../original/urla05239b71c_viniciusinnovatium_mumps2java_api_tgz-pJ8-com_disclinc_netmanager_script_test_ExecTesteNewJ8/src/com/disclinc/netmanager/function/test/DataFunctionTest.java:18: error: (dereference.of.nullable) $$ 1 $$ m$.var("x", "3") $$ ( 364, 380 ) $$ dereference of possibly-null reference m$.var("x", "3")
		m$.var("x", "3").set(null);
		      ^
../original/urla05239b71c_viniciusinnovatium_mumps2java_api_tgz-pJ8-com_disclinc_netmanager_script_test_ExecTesteNewJ8/src/com/disclinc/netmanager/function/test/DataFunctionTest.java:19: error: (dereference.of.nullable) $$ 1 $$ m$.var("x", "3", "33") $$ ( 394, 416 ) $$ dereference of possibly-null reference m$.var("x", "3", "33")
		m$.var("x", "3", "33").set(33);
		      ^
../original/urla05239b71c_viniciusinnovatium_mumps2java_api_tgz-pJ8-com_disclinc_netmanager_script_test_ExecTesteNewJ8/src/com/disclinc/netmanager/function/test/DataFunctionTest.java:20: error: (dereference.of.nullable) $$ 1 $$ m$.var("x", "4") $$ ( 428, 444 ) $$ dereference of possibly-null reference m$.var("x", "4")
		m$.var("x", "4").set(4);
		      ^
../original/urla05239b71c_viniciusinnovatium_mumps2java_api_tgz-pJ8-com_disclinc_netmanager_script_test_ExecTesteNewJ8/src/com/disclinc/netmanager/function/test/DataFunctionTest.java:21: error: (dereference.of.nullable) $$ 1 $$ m$.var("y") $$ ( 455, 466 ) $$ dereference of possibly-null reference m$.var("y")
		m$.var("y").set(null);
		      ^
../original/urla05239b71c_viniciusinnovatium_mumps2java_api_tgz-pJ8-com_disclinc_netmanager_script_test_ExecTesteNewJ8/src/com/disclinc/netmanager/function/test/CharacterFunctionTest.java:13: error: (argument) $$ 4 $$ actual $$ Assert.assertEquals $$ @Initialized @Nullable Object $$ @Initialized @NonNull Object $$ ( 312, 328 ) $$ incompatible argument for parameter actual of Assert.assertEquals.
		assertEquals("Fail to generate char from a integer", ",", $char(commaCode));
		                                                               ^
  found   : @Initialized @Nullable Object
  required: @Initialized @NonNull Object
../original/urla05239b71c_viniciusinnovatium_mumps2java_api_tgz-pJ8-com_disclinc_netmanager_script_test_ExecTesteNewJ8/src/com/disclinc/netmanager/function/test/CharacterFunctionTest.java:22: error: (argument) $$ 4 $$ actual $$ Assert.assertEquals $$ @Initialized @Nullable Object $$ @Initialized @NonNull Object $$ ( 557, 608 ) $$ incompatible argument for parameter actual of Assert.assertEquals.
		assertEquals("Fail to generate char sequence from a integer sequence", "*+,-", $char(asteriscCode, plusCode, commaCode, minusCode));
		                                                                                    ^
  found   : @Initialized @Nullable Object
  required: @Initialized @NonNull Object
../original/urla05239b71c_viniciusinnovatium_mumps2java_api_tgz-pJ8-com_disclinc_netmanager_script_test_ExecTesteNewJ8/src/com/disclinc/netmanager/function/test/CharacterFunctionTest.java:31: error: (argument) $$ 4 $$ actual $$ Assert.assertEquals $$ @Initialized @Nullable Object $$ @Initialized @NonNull Object $$ ( 845, 885 ) $$ incompatible argument for parameter actual of Assert.assertEquals.
		assertEquals("Fail to generate char sequence avoiding a negative integer", "*,", $char(asteriscCode, plusCode, commaCode));
		                                                                                      ^
  found   : @Initialized @Nullable Object
  required: @Initialized @NonNull Object
../original/urla05239b71c_viniciusinnovatium_mumps2java_api_tgz-pJ8-com_disclinc_netmanager_script_test_ExecTesteNewJ8/src/com/disclinc/netmanager/function/test/CharacterFunctionTest.java:36: error: (argument) $$ 4 $$ expected $$ Assert.assertEquals $$ null (NullType) $$ @Initialized @NonNull Object $$ ( 1010, 1014 ) $$ incompatible argument for parameter expected of Assert.assertEquals.
		assertEquals("Fail to generate char from null integer sequence", null, $char((Object)null));
		                                                                 ^
  found   : null (NullType)
  required: @Initialized @NonNull Object
../original/urla05239b71c_viniciusinnovatium_mumps2java_api_tgz-pJ8-com_disclinc_netmanager_script_test_ExecTesteNewJ8/src/com/disclinc/netmanager/function/test/CharacterFunctionTest.java:36: error: (argument) $$ 4 $$ actual $$ Assert.assertEquals $$ @Initialized @Nullable Object $$ @Initialized @NonNull Object $$ ( 1016, 1035 ) $$ incompatible argument for parameter actual of Assert.assertEquals.
		assertEquals("Fail to generate char from null integer sequence", null, $char((Object)null));
		                                                                            ^
  found   : @Initialized @Nullable Object
  required: @Initialized @NonNull Object
../original/urla05239b71c_viniciusinnovatium_mumps2java_api_tgz-pJ8-com_disclinc_netmanager_script_test_ExecTesteNewJ8/src/com/disclinc/netmanager/function/test/CharacterFunctionTest.java:41: error: (argument) $$ 4 $$ expected $$ Assert.assertEquals $$ null (NullType) $$ @Initialized @NonNull Object $$ ( 1162, 1166 ) $$ incompatible argument for parameter expected of Assert.assertEquals.
		assertEquals("Fail to generate char from empty integer sequence", null, $char(new int[]{}));
		                                                                  ^
  found   : null (NullType)
  required: @Initialized @NonNull Object
../original/urla05239b71c_viniciusinnovatium_mumps2java_api_tgz-pJ8-com_disclinc_netmanager_script_test_ExecTesteNewJ8/src/com/disclinc/netmanager/function/test/CharacterFunctionTest.java:41: error: (argument) $$ 4 $$ actual $$ Assert.assertEquals $$ @Initialized @Nullable Object $$ @Initialized @NonNull Object $$ ( 1168, 1186 ) $$ incompatible argument for parameter actual of Assert.assertEquals.
		assertEquals("Fail to generate char from empty integer sequence", null, $char(new int[]{}));
		                                                                             ^
  found   : @Initialized @Nullable Object
  required: @Initialized @NonNull Object
../original/urla05239b71c_viniciusinnovatium_mumps2java_api_tgz-pJ8-com_disclinc_netmanager_script_test_ExecTesteNewJ8/src/com/disclinc/netmanager/function/test/CharacterFunctionTest.java:46: error: (argument) $$ 4 $$ actual $$ Assert.assertEquals $$ @Initialized @Nullable Object $$ @Initialized @NonNull Object $$ ( 1329, 1344 ) $$ incompatible argument for parameter actual of Assert.assertEquals.
		assertEquals("Fail to generate char from empty integer sequence", "1"+$char(""), $char("49", ""));
		                                                                                      ^
  found   : @Initialized @Nullable Object
  required: @Initialized @NonNull Object
../original/urla05239b71c_viniciusinnovatium_mumps2java_api_tgz-pJ8-com_disclinc_netmanager_script_test_ExecTesteNewJ8/src/com/disclinc/netmanager/function/test/CharacterFunctionTest.java:52: error: (argument) $$ 4 $$ actual $$ Assert.assertEquals $$ @Initialized @Nullable Object $$ @Initialized @NonNull Object $$ ( 1473, 1484 ) $$ incompatible argument for parameter actual of Assert.assertEquals.
		assertEquals("Fail to generate char from empty integer sequence", "A", $char("65"));
		                                                                            ^
  found   : @Initialized @Nullable Object
  required: @Initialized @NonNull Object
error: Invalid format string: "(dereference.of.nullable) $$ 1 $$ m$.var("%varPublica", 1, 56) $$ ( 962, 988 ) $$ dereference of possibly-null reference %s" args: [m$.var("%varPublica", 1, 56)]
  ; The Checker Framework crashed.  Please report the crash.  Version: Checker Framework 3.42.0. 
  Compilation unit: ../original/urla05239b71c_viniciusinnovatium_mumps2java_api_tgz-pJ8-com_disclinc_netmanager_script_test_ExecTesteNewJ8/src/com/disclinc/netmanager/script/test/TesteNew.java
  Last visited tree at line 26 column 3:
    m$.var("%varPublica",1,56).set("eis o meu valor!");
  Exception: java.util.UnknownFormatConversionException: Conversion = 'v'; java.util.UnknownFormatConversionException: Conversion = 'v'
  	at java.base/java.util.Formatter$FormatSpecifier.conversion(Formatter.java:2839)
  	at java.base/java.util.Formatter$FormatSpecifier.<init>(Formatter.java:2865)
  	at java.base/java.util.Formatter.parse(Formatter.java:2713)
  	at java.base/java.util.Formatter.format(Formatter.java:2655)
  	at java.base/java.util.Formatter.format(Formatter.java:2609)
  	at java.base/java.lang.String.format(String.java:2897)
  	at org.checkerframework.framework.source.SourceChecker.report(SourceChecker.java:1165)
  	at org.checkerframework.framework.source.SourceChecker.reportError(SourceChecker.java:1080)
  	at org.checkerframework.checker.nullness.NullnessVisitor.checkForNullability(NullnessVisitor.java:643)
  	at org.checkerframework.checker.nullness.NullnessVisitor.checkForNullability(NullnessVisitor.java:629)
  	at org.checkerframework.checker.nullness.NullnessVisitor.visitMemberSelect(NullnessVisitor.java:268)
  	at org.checkerframework.checker.nullness.NullnessVisitor.visitMemberSelect(NullnessVisitor.java:70)
  	at jdk.compiler/com.sun.tools.javac.tree.JCTree$JCFieldAccess.accept(JCTree.java:2138)
  	at jdk.compiler/com.sun.source.util.TreePathScanner.scan(TreePathScanner.java:82)
  	at org.checkerframework.framework.source.SourceVisitor.scan(SourceVisitor.java:92)
  	at org.checkerframework.common.basetype.BaseTypeVisitor.scan(BaseTypeVisitor.java:410)
  	at org.checkerframework.common.basetype.BaseTypeVisitor.visitMethodInvocation(BaseTypeVisitor.java:1848)
  	at org.checkerframework.checker.nullness.NullnessVisitor.visitMethodInvocation(NullnessVisitor.java:555)
  	at org.checkerframework.checker.nullness.NullnessVisitor.visitMethodInvocation(NullnessVisitor.java:70)
  	at jdk.compiler/com.sun.tools.javac.tree.JCTree$JCMethodInvocation.accept(JCTree.java:1666)
  	at jdk.compiler/com.sun.source.util.TreePathScanner.scan(TreePathScanner.java:82)
  	at org.checkerframework.framework.source.SourceVisitor.scan(SourceVisitor.java:92)
  	at org.checkerframework.common.basetype.BaseTypeVisitor.scan(BaseTypeVisitor.java:410)
  	at org.checkerframework.common.basetype.BaseTypeVisitor.scan(BaseTypeVisitor.java:187)
  	at jdk.compiler/com.sun.source.util.TreeScanner.visitExpressionStatement(TreeScanner.java:433)
  	at jdk.compiler/com.sun.tools.javac.tree.JCTree$JCExpressionStatement.accept(JCTree.java:1476)
  	at jdk.compiler/com.sun.source.util.TreePathScanner.scan(TreePathScanner.java:82)
  	at org.checkerframework.framework.source.SourceVisitor.scan(SourceVisitor.java:92)
  	at org.checkerframework.common.basetype.BaseTypeVisitor.scan(BaseTypeVisitor.java:410)
  	at org.checkerframework.common.basetype.BaseTypeVisitor.scan(BaseTypeVisitor.java:187)
  	at jdk.compiler/com.sun.source.util.TreeScanner.scanAndReduce(TreeScanner.java:90)
  	at jdk.compiler/com.sun.source.util.TreeScanner.scan(TreeScanner.java:105)
  	at jdk.compiler/com.sun.source.util.TreeScanner.visitBlock(TreeScanner.java:248)
  	at jdk.compiler/com.sun.tools.javac.tree.JCTree$JCBlock.accept(JCTree.java:1048)
  	at jdk.compiler/com.sun.source.util.TreePathScanner.scan(TreePathScanner.java:82)
  	at org.checkerframework.framework.source.SourceVisitor.scan(SourceVisitor.java:92)
  	at org.checkerframework.common.basetype.BaseTypeVisitor.scan(BaseTypeVisitor.java:410)
  	at org.checkerframework.common.basetype.BaseTypeVisitor.scan(BaseTypeVisitor.java:187)
  	at jdk.compiler/com.sun.source.util.TreeScanner.scanAndReduce(TreeScanner.java:90)
  	at jdk.compiler/com.sun.source.util.TreeScanner.visitMethod(TreeScanner.java:206)
  	at org.checkerframework.framework.source.SourceVisitor.visitMethod(SourceVisitor.java:110)
  	at org.checkerframework.common.basetype.BaseTypeVisitor.visitMethod(BaseTypeVisitor.java:1048)
  	at org.checkerframework.checker.initialization.InitializationVisitor.visitMethod(InitializationVisitor.java:293)
  	at org.checkerframework.checker.nullness.NullnessVisitor.visitMethod(NullnessVisitor.java:537)
  	at org.checkerframework.checker.nullness.NullnessVisitor.visitMethod(NullnessVisitor.java:70)
  	at jdk.compiler/com.sun.tools.javac.tree.JCTree$JCMethodDecl.accept(JCTree.java:898)
  	at jdk.compiler/com.sun.source.util.TreePathScanner.scan(TreePathScanner.java:82)
  	at org.checkerframework.framework.source.SourceVisitor.scan(SourceVisitor.java:92)
  	at org.checkerframework.common.basetype.BaseTypeVisitor.scan(BaseTypeVisitor.java:410)
  	at org.checkerframework.common.basetype.BaseTypeVisitor.scan(BaseTypeVisitor.java:187)
  	at jdk.compiler/com.sun.source.util.TreeScanner.scanAndReduce(TreeScanner.java:90)
  	at jdk.compiler/com.sun.source.util.TreeScanner.scan(TreeScanner.java:105)
  	at jdk.compiler/com.sun.source.util.TreeScanner.scanAndReduce(TreeScanner.java:113)
  	at jdk.compiler/com.sun.source.util.TreeScanner.visitClass(TreeScanner.java:187)
  	at org.checkerframework.framework.source.SourceVisitor.visitClass(SourceVisitor.java:98)
  	at org.checkerframework.common.basetype.BaseTypeVisitor.processClassTree(BaseTypeVisitor.java:617)
  	at org.checkerframework.checker.initialization.InitializationVisitor.processClassTree(InitializationVisitor.java:246)
  	at org.checkerframework.checker.nullness.NullnessVisitor.processClassTree(NullnessVisitor.java:601)
  	at org.checkerframework.common.basetype.BaseTypeVisitor.visitClass(BaseTypeVisitor.java:563)
  	at org.checkerframework.common.basetype.BaseTypeVisitor.visitClass(BaseTypeVisitor.java:187)
  	at jdk.compiler/com.sun.tools.javac.tree.JCTree$JCClassDecl.accept(JCTree.java:808)
  	at jdk.compiler/com.sun.source.util.TreePathScanner.scan(TreePathScanner.java:56)
  	at org.checkerframework.framework.source.SourceVisitor.visit(SourceVisitor.java:86)
  	at org.checkerframework.framework.source.SourceChecker.typeProcess(SourceChecker.java:1050)
  	at org.checkerframework.common.basetype.BaseTypeChecker.typeProcess(BaseTypeChecker.java:558)
  	at org.checkerframework.javacutil.AbstractTypeProcessor$AttributionTaskListener.finished(AbstractTypeProcessor.java:188)
  	at jdk.compiler/com.sun.tools.javac.api.ClientCodeWrapper$WrappedTaskListener.finished(ClientCodeWrapper.java:828)
  	at jdk.compiler/com.sun.tools.javac.api.MultiTaskListener.finished(MultiTaskListener.java:132)
  	at jdk.compiler/com.sun.tools.javac.main.JavaCompiler.flow(JavaCompiler.java:1417)
  	at jdk.compiler/com.sun.tools.javac.main.JavaCompiler.flow(JavaCompiler.java:1374)
  	at jdk.compiler/com.sun.tools.javac.main.JavaCompiler.compile(JavaCompiler.java:973)
  	at jdk.compiler/com.sun.tools.javac.main.Main.compile(Main.java:311)
  	at jdk.compiler/com.sun.tools.javac.main.Main.compile(Main.java:170)
  	at jdk.compiler/com.sun.tools.javac.Main.compile(Main.java:57)
  	at jdk.compiler/com.sun.tools.javac.Main.main(Main.java:43)
../original/urla05239b71c_viniciusinnovatium_mumps2java_api_tgz-pJ8-com_disclinc_netmanager_script_test_ExecTesteNewJ8/src/com/disclinc/netmanager/script/test/TesteNew.java:18: error: (dereference.of.nullable) $$ 1 $$ m$ $$ ( 633, 635 ) $$ dereference of possibly-null reference m$
  mVar locVar = m$.var("locVar");
                ^
../original/urla05239b71c_viniciusinnovatium_mumps2java_api_tgz-pJ8-com_disclinc_netmanager_script_test_ExecTesteNewJ8/src/com/disclinc/netmanager/script/test/TesteNew.java:19: error: (dereference.of.nullable) $$ 1 $$ locVar $$ ( 653, 659 ) $$ dereference of possibly-null reference locVar
  locVar.set("1.0");
  ^
../original/urla05239b71c_viniciusinnovatium_mumps2java_api_tgz-pJ8-com_disclinc_netmanager_script_test_ExecTesteNewJ8/src/com/disclinc/netmanager/script/test/TesteNew.java:22: error: (dereference.of.nullable) $$ 1 $$ vetorLocal $$ ( 765, 775 ) $$ dereference of possibly-null reference vetorLocal
  vetorLocal.var("xpto",34,"A").set("xpto~34~A");
  ^
../original/urla05239b71c_viniciusinnovatium_mumps2java_api_tgz-pJ8-com_disclinc_netmanager_script_test_ExecTesteNewJ8/src/com/disclinc/netmanager/mParameter/test/mParameterGet.java:16: error: (dereference.of.nullable) $$ 1 $$ m$.param(t, "p_LOGINSUBMIT") $$ ( 462, 489 ) $$ dereference of possibly-null reference m$.param(t, "p_LOGINSUBMIT")
		assertEquals(m$.param(t,"p_LOGINSUBMIT").get(), "COMUserPreferences.cls");
		                     ^
../original/urla05239b71c_viniciusinnovatium_mumps2java_api_tgz-pJ8-com_disclinc_netmanager_script_test_ExecTesteNewJ8/src/com/disclinc/netmanager/mParameter/test/mParameterGet.java:16: error: (argument) $$ 4 $$ expected $$ Assert.assertEquals $$ @Initialized @Nullable Object $$ @Initialized @NonNull Object $$ ( 462, 495 ) $$ incompatible argument for parameter expected of Assert.assertEquals.
		assertEquals(m$.param(t,"p_LOGINSUBMIT").get(), "COMUserPreferences.cls");
		                                            ^
  found   : @Initialized @Nullable Object
  required: @Initialized @NonNull Object
../original/urla05239b71c_viniciusinnovatium_mumps2java_api_tgz-pJ8-com_disclinc_netmanager_script_test_ExecTesteNewJ8/src/com/disclinc/netmanager/variable/test/VariableThroughReferenceOrValueTest.java:17: error: (dereference.of.nullable) $$ 1 $$ m$.var("pedido") $$ ( 387, 403 ) $$ dereference of possibly-null reference m$.var("pedido")
		m$.var("pedido").set(55);
		      ^
../original/urla05239b71c_viniciusinnovatium_mumps2java_api_tgz-pJ8-com_disclinc_netmanager_script_test_ExecTesteNewJ8/src/com/disclinc/netmanager/variable/test/VariableThroughReferenceOrValueTest.java:22: error: (dereference.of.nullable) $$ 1 $$ m$ $$ ( 492, 494 ) $$ dereference of possibly-null reference m$
		mVar var = m$.var("pedido");
		           ^
../original/urla05239b71c_viniciusinnovatium_mumps2java_api_tgz-pJ8-com_disclinc_netmanager_script_test_ExecTesteNewJ8/src/com/disclinc/netmanager/variable/test/VariableThroughReferenceOrValueTest.java:26: error: (argument) $$ 4 $$ expected $$ Assert.assertEquals $$ @Initialized @Nullable mVar $$ @Initialized @NonNull Object $$ ( 677, 680 ) $$ incompatible argument for parameter expected of Assert.assertEquals.
				var, other);
				^
  found   : @Initialized @Nullable mVar
  required: @Initialized @NonNull Object
../original/urla05239b71c_viniciusinnovatium_mumps2java_api_tgz-pJ8-com_disclinc_netmanager_script_test_ExecTesteNewJ8/src/com/disclinc/netmanager/variable/test/VariableThroughReferenceOrValueTest.java:26: error: (argument) $$ 4 $$ actual $$ Assert.assertEquals $$ @Initialized @Nullable mVar $$ @Initialized @NonNull Object $$ ( 682, 687 ) $$ incompatible argument for parameter actual of Assert.assertEquals.
				var, other);
				     ^
  found   : @Initialized @Nullable mVar
  required: @Initialized @NonNull Object
../original/urla05239b71c_viniciusinnovatium_mumps2java_api_tgz-pJ8-com_disclinc_netmanager_script_test_ExecTesteNewJ8/src/com/disclinc/netmanager/variable/test/VariableThroughReferenceOrValueTest.java:30: error: (dereference.of.nullable) $$ 1 $$ x $$ ( 921, 922 ) $$ dereference of possibly-null reference x
		assertEquals("The value setted does not matchs", "p1", x.get());
		                                                       ^
../original/urla05239b71c_viniciusinnovatium_mumps2java_api_tgz-pJ8-com_disclinc_netmanager_script_test_ExecTesteNewJ8/src/com/disclinc/netmanager/variable/test/VariableThroughReferenceOrValueTest.java:30: error: (argument) $$ 4 $$ actual $$ Assert.assertEquals $$ @Initialized @Nullable Object $$ @Initialized @NonNull Object $$ ( 921, 928 ) $$ incompatible argument for parameter actual of Assert.assertEquals.
		assertEquals("The value setted does not matchs", "p1", x.get());
		                                                            ^
  found   : @Initialized @Nullable Object
  required: @Initialized @NonNull Object
../original/urla05239b71c_viniciusinnovatium_mumps2java_api_tgz-pJ8-com_disclinc_netmanager_script_test_ExecTesteNewJ8/src/com/disclinc/netmanager/variable/test/VariableThroughReferenceOrValueTest.java:33: error: (dereference.of.nullable) $$ 1 $$ y $$ ( 1059, 1060 ) $$ dereference of possibly-null reference y
		assertEquals("The default value setted does not matchs", "default1", y.get());
		                                                                     ^
../original/urla05239b71c_viniciusinnovatium_mumps2java_api_tgz-pJ8-com_disclinc_netmanager_script_test_ExecTesteNewJ8/src/com/disclinc/netmanager/variable/test/VariableThroughReferenceOrValueTest.java:33: error: (argument) $$ 4 $$ actual $$ Assert.assertEquals $$ @Initialized @Nullable Object $$ @Initialized @NonNull Object $$ ( 1059, 1066 ) $$ incompatible argument for parameter actual of Assert.assertEquals.
		assertEquals("The default value setted does not matchs", "default1", y.get());
		                                                                          ^
  found   : @Initialized @Nullable Object
  required: @Initialized @NonNull Object
../original/urla05239b71c_viniciusinnovatium_mumps2java_api_tgz-pJ8-com_disclinc_netmanager_script_test_ExecTesteNewJ8/src/com/disclinc/netmanager/variable/test/VariableThroughReferenceOrValueTest.java:36: error: (argument) $$ 4 $$ expected $$ Assert.assertEquals $$ null (NullType) $$ @Initialized @NonNull Object $$ ( 1172, 1176 ) $$ incompatible argument for parameter expected of Assert.assertEquals.
		assertEquals("The null value setted does not matchs", null, y.get());
		                                                      ^
  found   : null (NullType)
  required: @Initialized @NonNull Object
../original/urla05239b71c_viniciusinnovatium_mumps2java_api_tgz-pJ8-com_disclinc_netmanager_script_test_ExecTesteNewJ8/src/com/disclinc/netmanager/variable/test/VariableThroughReferenceOrValueTest.java:36: error: (dereference.of.nullable) $$ 1 $$ y $$ ( 1178, 1179 ) $$ dereference of possibly-null reference y
		assertEquals("The null value setted does not matchs", null, y.get());
		                                                            ^
../original/urla05239b71c_viniciusinnovatium_mumps2java_api_tgz-pJ8-com_disclinc_netmanager_script_test_ExecTesteNewJ8/src/com/disclinc/netmanager/variable/test/VariableThroughReferenceOrValueTest.java:36: error: (argument) $$ 4 $$ actual $$ Assert.assertEquals $$ @Initialized @Nullable Object $$ @Initialized @NonNull Object $$ ( 1178, 1185 ) $$ incompatible argument for parameter actual of Assert.assertEquals.
		assertEquals("The null value setted does not matchs", null, y.get());
		                                                                 ^
  found   : @Initialized @Nullable Object
  required: @Initialized @NonNull Object
../original/urla05239b71c_viniciusinnovatium_mumps2java_api_tgz-pJ8-com_disclinc_netmanager_script_test_ExecTesteNewJ8/src/com/disclinc/netmanager/variable/test/VariableThroughReferenceOrValueTest.java:41: error: (dereference.of.nullable) $$ 1 $$ m$ $$ ( 1291, 1293 ) $$ dereference of possibly-null reference m$
		mVar var = m$.var("pedido");
		           ^
../original/urla05239b71c_viniciusinnovatium_mumps2java_api_tgz-pJ8-com_disclinc_netmanager_script_test_ExecTesteNewJ8/src/com/disclinc/netmanager/variable/test/VariableThroughReferenceOrValueTest.java:42: error: (dereference.of.nullable) $$ 1 $$ var $$ ( 1312, 1315 ) $$ dereference of possibly-null reference var
		var.set(55);
		^
../original/urla05239b71c_viniciusinnovatium_mumps2java_api_tgz-pJ8-com_disclinc_netmanager_script_test_ExecTesteNewJ8/src/com/disclinc/netmanager/variable/test/VariableThroughReferenceOrValueTest.java:48: error: (dereference.of.nullable) $$ 1 $$ other $$ ( 1597, 1602 ) $$ dereference of possibly-null reference other
				"novo", other.get());
				        ^
../original/urla05239b71c_viniciusinnovatium_mumps2java_api_tgz-pJ8-com_disclinc_netmanager_script_test_ExecTesteNewJ8/src/com/disclinc/netmanager/variable/test/VariableThroughReferenceOrValueTest.java:48: error: (argument) $$ 4 $$ actual $$ Assert.assertEquals $$ @Initialized @Nullable Object $$ @Initialized @NonNull Object $$ ( 1597, 1608 ) $$ incompatible argument for parameter actual of Assert.assertEquals.
				"novo", other.get());
				                 ^
  found   : @Initialized @Nullable Object
  required: @Initialized @NonNull Object
../original/urla05239b71c_viniciusinnovatium_mumps2java_api_tgz-pJ8-com_disclinc_netmanager_script_test_ExecTesteNewJ8/src/com/disclinc/netmanager/variable/test/VariableThroughReferenceOrValueTest.java:59: error: (dereference.of.nullable) $$ 1 $$ m$ $$ ( 1940, 1942 ) $$ dereference of possibly-null reference m$
		mVar var = m$.var("pedido");
		           ^
../original/urla05239b71c_viniciusinnovatium_mumps2java_api_tgz-pJ8-com_disclinc_netmanager_script_test_ExecTesteNewJ8/src/com/disclinc/netmanager/variable/test/VariableThroughReferenceOrValueTest.java:63: error: (dereference.of.nullable) $$ 1 $$ var $$ ( 2128, 2131 ) $$ dereference of possibly-null reference var
				var.get(), other.get());
				^
../original/urla05239b71c_viniciusinnovatium_mumps2java_api_tgz-pJ8-com_disclinc_netmanager_script_test_ExecTesteNewJ8/src/com/disclinc/netmanager/variable/test/VariableThroughReferenceOrValueTest.java:63: error: (argument) $$ 4 $$ expected $$ Assert.assertEquals $$ @Initialized @Nullable Object $$ @Initialized @NonNull Object $$ ( 2128, 2137 ) $$ incompatible argument for parameter expected of Assert.assertEquals.
				var.get(), other.get());
				       ^
  found   : @Initialized @Nullable Object
  required: @Initialized @NonNull Object
../original/urla05239b71c_viniciusinnovatium_mumps2java_api_tgz-pJ8-com_disclinc_netmanager_script_test_ExecTesteNewJ8/src/com/disclinc/netmanager/variable/test/VariableThroughReferenceOrValueTest.java:63: error: (dereference.of.nullable) $$ 1 $$ other $$ ( 2139, 2144 ) $$ dereference of possibly-null reference other
				var.get(), other.get());
				           ^
../original/urla05239b71c_viniciusinnovatium_mumps2java_api_tgz-pJ8-com_disclinc_netmanager_script_test_ExecTesteNewJ8/src/com/disclinc/netmanager/variable/test/VariableThroughReferenceOrValueTest.java:63: error: (argument) $$ 4 $$ actual $$ Assert.assertEquals $$ @Initialized @Nullable Object $$ @Initialized @NonNull Object $$ ( 2139, 2150 ) $$ incompatible argument for parameter actual of Assert.assertEquals.
				var.get(), other.get());
				                    ^
  found   : @Initialized @Nullable Object
  required: @Initialized @NonNull Object
../original/urla05239b71c_viniciusinnovatium_mumps2java_api_tgz-pJ8-com_disclinc_netmanager_script_test_ExecTesteNewJ8/src/com/disclinc/netmanager/variable/test/TreeTest.java:27: error: (dereference.of.nullable) $$ 1 $$ tree $$ ( 730, 734 ) $$ dereference of possibly-null reference tree
		assertEquals(65, tree.get(new Object[] { "carro" }));
		                 ^
../original/urla05239b71c_viniciusinnovatium_mumps2java_api_tgz-pJ8-com_disclinc_netmanager_script_test_ExecTesteNewJ8/src/com/disclinc/netmanager/variable/test/TreeTest.java:27: error: (argument) $$ 4 $$ actual $$ Assert.assertEquals $$ @Initialized @Nullable Object $$ @Initialized @NonNull Object $$ ( 730, 764 ) $$ incompatible argument for parameter actual of Assert.assertEquals.
		assertEquals(65, tree.get(new Object[] { "carro" }));
		                         ^
  found   : @Initialized @Nullable Object
  required: @Initialized @NonNull Object
../original/urla05239b71c_viniciusinnovatium_mumps2java_api_tgz-pJ8-com_disclinc_netmanager_script_test_ExecTesteNewJ8/src/com/disclinc/netmanager/variable/test/TreeTest.java:28: error: (argument) $$ 4 $$ actual $$ Assert.assertEquals $$ @Initialized @Nullable Object $$ @Initialized @NonNull Object $$ ( 787, 834 ) $$ incompatible argument for parameter actual of Assert.assertEquals.
		assertEquals(99, tree.get(new Object[] { "carro", "esportivo" }));
		                         ^
  found   : @Initialized @Nullable Object
  required: @Initialized @NonNull Object
../original/urla05239b71c_viniciusinnovatium_mumps2java_api_tgz-pJ8-com_disclinc_netmanager_script_test_ExecTesteNewJ8/src/com/disclinc/netmanager/variable/test/TreeTest.java:30: error: (argument) $$ 4 $$ actual $$ Assert.assertEquals $$ @Initialized @Nullable Object $$ @Initialized @NonNull Object $$ ( 862, 920 ) $$ incompatible argument for parameter actual of Assert.assertEquals.
				tree.get(new Object[] { "carro", "esportivo", "amarelo" }));
				        ^
  found   : @Initialized @Nullable Object
  required: @Initialized @NonNull Object
../original/urla05239b71c_viniciusinnovatium_mumps2java_api_tgz-pJ8-com_disclinc_netmanager_script_test_ExecTesteNewJ8/src/com/disclinc/netmanager/variable/test/TreeTest.java:37: error: (dereference.of.nullable) $$ 1 $$ tree $$ ( 981, 985 ) $$ dereference of possibly-null reference tree
		tree.kill("carro");
		^
../original/urla05239b71c_viniciusinnovatium_mumps2java_api_tgz-pJ8-com_disclinc_netmanager_script_test_ExecTesteNewJ8/src/com/disclinc/netmanager/variable/test/TreeTest.java:38: error: (argument) $$ 4 $$ expected $$ Assert.assertEquals $$ null (NullType) $$ @Initialized @NonNull Object $$ ( 1083, 1087 ) $$ incompatible argument for parameter expected of Assert.assertEquals.
		assertEquals("The node should not be into the tree after killing node method", null, tree.get("carro"));
		                                                                               ^
  found   : null (NullType)
  required: @Initialized @NonNull Object
../original/urla05239b71c_viniciusinnovatium_mumps2java_api_tgz-pJ8-com_disclinc_netmanager_script_test_ExecTesteNewJ8/src/com/disclinc/netmanager/variable/test/TreeTest.java:38: error: (argument) $$ 4 $$ actual $$ Assert.assertEquals $$ @Initialized @Nullable Object $$ @Initialized @NonNull Object $$ ( 1089, 1106 ) $$ incompatible argument for parameter actual of Assert.assertEquals.
		assertEquals("The node should not be into the tree after killing node method", null, tree.get("carro"));
		                                                                                             ^
  found   : @Initialized @Nullable Object
  required: @Initialized @NonNull Object
../original/urla05239b71c_viniciusinnovatium_mumps2java_api_tgz-pJ8-com_disclinc_netmanager_script_test_ExecTesteNewJ8/src/com/disclinc/netmanager/variable/test/TreeTest.java:39: error: (argument) $$ 4 $$ expected $$ Assert.assertEquals $$ null (NullType) $$ @Initialized @NonNull Object $$ ( 1191, 1195 ) $$ incompatible argument for parameter expected of Assert.assertEquals.
		assertEquals("The node should not be into the tree after killing node method", null, tree.get("carro", "esportivo"));
		                                                                               ^
  found   : null (NullType)
  required: @Initialized @NonNull Object
../original/urla05239b71c_viniciusinnovatium_mumps2java_api_tgz-pJ8-com_disclinc_netmanager_script_test_ExecTesteNewJ8/src/com/disclinc/netmanager/variable/test/TreeTest.java:39: error: (argument) $$ 4 $$ actual $$ Assert.assertEquals $$ @Initialized @Nullable Object $$ @Initialized @NonNull Object $$ ( 1197, 1227 ) $$ incompatible argument for parameter actual of Assert.assertEquals.
		assertEquals("The node should not be into the tree after killing node method", null, tree.get("carro", "esportivo"));
		                                                                                             ^
  found   : @Initialized @Nullable Object
  required: @Initialized @NonNull Object
../original/urla05239b71c_viniciusinnovatium_mumps2java_api_tgz-pJ8-com_disclinc_netmanager_script_test_ExecTesteNewJ8/src/com/disclinc/netmanager/variable/test/TreeTest.java:40: error: (argument) $$ 4 $$ expected $$ Assert.assertEquals $$ null (NullType) $$ @Initialized @NonNull Object $$ ( 1312, 1316 ) $$ incompatible argument for parameter expected of Assert.assertEquals.
		assertEquals("The node should not be into the tree after killing node method", null, tree.get("carro", "esportivo", "amarelo"));
		                                                                               ^
  found   : null (NullType)
  required: @Initialized @NonNull Object
../original/urla05239b71c_viniciusinnovatium_mumps2java_api_tgz-pJ8-com_disclinc_netmanager_script_test_ExecTesteNewJ8/src/com/disclinc/netmanager/variable/test/TreeTest.java:40: error: (argument) $$ 4 $$ actual $$ Assert.assertEquals $$ @Initialized @Nullable Object $$ @Initialized @NonNull Object $$ ( 1318, 1359 ) $$ incompatible argument for parameter actual of Assert.assertEquals.
		assertEquals("The node should not be into the tree after killing node method", null, tree.get("carro", "esportivo", "amarelo"));
		                                                                                             ^
  found   : @Initialized @Nullable Object
  required: @Initialized @NonNull Object
../original/urla05239b71c_viniciusinnovatium_mumps2java_api_tgz-pJ8-com_disclinc_netmanager_script_test_ExecTesteNewJ8/src/com/disclinc/netmanager/variable/test/TreeTest.java:41: error: (argument) $$ 4 $$ actual $$ Assert.assertEquals $$ @Initialized @Nullable Object $$ @Initialized @NonNull Object $$ ( 1459, 1479 ) $$ incompatible argument for parameter actual of Assert.assertEquals.
		assertEquals("The node should be into the tree because he was not removed from the tree", 66, tree.get("contrato"));
		                                                                                                      ^
  found   : @Initialized @Nullable Object
  required: @Initialized @NonNull Object
../original/urla05239b71c_viniciusinnovatium_mumps2java_api_tgz-pJ8-com_disclinc_netmanager_script_test_ExecTesteNewJ8/src/com/disclinc/netmanager/variable/test/TreeTest.java:42: error: (argument) $$ 4 $$ actual $$ Assert.assertEquals $$ @Initialized @Nullable Object $$ @Initialized @NonNull Object $$ ( 1580, 1614 ) $$ incompatible argument for parameter actual of Assert.assertEquals.
		assertEquals("The node should be into the tree because he was not removed from the tree", 123, tree.get("contrato", "transporte"));
		                                                                                                       ^
  found   : @Initialized @Nullable Object
  required: @Initialized @NonNull Object
../original/urla05239b71c_viniciusinnovatium_mumps2java_api_tgz-pJ8-com_disclinc_netmanager_script_test_ExecTesteNewJ8/src/com/disclinc/netmanager/variable/test/TreeTest.java:43: error: (argument) $$ 4 $$ actual $$ Assert.assertEquals $$ @Initialized @Nullable Object $$ @Initialized @NonNull Object $$ ( 1714, 1759 ) $$ incompatible argument for parameter actual of Assert.assertEquals.
		assertEquals("The node should be into the tree because he was not removed from the tree", 88, tree.get("contrato", "transporte", "publico"));
		                                                                                                      ^
  found   : @Initialized @Nullable Object
  required: @Initialized @NonNull Object
error: Invalid format string: "(dereference.of.nullable) $$ 1 $$ m$.var("%x") $$ ( 902, 914 ) $$ dereference of possibly-null reference %s" args: [m$.var("%x")]
  ; The Checker Framework crashed.  Please report the crash.  Version: Checker Framework 3.42.0. 
  Compilation unit: ../original/urla05239b71c_viniciusinnovatium_mumps2java_api_tgz-pJ8-com_disclinc_netmanager_script_test_ExecTesteNewJ8/src/com/disclinc/netmanager/variable/test/MContextUsingInMemoryAccessTest.java
  Last visited tree at line 41 column 17:
  		m$.var("%x").set("publica");
  Exception: java.util.IllegalFormatConversionException: x != com.sun.tools.javac.tree.JCTree$JCMethodInvocation; java.util.IllegalFormatConversionException: x != com.sun.tools.javac.tree.JCTree$JCMethodInvocation
  	at java.base/java.util.Formatter$FormatSpecifier.failConversion(Formatter.java:4426)
  	at java.base/java.util.Formatter$FormatSpecifier.printInteger(Formatter.java:2938)
  	at java.base/java.util.Formatter$FormatSpecifier.print(Formatter.java:2892)
  	at java.base/java.util.Formatter.format(Formatter.java:2673)
  	at java.base/java.util.Formatter.format(Formatter.java:2609)
  	at java.base/java.lang.String.format(String.java:2897)
  	at org.checkerframework.framework.source.SourceChecker.report(SourceChecker.java:1165)
  	at org.checkerframework.framework.source.SourceChecker.reportError(SourceChecker.java:1080)
  	at org.checkerframework.checker.nullness.NullnessVisitor.checkForNullability(NullnessVisitor.java:643)
  	at org.checkerframework.checker.nullness.NullnessVisitor.checkForNullability(NullnessVisitor.java:629)
  	at org.checkerframework.checker.nullness.NullnessVisitor.visitMemberSelect(NullnessVisitor.java:268)
  	at org.checkerframework.checker.nullness.NullnessVisitor.visitMemberSelect(NullnessVisitor.java:70)
  	at jdk.compiler/com.sun.tools.javac.tree.JCTree$JCFieldAccess.accept(JCTree.java:2138)
  	at jdk.compiler/com.sun.source.util.TreePathScanner.scan(TreePathScanner.java:82)
  	at org.checkerframework.framework.source.SourceVisitor.scan(SourceVisitor.java:92)
  	at org.checkerframework.common.basetype.BaseTypeVisitor.scan(BaseTypeVisitor.java:410)
  	at org.checkerframework.common.basetype.BaseTypeVisitor.visitMethodInvocation(BaseTypeVisitor.java:1848)
  	at org.checkerframework.checker.nullness.NullnessVisitor.visitMethodInvocation(NullnessVisitor.java:555)
  	at org.checkerframework.checker.nullness.NullnessVisitor.visitMethodInvocation(NullnessVisitor.java:70)
  	at jdk.compiler/com.sun.tools.javac.tree.JCTree$JCMethodInvocation.accept(JCTree.java:1666)
  	at jdk.compiler/com.sun.source.util.TreePathScanner.scan(TreePathScanner.java:82)
  	at org.checkerframework.framework.source.SourceVisitor.scan(SourceVisitor.java:92)
  	at org.checkerframework.common.basetype.BaseTypeVisitor.scan(BaseTypeVisitor.java:410)
  	at org.checkerframework.common.basetype.BaseTypeVisitor.scan(BaseTypeVisitor.java:187)
  	at jdk.compiler/com.sun.source.util.TreeScanner.visitExpressionStatement(TreeScanner.java:433)
  	at jdk.compiler/com.sun.tools.javac.tree.JCTree$JCExpressionStatement.accept(JCTree.java:1476)
  	at jdk.compiler/com.sun.source.util.TreePathScanner.scan(TreePathScanner.java:82)
  	at org.checkerframework.framework.source.SourceVisitor.scan(SourceVisitor.java:92)
  	at org.checkerframework.common.basetype.BaseTypeVisitor.scan(BaseTypeVisitor.java:410)
  	at org.checkerframework.common.basetype.BaseTypeVisitor.scan(BaseTypeVisitor.java:187)
  	at jdk.compiler/com.sun.source.util.TreeScanner.scan(TreeScanner.java:105)
  	at jdk.compiler/com.sun.source.util.TreeScanner.visitBlock(TreeScanner.java:248)
  	at jdk.compiler/com.sun.tools.javac.tree.JCTree$JCBlock.accept(JCTree.java:1048)
  	at jdk.compiler/com.sun.source.util.TreePathScanner.scan(TreePathScanner.java:82)
  	at org.checkerframework.framework.source.SourceVisitor.scan(SourceVisitor.java:92)
  	at org.checkerframework.common.basetype.BaseTypeVisitor.scan(BaseTypeVisitor.java:410)
  	at org.checkerframework.common.basetype.BaseTypeVisitor.scan(BaseTypeVisitor.java:187)
  	at jdk.compiler/com.sun.source.util.TreeScanner.scanAndReduce(TreeScanner.java:90)
  	at jdk.compiler/com.sun.source.util.TreeScanner.visitMethod(TreeScanner.java:206)
  	at org.checkerframework.framework.source.SourceVisitor.visitMethod(SourceVisitor.java:110)
  	at org.checkerframework.common.basetype.BaseTypeVisitor.visitMethod(BaseTypeVisitor.java:1048)
  	at org.checkerframework.checker.initialization.InitializationVisitor.visitMethod(InitializationVisitor.java:293)
  	at org.checkerframework.checker.nullness.NullnessVisitor.visitMethod(NullnessVisitor.java:537)
  	at org.checkerframework.checker.nullness.NullnessVisitor.visitMethod(NullnessVisitor.java:70)
  	at jdk.compiler/com.sun.tools.javac.tree.JCTree$JCMethodDecl.accept(JCTree.java:898)
  	at jdk.compiler/com.sun.source.util.TreePathScanner.scan(TreePathScanner.java:82)
  	at org.checkerframework.framework.source.SourceVisitor.scan(SourceVisitor.java:92)
  	at org.checkerframework.common.basetype.BaseTypeVisitor.scan(BaseTypeVisitor.java:410)
  	at org.checkerframework.common.basetype.BaseTypeVisitor.scan(BaseTypeVisitor.java:187)
  	at jdk.compiler/com.sun.source.util.TreeScanner.scanAndReduce(TreeScanner.java:90)
  	at jdk.compiler/com.sun.source.util.TreeScanner.scan(TreeScanner.java:105)
  	at jdk.compiler/com.sun.source.util.TreeScanner.scanAndReduce(TreeScanner.java:113)
  	at jdk.compiler/com.sun.source.util.TreeScanner.visitClass(TreeScanner.java:187)
  	at org.checkerframework.framework.source.SourceVisitor.visitClass(SourceVisitor.java:98)
  	at org.checkerframework.common.basetype.BaseTypeVisitor.processClassTree(BaseTypeVisitor.java:617)
  	at org.checkerframework.checker.initialization.InitializationVisitor.processClassTree(InitializationVisitor.java:246)
  	at org.checkerframework.checker.nullness.NullnessVisitor.processClassTree(NullnessVisitor.java:601)
  	at org.checkerframework.common.basetype.BaseTypeVisitor.visitClass(BaseTypeVisitor.java:563)
  	at org.checkerframework.common.basetype.BaseTypeVisitor.visitClass(BaseTypeVisitor.java:187)
  	at jdk.compiler/com.sun.tools.javac.tree.JCTree$JCClassDecl.accept(JCTree.java:808)
  	at jdk.compiler/com.sun.source.util.TreePathScanner.scan(TreePathScanner.java:56)
  	at org.checkerframework.framework.source.SourceVisitor.visit(SourceVisitor.java:86)
  	at org.checkerframework.framework.source.SourceChecker.typeProcess(SourceChecker.java:1050)
  	at org.checkerframework.common.basetype.BaseTypeChecker.typeProcess(BaseTypeChecker.java:558)
  	at org.checkerframework.javacutil.AbstractTypeProcessor$AttributionTaskListener.finished(AbstractTypeProcessor.java:188)
  	at jdk.compiler/com.sun.tools.javac.api.ClientCodeWrapper$WrappedTaskListener.finished(ClientCodeWrapper.java:828)
  	at jdk.compiler/com.sun.tools.javac.api.MultiTaskListener.finished(MultiTaskListener.java:132)
  	at jdk.compiler/com.sun.tools.javac.main.JavaCompiler.flow(JavaCompiler.java:1417)
  	at jdk.compiler/com.sun.tools.javac.main.JavaCompiler.flow(JavaCompiler.java:1374)
  	at jdk.compiler/com.sun.tools.javac.main.JavaCompiler.compile(JavaCompiler.java:973)
  	at jdk.compiler/com.sun.tools.javac.main.Main.compile(Main.java:311)
  	at jdk.compiler/com.sun.tools.javac.main.Main.compile(Main.java:170)
  	at jdk.compiler/com.sun.tools.javac.Main.compile(Main.java:57)
  	at jdk.compiler/com.sun.tools.javac.Main.main(Main.java:43)
../original/urla05239b71c_viniciusinnovatium_mumps2java_api_tgz-pJ8-com_disclinc_netmanager_script_test_ExecTesteNewJ8/src/com/disclinc/netmanager/variable/test/MContextUsingInMemoryAccessTest.java:21: error: (dereference.of.nullable) $$ 1 $$ m$ $$ ( 426, 428 ) $$ dereference of possibly-null reference m$
		mVar pedido = m$.var("pedido");
		              ^
../original/urla05239b71c_viniciusinnovatium_mumps2java_api_tgz-pJ8-com_disclinc_netmanager_script_test_ExecTesteNewJ8/src/com/disclinc/netmanager/variable/test/MContextUsingInMemoryAccessTest.java:22: error: (dereference.of.nullable) $$ 1 $$ pedido $$ ( 446, 452 ) $$ dereference of possibly-null reference pedido
		pedido.var("item").set(33);
		^
../original/urla05239b71c_viniciusinnovatium_mumps2java_api_tgz-pJ8-com_disclinc_netmanager_script_test_ExecTesteNewJ8/src/com/disclinc/netmanager/variable/test/MContextUsingInMemoryAccessTest.java:23: error: (dereference.of.nullable) $$ 1 $$ m$.var("pedido", "item") $$ ( 493, 517 ) $$ dereference of possibly-null reference m$.var("pedido", "item")
		assertEquals(33, m$.var("pedido", "item").get());
		                       ^
../original/urla05239b71c_viniciusinnovatium_mumps2java_api_tgz-pJ8-com_disclinc_netmanager_script_test_ExecTesteNewJ8/src/com/disclinc/netmanager/variable/test/MContextUsingInMemoryAccessTest.java:23: error: (argument) $$ 4 $$ actual $$ Assert.assertEquals $$ @Initialized @Nullable Object $$ @Initialized @NonNull Object $$ ( 493, 523 ) $$ incompatible argument for parameter actual of Assert.assertEquals.
		assertEquals(33, m$.var("pedido", "item").get());
		                                             ^
  found   : @Initialized @Nullable Object
  required: @Initialized @NonNull Object
../original/urla05239b71c_viniciusinnovatium_mumps2java_api_tgz-pJ8-com_disclinc_netmanager_script_test_ExecTesteNewJ8/src/com/disclinc/netmanager/variable/test/MContextUsingInMemoryAccessTest.java:29: error: (dereference.of.nullable) $$ 1 $$ m$ $$ ( 627, 629 ) $$ dereference of possibly-null reference m$
		m$.var("carro", "esportivo").set(66);
		^
../original/urla05239b71c_viniciusinnovatium_mumps2java_api_tgz-pJ8-com_disclinc_netmanager_script_test_ExecTesteNewJ8/src/com/disclinc/netmanager/variable/test/MContextUsingInMemoryAccessTest.java:29: error: (dereference.of.nullable) $$ 1 $$ m$.var("carro", "esportivo") $$ ( 627, 655 ) $$ dereference of possibly-null reference m$.var("carro", "esportivo")
		m$.var("carro", "esportivo").set(66);
		      ^
../original/urla05239b71c_viniciusinnovatium_mumps2java_api_tgz-pJ8-com_disclinc_netmanager_script_test_ExecTesteNewJ8/src/com/disclinc/netmanager/variable/test/MContextUsingInMemoryAccessTest.java:30: error: (argument) $$ 4 $$ actual $$ Assert.assertEquals $$ @Initialized @Nullable Object $$ @Initialized @NonNull Object $$ ( 684, 718 ) $$ incompatible argument for parameter actual of Assert.assertEquals.
		assertEquals(66, m$.var("carro", "esportivo").get());
		                                                 ^
  found   : @Initialized @Nullable Object
  required: @Initialized @NonNull Object
../original/urla05239b71c_viniciusinnovatium_mumps2java_api_tgz-pJ8-com_disclinc_netmanager_script_test_ExecTesteNewJ8/src/com/disclinc/netmanager/variable/test/MContextUsingInMemoryAccessTest.java:35: error: (dereference.of.nullable) $$ 1 $$ m$ $$ ( 776, 778 ) $$ dereference of possibly-null reference m$
		m$.var("x").set("local");
		^
../original/urla05239b71c_viniciusinnovatium_mumps2java_api_tgz-pJ8-com_disclinc_netmanager_script_test_ExecTesteNewJ8/src/com/disclinc/netmanager/variable/test/MContextUsingInMemoryAccessTest.java:35: error: (dereference.of.nullable) $$ 1 $$ m$.var("x") $$ ( 776, 787 ) $$ dereference of possibly-null reference m$.var("x")
		m$.var("x").set("local");
		      ^
../original/urla05239b71c_viniciusinnovatium_mumps2java_api_tgz-pJ8-com_disclinc_netmanager_script_test_ExecTesteNewJ8/src/com/disclinc/netmanager/variable/test/MContextUsingInMemoryAccessTest.java:36: error: (argument) $$ 4 $$ actual $$ Assert.assertEquals $$ @Initialized @Nullable Object $$ @Initialized @NonNull Object $$ ( 826, 843 ) $$ incompatible argument for parameter actual of Assert.assertEquals.
		assertEquals("local", m$.var("x").get());
		                                     ^
  found   : @Initialized @Nullable Object
  required: @Initialized @NonNull Object
../original/urla05239b71c_viniciusinnovatium_mumps2java_api_tgz-pJ8-com_disclinc_netmanager_script_test_ExecTesteNewJ8/src/com/disclinc/netmanager/variable/test/DispatchMethodsTest.java:15: error: (dereference.of.nullable) $$ 1 $$ m$.var("pedido") $$ ( 314, 330 ) $$ dereference of possibly-null reference m$.var("pedido")
		m$.var("pedido").set(78);
		      ^
../original/urla05239b71c_viniciusinnovatium_mumps2java_api_tgz-pJ8-com_disclinc_netmanager_script_test_ExecTesteNewJ8/src/com/disclinc/netmanager/variable/test/DispatchMethodsTest.java:16: error: (dereference.of.nullable) $$ 1 $$ m$.var("entrega") $$ ( 343, 360 ) $$ dereference of possibly-null reference m$.var("entrega")
		m$.var("entrega").set(57);
		      ^
../original/urla05239b71c_viniciusinnovatium_mumps2java_api_tgz-pJ8-com_disclinc_netmanager_script_test_ExecTesteNewJ8/src/com/disclinc/netmanager/variable/test/DispatchMethodsTest.java:17: error: (dereference.of.nullable) $$ 1 $$ m$.var("cliente") $$ ( 373, 390 ) $$ dereference of possibly-null reference m$.var("cliente")
		m$.var("cliente").set(6);
		      ^
../original/urla05239b71c_viniciusinnovatium_mumps2java_api_tgz-pJ8-com_disclinc_netmanager_script_test_ExecTesteNewJ8/src/com/disclinc/netmanager/variable/test/DispatchMethodsTest.java:23: error: (argument) $$ 4 $$ actual $$ Assert.assertEquals $$ @Initialized @Nullable Object $$ @Initialized @NonNull Object $$ ( 565, 670 ) $$ incompatible argument for parameter actual of Assert.assertEquals.
		assertEquals(30, m$.dispatch(null,
		                            ^
  found   : @Initialized @Nullable Object
  required: @Initialized @NonNull Object
../original/urla05239b71c_viniciusinnovatium_mumps2java_api_tgz-pJ8-com_disclinc_netmanager_script_test_ExecTesteNewJ8/src/com/disclinc/netmanager/variable/test/DispatchMethodsTest.java:29: error: (dereference.of.nullable) $$ 1 $$ m$.var("pedido") $$ ( 817, 833 ) $$ dereference of possibly-null reference m$.var("pedido")
		assertEquals(78, m$.var("pedido").get());
		                       ^
../original/urla05239b71c_viniciusinnovatium_mumps2java_api_tgz-pJ8-com_disclinc_netmanager_script_test_ExecTesteNewJ8/src/com/disclinc/netmanager/variable/test/DispatchMethodsTest.java:29: error: (argument) $$ 4 $$ actual $$ Assert.assertEquals $$ @Initialized @Nullable Object $$ @Initialized @NonNull Object $$ ( 817, 839 ) $$ incompatible argument for parameter actual of Assert.assertEquals.
		assertEquals(78, m$.var("pedido").get());
		                                     ^
  found   : @Initialized @Nullable Object
  required: @Initialized @NonNull Object
../original/urla05239b71c_viniciusinnovatium_mumps2java_api_tgz-pJ8-com_disclinc_netmanager_script_test_ExecTesteNewJ8/src/com/disclinc/netmanager/variable/test/DispatchMethodsTest.java:35: error: (argument) $$ 4 $$ actual $$ Assert.assertEquals $$ @Initialized @Nullable Object $$ @Initialized @NonNull Object $$ ( 1017, 1143 ) $$ incompatible argument for parameter actual of Assert.assertEquals.
		assertEquals(57, m$.dispatch(null,
		                            ^
  found   : @Initialized @Nullable Object
  required: @Initialized @NonNull Object
../original/urla05239b71c_viniciusinnovatium_mumps2java_api_tgz-pJ8-com_disclinc_netmanager_script_test_ExecTesteNewJ8/src/com/disclinc/netmanager/variable/test/DispatchMethodsTest.java:41: error: (dereference.of.nullable) $$ 1 $$ m$.var("pedido") $$ ( 1290, 1306 ) $$ dereference of possibly-null reference m$.var("pedido")
		assertEquals(78, m$.var("pedido").get());
		                       ^
../original/urla05239b71c_viniciusinnovatium_mumps2java_api_tgz-pJ8-com_disclinc_netmanager_script_test_ExecTesteNewJ8/src/com/disclinc/netmanager/variable/test/DispatchMethodsTest.java:41: error: (argument) $$ 4 $$ actual $$ Assert.assertEquals $$ @Initialized @Nullable Object $$ @Initialized @NonNull Object $$ ( 1290, 1312 ) $$ incompatible argument for parameter actual of Assert.assertEquals.
		assertEquals(78, m$.var("pedido").get());
		                                     ^
  found   : @Initialized @Nullable Object
  required: @Initialized @NonNull Object
../original/urla05239b71c_viniciusinnovatium_mumps2java_api_tgz-pJ8-com_disclinc_netmanager_script_test_ExecTesteNewJ8/src/com/disclinc/netmanager/variable/test/DispatchMethodsTest.java:47: error: (argument) $$ 4 $$ expected $$ Assert.assertEquals $$ null (NullType) $$ @Initialized @NonNull Object $$ ( 1478, 1482 ) $$ incompatible argument for parameter expected of Assert.assertEquals.
		assertEquals("Fail to recover value of the variable after", null, m$.dispatch(null,
		                                                            ^
  found   : null (NullType)
  required: @Initialized @NonNull Object
../original/urla05239b71c_viniciusinnovatium_mumps2java_api_tgz-pJ8-com_disclinc_netmanager_script_test_ExecTesteNewJ8/src/com/disclinc/netmanager/variable/test/DispatchMethodsTest.java:47: error: (argument) $$ 4 $$ actual $$ Assert.assertEquals $$ @Initialized @Nullable Object $$ @Initialized @NonNull Object $$ ( 1484, 1604 ) $$ incompatible argument for parameter actual of Assert.assertEquals.
		assertEquals("Fail to recover value of the variable after", null, m$.dispatch(null,
		                                                                             ^
  found   : @Initialized @Nullable Object
  required: @Initialized @NonNull Object
../original/urla05239b71c_viniciusinnovatium_mumps2java_api_tgz-pJ8-com_disclinc_netmanager_script_test_ExecTesteNewJ8/src/com/disclinc/netmanager/variable/test/DispatchMethodsTest.java:53: error: (dereference.of.nullable) $$ 1 $$ m$.var("pedido") $$ ( 1751, 1767 ) $$ dereference of possibly-null reference m$.var("pedido")
		assertEquals(78, m$.var("pedido").get());
		                       ^
../original/urla05239b71c_viniciusinnovatium_mumps2java_api_tgz-pJ8-com_disclinc_netmanager_script_test_ExecTesteNewJ8/src/com/disclinc/netmanager/variable/test/DispatchMethodsTest.java:53: error: (argument) $$ 4 $$ actual $$ Assert.assertEquals $$ @Initialized @Nullable Object $$ @Initialized @NonNull Object $$ ( 1751, 1773 ) $$ incompatible argument for parameter actual of Assert.assertEquals.
		assertEquals(78, m$.var("pedido").get());
		                                     ^
  found   : @Initialized @Nullable Object
  required: @Initialized @NonNull Object
../original/urla05239b71c_viniciusinnovatium_mumps2java_api_tgz-pJ8-com_disclinc_netmanager_script_test_ExecTesteNewJ8/src/com/disclinc/netmanager/variable/test/DispatchMethodsTest.java:59: error: (argument) $$ 4 $$ actual $$ Assert.assertEquals $$ @Initialized @Nullable Object $$ @Initialized @NonNull Object $$ ( 1998, 2127 ) $$ incompatible argument for parameter actual of Assert.assertEquals.
		assertEquals("Fail to recover value of the variable after", "chamada3", m$.dispatch(null,
		                                                                                   ^
  found   : @Initialized @Nullable Object
  required: @Initialized @NonNull Object
../original/urla05239b71c_viniciusinnovatium_mumps2java_api_tgz-pJ8-com_disclinc_netmanager_script_test_ExecTesteNewJ8/src/com/disclinc/netmanager/variable/test/DispatchMethodsTest.java:65: error: (dereference.of.nullable) $$ 1 $$ m$.var("pedido") $$ ( 2274, 2290 ) $$ dereference of possibly-null reference m$.var("pedido")
		assertEquals(78, m$.var("pedido").get());
		                       ^
../original/urla05239b71c_viniciusinnovatium_mumps2java_api_tgz-pJ8-com_disclinc_netmanager_script_test_ExecTesteNewJ8/src/com/disclinc/netmanager/variable/test/DispatchMethodsTest.java:65: error: (argument) $$ 4 $$ actual $$ Assert.assertEquals $$ @Initialized @Nullable Object $$ @Initialized @NonNull Object $$ ( 2274, 2296 ) $$ incompatible argument for parameter actual of Assert.assertEquals.
		assertEquals(78, m$.var("pedido").get());
		                                     ^
  found   : @Initialized @Nullable Object
  required: @Initialized @NonNull Object
../original/urla05239b71c_viniciusinnovatium_mumps2java_api_tgz-pJ8-com_disclinc_netmanager_script_test_ExecTesteNewJ8/src/com/disclinc/netmanager/variable/test/Macros.java:18: error: (dereference.of.nullable) $$ 1 $$ m$.var("pedido") $$ ( 396, 412 ) $$ dereference of possibly-null reference m$.var("pedido")
		return m$.var("pedido").get();
		             ^
../original/urla05239b71c_viniciusinnovatium_mumps2java_api_tgz-pJ8-com_disclinc_netmanager_script_test_ExecTesteNewJ8/src/com/disclinc/netmanager/variable/test/Macros.java:24: error: (dereference.of.nullable) $$ 1 $$ m$.var("entrega") $$ ( 558, 575 ) $$ dereference of possibly-null reference m$.var("entrega")
		return m$.var("entrega").get();
		             ^
../original/urla05239b71c_viniciusinnovatium_mumps2java_api_tgz-pJ8-com_disclinc_netmanager_script_test_ExecTesteNewJ8/src/com/disclinc/netmanager/variable/test/Macros.java:32: error: (dereference.of.nullable) $$ 1 $$ m$.var("pedido") $$ ( 785, 801 ) $$ dereference of possibly-null reference m$.var("pedido")
		return m$.var("pedido").get();
		             ^
../original/urla05239b71c_viniciusinnovatium_mumps2java_api_tgz-pJ8-com_disclinc_netmanager_script_test_ExecTesteNewJ8/src/com/disclinc/netmanager/variable/test/Macros.java:37: error: (dereference.of.nullable) $$ 1 $$ m$.var("pedido") $$ ( 909, 925 ) $$ dereference of possibly-null reference m$.var("pedido")
		m$.var("pedido").set("chamada1");
		      ^
../original/urla05239b71c_viniciusinnovatium_mumps2java_api_tgz-pJ8-com_disclinc_netmanager_script_test_ExecTesteNewJ8/src/com/disclinc/netmanager/variable/test/Macros.java:43: error: (dereference.of.nullable) $$ 1 $$ m$.var("pedido") $$ ( 1045, 1061 ) $$ dereference of possibly-null reference m$.var("pedido")
		m$.var("pedido").set("chamada2");
		      ^
../original/urla05239b71c_viniciusinnovatium_mumps2java_api_tgz-pJ8-com_disclinc_netmanager_script_test_ExecTesteNewJ8/src/com/disclinc/netmanager/variable/test/Macros.java:48: error: (dereference.of.nullable) $$ 1 $$ m$.var("pedido") $$ ( 1179, 1195 ) $$ dereference of possibly-null reference m$.var("pedido")
		m$.var("pedido").set("chamada3");
		      ^
../original/urla05239b71c_viniciusinnovatium_mumps2java_api_tgz-pJ8-com_disclinc_netmanager_script_test_ExecTesteNewJ8/src/com/disclinc/netmanager/variable/test/StackingVariableAndNewOperatorTest.java:15: error: (dereference.of.nullable) $$ 1 $$ m$.var("pedido") $$ ( 319, 335 ) $$ dereference of possibly-null reference m$.var("pedido")
		m$.var("pedido").set("11");
		      ^
../original/urla05239b71c_viniciusinnovatium_mumps2java_api_tgz-pJ8-com_disclinc_netmanager_script_test_ExecTesteNewJ8/src/com/disclinc/netmanager/variable/test/StackingVariableAndNewOperatorTest.java:16: error: (dereference.of.nullable) $$ 1 $$ m$.var("pedido", "item") $$ ( 350, 374 ) $$ dereference of possibly-null reference m$.var("pedido", "item")
		m$.var("pedido", "item").set("99");
		      ^
../original/urla05239b71c_viniciusinnovatium_mumps2java_api_tgz-pJ8-com_disclinc_netmanager_script_test_ExecTesteNewJ8/src/com/disclinc/netmanager/variable/test/StackingVariableAndNewOperatorTest.java:17: error: (dereference.of.nullable) $$ 1 $$ m$.var("pedido", "item", "medicamento") $$ ( 389, 428 ) $$ dereference of possibly-null reference m$.var("pedido", "item", "medicamento")
		m$.var("pedido", "item", "medicamento").set("100");
		      ^
../original/urla05239b71c_viniciusinnovatium_mumps2java_api_tgz-pJ8-com_disclinc_netmanager_script_test_ExecTesteNewJ8/src/com/disclinc/netmanager/variable/test/StackingVariableAndNewOperatorTest.java:18: error: (dereference.of.nullable) $$ 1 $$ m$.var("contrato") $$ ( 444, 462 ) $$ dereference of possibly-null reference m$.var("contrato")
		m$.var("contrato").set("cod1");
		      ^
../original/urla05239b71c_viniciusinnovatium_mumps2java_api_tgz-pJ8-com_disclinc_netmanager_script_test_ExecTesteNewJ8/src/com/disclinc/netmanager/variable/test/StackingVariableAndNewOperatorTest.java:19: error: (dereference.of.nullable) $$ 1 $$ m$.var("contrato", "clausula") $$ ( 479, 509 ) $$ dereference of possibly-null reference m$.var("contrato", "clausula")
		m$.var("contrato", "clausula").set("mm77");
		      ^
../original/urla05239b71c_viniciusinnovatium_mumps2java_api_tgz-pJ8-com_disclinc_netmanager_script_test_ExecTesteNewJ8/src/com/disclinc/netmanager/variable/test/StackingVariableAndNewOperatorTest.java:20: error: (dereference.of.nullable) $$ 1 $$ m$.var("item") $$ ( 526, 540 ) $$ dereference of possibly-null reference m$.var("item")
		m$.var("item").set("63");
		      ^
../original/urla05239b71c_viniciusinnovatium_mumps2java_api_tgz-pJ8-com_disclinc_netmanager_script_test_ExecTesteNewJ8/src/com/disclinc/netmanager/variable/test/StackingVariableAndNewOperatorTest.java:21: error: (dereference.of.nullable) $$ 1 $$ m$.var("item", "detergente") $$ ( 555, 583 ) $$ dereference of possibly-null reference m$.var("item", "detergente")
		m$.var("item", "detergente").set("43x");
		      ^
../original/urla05239b71c_viniciusinnovatium_mumps2java_api_tgz-pJ8-com_disclinc_netmanager_script_test_ExecTesteNewJ8/src/com/disclinc/netmanager/variable/test/StackingVariableAndNewOperatorTest.java:22: error: (dereference.of.nullable) $$ 1 $$ m$.var("item", "detergente", "neutro") $$ ( 599, 637 ) $$ dereference of possibly-null reference m$.var("item", "detergente", "neutro")
		m$.var("item", "detergente", "neutro").set("9");
		      ^
../original/urla05239b71c_viniciusinnovatium_mumps2java_api_tgz-pJ8-com_disclinc_netmanager_script_test_ExecTesteNewJ8/src/com/disclinc/netmanager/variable/test/StackingVariableAndNewOperatorTest.java:23: error: (dereference.of.nullable) $$ 1 $$ m$.var("plastico") $$ ( 651, 669 ) $$ dereference of possibly-null reference m$.var("plastico")
		m$.var("plastico").set("18");
		      ^
../original/urla05239b71c_viniciusinnovatium_mumps2java_api_tgz-pJ8-com_disclinc_netmanager_script_test_ExecTesteNewJ8/src/com/disclinc/netmanager/variable/test/StackingVariableAndNewOperatorTest.java:24: error: (dereference.of.nullable) $$ 1 $$ m$.var("eletronico") $$ ( 684, 704 ) $$ dereference of possibly-null reference m$.var("eletronico")
		m$.var("eletronico").set("92");
		      ^
../original/urla05239b71c_viniciusinnovatium_mumps2java_api_tgz-pJ8-com_disclinc_netmanager_script_test_ExecTesteNewJ8/src/com/disclinc/netmanager/variable/test/StackingVariableAndNewOperatorTest.java:30: error: (argument) $$ 4 $$ expected $$ Assert.assertEquals $$ null (NullType) $$ @Initialized @NonNull Object $$ ( 921, 925 ) $$ incompatible argument for parameter expected of Assert.assertEquals.
				null, m$.var("pedido").get());
				^
  found   : null (NullType)
  required: @Initialized @NonNull Object
../original/urla05239b71c_viniciusinnovatium_mumps2java_api_tgz-pJ8-com_disclinc_netmanager_script_test_ExecTesteNewJ8/src/com/disclinc/netmanager/variable/test/StackingVariableAndNewOperatorTest.java:30: error: (dereference.of.nullable) $$ 1 $$ m$ $$ ( 927, 929 ) $$ dereference of possibly-null reference m$
				null, m$.var("pedido").get());
				      ^
../original/urla05239b71c_viniciusinnovatium_mumps2java_api_tgz-pJ8-com_disclinc_netmanager_script_test_ExecTesteNewJ8/src/com/disclinc/netmanager/variable/test/StackingVariableAndNewOperatorTest.java:30: error: (dereference.of.nullable) $$ 1 $$ m$.var("pedido") $$ ( 927, 943 ) $$ dereference of possibly-null reference m$.var("pedido")
				null, m$.var("pedido").get());
				            ^
../original/urla05239b71c_viniciusinnovatium_mumps2java_api_tgz-pJ8-com_disclinc_netmanager_script_test_ExecTesteNewJ8/src/com/disclinc/netmanager/variable/test/StackingVariableAndNewOperatorTest.java:30: error: (argument) $$ 4 $$ actual $$ Assert.assertEquals $$ @Initialized @Nullable Object $$ @Initialized @NonNull Object $$ ( 927, 949 ) $$ incompatible argument for parameter actual of Assert.assertEquals.
				null, m$.var("pedido").get());
				                          ^
  found   : @Initialized @Nullable Object
  required: @Initialized @NonNull Object
../original/urla05239b71c_viniciusinnovatium_mumps2java_api_tgz-pJ8-com_disclinc_netmanager_script_test_ExecTesteNewJ8/src/com/disclinc/netmanager/variable/test/StackingVariableAndNewOperatorTest.java:34: error: (argument) $$ 4 $$ expected $$ Assert.assertEquals $$ null (NullType) $$ @Initialized @NonNull Object $$ ( 1100, 1104 ) $$ incompatible argument for parameter expected of Assert.assertEquals.
				null, m$.var("item").get());
				^
  found   : null (NullType)
  required: @Initialized @NonNull Object
../original/urla05239b71c_viniciusinnovatium_mumps2java_api_tgz-pJ8-com_disclinc_netmanager_script_test_ExecTesteNewJ8/src/com/disclinc/netmanager/variable/test/StackingVariableAndNewOperatorTest.java:34: error: (dereference.of.nullable) $$ 1 $$ m$.var("item") $$ ( 1106, 1120 ) $$ dereference of possibly-null reference m$.var("item")
				null, m$.var("item").get());
				            ^
../original/urla05239b71c_viniciusinnovatium_mumps2java_api_tgz-pJ8-com_disclinc_netmanager_script_test_ExecTesteNewJ8/src/com/disclinc/netmanager/variable/test/StackingVariableAndNewOperatorTest.java:34: error: (argument) $$ 4 $$ actual $$ Assert.assertEquals $$ @Initialized @Nullable Object $$ @Initialized @NonNull Object $$ ( 1106, 1126 ) $$ incompatible argument for parameter actual of Assert.assertEquals.
				null, m$.var("item").get());
				                        ^
  found   : @Initialized @Nullable Object
  required: @Initialized @NonNull Object
../original/urla05239b71c_viniciusinnovatium_mumps2java_api_tgz-pJ8-com_disclinc_netmanager_script_test_ExecTesteNewJ8/src/com/disclinc/netmanager/variable/test/StackingVariableAndNewOperatorTest.java:38: error: (dereference.of.nullable) $$ 1 $$ m$.var("eletronico") $$ ( 1283, 1303 ) $$ dereference of possibly-null reference m$.var("eletronico")
				"92", m$.var("eletronico").get());
				            ^
../original/urla05239b71c_viniciusinnovatium_mumps2java_api_tgz-pJ8-com_disclinc_netmanager_script_test_ExecTesteNewJ8/src/com/disclinc/netmanager/variable/test/StackingVariableAndNewOperatorTest.java:38: error: (argument) $$ 4 $$ actual $$ Assert.assertEquals $$ @Initialized @Nullable Object $$ @Initialized @NonNull Object $$ ( 1283, 1309 ) $$ incompatible argument for parameter actual of Assert.assertEquals.
				"92", m$.var("eletronico").get());
				                              ^
  found   : @Initialized @Nullable Object
  required: @Initialized @NonNull Object
../original/urla05239b71c_viniciusinnovatium_mumps2java_api_tgz-pJ8-com_disclinc_netmanager_script_test_ExecTesteNewJ8/src/com/disclinc/netmanager/variable/test/StackingVariableAndNewOperatorTest.java:42: error: (dereference.of.nullable) $$ 1 $$ m$.var("plastico") $$ ( 1433, 1451 ) $$ dereference of possibly-null reference m$.var("plastico")
				"18", m$.var("plastico").get());
				            ^
../original/urla05239b71c_viniciusinnovatium_mumps2java_api_tgz-pJ8-com_disclinc_netmanager_script_test_ExecTesteNewJ8/src/com/disclinc/netmanager/variable/test/StackingVariableAndNewOperatorTest.java:42: error: (argument) $$ 4 $$ actual $$ Assert.assertEquals $$ @Initialized @Nullable Object $$ @Initialized @NonNull Object $$ ( 1433, 1457 ) $$ incompatible argument for parameter actual of Assert.assertEquals.
				"18", m$.var("plastico").get());
				                            ^
  found   : @Initialized @Nullable Object
  required: @Initialized @NonNull Object
../original/urla05239b71c_viniciusinnovatium_mumps2java_api_tgz-pJ8-com_disclinc_netmanager_script_test_ExecTesteNewJ8/src/com/disclinc/netmanager/variable/test/StackingVariableAndNewOperatorTest.java:46: error: (argument) $$ 4 $$ expected $$ Assert.assertEquals $$ null (NullType) $$ @Initialized @NonNull Object $$ ( 1575, 1579 ) $$ incompatible argument for parameter expected of Assert.assertEquals.
				null, m$.var("contrato").get());
				^
  found   : null (NullType)
  required: @Initialized @NonNull Object
../original/urla05239b71c_viniciusinnovatium_mumps2java_api_tgz-pJ8-com_disclinc_netmanager_script_test_ExecTesteNewJ8/src/com/disclinc/netmanager/variable/test/StackingVariableAndNewOperatorTest.java:46: error: (dereference.of.nullable) $$ 1 $$ m$.var("contrato") $$ ( 1581, 1599 ) $$ dereference of possibly-null reference m$.var("contrato")
				null, m$.var("contrato").get());
				            ^
../original/urla05239b71c_viniciusinnovatium_mumps2java_api_tgz-pJ8-com_disclinc_netmanager_script_test_ExecTesteNewJ8/src/com/disclinc/netmanager/variable/test/StackingVariableAndNewOperatorTest.java:46: error: (argument) $$ 4 $$ actual $$ Assert.assertEquals $$ @Initialized @Nullable Object $$ @Initialized @NonNull Object $$ ( 1581, 1605 ) $$ incompatible argument for parameter actual of Assert.assertEquals.
				null, m$.var("contrato").get());
				                            ^
  found   : @Initialized @Nullable Object
  required: @Initialized @NonNull Object
../original/urla05239b71c_viniciusinnovatium_mumps2java_api_tgz-pJ8-com_disclinc_netmanager_script_test_ExecTesteNewJ8/src/com/disclinc/netmanager/variable/test/StackingVariableAndNewOperatorTest.java:51: error: (dereference.of.nullable) $$ 1 $$ m$ $$ ( 1673, 1675 ) $$ dereference of possibly-null reference m$
		m$.newVarExcept(m$.var("pedido"), m$.var("item"), m$.var("eletronico"));
		^
../original/urla05239b71c_viniciusinnovatium_mumps2java_api_tgz-pJ8-com_disclinc_netmanager_script_test_ExecTesteNewJ8/src/com/disclinc/netmanager/variable/test/StackingVariableAndNewOperatorTest.java:55: error: (dereference.of.nullable) $$ 1 $$ m$ $$ ( 1801, 1803 ) $$ dereference of possibly-null reference m$
		m$.newVarExcept(m$.var("pedido"));
		^
../original/urla05239b71c_viniciusinnovatium_mumps2java_api_tgz-pJ8-com_disclinc_netmanager_script_test_ExecTesteNewJ8/src/com/disclinc/netmanager/variable/test/StackingVariableAndNewOperatorTest.java:59: error: (dereference.of.nullable) $$ 1 $$ m$ $$ ( 1890, 1892 ) $$ dereference of possibly-null reference m$
		m$.newVar(m$.var("pedido"), m$.var("item"), m$.var("contrato"));
		^
../original/urla05239b71c_viniciusinnovatium_mumps2java_api_tgz-pJ8-com_disclinc_netmanager_script_test_ExecTesteNewJ8/src/com/disclinc/netmanager/variable/test/StackingVariableAndNewOperatorTest.java:63: error: (dereference.of.nullable) $$ 1 $$ m$ $$ ( 2001, 2003 ) $$ dereference of possibly-null reference m$
		m$.newVar(m$.var("pedido"));
		^
../original/urla05239b71c_viniciusinnovatium_mumps2java_api_tgz-pJ8-com_disclinc_netmanager_script_test_ExecTesteNewJ8/src/com/disclinc/netmanager/variable/test/StackingVariableAndNewOperatorTest.java:72: error: (dereference.of.nullable) $$ 1 $$ m$ $$ ( 2319, 2321 ) $$ dereference of possibly-null reference m$
				"11", m$.var("pedido").get());
				      ^
../original/urla05239b71c_viniciusinnovatium_mumps2java_api_tgz-pJ8-com_disclinc_netmanager_script_test_ExecTesteNewJ8/src/com/disclinc/netmanager/variable/test/StackingVariableAndNewOperatorTest.java:72: error: (dereference.of.nullable) $$ 1 $$ m$.var("pedido") $$ ( 2319, 2335 ) $$ dereference of possibly-null reference m$.var("pedido")
				"11", m$.var("pedido").get());
				            ^
../original/urla05239b71c_viniciusinnovatium_mumps2java_api_tgz-pJ8-com_disclinc_netmanager_script_test_ExecTesteNewJ8/src/com/disclinc/netmanager/variable/test/StackingVariableAndNewOperatorTest.java:72: error: (argument) $$ 4 $$ actual $$ Assert.assertEquals $$ @Initialized @Nullable Object $$ @Initialized @NonNull Object $$ ( 2319, 2341 ) $$ incompatible argument for parameter actual of Assert.assertEquals.
				"11", m$.var("pedido").get());
				                          ^
  found   : @Initialized @Nullable Object
  required: @Initialized @NonNull Object
../original/urla05239b71c_viniciusinnovatium_mumps2java_api_tgz-pJ8-com_disclinc_netmanager_script_test_ExecTesteNewJ8/src/com/disclinc/netmanager/variable/test/StackingVariableAndNewOperatorTest.java:75: error: (dereference.of.nullable) $$ 1 $$ m$.var("contrato") $$ ( 2509, 2527 ) $$ dereference of possibly-null reference m$.var("contrato")
				"cod1", m$.var("contrato").get());
				              ^
../original/urla05239b71c_viniciusinnovatium_mumps2java_api_tgz-pJ8-com_disclinc_netmanager_script_test_ExecTesteNewJ8/src/com/disclinc/netmanager/variable/test/StackingVariableAndNewOperatorTest.java:75: error: (argument) $$ 4 $$ actual $$ Assert.assertEquals $$ @Initialized @Nullable Object $$ @Initialized @NonNull Object $$ ( 2509, 2533 ) $$ incompatible argument for parameter actual of Assert.assertEquals.
				"cod1", m$.var("contrato").get());
				                              ^
  found   : @Initialized @Nullable Object
  required: @Initialized @NonNull Object
../original/urla05239b71c_viniciusinnovatium_mumps2java_api_tgz-pJ8-com_disclinc_netmanager_script_test_ExecTesteNewJ8/src/com/disclinc/netmanager/variable/test/StackingVariableAndNewOperatorTest.java:79: error: (dereference.of.nullable) $$ 1 $$ m$.var("item") $$ ( 2701, 2715 ) $$ dereference of possibly-null reference m$.var("item")
				"63", m$.var("item").get());
				            ^
../original/urla05239b71c_viniciusinnovatium_mumps2java_api_tgz-pJ8-com_disclinc_netmanager_script_test_ExecTesteNewJ8/src/com/disclinc/netmanager/variable/test/StackingVariableAndNewOperatorTest.java:79: error: (argument) $$ 4 $$ actual $$ Assert.assertEquals $$ @Initialized @Nullable Object $$ @Initialized @NonNull Object $$ ( 2701, 2721 ) $$ incompatible argument for parameter actual of Assert.assertEquals.
				"63", m$.var("item").get());
				                        ^
  found   : @Initialized @Nullable Object
  required: @Initialized @NonNull Object
../original/urla05239b71c_viniciusinnovatium_mumps2java_api_tgz-pJ8-com_disclinc_netmanager_script_test_ExecTesteNewJ8/src/com/disclinc/netmanager/variable/test/StackingVariableAndNewOperatorTest.java:83: error: (argument) $$ 4 $$ expected $$ Assert.assertEquals $$ null (NullType) $$ @Initialized @NonNull Object $$ ( 2883, 2887 ) $$ incompatible argument for parameter expected of Assert.assertEquals.
				null, m$.var("plastico").get());
				^
  found   : null (NullType)
  required: @Initialized @NonNull Object
../original/urla05239b71c_viniciusinnovatium_mumps2java_api_tgz-pJ8-com_disclinc_netmanager_script_test_ExecTesteNewJ8/src/com/disclinc/netmanager/variable/test/StackingVariableAndNewOperatorTest.java:83: error: (dereference.of.nullable) $$ 1 $$ m$.var("plastico") $$ ( 2889, 2907 ) $$ dereference of possibly-null reference m$.var("plastico")
				null, m$.var("plastico").get());
				            ^
../original/urla05239b71c_viniciusinnovatium_mumps2java_api_tgz-pJ8-com_disclinc_netmanager_script_test_ExecTesteNewJ8/src/com/disclinc/netmanager/variable/test/StackingVariableAndNewOperatorTest.java:83: error: (argument) $$ 4 $$ actual $$ Assert.assertEquals $$ @Initialized @Nullable Object $$ @Initialized @NonNull Object $$ ( 2889, 2913 ) $$ incompatible argument for parameter actual of Assert.assertEquals.
				null, m$.var("plastico").get());
				                            ^
  found   : @Initialized @Nullable Object
  required: @Initialized @NonNull Object
../original/urla05239b71c_viniciusinnovatium_mumps2java_api_tgz-pJ8-com_disclinc_netmanager_script_test_ExecTesteNewJ8/src/com/disclinc/netmanager/variable/test/StackingVariableAndNewOperatorTest.java:87: error: (argument) $$ 4 $$ expected $$ Assert.assertEquals $$ null (NullType) $$ @Initialized @NonNull Object $$ ( 3075, 3079 ) $$ incompatible argument for parameter expected of Assert.assertEquals.
				null, m$.var("eletronico").get());
				^
  found   : null (NullType)
  required: @Initialized @NonNull Object
../original/urla05239b71c_viniciusinnovatium_mumps2java_api_tgz-pJ8-com_disclinc_netmanager_script_test_ExecTesteNewJ8/src/com/disclinc/netmanager/variable/test/StackingVariableAndNewOperatorTest.java:87: error: (dereference.of.nullable) $$ 1 $$ m$.var("eletronico") $$ ( 3081, 3101 ) $$ dereference of possibly-null reference m$.var("eletronico")
				null, m$.var("eletronico").get());
				            ^
../original/urla05239b71c_viniciusinnovatium_mumps2java_api_tgz-pJ8-com_disclinc_netmanager_script_test_ExecTesteNewJ8/src/com/disclinc/netmanager/variable/test/StackingVariableAndNewOperatorTest.java:87: error: (argument) $$ 4 $$ actual $$ Assert.assertEquals $$ @Initialized @Nullable Object $$ @Initialized @NonNull Object $$ ( 3081, 3107 ) $$ incompatible argument for parameter actual of Assert.assertEquals.
				null, m$.var("eletronico").get());
				                              ^
  found   : @Initialized @Nullable Object
  required: @Initialized @NonNull Object
../original/urla05239b71c_viniciusinnovatium_mumps2java_api_tgz-pJ8-com_disclinc_netmanager_script_test_ExecTesteNewJ8/src/com/disclinc/netmanager/variable/test/StackingVariableAndNewOperatorTest.java:106: error: (dereference.of.nullable) $$ 1 $$ m$ $$ ( 3567, 3569 ) $$ dereference of possibly-null reference m$
		m$.var("pedido").set("pedido1");
		^
../original/urla05239b71c_viniciusinnovatium_mumps2java_api_tgz-pJ8-com_disclinc_netmanager_script_test_ExecTesteNewJ8/src/com/disclinc/netmanager/variable/test/StackingVariableAndNewOperatorTest.java:106: error: (dereference.of.nullable) $$ 1 $$ m$.var("pedido") $$ ( 3567, 3583 ) $$ dereference of possibly-null reference m$.var("pedido")
		m$.var("pedido").set("pedido1");
		      ^
../original/urla05239b71c_viniciusinnovatium_mumps2java_api_tgz-pJ8-com_disclinc_netmanager_script_test_ExecTesteNewJ8/src/com/disclinc/netmanager/variable/test/StackingVariableAndNewOperatorTest.java:107: error: (dereference.of.nullable) $$ 1 $$ m$.var("item") $$ ( 3603, 3617 ) $$ dereference of possibly-null reference m$.var("item")
		m$.var("item").set("item1");
		      ^
../original/urla05239b71c_viniciusinnovatium_mumps2java_api_tgz-pJ8-com_disclinc_netmanager_script_test_ExecTesteNewJ8/src/com/disclinc/netmanager/variable/test/StackingVariableAndNewOperatorTest.java:116: error: (dereference.of.nullable) $$ 1 $$ m$.var("contrato") $$ ( 3867, 3885 ) $$ dereference of possibly-null reference m$.var("contrato")
		m$.var("contrato").set("cod2");
		      ^
../original/urla05239b71c_viniciusinnovatium_mumps2java_api_tgz-pJ8-com_disclinc_netmanager_script_test_ExecTesteNewJ8/src/com/disclinc/netmanager/variable/test/StackingVariableAndNewOperatorTest.java:121: error: (argument) $$ 4 $$ actual $$ Assert.assertEquals $$ @Initialized @Nullable Object $$ @Initialized @NonNull Object $$ ( 4121, 4143 ) $$ incompatible argument for parameter actual of Assert.assertEquals.
				"pedido2", m$.var("pedido").get());
				                               ^
  found   : @Initialized @Nullable Object
  required: @Initialized @NonNull Object
../original/urla05239b71c_viniciusinnovatium_mumps2java_api_tgz-pJ8-com_disclinc_netmanager_script_test_ExecTesteNewJ8/src/com/disclinc/netmanager/variable/test/StackingVariableAndNewOperatorTest.java:125: error: (argument) $$ 4 $$ actual $$ Assert.assertEquals $$ @Initialized @Nullable Object $$ @Initialized @NonNull Object $$ ( 4303, 4323 ) $$ incompatible argument for parameter actual of Assert.assertEquals.
				"item2", m$.var("item").get());
				                           ^
  found   : @Initialized @Nullable Object
  required: @Initialized @NonNull Object
../original/urla05239b71c_viniciusinnovatium_mumps2java_api_tgz-pJ8-com_disclinc_netmanager_script_test_ExecTesteNewJ8/src/com/disclinc/netmanager/variable/test/StackingVariableAndNewOperatorTest.java:129: error: (dereference.of.nullable) $$ 1 $$ m$.var("eletronico") $$ ( 4480, 4500 ) $$ dereference of possibly-null reference m$.var("eletronico")
				"92", m$.var("eletronico").get());
				            ^
../original/urla05239b71c_viniciusinnovatium_mumps2java_api_tgz-pJ8-com_disclinc_netmanager_script_test_ExecTesteNewJ8/src/com/disclinc/netmanager/variable/test/StackingVariableAndNewOperatorTest.java:129: error: (argument) $$ 4 $$ actual $$ Assert.assertEquals $$ @Initialized @Nullable Object $$ @Initialized @NonNull Object $$ ( 4480, 4506 ) $$ incompatible argument for parameter actual of Assert.assertEquals.
				"92", m$.var("eletronico").get());
				                              ^
  found   : @Initialized @Nullable Object
  required: @Initialized @NonNull Object
../original/urla05239b71c_viniciusinnovatium_mumps2java_api_tgz-pJ8-com_disclinc_netmanager_script_test_ExecTesteNewJ8/src/com/disclinc/netmanager/variable/test/StackingVariableAndNewOperatorTest.java:133: error: (dereference.of.nullable) $$ 1 $$ m$.var("plastico") $$ ( 4630, 4648 ) $$ dereference of possibly-null reference m$.var("plastico")
				"18", m$.var("plastico").get());
				            ^
../original/urla05239b71c_viniciusinnovatium_mumps2java_api_tgz-pJ8-com_disclinc_netmanager_script_test_ExecTesteNewJ8/src/com/disclinc/netmanager/variable/test/StackingVariableAndNewOperatorTest.java:133: error: (argument) $$ 4 $$ actual $$ Assert.assertEquals $$ @Initialized @Nullable Object $$ @Initialized @NonNull Object $$ ( 4630, 4654 ) $$ incompatible argument for parameter actual of Assert.assertEquals.
				"18", m$.var("plastico").get());
				                            ^
  found   : @Initialized @Nullable Object
  required: @Initialized @NonNull Object
../original/urla05239b71c_viniciusinnovatium_mumps2java_api_tgz-pJ8-com_disclinc_netmanager_script_test_ExecTesteNewJ8/src/com/disclinc/netmanager/variable/test/StackingVariableAndNewOperatorTest.java:137: error: (argument) $$ 4 $$ actual $$ Assert.assertEquals $$ @Initialized @Nullable Object $$ @Initialized @NonNull Object $$ ( 4780, 4804 ) $$ incompatible argument for parameter actual of Assert.assertEquals.
				"cod2", m$.var("contrato").get());
				                              ^
  found   : @Initialized @Nullable Object
  required: @Initialized @NonNull Object
../original/urla05239b71c_viniciusinnovatium_mumps2java_api_tgz-pJ8-com_disclinc_netmanager_script_test_ExecTesteNewJ8/src/com/disclinc/netmanager/variable/test/StackingVariableAndNewOperatorTest.java:191: error: (dereference.of.nullable) $$ 1 $$ m$ $$ ( 7001, 7003 ) $$ dereference of possibly-null reference m$
				"11", m$.var("pedido").get());
				      ^
../original/urla05239b71c_viniciusinnovatium_mumps2java_api_tgz-pJ8-com_disclinc_netmanager_script_test_ExecTesteNewJ8/src/com/disclinc/netmanager/variable/test/StackingVariableAndNewOperatorTest.java:191: error: (dereference.of.nullable) $$ 1 $$ m$.var("pedido") $$ ( 7001, 7017 ) $$ dereference of possibly-null reference m$.var("pedido")
				"11", m$.var("pedido").get());
				            ^
../original/urla05239b71c_viniciusinnovatium_mumps2java_api_tgz-pJ8-com_disclinc_netmanager_script_test_ExecTesteNewJ8/src/com/disclinc/netmanager/variable/test/StackingVariableAndNewOperatorTest.java:191: error: (argument) $$ 4 $$ actual $$ Assert.assertEquals $$ @Initialized @Nullable Object $$ @Initialized @NonNull Object $$ ( 7001, 7023 ) $$ incompatible argument for parameter actual of Assert.assertEquals.
				"11", m$.var("pedido").get());
				                          ^
  found   : @Initialized @Nullable Object
  required: @Initialized @NonNull Object
../original/urla05239b71c_viniciusinnovatium_mumps2java_api_tgz-pJ8-com_disclinc_netmanager_script_test_ExecTesteNewJ8/src/com/disclinc/netmanager/variable/test/StackingVariableAndNewOperatorTest.java:194: error: (argument) $$ 4 $$ expected $$ Assert.assertEquals $$ null (NullType) $$ @Initialized @NonNull Object $$ ( 7183, 7187 ) $$ incompatible argument for parameter expected of Assert.assertEquals.
				null, m$.var("contrato").get());
				^
  found   : null (NullType)
  required: @Initialized @NonNull Object
../original/urla05239b71c_viniciusinnovatium_mumps2java_api_tgz-pJ8-com_disclinc_netmanager_script_test_ExecTesteNewJ8/src/com/disclinc/netmanager/variable/test/StackingVariableAndNewOperatorTest.java:194: error: (dereference.of.nullable) $$ 1 $$ m$.var("contrato") $$ ( 7189, 7207 ) $$ dereference of possibly-null reference m$.var("contrato")
				null, m$.var("contrato").get());
				            ^
../original/urla05239b71c_viniciusinnovatium_mumps2java_api_tgz-pJ8-com_disclinc_netmanager_script_test_ExecTesteNewJ8/src/com/disclinc/netmanager/variable/test/StackingVariableAndNewOperatorTest.java:194: error: (argument) $$ 4 $$ actual $$ Assert.assertEquals $$ @Initialized @Nullable Object $$ @Initialized @NonNull Object $$ ( 7189, 7213 ) $$ incompatible argument for parameter actual of Assert.assertEquals.
				null, m$.var("contrato").get());
				                            ^
  found   : @Initialized @Nullable Object
  required: @Initialized @NonNull Object
../original/urla05239b71c_viniciusinnovatium_mumps2java_api_tgz-pJ8-com_disclinc_netmanager_script_test_ExecTesteNewJ8/src/com/disclinc/netmanager/variable/test/StackingVariableAndNewOperatorTest.java:198: error: (argument) $$ 4 $$ expected $$ Assert.assertEquals $$ null (NullType) $$ @Initialized @NonNull Object $$ ( 7375, 7379 ) $$ incompatible argument for parameter expected of Assert.assertEquals.
				null, m$.var("item").get());
				^
  found   : null (NullType)
  required: @Initialized @NonNull Object
../original/urla05239b71c_viniciusinnovatium_mumps2java_api_tgz-pJ8-com_disclinc_netmanager_script_test_ExecTesteNewJ8/src/com/disclinc/netmanager/variable/test/StackingVariableAndNewOperatorTest.java:198: error: (dereference.of.nullable) $$ 1 $$ m$.var("item") $$ ( 7381, 7395 ) $$ dereference of possibly-null reference m$.var("item")
				null, m$.var("item").get());
				            ^
../original/urla05239b71c_viniciusinnovatium_mumps2java_api_tgz-pJ8-com_disclinc_netmanager_script_test_ExecTesteNewJ8/src/com/disclinc/netmanager/variable/test/StackingVariableAndNewOperatorTest.java:198: error: (argument) $$ 4 $$ actual $$ Assert.assertEquals $$ @Initialized @Nullable Object $$ @Initialized @NonNull Object $$ ( 7381, 7401 ) $$ incompatible argument for parameter actual of Assert.assertEquals.
				null, m$.var("item").get());
				                        ^
  found   : @Initialized @Nullable Object
  required: @Initialized @NonNull Object
../original/urla05239b71c_viniciusinnovatium_mumps2java_api_tgz-pJ8-com_disclinc_netmanager_script_test_ExecTesteNewJ8/src/com/disclinc/netmanager/variable/test/StackingVariableAndNewOperatorTest.java:202: error: (argument) $$ 4 $$ expected $$ Assert.assertEquals $$ null (NullType) $$ @Initialized @NonNull Object $$ ( 7563, 7567 ) $$ incompatible argument for parameter expected of Assert.assertEquals.
				null, m$.var("plastico").get());
				^
  found   : null (NullType)
  required: @Initialized @NonNull Object
../original/urla05239b71c_viniciusinnovatium_mumps2java_api_tgz-pJ8-com_disclinc_netmanager_script_test_ExecTesteNewJ8/src/com/disclinc/netmanager/variable/test/StackingVariableAndNewOperatorTest.java:202: error: (dereference.of.nullable) $$ 1 $$ m$.var("plastico") $$ ( 7569, 7587 ) $$ dereference of possibly-null reference m$.var("plastico")
				null, m$.var("plastico").get());
				            ^
../original/urla05239b71c_viniciusinnovatium_mumps2java_api_tgz-pJ8-com_disclinc_netmanager_script_test_ExecTesteNewJ8/src/com/disclinc/netmanager/variable/test/StackingVariableAndNewOperatorTest.java:202: error: (argument) $$ 4 $$ actual $$ Assert.assertEquals $$ @Initialized @Nullable Object $$ @Initialized @NonNull Object $$ ( 7569, 7593 ) $$ incompatible argument for parameter actual of Assert.assertEquals.
				null, m$.var("plastico").get());
				                            ^
  found   : @Initialized @Nullable Object
  required: @Initialized @NonNull Object
../original/urla05239b71c_viniciusinnovatium_mumps2java_api_tgz-pJ8-com_disclinc_netmanager_script_test_ExecTesteNewJ8/src/com/disclinc/netmanager/variable/test/StackingVariableAndNewOperatorTest.java:206: error: (argument) $$ 4 $$ expected $$ Assert.assertEquals $$ null (NullType) $$ @Initialized @NonNull Object $$ ( 7755, 7759 ) $$ incompatible argument for parameter expected of Assert.assertEquals.
				null, m$.var("eletronico").get());
				^
  found   : null (NullType)
  required: @Initialized @NonNull Object
../original/urla05239b71c_viniciusinnovatium_mumps2java_api_tgz-pJ8-com_disclinc_netmanager_script_test_ExecTesteNewJ8/src/com/disclinc/netmanager/variable/test/StackingVariableAndNewOperatorTest.java:206: error: (dereference.of.nullable) $$ 1 $$ m$.var("eletronico") $$ ( 7761, 7781 ) $$ dereference of possibly-null reference m$.var("eletronico")
				null, m$.var("eletronico").get());
				            ^
../original/urla05239b71c_viniciusinnovatium_mumps2java_api_tgz-pJ8-com_disclinc_netmanager_script_test_ExecTesteNewJ8/src/com/disclinc/netmanager/variable/test/StackingVariableAndNewOperatorTest.java:206: error: (argument) $$ 4 $$ actual $$ Assert.assertEquals $$ @Initialized @Nullable Object $$ @Initialized @NonNull Object $$ ( 7761, 7787 ) $$ incompatible argument for parameter actual of Assert.assertEquals.
				null, m$.var("eletronico").get());
				                              ^
  found   : @Initialized @Nullable Object
  required: @Initialized @NonNull Object
../original/urla05239b71c_viniciusinnovatium_mumps2java_api_tgz-pJ8-com_disclinc_netmanager_script_test_ExecTesteNewJ8/src/com/disclinc/netmanager/variable/test/StackingVariableAndNewOperatorTest.java:215: error: (argument) $$ 4 $$ expected $$ Assert.assertEquals $$ null (NullType) $$ @Initialized @NonNull Object $$ ( 8035, 8039 ) $$ incompatible argument for parameter expected of Assert.assertEquals.
				null, m$.var("pedido").get());
				^
  found   : null (NullType)
  required: @Initialized @NonNull Object
../original/urla05239b71c_viniciusinnovatium_mumps2java_api_tgz-pJ8-com_disclinc_netmanager_script_test_ExecTesteNewJ8/src/com/disclinc/netmanager/variable/test/StackingVariableAndNewOperatorTest.java:215: error: (dereference.of.nullable) $$ 1 $$ m$ $$ ( 8041, 8043 ) $$ dereference of possibly-null reference m$
				null, m$.var("pedido").get());
				      ^
../original/urla05239b71c_viniciusinnovatium_mumps2java_api_tgz-pJ8-com_disclinc_netmanager_script_test_ExecTesteNewJ8/src/com/disclinc/netmanager/variable/test/StackingVariableAndNewOperatorTest.java:215: error: (dereference.of.nullable) $$ 1 $$ m$.var("pedido") $$ ( 8041, 8057 ) $$ dereference of possibly-null reference m$.var("pedido")
				null, m$.var("pedido").get());
				            ^
../original/urla05239b71c_viniciusinnovatium_mumps2java_api_tgz-pJ8-com_disclinc_netmanager_script_test_ExecTesteNewJ8/src/com/disclinc/netmanager/variable/test/StackingVariableAndNewOperatorTest.java:215: error: (argument) $$ 4 $$ actual $$ Assert.assertEquals $$ @Initialized @Nullable Object $$ @Initialized @NonNull Object $$ ( 8041, 8063 ) $$ incompatible argument for parameter actual of Assert.assertEquals.
				null, m$.var("pedido").get());
				                          ^
  found   : @Initialized @Nullable Object
  required: @Initialized @NonNull Object
../original/urla05239b71c_viniciusinnovatium_mumps2java_api_tgz-pJ8-com_disclinc_netmanager_script_test_ExecTesteNewJ8/src/com/disclinc/netmanager/variable/test/StackingVariableAndNewOperatorTest.java:219: error: (argument) $$ 4 $$ expected $$ Assert.assertEquals $$ null (NullType) $$ @Initialized @NonNull Object $$ ( 8214, 8218 ) $$ incompatible argument for parameter expected of Assert.assertEquals.
				null, m$.var("pedido", "item").get());
				^
  found   : null (NullType)
  required: @Initialized @NonNull Object
../original/urla05239b71c_viniciusinnovatium_mumps2java_api_tgz-pJ8-com_disclinc_netmanager_script_test_ExecTesteNewJ8/src/com/disclinc/netmanager/variable/test/StackingVariableAndNewOperatorTest.java:219: error: (dereference.of.nullable) $$ 1 $$ m$.var("pedido", "item") $$ ( 8220, 8244 ) $$ dereference of possibly-null reference m$.var("pedido", "item")
				null, m$.var("pedido", "item").get());
				            ^
../original/urla05239b71c_viniciusinnovatium_mumps2java_api_tgz-pJ8-com_disclinc_netmanager_script_test_ExecTesteNewJ8/src/com/disclinc/netmanager/variable/test/StackingVariableAndNewOperatorTest.java:219: error: (argument) $$ 4 $$ actual $$ Assert.assertEquals $$ @Initialized @Nullable Object $$ @Initialized @NonNull Object $$ ( 8220, 8250 ) $$ incompatible argument for parameter actual of Assert.assertEquals.
				null, m$.var("pedido", "item").get());
				                                  ^
  found   : @Initialized @Nullable Object
  required: @Initialized @NonNull Object
../original/urla05239b71c_viniciusinnovatium_mumps2java_api_tgz-pJ8-com_disclinc_netmanager_script_test_ExecTesteNewJ8/src/com/disclinc/netmanager/variable/test/StackingVariableAndNewOperatorTest.java:223: error: (argument) $$ 4 $$ expected $$ Assert.assertEquals $$ null (NullType) $$ @Initialized @NonNull Object $$ ( 8401, 8405 ) $$ incompatible argument for parameter expected of Assert.assertEquals.
				null, m$.var("pedido", "item", "medicamento").get());
				^
  found   : null (NullType)
  required: @Initialized @NonNull Object
../original/urla05239b71c_viniciusinnovatium_mumps2java_api_tgz-pJ8-com_disclinc_netmanager_script_test_ExecTesteNewJ8/src/com/disclinc/netmanager/variable/test/StackingVariableAndNewOperatorTest.java:223: error: (dereference.of.nullable) $$ 1 $$ m$.var("pedido", "item", "medicamento") $$ ( 8407, 8446 ) $$ dereference of possibly-null reference m$.var("pedido", "item", "medicamento")
				null, m$.var("pedido", "item", "medicamento").get());
				            ^
../original/urla05239b71c_viniciusinnovatium_mumps2java_api_tgz-pJ8-com_disclinc_netmanager_script_test_ExecTesteNewJ8/src/com/disclinc/netmanager/variable/test/StackingVariableAndNewOperatorTest.java:223: error: (argument) $$ 4 $$ actual $$ Assert.assertEquals $$ @Initialized @Nullable Object $$ @Initialized @NonNull Object $$ ( 8407, 8452 ) $$ incompatible argument for parameter actual of Assert.assertEquals.
				null, m$.var("pedido", "item", "medicamento").get());
				                                                 ^
  found   : @Initialized @Nullable Object
  required: @Initialized @NonNull Object
../original/urla05239b71c_viniciusinnovatium_mumps2java_api_tgz-pJ8-com_disclinc_netmanager_script_test_ExecTesteNewJ8/src/com/disclinc/netmanager/variable/test/StackingVariableAndNewOperatorTest.java:227: error: (dereference.of.nullable) $$ 1 $$ m$.var("contrato") $$ ( 8611, 8629 ) $$ dereference of possibly-null reference m$.var("contrato")
				"cod1", m$.var("contrato").get());
				              ^
../original/urla05239b71c_viniciusinnovatium_mumps2java_api_tgz-pJ8-com_disclinc_netmanager_script_test_ExecTesteNewJ8/src/com/disclinc/netmanager/variable/test/StackingVariableAndNewOperatorTest.java:227: error: (argument) $$ 4 $$ actual $$ Assert.assertEquals $$ @Initialized @Nullable Object $$ @Initialized @NonNull Object $$ ( 8611, 8635 ) $$ incompatible argument for parameter actual of Assert.assertEquals.
				"cod1", m$.var("contrato").get());
				                              ^
  found   : @Initialized @Nullable Object
  required: @Initialized @NonNull Object
../original/urla05239b71c_viniciusinnovatium_mumps2java_api_tgz-pJ8-com_disclinc_netmanager_script_test_ExecTesteNewJ8/src/com/disclinc/netmanager/variable/test/StackingVariableAndNewOperatorTest.java:231: error: (dereference.of.nullable) $$ 1 $$ m$.var("contrato", "clausula") $$ ( 8794, 8824 ) $$ dereference of possibly-null reference m$.var("contrato", "clausula")
				"mm77", m$.var("contrato", "clausula").get());
				              ^
../original/urla05239b71c_viniciusinnovatium_mumps2java_api_tgz-pJ8-com_disclinc_netmanager_script_test_ExecTesteNewJ8/src/com/disclinc/netmanager/variable/test/StackingVariableAndNewOperatorTest.java:231: error: (argument) $$ 4 $$ actual $$ Assert.assertEquals $$ @Initialized @Nullable Object $$ @Initialized @NonNull Object $$ ( 8794, 8830 ) $$ incompatible argument for parameter actual of Assert.assertEquals.
				"mm77", m$.var("contrato", "clausula").get());
				                                          ^
  found   : @Initialized @Nullable Object
  required: @Initialized @NonNull Object
../original/urla05239b71c_viniciusinnovatium_mumps2java_api_tgz-pJ8-com_disclinc_netmanager_script_test_ExecTesteNewJ8/src/com/disclinc/netmanager/variable/test/StackingVariableAndNewOperatorTest.java:241: error: (argument) $$ 4 $$ expected $$ Assert.assertEquals $$ null (NullType) $$ @Initialized @NonNull Object $$ ( 9081, 9085 ) $$ incompatible argument for parameter expected of Assert.assertEquals.
				null, m$.var("pedido").get());
				^
  found   : null (NullType)
  required: @Initialized @NonNull Object
../original/urla05239b71c_viniciusinnovatium_mumps2java_api_tgz-pJ8-com_disclinc_netmanager_script_test_ExecTesteNewJ8/src/com/disclinc/netmanager/variable/test/StackingVariableAndNewOperatorTest.java:241: error: (dereference.of.nullable) $$ 1 $$ m$ $$ ( 9087, 9089 ) $$ dereference of possibly-null reference m$
				null, m$.var("pedido").get());
				      ^
../original/urla05239b71c_viniciusinnovatium_mumps2java_api_tgz-pJ8-com_disclinc_netmanager_script_test_ExecTesteNewJ8/src/com/disclinc/netmanager/variable/test/StackingVariableAndNewOperatorTest.java:241: error: (dereference.of.nullable) $$ 1 $$ m$.var("pedido") $$ ( 9087, 9103 ) $$ dereference of possibly-null reference m$.var("pedido")
				null, m$.var("pedido").get());
				            ^
../original/urla05239b71c_viniciusinnovatium_mumps2java_api_tgz-pJ8-com_disclinc_netmanager_script_test_ExecTesteNewJ8/src/com/disclinc/netmanager/variable/test/StackingVariableAndNewOperatorTest.java:241: error: (argument) $$ 4 $$ actual $$ Assert.assertEquals $$ @Initialized @Nullable Object $$ @Initialized @NonNull Object $$ ( 9087, 9109 ) $$ incompatible argument for parameter actual of Assert.assertEquals.
				null, m$.var("pedido").get());
				                          ^
  found   : @Initialized @Nullable Object
  required: @Initialized @NonNull Object
../original/urla05239b71c_viniciusinnovatium_mumps2java_api_tgz-pJ8-com_disclinc_netmanager_script_test_ExecTesteNewJ8/src/com/disclinc/netmanager/variable/test/StackingVariableAndNewOperatorTest.java:250: error: (dereference.of.nullable) $$ 1 $$ m$.var("contrato") $$ ( 9482, 9500 ) $$ dereference of possibly-null reference m$.var("contrato")
				"cod1", m$.var("contrato").get());
				              ^
../original/urla05239b71c_viniciusinnovatium_mumps2java_api_tgz-pJ8-com_disclinc_netmanager_script_test_ExecTesteNewJ8/src/com/disclinc/netmanager/variable/test/StackingVariableAndNewOperatorTest.java:250: error: (argument) $$ 4 $$ actual $$ Assert.assertEquals $$ @Initialized @Nullable Object $$ @Initialized @NonNull Object $$ ( 9482, 9506 ) $$ incompatible argument for parameter actual of Assert.assertEquals.
				"cod1", m$.var("contrato").get());
				                              ^
  found   : @Initialized @Nullable Object
  required: @Initialized @NonNull Object
../original/urla05239b71c_viniciusinnovatium_mumps2java_api_tgz-pJ8-com_disclinc_netmanager_script_test_ExecTesteNewJ8/src/com/disclinc/netmanager/variable/test/StackingVariableAndNewOperatorTest.java:256: error: (argument) $$ 4 $$ expected $$ Assert.assertEquals $$ null (NullType) $$ @Initialized @NonNull Object $$ ( 9662, 9666 ) $$ incompatible argument for parameter expected of Assert.assertEquals.
				null, m$.var("pedido").get());
				^
  found   : null (NullType)
  required: @Initialized @NonNull Object
../original/urla05239b71c_viniciusinnovatium_mumps2java_api_tgz-pJ8-com_disclinc_netmanager_script_test_ExecTesteNewJ8/src/com/disclinc/netmanager/variable/test/StackingVariableAndNewOperatorTest.java:292: error: (dereference.of.nullable) $$ 1 $$ m$ $$ ( 11064, 11066 ) $$ dereference of possibly-null reference m$
				m$.var("pedido").get());
				^
../original/urla05239b71c_viniciusinnovatium_mumps2java_api_tgz-pJ8-com_disclinc_netmanager_script_test_ExecTesteNewJ8/src/com/disclinc/netmanager/variable/test/StackingVariableAndNewOperatorTest.java:292: error: (dereference.of.nullable) $$ 1 $$ m$.var("pedido") $$ ( 11064, 11080 ) $$ dereference of possibly-null reference m$.var("pedido")
				m$.var("pedido").get());
				      ^
../original/urla05239b71c_viniciusinnovatium_mumps2java_api_tgz-pJ8-com_disclinc_netmanager_script_test_ExecTesteNewJ8/src/com/disclinc/netmanager/variable/test/StackingVariableAndNewOperatorTest.java:292: error: (argument) $$ 4 $$ actual $$ Assert.assertEquals $$ @Initialized @Nullable Object $$ @Initialized @NonNull Object $$ ( 11064, 11086 ) $$ incompatible argument for parameter actual of Assert.assertEquals.
				m$.var("pedido").get());
				                    ^
  found   : @Initialized @Nullable Object
  required: @Initialized @NonNull Object
../original/urla05239b71c_viniciusinnovatium_mumps2java_api_tgz-pJ8-com_disclinc_netmanager_script_test_ExecTesteNewJ8/src/com/disclinc/netmanager/variable/test/StackingVariableAndNewOperatorTest.java:298: error: (argument) $$ 4 $$ expected $$ Assert.assertEquals $$ null (NullType) $$ @Initialized @NonNull Object $$ ( 11263, 11267 ) $$ incompatible argument for parameter expected of Assert.assertEquals.
				null, m$.var("pedido", "item").get());
				^
  found   : null (NullType)
  required: @Initialized @NonNull Object
../original/urla05239b71c_viniciusinnovatium_mumps2java_api_tgz-pJ8-com_disclinc_netmanager_script_test_ExecTesteNewJ8/src/com/disclinc/netmanager/variable/test/StackingVariableAndNewOperatorTest.java:298: error: (dereference.of.nullable) $$ 1 $$ m$.var("pedido", "item") $$ ( 11269, 11293 ) $$ dereference of possibly-null reference m$.var("pedido", "item")
				null, m$.var("pedido", "item").get());
				            ^
../original/urla05239b71c_viniciusinnovatium_mumps2java_api_tgz-pJ8-com_disclinc_netmanager_script_test_ExecTesteNewJ8/src/com/disclinc/netmanager/variable/test/StackingVariableAndNewOperatorTest.java:298: error: (argument) $$ 4 $$ actual $$ Assert.assertEquals $$ @Initialized @Nullable Object $$ @Initialized @NonNull Object $$ ( 11269, 11299 ) $$ incompatible argument for parameter actual of Assert.assertEquals.
				null, m$.var("pedido", "item").get());
				                                  ^
  found   : @Initialized @Nullable Object
  required: @Initialized @NonNull Object
../original/urla05239b71c_viniciusinnovatium_mumps2java_api_tgz-pJ8-com_disclinc_netmanager_script_test_ExecTesteNewJ8/src/com/disclinc/netmanager/variable/test/StackingVariableAndNewOperatorTest.java:314: error: (dereference.of.nullable) $$ 1 $$ m$ $$ ( 11839, 11841 ) $$ dereference of possibly-null reference m$
				"11", m$.var("pedido").get());
				      ^
../original/urla05239b71c_viniciusinnovatium_mumps2java_api_tgz-pJ8-com_disclinc_netmanager_script_test_ExecTesteNewJ8/src/com/disclinc/netmanager/variable/test/StackingVariableAndNewOperatorTest.java:314: error: (dereference.of.nullable) $$ 1 $$ m$.var("pedido") $$ ( 11839, 11855 ) $$ dereference of possibly-null reference m$.var("pedido")
				"11", m$.var("pedido").get());
				            ^
../original/urla05239b71c_viniciusinnovatium_mumps2java_api_tgz-pJ8-com_disclinc_netmanager_script_test_ExecTesteNewJ8/src/com/disclinc/netmanager/variable/test/StackingVariableAndNewOperatorTest.java:314: error: (argument) $$ 4 $$ actual $$ Assert.assertEquals $$ @Initialized @Nullable Object $$ @Initialized @NonNull Object $$ ( 11839, 11861 ) $$ incompatible argument for parameter actual of Assert.assertEquals.
				"11", m$.var("pedido").get());
				                          ^
  found   : @Initialized @Nullable Object
  required: @Initialized @NonNull Object
../original/urla05239b71c_viniciusinnovatium_mumps2java_api_tgz-pJ8-com_disclinc_netmanager_script_test_ExecTesteNewJ8/src/com/disclinc/netmanager/variable/test/StackingVariableAndNewOperatorTest.java:317: error: (argument) $$ 4 $$ expected $$ Assert.assertEquals $$ null (NullType) $$ @Initialized @NonNull Object $$ ( 12021, 12025 ) $$ incompatible argument for parameter expected of Assert.assertEquals.
				null, m$.var("contrato").get());
				^
  found   : null (NullType)
  required: @Initialized @NonNull Object
../original/urla05239b71c_viniciusinnovatium_mumps2java_api_tgz-pJ8-com_disclinc_netmanager_script_test_ExecTesteNewJ8/src/com/disclinc/netmanager/variable/test/StackingVariableAndNewOperatorTest.java:317: error: (dereference.of.nullable) $$ 1 $$ m$.var("contrato") $$ ( 12027, 12045 ) $$ dereference of possibly-null reference m$.var("contrato")
				null, m$.var("contrato").get());
				            ^
../original/urla05239b71c_viniciusinnovatium_mumps2java_api_tgz-pJ8-com_disclinc_netmanager_script_test_ExecTesteNewJ8/src/com/disclinc/netmanager/variable/test/StackingVariableAndNewOperatorTest.java:317: error: (argument) $$ 4 $$ actual $$ Assert.assertEquals $$ @Initialized @Nullable Object $$ @Initialized @NonNull Object $$ ( 12027, 12051 ) $$ incompatible argument for parameter actual of Assert.assertEquals.
				null, m$.var("contrato").get());
				                            ^
  found   : @Initialized @Nullable Object
  required: @Initialized @NonNull Object
../original/urla05239b71c_viniciusinnovatium_mumps2java_api_tgz-pJ8-com_disclinc_netmanager_script_test_ExecTesteNewJ8/src/com/disclinc/netmanager/variable/test/StackingVariableAndNewOperatorTest.java:321: error: (dereference.of.nullable) $$ 1 $$ m$.var("item") $$ ( 12219, 12233 ) $$ dereference of possibly-null reference m$.var("item")
				"63", m$.var("item").get());
				            ^
../original/urla05239b71c_viniciusinnovatium_mumps2java_api_tgz-pJ8-com_disclinc_netmanager_script_test_ExecTesteNewJ8/src/com/disclinc/netmanager/variable/test/StackingVariableAndNewOperatorTest.java:321: error: (argument) $$ 4 $$ actual $$ Assert.assertEquals $$ @Initialized @Nullable Object $$ @Initialized @NonNull Object $$ ( 12219, 12239 ) $$ incompatible argument for parameter actual of Assert.assertEquals.
				"63", m$.var("item").get());
				                        ^
  found   : @Initialized @Nullable Object
  required: @Initialized @NonNull Object
../original/urla05239b71c_viniciusinnovatium_mumps2java_api_tgz-pJ8-com_disclinc_netmanager_script_test_ExecTesteNewJ8/src/com/disclinc/netmanager/variable/test/StackingVariableAndNewOperatorTest.java:325: error: (argument) $$ 4 $$ expected $$ Assert.assertEquals $$ null (NullType) $$ @Initialized @NonNull Object $$ ( 12401, 12405 ) $$ incompatible argument for parameter expected of Assert.assertEquals.
				null, m$.var("plastico").get());
				^
  found   : null (NullType)
  required: @Initialized @NonNull Object
../original/urla05239b71c_viniciusinnovatium_mumps2java_api_tgz-pJ8-com_disclinc_netmanager_script_test_ExecTesteNewJ8/src/com/disclinc/netmanager/variable/test/StackingVariableAndNewOperatorTest.java:325: error: (dereference.of.nullable) $$ 1 $$ m$.var("plastico") $$ ( 12407, 12425 ) $$ dereference of possibly-null reference m$.var("plastico")
				null, m$.var("plastico").get());
				            ^
../original/urla05239b71c_viniciusinnovatium_mumps2java_api_tgz-pJ8-com_disclinc_netmanager_script_test_ExecTesteNewJ8/src/com/disclinc/netmanager/variable/test/StackingVariableAndNewOperatorTest.java:325: error: (argument) $$ 4 $$ actual $$ Assert.assertEquals $$ @Initialized @Nullable Object $$ @Initialized @NonNull Object $$ ( 12407, 12431 ) $$ incompatible argument for parameter actual of Assert.assertEquals.
				null, m$.var("plastico").get());
				                            ^
  found   : @Initialized @Nullable Object
  required: @Initialized @NonNull Object
../original/urla05239b71c_viniciusinnovatium_mumps2java_api_tgz-pJ8-com_disclinc_netmanager_script_test_ExecTesteNewJ8/src/com/disclinc/netmanager/variable/test/StackingVariableAndNewOperatorTest.java:329: error: (dereference.of.nullable) $$ 1 $$ m$.var("eletronico") $$ ( 12599, 12619 ) $$ dereference of possibly-null reference m$.var("eletronico")
				"92", m$.var("eletronico").get());
				            ^
../original/urla05239b71c_viniciusinnovatium_mumps2java_api_tgz-pJ8-com_disclinc_netmanager_script_test_ExecTesteNewJ8/src/com/disclinc/netmanager/variable/test/StackingVariableAndNewOperatorTest.java:329: error: (argument) $$ 4 $$ actual $$ Assert.assertEquals $$ @Initialized @Nullable Object $$ @Initialized @NonNull Object $$ ( 12599, 12625 ) $$ incompatible argument for parameter actual of Assert.assertEquals.
				"92", m$.var("eletronico").get());
				                              ^
  found   : @Initialized @Nullable Object
  required: @Initialized @NonNull Object
../original/urla05239b71c_viniciusinnovatium_mumps2java_api_tgz-pJ8-com_disclinc_netmanager_script_test_ExecTesteNewJ8/src/com/disclinc/netmanager/variable/test/StackingVariableAndNewOperatorTest.java:360: error: (argument) $$ 4 $$ expected $$ Assert.assertEquals $$ null (NullType) $$ @Initialized @NonNull Object $$ ( 13852, 13856 ) $$ incompatible argument for parameter expected of Assert.assertEquals.
				null, m$.var("pedido").get());
				^
  found   : null (NullType)
  required: @Initialized @NonNull Object
../original/urla05239b71c_viniciusinnovatium_mumps2java_api_tgz-pJ8-com_disclinc_netmanager_script_test_ExecTesteNewJ8/src/com/disclinc/netmanager/variable/test/StackingVariableAndNewOperatorTest.java:360: error: (dereference.of.nullable) $$ 1 $$ m$ $$ ( 13858, 13860 ) $$ dereference of possibly-null reference m$
				null, m$.var("pedido").get());
				      ^
../original/urla05239b71c_viniciusinnovatium_mumps2java_api_tgz-pJ8-com_disclinc_netmanager_script_test_ExecTesteNewJ8/src/com/disclinc/netmanager/variable/test/StackingVariableAndNewOperatorTest.java:360: error: (dereference.of.nullable) $$ 1 $$ m$.var("pedido") $$ ( 13858, 13874 ) $$ dereference of possibly-null reference m$.var("pedido")
				null, m$.var("pedido").get());
				            ^
../original/urla05239b71c_viniciusinnovatium_mumps2java_api_tgz-pJ8-com_disclinc_netmanager_script_test_ExecTesteNewJ8/src/com/disclinc/netmanager/variable/test/StackingVariableAndNewOperatorTest.java:360: error: (argument) $$ 4 $$ actual $$ Assert.assertEquals $$ @Initialized @Nullable Object $$ @Initialized @NonNull Object $$ ( 13858, 13880 ) $$ incompatible argument for parameter actual of Assert.assertEquals.
				null, m$.var("pedido").get());
				                          ^
  found   : @Initialized @Nullable Object
  required: @Initialized @NonNull Object
../original/urla05239b71c_viniciusinnovatium_mumps2java_api_tgz-pJ8-com_disclinc_netmanager_script_test_ExecTesteNewJ8/src/com/disclinc/netmanager/variable/test/StackingVariableAndNewOperatorTest.java:370: error: (dereference.of.nullable) $$ 1 $$ m$.var("pedido", "item", "medicamento") $$ ( 14172, 14211 ) $$ dereference of possibly-null reference m$.var("pedido", "item", "medicamento")
				"100", m$.var("pedido", "item", "medicamento").get());
				             ^
../original/urla05239b71c_viniciusinnovatium_mumps2java_api_tgz-pJ8-com_disclinc_netmanager_script_test_ExecTesteNewJ8/src/com/disclinc/netmanager/variable/test/StackingVariableAndNewOperatorTest.java:370: error: (argument) $$ 4 $$ actual $$ Assert.assertEquals $$ @Initialized @Nullable Object $$ @Initialized @NonNull Object $$ ( 14172, 14217 ) $$ incompatible argument for parameter actual of Assert.assertEquals.
				"100", m$.var("pedido", "item", "medicamento").get());
				                                                  ^
  found   : @Initialized @Nullable Object
  required: @Initialized @NonNull Object
../original/urla05239b71c_viniciusinnovatium_mumps2java_api_tgz-pJ8-com_disclinc_netmanager_script_test_ExecTesteNewJ8/src/com/disclinc/netmanager/variable/test/StackingVariableAndNewOperatorTest.java:374: error: (dereference.of.nullable) $$ 1 $$ m$.var("contrato") $$ ( 14349, 14367 ) $$ dereference of possibly-null reference m$.var("contrato")
				"cod1", m$.var("contrato").get());
				              ^
../original/urla05239b71c_viniciusinnovatium_mumps2java_api_tgz-pJ8-com_disclinc_netmanager_script_test_ExecTesteNewJ8/src/com/disclinc/netmanager/variable/test/StackingVariableAndNewOperatorTest.java:374: error: (argument) $$ 4 $$ actual $$ Assert.assertEquals $$ @Initialized @Nullable Object $$ @Initialized @NonNull Object $$ ( 14349, 14373 ) $$ incompatible argument for parameter actual of Assert.assertEquals.
				"cod1", m$.var("contrato").get());
				                              ^
  found   : @Initialized @Nullable Object
  required: @Initialized @NonNull Object
../original/urla05239b71c_viniciusinnovatium_mumps2java_api_tgz-pJ8-com_disclinc_netmanager_script_test_ExecTesteNewJ8/src/com/disclinc/netmanager/variable/test/StackingVariableAndNewOperatorTest.java:378: error: (dereference.of.nullable) $$ 1 $$ m$.var("contrato", "clausula") $$ ( 14505, 14535 ) $$ dereference of possibly-null reference m$.var("contrato", "clausula")
				"mm77", m$.var("contrato", "clausula").get());
				              ^
../original/urla05239b71c_viniciusinnovatium_mumps2java_api_tgz-pJ8-com_disclinc_netmanager_script_test_ExecTesteNewJ8/src/com/disclinc/netmanager/variable/test/StackingVariableAndNewOperatorTest.java:378: error: (argument) $$ 4 $$ actual $$ Assert.assertEquals $$ @Initialized @Nullable Object $$ @Initialized @NonNull Object $$ ( 14505, 14541 ) $$ incompatible argument for parameter actual of Assert.assertEquals.
				"mm77", m$.var("contrato", "clausula").get());
				                                          ^
  found   : @Initialized @Nullable Object
  required: @Initialized @NonNull Object
../original/urla05239b71c_viniciusinnovatium_mumps2java_api_tgz-pJ8-com_disclinc_netmanager_script_test_ExecTesteNewJ8/src/com/disclinc/netmanager/variable/test/StackingVariableAndNewOperatorTest.java:383: error: (dereference.of.nullable) $$ 1 $$ m$ $$ ( 14594, 14596 ) $$ dereference of possibly-null reference m$
		m$.oldvar(1);
		^
../original/urla05239b71c_viniciusinnovatium_mumps2java_api_tgz-pJ8-com_disclinc_netmanager_script_test_ExecTesteNewJ8/src/mLibrary/mOp.java:18: error: (return) $$ 2 $$ null (NullType) $$ @Initialized @NonNull Object $$ ( 340, 344 ) $$ incompatible types in return.
			return null;
			       ^
  type of expression: null (NullType)
  method return type: @Initialized @NonNull Object
../original/urla05239b71c_viniciusinnovatium_mumps2java_api_tgz-pJ8-com_disclinc_netmanager_script_test_ExecTesteNewJ8/src/mLibrary/mOp.java:26: error: (return) $$ 2 $$ null (NullType) $$ @Initialized @NonNull Object $$ ( 496, 500 ) $$ incompatible types in return.
			return null;
			       ^
  type of expression: null (NullType)
  method return type: @Initialized @NonNull Object
../original/urla05239b71c_viniciusinnovatium_mumps2java_api_tgz-pJ8-com_disclinc_netmanager_script_test_ExecTesteNewJ8/src/mLibrary/mRegExConverter.java:184: error: (dereference.of.nullable) $$ 1 $$ javaPattern $$ ( 5579, 5590 ) $$ dereference of possibly-null reference javaPattern
				if (javaPattern.equals(""))
				    ^
../original/urla05239b71c_viniciusinnovatium_mumps2java_api_tgz-pJ8-com_disclinc_netmanager_script_test_ExecTesteNewJ8/src/mLibrary/mRegExConverter.java:190: error: (argument) $$ 4 $$ str $$ String.concat $$ @Initialized @Nullable String $$ @Initialized @NonNull String $$ ( 5760, 5813 ) $$ incompatible argument for parameter str of String.concat.
					javaPattern = javaPattern.concat("|").concat(patternAtomTranslateTable.get(cachePattern.charAt(i)));
					                                                                          ^
  found   : @Initialized @Nullable String
  required: @Initialized @NonNull String
../original/urla05239b71c_viniciusinnovatium_mumps2java_api_tgz-pJ8-com_disclinc_netmanager_script_test_ExecTesteNewJ8/src/mLibrary/mRegExConverter.java:194: error: (argument) $$ 4 $$ str $$ String.concat $$ @Initialized @Nullable String $$ @Initialized @NonNull String $$ ( 5855, 5866 ) $$ incompatible argument for parameter str of String.concat.
		return "(".concat(javaPattern).concat(")");
		                  ^
  found   : @Initialized @Nullable String
  required: @Initialized @NonNull String
../original/urla05239b71c_viniciusinnovatium_mumps2java_api_tgz-pJ8-com_disclinc_netmanager_script_test_ExecTesteNewJ8/src/mLibrary/mZStripParser.java:181: error: (argument) $$ 4 $$ str $$ String.concat $$ @Initialized @Nullable String $$ @Initialized @NonNull String $$ ( 6618, 6667 ) $$ incompatible argument for parameter str of String.concat.
					javaPattern = javaPattern.concat(patternTranslateTable.get(cachePattern.charAt(i)));
					                                                          ^
  found   : @Initialized @Nullable String
  required: @Initialized @NonNull String
../original/urla05239b71c_viniciusinnovatium_mumps2java_api_tgz-pJ8-com_disclinc_netmanager_script_test_ExecTesteNewJ8/src/mLibrary/mFncUtil.java:49: error: (dereference.of.nullable) $$ 1 $$ obj $$ ( 1209, 1212 ) $$ dereference of possibly-null reference obj
			if (obj.toString().isEmpty()) {
			    ^
../original/urla05239b71c_viniciusinnovatium_mumps2java_api_tgz-pJ8-com_disclinc_netmanager_script_test_ExecTesteNewJ8/src/mLibrary/mFncUtil.java:52: error: (dereference.of.nullable) $$ 1 $$ castDouble(obj) $$ ( 1269, 1284 ) $$ dereference of possibly-null reference castDouble(obj)
			return castDouble(obj).intValue();
			                 ^
../original/urla05239b71c_viniciusinnovatium_mumps2java_api_tgz-pJ8-com_disclinc_netmanager_script_test_ExecTesteNewJ8/src/mLibrary/mFncUtil.java:69: error: (assignment) $$ 2 $$ @Initialized @Nullable Integer $$ @Initialized @NonNull Integer $$ ( 1699, 1714 ) $$ incompatible types in assignment.
			array[i] = castInt(obj[i]);
			                  ^
  found   : @Initialized @Nullable Integer
  required: @Initialized @NonNull Integer
../original/urla05239b71c_viniciusinnovatium_mumps2java_api_tgz-pJ8-com_disclinc_netmanager_script_test_ExecTesteNewJ8/src/mLibrary/mFncUtil.java:217: error: (dereference.of.nullable) $$ 1 $$ dFormat $$ ( 5414, 5421 ) $$ dereference of possibly-null reference dFormat
		if (dFormat.equals("-1")) {
		    ^
../original/urla05239b71c_viniciusinnovatium_mumps2java_api_tgz-pJ8-com_disclinc_netmanager_script_test_ExecTesteNewJ8/src/mLibrary/mFncUtil.java:337: error: (assignment) $$ 2 $$ @Initialized @Nullable String @Initialized @NonNull [] $$ @Initialized @NonNull String @UnknownInitialization @Nullable [] $$ ( 8456, 8498 ) $$ incompatible types in assignment.
		final String[] array = Arrays.copyOfRange(strSplit, from - 1, to);
		                                         ^
  found   : @Initialized @Nullable String @Initialized @NonNull []
  required: @Initialized @NonNull String @UnknownInitialization @Nullable []
../original/urla05239b71c_viniciusinnovatium_mumps2java_api_tgz-pJ8-com_disclinc_netmanager_script_test_ExecTesteNewJ8/src/mLibrary/mFncUtil.java:361: error: (unboxing.of.nullable) $$ 1 $$ position $$ ( 9152, 9160 ) $$ unboxing a possibly-null reference position
		if (position > array.length) {
		    ^
../original/urla05239b71c_viniciusinnovatium_mumps2java_api_tgz-pJ8-com_disclinc_netmanager_script_test_ExecTesteNewJ8/src/mLibrary/mFncUtil.java:362: error: (assignment) $$ 2 $$ @Initialized @Nullable Object @Initialized @NonNull [] $$ @Initialized @NonNull Object @UnknownInitialization @Nullable [] $$ ( 9191, 9229 ) $$ incompatible types in assignment.
			array = Arrays.copyOfRange(array, 0, position);
			                          ^
  found   : @Initialized @Nullable Object @Initialized @NonNull []
  required: @Initialized @NonNull Object @UnknownInitialization @Nullable []
Note: Some input files use or override a deprecated API.
Note: Recompile with -Xlint:deprecation for details.
448 errors
1 warning
