../original/url9a546dbc59_ojjsaw_448p3_tgz-pJ8-tests_RelOperatorTestJ8/src/tests/RelOperatorTest.java:32: error: [initialization.static.field.uninitialized] static field s_drivers not initialized
  private static Schema s_drivers;
                        ^
../original/url9a546dbc59_ojjsaw_448p3_tgz-pJ8-tests_RelOperatorTestJ8/src/tests/RelOperatorTest.java:35: error: [initialization.static.field.uninitialized] static field s_rides not initialized
  private static Schema s_rides;
                        ^
../original/url9a546dbc59_ojjsaw_448p3_tgz-pJ8-tests_RelOperatorTestJ8/src/tests/RelOperatorTest.java:38: error: [initialization.static.field.uninitialized] static field s_groups not initialized
  private static Schema s_groups;
                        ^
../original/url9a546dbc59_ojjsaw_448p3_tgz-pJ8-tests_RelOperatorTestJ8/src/tests/RelOperatorTest.java:97: error: [argument] incompatible argument for parameter desc of TestDriver.saveCounts.
      saveCounts(null);
                 ^
  found   : null (NullType)
  required: @Initialized @NonNull String
../original/url9a546dbc59_ojjsaw_448p3_tgz-pJ8-tests_RelOperatorTestJ8/src/tests/RelOperatorTest.java:101: error: [argument] incompatible argument for parameter name of HeapFile constructor.
      HeapFile file = new HeapFile(null);
                                   ^
  found   : null (NullType)
  required: @Initialized @NonNull String
../original/url9a546dbc59_ojjsaw_448p3_tgz-pJ8-tests_RelOperatorTestJ8/src/tests/RelOperatorTest.java:102: error: [argument] incompatible argument for parameter arg0 of HashIndex constructor.
      HashIndex index = new HashIndex(null);
                                      ^
  found   : null (NullType)
  required: @Initialized @NonNull String
../original/url9a546dbc59_ojjsaw_448p3_tgz-pJ8-tests_RelOperatorTestJ8/src/tests/RelOperatorTest.java:121: error: [argument] incompatible argument for parameter desc of TestDriver.saveCounts.
      saveCounts(null);
                 ^
  found   : null (NullType)
  required: @Initialized @NonNull String
../original/url9a546dbc59_ojjsaw_448p3_tgz-pJ8-tests_RelOperatorTestJ8/src/tests/RelOperatorTest.java:129: error: [argument] incompatible argument for parameter desc of TestDriver.saveCounts.
      saveCounts(null);
                 ^
  found   : null (NullType)
  required: @Initialized @NonNull String
../original/url9a546dbc59_ojjsaw_448p3_tgz-pJ8-tests_RelOperatorTestJ8/src/tests/RelOperatorTest.java:142: error: [argument] incompatible argument for parameter desc of TestDriver.saveCounts.
      saveCounts(null);
                 ^
  found   : null (NullType)
  required: @Initialized @NonNull String
../original/url9a546dbc59_ojjsaw_448p3_tgz-pJ8-tests_RelOperatorTestJ8/src/tests/RelOperatorTest.java:150: error: [argument] incompatible argument for parameter desc of TestDriver.saveCounts.
      saveCounts(null);
                 ^
  found   : null (NullType)
  required: @Initialized @NonNull String
../original/url9a546dbc59_ojjsaw_448p3_tgz-pJ8-tests_RelOperatorTestJ8/src/tests/RelOperatorTest.java:159: error: [argument] incompatible argument for parameter desc of TestDriver.saveCounts.
      saveCounts(null);
                 ^
  found   : null (NullType)
  required: @Initialized @NonNull String
../original/url9a546dbc59_ojjsaw_448p3_tgz-pJ8-tests_RelOperatorTestJ8/src/tests/RelOperatorTest.java:206: error: [argument] incompatible argument for parameter desc of TestDriver.saveCounts.
      saveCounts(null);
                 ^
  found   : null (NullType)
  required: @Initialized @NonNull String
../original/url9a546dbc59_ojjsaw_448p3_tgz-pJ8-tests_RelOperatorTestJ8/src/tests/RelOperatorTest.java:207: error: [argument] incompatible argument for parameter name of HeapFile constructor.
      HeapFile drivers = new HeapFile(null);
                                      ^
  found   : null (NullType)
  required: @Initialized @NonNull String
../original/url9a546dbc59_ojjsaw_448p3_tgz-pJ8-tests_RelOperatorTestJ8/src/tests/RelOperatorTest.java:230: error: [argument] incompatible argument for parameter desc of TestDriver.saveCounts.
      saveCounts(null);
                 ^
  found   : null (NullType)
  required: @Initialized @NonNull String
../original/url9a546dbc59_ojjsaw_448p3_tgz-pJ8-tests_RelOperatorTestJ8/src/tests/RelOperatorTest.java:231: error: [argument] incompatible argument for parameter name of HeapFile constructor.
      HeapFile rides = new HeapFile(null);
                                    ^
  found   : null (NullType)
  required: @Initialized @NonNull String
../original/url9a546dbc59_ojjsaw_448p3_tgz-pJ8-tests_RelOperatorTestJ8/src/tests/RelOperatorTest.java:260: error: [argument] incompatible argument for parameter desc of TestDriver.saveCounts.
      saveCounts(null);
                 ^
  found   : null (NullType)
  required: @Initialized @NonNull String
../original/url9a546dbc59_ojjsaw_448p3_tgz-pJ8-tests_RelOperatorTestJ8/src/tests/RelOperatorTest.java:299: error: [argument] incompatible argument for parameter desc of TestDriver.saveCounts.
      saveCounts(null);
                 ^
  found   : null (NullType)
  required: @Initialized @NonNull String
../original/url9a546dbc59_ojjsaw_448p3_tgz-pJ8-tests_RelOperatorTestJ8/src/tests/RelOperatorTest.java:301: error: [argument] incompatible argument for parameter name of HeapFile constructor.
      HeapFile drivers = new HeapFile(null);
                                      ^
  found   : null (NullType)
  required: @Initialized @NonNull String
../original/url9a546dbc59_ojjsaw_448p3_tgz-pJ8-tests_RelOperatorTestJ8/src/tests/RelOperatorTest.java:318: error: [argument] incompatible argument for parameter desc of TestDriver.saveCounts.
      saveCounts(null);
                 ^
  found   : null (NullType)
  required: @Initialized @NonNull String
../original/url9a546dbc59_ojjsaw_448p3_tgz-pJ8-tests_RelOperatorTestJ8/src/tests/RelOperatorTest.java:321: error: [argument] incompatible argument for parameter name of HeapFile constructor.
      HeapFile rides = new HeapFile(null);
                                    ^
  found   : null (NullType)
  required: @Initialized @NonNull String
../original/url9a546dbc59_ojjsaw_448p3_tgz-pJ8-tests_RelOperatorTestJ8/src/tests/RelOperatorTest.java:332: error: [argument] incompatible argument for parameter desc of TestDriver.saveCounts.
      saveCounts(null);
                 ^
  found   : null (NullType)
  required: @Initialized @NonNull String
../original/url9a546dbc59_ojjsaw_448p3_tgz-pJ8-tests_RelOperatorTestJ8/src/tests/RelOperatorTest.java:334: error: [argument] incompatible argument for parameter name of HeapFile constructor.
      HeapFile groups = new HeapFile(null);
                                     ^
  found   : null (NullType)
  required: @Initialized @NonNull String
../original/url9a546dbc59_ojjsaw_448p3_tgz-pJ8-tests_RelOperatorTestJ8/src/tests/RelOperatorTest.java:342: error: [argument] incompatible argument for parameter desc of TestDriver.saveCounts.
      saveCounts(null);
                 ^
  found   : null (NullType)
  required: @Initialized @NonNull String
../original/url9a546dbc59_ojjsaw_448p3_tgz-pJ8-tests_RelOperatorTestJ8/src/tests/TestDriver.java:39: error: [initialization.field.uninitialized] the default constructor does not initialize field random
  protected Random random;
                   ^
../original/url9a546dbc59_ojjsaw_448p3_tgz-pJ8-tests_RelOperatorTestJ8/src/tests/TestDriver.java:46: error: [initialization.field.uninitialized] the default constructor does not initialize field desc
    public String desc;
                  ^
../original/url9a546dbc59_ojjsaw_448p3_tgz-pJ8-tests_RelOperatorTestJ8/src/tests/TestDriver.java:62: error: [initialization.field.uninitialized] the default constructor does not initialize field counts
  protected ArrayList<CountData> counts;
                                 ^
../original/url9a546dbc59_ojjsaw_448p3_tgz-pJ8-tests_RelOperatorTestJ8/src/global/RID.java:27: error: [initialization.fields.uninitialized] the constructor does not initialize fields: pageno
  public RID(RID rid) {
         ^
../original/url9a546dbc59_ojjsaw_448p3_tgz-pJ8-tests_RelOperatorTestJ8/src/global/RID.java:28: error: [method.invocation] call to copyRID(global.RID) not allowed on the given receiver.
    copyRID(rid);
           ^
  found   : @UnderInitialization @NonNull RID
  required: @Initialized @NonNull RID
../original/url9a546dbc59_ojjsaw_448p3_tgz-pJ8-tests_RelOperatorTestJ8/src/global/RID.java:83: error: [override.param] Incompatible parameter type for obj.
  public boolean equals(Object obj) {
                               ^
  found   : @Initialized @NonNull Object
  required: @Initialized @Nullable Object
  Consequence: method in @Initialized @NonNull RID
    @Initialized @NonNull boolean equals(@Initialized @NonNull RID this, @Initialized @NonNull Object p0)
  cannot override method in @Initialized @NonNull Object
    @Initialized @NonNull boolean equals(@Initialized @NonNull Object this, @Initialized @Nullable Object p0)
../original/url9a546dbc59_ojjsaw_448p3_tgz-pJ8-tests_RelOperatorTestJ8/src/global/PageId.java:45: error: [override.param] Incompatible parameter type for obj.
  public boolean equals(Object obj) {
                               ^
  found   : @Initialized @NonNull Object
  required: @Initialized @Nullable Object
  Consequence: method in @Initialized @NonNull PageId
    @Initialized @NonNull boolean equals(@Initialized @NonNull PageId this, @Initialized @NonNull Object p0)
  cannot override method in @Initialized @NonNull Object
    @Initialized @NonNull boolean equals(@Initialized @NonNull Object this, @Initialized @Nullable Object p0)
../original/url9a546dbc59_ojjsaw_448p3_tgz-pJ8-tests_RelOperatorTestJ8/src/global/SearchKey.java:95: error: [initialization.fields.uninitialized] the constructor does not initialize fields: value
  public SearchKey(SearchKey key) {
         ^
../original/url9a546dbc59_ojjsaw_448p3_tgz-pJ8-tests_RelOperatorTestJ8/src/global/SearchKey.java:121: error: [initialization.fields.uninitialized] the constructor does not initialize fields: value
  public SearchKey(byte[] data, short offset) {
         ^
../original/url9a546dbc59_ojjsaw_448p3_tgz-pJ8-tests_RelOperatorTestJ8/src/global/SearchKey.java:235: error: [override.param] Incompatible parameter type for obj.
  public boolean equals(Object obj) {
                               ^
  found   : @Initialized @NonNull Object
  required: @Initialized @Nullable Object
  Consequence: method in @Initialized @NonNull SearchKey
    @Initialized @NonNull boolean equals(@Initialized @NonNull SearchKey this, @Initialized @NonNull Object p0)
  cannot override method in @Initialized @NonNull Object
    @Initialized @NonNull boolean equals(@Initialized @NonNull Object this, @Initialized @Nullable Object p0)
../original/url9a546dbc59_ojjsaw_448p3_tgz-pJ8-tests_RelOperatorTestJ8/src/global/Page.java:23: error: [initialization.fields.uninitialized] the constructor does not initialize fields: data
  public Page(byte[] data) {
         ^
../original/url9a546dbc59_ojjsaw_448p3_tgz-pJ8-tests_RelOperatorTestJ8/src/global/Page.java:24: error: [method.invocation] call to setData(byte[]) not allowed on the given receiver.
    setData(data);
           ^
  found   : @UnderInitialization @NonNull Page
  required: @Initialized @NonNull Page
../original/url9a546dbc59_ojjsaw_448p3_tgz-pJ8-tests_RelOperatorTestJ8/src/global/Minibase.java:13: error: [initialization.static.field.uninitialized] static field DatabaseName not initialized
  public static String DatabaseName;
                       ^
../original/url9a546dbc59_ojjsaw_448p3_tgz-pJ8-tests_RelOperatorTestJ8/src/global/Minibase.java:16: error: [initialization.static.field.uninitialized] static field DiskManager not initialized
  public static DiskMgr DiskManager;
                        ^
../original/url9a546dbc59_ojjsaw_448p3_tgz-pJ8-tests_RelOperatorTestJ8/src/global/Minibase.java:19: error: [initialization.static.field.uninitialized] static field BufferManager not initialized
  public static BufMgr BufferManager;
                       ^
../original/url9a546dbc59_ojjsaw_448p3_tgz-pJ8-tests_RelOperatorTestJ8/src/global/Minibase.java:37: error: [method.invocation] call to init(java.lang.String,int,int,java.lang.String,boolean) not allowed on the given receiver.
    init(dbname, num_pgs, bufpoolsize, replacement_policy, exists);
        ^
  found   : @UnderInitialization(global.Minibase.class) @NonNull Minibase
  required: @Initialized @NonNull Minibase
../original/url9a546dbc59_ojjsaw_448p3_tgz-pJ8-tests_RelOperatorTestJ8/src/externalSort/SortMergeJoin.java:22: error: [initialization.fields.uninitialized] the constructor does not initialize fields: iter
	public SortMergeJoin(FileScan fileScan, FileScan fileScan2, final int i, final int j) {
	       ^
../original/url9a546dbc59_ojjsaw_448p3_tgz-pJ8-tests_RelOperatorTestJ8/src/externalSort/SortMergeJoin.java:26: error: [method.invocation] call to setSchema(relop.Schema) not allowed on the given receiver.
		this.setSchema(schema);
		              ^
  found   : @UnderInitialization(relop.Iterator.class) @NonNull Iterator
  required: @Initialized @NonNull Iterator
../original/url9a546dbc59_ojjsaw_448p3_tgz-pJ8-tests_RelOperatorTestJ8/src/externalSort/SortMergeJoin.java:33: error: [method.invocation] call to doWork(int,int) not allowed on the given receiver.
		doWork(i,j);
		      ^
  found   : @UnderInitialization(relop.Iterator.class) @NonNull SortMergeJoin
  required: @Initialized @NonNull SortMergeJoin
../original/url9a546dbc59_ojjsaw_448p3_tgz-pJ8-tests_RelOperatorTestJ8/src/externalSort/SortMergeJoin.java:148: error: [initialization.fields.uninitialized] the constructor does not initialize fields: left, iter
	public SortMergeJoin(SortMergeJoin join1, FileScan fileScan2, final int i, final int j) {
	       ^
../original/url9a546dbc59_ojjsaw_448p3_tgz-pJ8-tests_RelOperatorTestJ8/src/externalSort/SortMergeJoin.java:159: error: [method.invocation] call to doWork(int,int) not allowed on the given receiver.
		doWork(i,j);
		      ^
  found   : @UnderInitialization(relop.Iterator.class) @NonNull SortMergeJoin
  required: @Initialized @NonNull SortMergeJoin
../original/url9a546dbc59_ojjsaw_448p3_tgz-pJ8-tests_RelOperatorTestJ8/src/externalSort/SortMergeJoin.java:180: error: [assignment] incompatible types in assignment.
		iter = null;
		       ^
  found   : null (NullType)
  required: @Initialized @NonNull Iterator<@Initialized @NonNull Tuple>
../original/url9a546dbc59_ojjsaw_448p3_tgz-pJ8-tests_RelOperatorTestJ8/src/relop/Iterator.java:14: error: [initialization.field.uninitialized] the default constructor does not initialize field schema
  private Schema schema;
                 ^
../original/url9a546dbc59_ojjsaw_448p3_tgz-pJ8-tests_RelOperatorTestJ8/src/relop/Tuple.java:42: error: [method.invocation] call to setAllFields(java.lang.Object...) not allowed on the given receiver.
    setAllFields(values);
                ^
  found   : @UnderInitialization(relop.Tuple.class) @NonNull Tuple
  required: @Initialized @NonNull Tuple
../original/url9a546dbc59_ojjsaw_448p3_tgz-pJ8-tests_RelOperatorTestJ8/src/relop/FileScan.java:19: error: [initialization.fields.uninitialized] the constructor does not initialize fields: lastrid
  public FileScan(Schema schema, HeapFile file) {
         ^
../original/url9a546dbc59_ojjsaw_448p3_tgz-pJ8-tests_RelOperatorTestJ8/src/relop/FileScan.java:20: error: [method.invocation] call to setSchema(relop.Schema) not allowed on the given receiver.
    this.setSchema(schema);
                  ^
  found   : @UnderInitialization(relop.Iterator.class) @NonNull Iterator
  required: @Initialized @NonNull Iterator
../original/url9a546dbc59_ojjsaw_448p3_tgz-pJ8-tests_RelOperatorTestJ8/src/relop/FileScan.java:76: error: [return] incompatible types in return.
		  return null;
		         ^
  type of expression: null (NullType)
  method return type: @Initialized @NonNull Tuple
../original/url9a546dbc59_ojjsaw_448p3_tgz-pJ8-tests_RelOperatorTestJ8/src/relop/IndexScan.java:77: error: [return] incompatible types in return.
		  return null;
		         ^
  type of expression: null (NullType)
  method return type: @Initialized @NonNull Tuple
../original/url9a546dbc59_ojjsaw_448p3_tgz-pJ8-tests_RelOperatorTestJ8/src/relop/IndexScan.java:86: error: [return] incompatible types in return.
	  return null;
	         ^
  type of expression: null (NullType)
  method return type: @Initialized @NonNull SearchKey
../original/url9a546dbc59_ojjsaw_448p3_tgz-pJ8-tests_RelOperatorTestJ8/src/relop/KeyScan.java:24: error: [method.invocation] call to setSchema(relop.Schema) not allowed on the given receiver.
    this.setSchema(schema);
                  ^
  found   : @UnderInitialization(relop.Iterator.class) @NonNull Iterator
  required: @Initialized @NonNull Iterator
../original/url9a546dbc59_ojjsaw_448p3_tgz-pJ8-tests_RelOperatorTestJ8/src/relop/Selection.java:34: error: [method.invocation] call to setSchema(relop.Schema) not allowed on the given receiver.
    this.setSchema(schema); 
                  ^
  found   : @UnderInitialization(relop.Selection.class) @NonNull Iterator
  required: @Initialized @NonNull Iterator
../original/url9a546dbc59_ojjsaw_448p3_tgz-pJ8-tests_RelOperatorTestJ8/src/relop/Selection.java:47: error: [method.invocation] call to setSchema(relop.Schema) not allowed on the given receiver.
	  this.setSchema(schema); 
	                ^
  found   : @UnderInitialization(relop.Selection.class) @NonNull Iterator
  required: @Initialized @NonNull Iterator
../original/url9a546dbc59_ojjsaw_448p3_tgz-pJ8-tests_RelOperatorTestJ8/src/relop/Selection.java:76: error: [assignment] incompatible types in assignment.
    iter = null;
           ^
  found   : null (NullType)
  required: @Initialized @NonNull Iterator<@Initialized @NonNull Tuple>
../original/url9a546dbc59_ojjsaw_448p3_tgz-pJ8-tests_RelOperatorTestJ8/src/relop/Projection.java:16: error: [method.invocation] call to setSchema(relop.Schema) not allowed on the given receiver.
	  this.setSchema(new Schema(fields.length));
	                ^
  found   : @UnderInitialization(relop.Projection.class) @NonNull Iterator
  required: @Initialized @NonNull Iterator
../original/url9a546dbc59_ojjsaw_448p3_tgz-pJ8-tests_RelOperatorTestJ8/src/relop/Projection.java:18: error: [method.invocation] call to getSchema() not allowed on the given receiver.
	    	this.getSchema().initField(i, iter.getSchema(), fields[i]);
	    	              ^
  found   : @UnderInitialization(relop.Projection.class) @NonNull Iterator
  required: @Initialized @NonNull Iterator
../original/url9a546dbc59_ojjsaw_448p3_tgz-pJ8-tests_RelOperatorTestJ8/src/relop/SimpleJoin.java:35: error: [method.invocation] call to setSchema(relop.Schema) not allowed on the given receiver.
    this.setSchema(schema);
                  ^
  found   : @UnderInitialization(relop.SimpleJoin.class) @NonNull Iterator
  required: @Initialized @NonNull Iterator
../original/url9a546dbc59_ojjsaw_448p3_tgz-pJ8-tests_RelOperatorTestJ8/src/relop/SimpleJoin.java:64: error: [assignment] incompatible types in assignment.
	  iter = null;
	         ^
  found   : null (NullType)
  required: @Initialized @NonNull Iterator<@Initialized @NonNull Tuple>
Note: Some input files use or override a deprecated API.
Note: Recompile with -Xlint:deprecation for details.
60 errors
