../original/urld44fdf4fee_nadilsons_reflection_dsl_tgz-pJ8-br_com_bit_ideias_reflection_SimplePerformanceTestJ8/src/br/com/bit/ideias/reflection/scanner/UrlResource.java:33: error: [return] incompatible types in return.
            return null;
                   ^
  type of expression: null (NullType)
  method return type: @Initialized @NonNull Resource
../original/urld44fdf4fee_nadilsons_reflection_dsl_tgz-pJ8-br_com_bit_ideias_reflection_SimplePerformanceTestJ8/src/br/com/bit/ideias/reflection/scanner/UrlResource.java:44: error: [dereference.of.nullable] dereference of possibly-null reference resourceUri
        return new File(resourceUri.getSchemeSpecificPart());
                        ^
../original/urld44fdf4fee_nadilsons_reflection_dsl_tgz-pJ8-br_com_bit_ideias_reflection_SimplePerformanceTestJ8/src/br/com/bit/ideias/reflection/scanner/PackageScanner.java:61: error: [method.invocation] call to convertClassNameToResourcePath(java.lang.String) not allowed on the given receiver.
        this.path = CLASSPATH_ALL_URL_PREFIX + convertClassNameToResourcePath(packagePath) + "**" + File.separator + "*.class";
                                                                             ^
  found   : @UnderInitialization @NonNull PackageScanner
  required: @Initialized @NonNull PackageScanner
../original/urld44fdf4fee_nadilsons_reflection_dsl_tgz-pJ8-br_com_bit_ideias_reflection_SimplePerformanceTestJ8/src/br/com/bit/ideias/reflection/scanner/PackageScanner.java:118: error: [return] incompatible types in return.
        return this.getClass().getClassLoader();
                                             ^
  type of expression: @Initialized @Nullable ClassLoader
  method return type: @Initialized @NonNull ClassLoader
../original/urld44fdf4fee_nadilsons_reflection_dsl_tgz-pJ8-br_com_bit_ideias_reflection_SimplePerformanceTestJ8/src/br/com/bit/ideias/reflection/scanner/FileSystemResource.java:18: error: [return] incompatible types in return.
        return null;
               ^
  type of expression: null (NullType)
  method return type: @Initialized @NonNull Resource
../original/urld44fdf4fee_nadilsons_reflection_dsl_tgz-pJ8-br_com_bit_ideias_reflection_SimplePerformanceTestJ8/src/br/com/bit/ideias/reflection/scanner/FileSystemResource.java:22: error: [return] incompatible types in return.
        return null;
               ^
  type of expression: null (NullType)
  method return type: @Initialized @NonNull File
../original/urld44fdf4fee_nadilsons_reflection_dsl_tgz-pJ8-br_com_bit_ideias_reflection_SimplePerformanceTestJ8/src/br/com/bit/ideias/reflection/scanner/FileSystemResource.java:26: error: [return] incompatible types in return.
        return null;
               ^
  type of expression: null (NullType)
  method return type: @Initialized @NonNull URL
../original/urld44fdf4fee_nadilsons_reflection_dsl_tgz-pJ8-br_com_bit_ideias_reflection_SimplePerformanceTestJ8/src/br/com/bit/ideias/reflection/rql/query/QueryImpl.java:30: error: [argument] incompatible argument for parameter introspector of QueryImpl constructor.
        this(null, query);
             ^
  found   : null (NullType)
  required: @Initialized @NonNull Introspector
../original/urld44fdf4fee_nadilsons_reflection_dsl_tgz-pJ8-br_com_bit_ideias_reflection_SimplePerformanceTestJ8/src/br/com/bit/ideias/reflection/rql/query/QueryImpl.java:57: warning: [cast.unsafe] cast from "@Initialized @Nullable Object" to "T[ extends @Initialized @NonNull Member super @Initialized @NonNull Void]" cannot be statically verified
        return (T) result.get(0);
               ^
../original/urld44fdf4fee_nadilsons_reflection_dsl_tgz-pJ8-br_com_bit_ideias_reflection_SimplePerformanceTestJ8/src/br/com/bit/ideias/reflection/core/Introspector.java:36: error: [initialization.fields.uninitialized] the constructor does not initialize fields: criterion
	private Introspector(final Object instance) {
	        ^
../original/urld44fdf4fee_nadilsons_reflection_dsl_tgz-pJ8-br_com_bit_ideias_reflection_SimplePerformanceTestJ8/src/br/com/bit/ideias/reflection/core/Introspector.java:40: error: [initialization.fields.uninitialized] the constructor does not initialize fields: criterion
	private Introspector(final Class<?> classe) {
	        ^
../original/urld44fdf4fee_nadilsons_reflection_dsl_tgz-pJ8-br_com_bit_ideias_reflection_SimplePerformanceTestJ8/src/br/com/bit/ideias/reflection/core/extrator/Extractor.java:23: error: [initialization.fields.uninitialized] the constructor does not initialize fields: extractorConstructor, extractorMethod, extractorField
	private Extractor(final Class<?> classe) {
	        ^
../original/urld44fdf4fee_nadilsons_reflection_dsl_tgz-pJ8-br_com_bit_ideias_reflection_SimplePerformanceTestJ8/src/br/com/bit/ideias/reflection/core/extrator/Extractor.java:29: error: [assignment] incompatible types in assignment.
		this.extractorConstructor = new ExtractorConstructor(this, instance);
		                            ^
  found   : @UnderInitialization(br.com.bit.ideias.reflection.core.extrator.ExtractorConstructor.class) @NonNull ExtractorConstructor
  required: @Initialized @NonNull ExtractorConstructor
../original/urld44fdf4fee_nadilsons_reflection_dsl_tgz-pJ8-br_com_bit_ideias_reflection_SimplePerformanceTestJ8/src/br/com/bit/ideias/reflection/core/extrator/Extractor.java:29: error: [argument] incompatible argument for parameter extractor of ExtractorConstructor constructor.
		this.extractorConstructor = new ExtractorConstructor(this, instance);
		                                                     ^
  found   : @UnderInitialization(br.com.bit.ideias.reflection.core.extrator.Extractor.class) @NonNull Extractor
  required: @Initialized @NonNull Extractor
../original/urld44fdf4fee_nadilsons_reflection_dsl_tgz-pJ8-br_com_bit_ideias_reflection_SimplePerformanceTestJ8/src/br/com/bit/ideias/reflection/core/extrator/Extractor.java:82: error: [return] incompatible types in return.
			return null;
			       ^
  type of expression: null (NullType)
  method return type: @Initialized @NonNull Object
../original/urld44fdf4fee_nadilsons_reflection_dsl_tgz-pJ8-br_com_bit_ideias_reflection_SimplePerformanceTestJ8/src/br/com/bit/ideias/reflection/core/extrator/ExtractorConstructor.java:25: error: [initialization.fields.uninitialized] the constructor does not initialize fields: targetInstance
	ExtractorConstructor(final Extractor extractor) {
	^
../original/urld44fdf4fee_nadilsons_reflection_dsl_tgz-pJ8-br_com_bit_ideias_reflection_SimplePerformanceTestJ8/src/br/com/bit/ideias/reflection/core/extrator/ExtractorMethod.java:33: error: [assignment] incompatible types in assignment.
		this.method = null;
		              ^
  found   : null (NullType)
  required: @Initialized @NonNull Method
../original/urld44fdf4fee_nadilsons_reflection_dsl_tgz-pJ8-br_com_bit_ideias_reflection_SimplePerformanceTestJ8/src/br/com/bit/ideias/reflection/core/extrator/ExtractorMethod.java:38: error: [assignment] incompatible types in assignment.
		this.methodName = null;
		                  ^
  found   : null (NullType)
  required: @Initialized @NonNull String
../original/urld44fdf4fee_nadilsons_reflection_dsl_tgz-pJ8-br_com_bit_ideias_reflection_SimplePerformanceTestJ8/src/br/com/bit/ideias/reflection/core/extrator/ExtractorMethod.java:63: error: [return] incompatible types in return.
			return method.invoke(targetInstance, params);
			                    ^
  type of expression: @Initialized @Nullable Object
  method return type: @Initialized @NonNull Object
../original/urld44fdf4fee_nadilsons_reflection_dsl_tgz-pJ8-br_com_bit_ideias_reflection_SimplePerformanceTestJ8/src/br/com/bit/ideias/reflection/core/extrator/ExtractorField.java:70: error: [argument] incompatible argument for parameter message of FieldNotExistsException constructor.
			throw new FieldNotExistsException(e.getMessage());
			                                              ^
  found   : @Initialized @Nullable String
  required: @Initialized @NonNull String
../original/urld44fdf4fee_nadilsons_reflection_dsl_tgz-pJ8-br_com_bit_ideias_reflection_SimplePerformanceTestJ8/src/br/com/bit/ideias/reflection/core/extrator/ExtractorField.java:104: error: [return] incompatible types in return.
		return retorno;
		       ^
  type of expression: @Initialized @Nullable Object
  method return type: @Initialized @NonNull Object
../original/urld44fdf4fee_nadilsons_reflection_dsl_tgz-pJ8-br_com_bit_ideias_reflection_SimplePerformanceTestJ8/src/br/com/bit/ideias/reflection/rql/query/QueryPart.java:10: error: [initialization.field.uninitialized] the default constructor does not initialize field rql
    protected String rql;
                     ^
../original/urld44fdf4fee_nadilsons_reflection_dsl_tgz-pJ8-br_com_bit_ideias_reflection_SimplePerformanceTestJ8/src/br/com/bit/ideias/reflection/rql/RqlTest.java:28: error: [initialization.field.uninitialized] the default constructor does not initialize field query
    private Query query;
                  ^
../original/urld44fdf4fee_nadilsons_reflection_dsl_tgz-pJ8-br_com_bit_ideias_reflection_SimplePerformanceTestJ8/src/br/com/bit/ideias/reflection/rql/RqlTest.java:124: error: [argument] incompatible argument for parameter query of Introspector.createQuery.
        Introspector.createQuery(null).list();
                                 ^
  found   : null (NullType)
  required: @Initialized @NonNull String
../original/urld44fdf4fee_nadilsons_reflection_dsl_tgz-pJ8-br_com_bit_ideias_reflection_SimplePerformanceTestJ8/src/br/com/bit/ideias/reflection/core/IntrospectorTest.java:43: error: [initialization.field.uninitialized] the default constructor does not initialize field introspectorForClass
	private Introspector introspectorForClass;
	                     ^
../original/urld44fdf4fee_nadilsons_reflection_dsl_tgz-pJ8-br_com_bit_ideias_reflection_SimplePerformanceTestJ8/src/br/com/bit/ideias/reflection/core/IntrospectorTest.java:45: error: [initialization.field.uninitialized] the default constructor does not initialize field introspectorInObject
	private Introspector introspectorInObject;
	                     ^
../original/urld44fdf4fee_nadilsons_reflection_dsl_tgz-pJ8-br_com_bit_ideias_reflection_SimplePerformanceTestJ8/src/br/com/bit/ideias/reflection/core/IntrospectorTest.java:71: error: [argument] incompatible argument for parameter actual of Assert.assertEquals.
		assertEquals("1", result);
		                  ^
  found   : @Initialized @Nullable String
  required: @Initialized @NonNull Object
../original/urld44fdf4fee_nadilsons_reflection_dsl_tgz-pJ8-br_com_bit_ideias_reflection_SimplePerformanceTestJ8/src/br/com/bit/ideias/reflection/core/IntrospectorTest.java:85: error: [argument] incompatible argument for parameter targetClass of Introspector.forClass.
		Introspector.forClass(classe);
		                      ^
  found   : @FBCBottom @Nullable Class<capture#01 extends @Initialized @Nullable Object>
  required: @Initialized @NonNull Class<? extends @Initialized @Nullable Object>
../original/urld44fdf4fee_nadilsons_reflection_dsl_tgz-pJ8-br_com_bit_ideias_reflection_SimplePerformanceTestJ8/src/br/com/bit/ideias/reflection/core/IntrospectorTest.java:97: error: [argument] incompatible argument for parameter className of Introspector.forClass.
		Introspector.forClass(string);
		                      ^
  found   : @FBCBottom @Nullable String
  required: @Initialized @NonNull String
../original/urld44fdf4fee_nadilsons_reflection_dsl_tgz-pJ8-br_com_bit_ideias_reflection_SimplePerformanceTestJ8/src/br/com/bit/ideias/reflection/core/IntrospectorTest.java:110: error: [argument] incompatible argument for parameter instance of Introspector.inObject.
		Introspector.inObject(null);
		                      ^
  found   : null (NullType)
  required: @Initialized @NonNull Object
../original/urld44fdf4fee_nadilsons_reflection_dsl_tgz-pJ8-br_com_bit_ideias_reflection_SimplePerformanceTestJ8/src/br/com/bit/ideias/reflection/core/IntrospectorTest.java:153: error: [argument] incompatible argument for parameter expected of Assert.assertEquals.
		assertEquals(valorBooleano, Boolean.FALSE);	
		             ^
  found   : @Initialized @Nullable Boolean
  required: @Initialized @NonNull Object
../original/urld44fdf4fee_nadilsons_reflection_dsl_tgz-pJ8-br_com_bit_ideias_reflection_SimplePerformanceTestJ8/src/br/com/bit/ideias/reflection/core/IntrospectorTest.java:164: error: [argument] incompatible argument for parameter expected of Assert.assertEquals.
		assertEquals(invokeValue, valorTeste);
		             ^
  found   : @Initialized @Nullable Object
  required: @Initialized @NonNull Object
../original/urld44fdf4fee_nadilsons_reflection_dsl_tgz-pJ8-br_com_bit_ideias_reflection_SimplePerformanceTestJ8/src/br/com/bit/ideias/reflection/core/IntrospectorTest.java:168: error: [argument] incompatible argument for parameter expected of Assert.assertEquals.
		assertEquals(invokeValue2, valorTeste);
		             ^
  found   : @Initialized @Nullable Object
  required: @Initialized @NonNull Object
../original/urld44fdf4fee_nadilsons_reflection_dsl_tgz-pJ8-br_com_bit_ideias_reflection_SimplePerformanceTestJ8/src/br/com/bit/ideias/reflection/core/IntrospectorTest.java:178: error: [argument] incompatible argument for parameter expected of Assert.assertEquals.
		assertEquals(invokeValue, valorTeste);
		             ^
  found   : @Initialized @Nullable Object
  required: @Initialized @NonNull Object
../original/urld44fdf4fee_nadilsons_reflection_dsl_tgz-pJ8-br_com_bit_ideias_reflection_SimplePerformanceTestJ8/src/br/com/bit/ideias/reflection/core/IntrospectorTest.java:182: error: [argument] incompatible argument for parameter expected of Assert.assertEquals.
		assertEquals(invokeValue2, valorTeste);
		             ^
  found   : @Initialized @Nullable Object
  required: @Initialized @NonNull Object
../original/urld44fdf4fee_nadilsons_reflection_dsl_tgz-pJ8-br_com_bit_ideias_reflection_SimplePerformanceTestJ8/src/br/com/bit/ideias/reflection/core/IntrospectorTest.java:192: error: [argument] incompatible argument for parameter expected of Assert.assertEquals.
		assertEquals(invokeValue, valorTeste);
		             ^
  found   : @Initialized @Nullable Object
  required: @Initialized @NonNull Object
../original/urld44fdf4fee_nadilsons_reflection_dsl_tgz-pJ8-br_com_bit_ideias_reflection_SimplePerformanceTestJ8/src/br/com/bit/ideias/reflection/core/IntrospectorTest.java:196: error: [argument] incompatible argument for parameter expected of Assert.assertEquals.
		assertEquals(invokeValue2, valorTeste);
		             ^
  found   : @Initialized @Nullable Object
  required: @Initialized @NonNull Object
../original/urld44fdf4fee_nadilsons_reflection_dsl_tgz-pJ8-br_com_bit_ideias_reflection_SimplePerformanceTestJ8/src/br/com/bit/ideias/reflection/core/IntrospectorTest.java:206: error: [argument] incompatible argument for parameter expected of Assert.assertEquals.
		assertEquals(invokeValue, valorTeste);
		             ^
  found   : @Initialized @Nullable Object
  required: @Initialized @NonNull Object
../original/urld44fdf4fee_nadilsons_reflection_dsl_tgz-pJ8-br_com_bit_ideias_reflection_SimplePerformanceTestJ8/src/br/com/bit/ideias/reflection/core/IntrospectorTest.java:210: error: [argument] incompatible argument for parameter expected of Assert.assertEquals.
		assertEquals(invokeValue2, valorTeste);
		             ^
  found   : @Initialized @Nullable Object
  required: @Initialized @NonNull Object
../original/urld44fdf4fee_nadilsons_reflection_dsl_tgz-pJ8-br_com_bit_ideias_reflection_SimplePerformanceTestJ8/src/br/com/bit/ideias/reflection/core/IntrospectorTest.java:216: error: [argument] incompatible argument for parameter expected of Assert.assertEquals.
		assertEquals(invokeValue, INTEIRO);
		             ^
  found   : @Initialized @Nullable Object
  required: @Initialized @NonNull Object
../original/urld44fdf4fee_nadilsons_reflection_dsl_tgz-pJ8-br_com_bit_ideias_reflection_SimplePerformanceTestJ8/src/br/com/bit/ideias/reflection/core/IntrospectorTest.java:219: error: [argument] incompatible argument for parameter expected of Assert.assertEquals.
		assertEquals(invokeValue2, INTEIRO);
		             ^
  found   : @Initialized @Nullable Object
  required: @Initialized @NonNull Object
../original/urld44fdf4fee_nadilsons_reflection_dsl_tgz-pJ8-br_com_bit_ideias_reflection_SimplePerformanceTestJ8/src/br/com/bit/ideias/reflection/core/IntrospectorTest.java:228: error: [argument] incompatible argument for parameter expected of Assert.assertEquals.
		assertEquals(invokeValue, valorTeste);
		             ^
  found   : @Initialized @Nullable Object
  required: @Initialized @NonNull Object
../original/urld44fdf4fee_nadilsons_reflection_dsl_tgz-pJ8-br_com_bit_ideias_reflection_SimplePerformanceTestJ8/src/br/com/bit/ideias/reflection/core/IntrospectorTest.java:232: error: [argument] incompatible argument for parameter expected of Assert.assertEquals.
		assertEquals(invokeValue2, valorTeste);
		             ^
  found   : @Initialized @Nullable Object
  required: @Initialized @NonNull Object
../original/urld44fdf4fee_nadilsons_reflection_dsl_tgz-pJ8-br_com_bit_ideias_reflection_SimplePerformanceTestJ8/src/br/com/bit/ideias/reflection/core/IntrospectorTest.java:238: error: [argument] incompatible argument for parameter expected of Assert.assertEquals.
		assertEquals(invoke, INTEIRO);
		             ^
  found   : @Initialized @Nullable Object
  required: @Initialized @NonNull Object
../original/urld44fdf4fee_nadilsons_reflection_dsl_tgz-pJ8-br_com_bit_ideias_reflection_SimplePerformanceTestJ8/src/br/com/bit/ideias/reflection/core/IntrospectorTest.java:306: error: [argument] incompatible argument for parameter expected of Assert.assertEquals.
		assertEquals(dobro, INTEIRO * 2);	
		             ^
  found   : @Initialized @Nullable Object
  required: @Initialized @NonNull Object
../original/urld44fdf4fee_nadilsons_reflection_dsl_tgz-pJ8-br_com_bit_ideias_reflection_SimplePerformanceTestJ8/src/br/com/bit/ideias/reflection/core/IntrospectorTest.java:314: error: [argument] incompatible argument for parameter expected of Assert.assertEquals.
		assertEquals(invoke, INTEIRO * 2);
		             ^
  found   : @Initialized @Nullable Object
  required: @Initialized @NonNull Object
../original/urld44fdf4fee_nadilsons_reflection_dsl_tgz-pJ8-br_com_bit_ideias_reflection_SimplePerformanceTestJ8/src/br/com/bit/ideias/reflection/core/IntrospectorTest.java:323: error: [argument] incompatible argument for parameter expected of Assert.assertEquals.
		assertEquals(invoke, valorTeste * 2);
		             ^
  found   : @Initialized @Nullable Object
  required: @Initialized @NonNull Object
../original/urld44fdf4fee_nadilsons_reflection_dsl_tgz-pJ8-br_com_bit_ideias_reflection_SimplePerformanceTestJ8/src/br/com/bit/ideias/reflection/core/IntrospectorTest.java:331: error: [argument] incompatible argument for parameter expected of Assert.assertEquals.
		assertEquals(invoke, INTEIRO * 2);
		             ^
  found   : @Initialized @Nullable Object
  required: @Initialized @NonNull Object
../original/urld44fdf4fee_nadilsons_reflection_dsl_tgz-pJ8-br_com_bit_ideias_reflection_SimplePerformanceTestJ8/src/br/com/bit/ideias/reflection/core/IntrospectorTest.java:340: error: [argument] incompatible argument for parameter expected of Assert.assertEquals.
		assertEquals(invoke, valorTeste * 2);
		             ^
  found   : @Initialized @Nullable Object
  required: @Initialized @NonNull Object
../original/urld44fdf4fee_nadilsons_reflection_dsl_tgz-pJ8-br_com_bit_ideias_reflection_SimplePerformanceTestJ8/src/br/com/bit/ideias/reflection/core/IntrospectorTest.java:346: error: [argument] incompatible argument for parameter expected of Assert.assertEquals.
		assertEquals(invoke, INTEIRO * 2);
		             ^
  found   : @Initialized @Nullable Object
  required: @Initialized @NonNull Object
../original/urld44fdf4fee_nadilsons_reflection_dsl_tgz-pJ8-br_com_bit_ideias_reflection_SimplePerformanceTestJ8/src/br/com/bit/ideias/reflection/core/IntrospectorTest.java:349: error: [argument] incompatible argument for parameter expected of Assert.assertEquals.
		assertEquals(invoke2, INTEIRO * 2);
		             ^
  found   : @Initialized @Nullable Object
  required: @Initialized @NonNull Object
../original/urld44fdf4fee_nadilsons_reflection_dsl_tgz-pJ8-br_com_bit_ideias_reflection_SimplePerformanceTestJ8/src/br/com/bit/ideias/reflection/core/IntrospectorTest.java:357: error: [argument] incompatible argument for parameter expected of Assert.assertEquals.
		assertEquals(invoke, valorTeste * 2);
		             ^
  found   : @Initialized @Nullable Object
  required: @Initialized @NonNull Object
../original/urld44fdf4fee_nadilsons_reflection_dsl_tgz-pJ8-br_com_bit_ideias_reflection_SimplePerformanceTestJ8/src/br/com/bit/ideias/reflection/core/IntrospectorTest.java:360: error: [argument] incompatible argument for parameter expected of Assert.assertEquals.
		assertEquals(invoke2, valorTeste * 2);
		             ^
  found   : @Initialized @Nullable Object
  required: @Initialized @NonNull Object
../original/urld44fdf4fee_nadilsons_reflection_dsl_tgz-pJ8-br_com_bit_ideias_reflection_SimplePerformanceTestJ8/src/br/com/bit/ideias/reflection/test/artefacts/ClasseDominio.java:30: error: [assignment] incompatible types in assignment.
	static final Object constante = null;
	                                ^
  found   : null (NullType)
  required: @Initialized @NonNull Object
../original/urld44fdf4fee_nadilsons_reflection_dsl_tgz-pJ8-br_com_bit_ideias_reflection_SimplePerformanceTestJ8/src/br/com/bit/ideias/reflection/test/artefacts/ClasseDominio.java:32: error: [initialization.fields.uninitialized] the constructor does not initialize fields: atributoPrivadoInteiro, atributoPrivadoString, atributoIsolado
	public ClasseDominio() {
	       ^
../original/urld44fdf4fee_nadilsons_reflection_dsl_tgz-pJ8-br_com_bit_ideias_reflection_SimplePerformanceTestJ8/src/br/com/bit/ideias/reflection/test/artefacts/ClasseDominio.java:33: error: [method.invocation] call to _evitaFinal() not allowed on the given receiver.
		_evitaFinal();
		           ^
  found   : @UnderInitialization @NonNull ClasseDominio
  required: @Initialized @NonNull ClasseDominio
../original/urld44fdf4fee_nadilsons_reflection_dsl_tgz-pJ8-br_com_bit_ideias_reflection_SimplePerformanceTestJ8/src/br/com/bit/ideias/reflection/test/artefacts/ClasseDominioFilha.java:5: error: [initialization.field.uninitialized] the default constructor does not initialize field atributoClasseFilha
	private String atributoClasseFilha;
	               ^
../original/urld44fdf4fee_nadilsons_reflection_dsl_tgz-pJ8-br_com_bit_ideias_reflection_SimplePerformanceTestJ8/src/br/com/bit/ideias/reflection/util/CollectionUtilTest.java:43: error: [argument] incompatible argument for parameter collection of CollectionUtil.isEmpty.
		assertTrue(CollectionUtil.isEmpty(nullList));
		                                  ^
  found   : @FBCBottom @Nullable Collection<capture#02 extends @Initialized @Nullable Object>
  required: @Initialized @NonNull Collection<? extends @Initialized @Nullable Object>
../original/urld44fdf4fee_nadilsons_reflection_dsl_tgz-pJ8-br_com_bit_ideias_reflection_SimplePerformanceTestJ8/src/br/com/bit/ideias/reflection/util/CollectionUtilTest.java:45: error: [argument] incompatible argument for parameter collection of CollectionUtil.isEmpty.
		assertTrue(CollectionUtil.isEmpty(nullSet));
		                                  ^
  found   : @FBCBottom @Nullable Collection<capture#03 extends @Initialized @Nullable Object>
  required: @Initialized @NonNull Collection<? extends @Initialized @Nullable Object>
../original/urld44fdf4fee_nadilsons_reflection_dsl_tgz-pJ8-br_com_bit_ideias_reflection_SimplePerformanceTestJ8/src/br/com/bit/ideias/reflection/util/CollectionUtilTest.java:47: error: [argument] incompatible argument for parameter map of CollectionUtil.isEmpty.
		assertTrue(CollectionUtil.isEmpty(nullMap));
		                                  ^
  found   : @FBCBottom @Nullable Map<capture#04 extends @Initialized @Nullable Object, capture#05 extends @Initialized @Nullable Object>
  required: @Initialized @NonNull Map<? extends @Initialized @Nullable Object, ? extends @Initialized @Nullable Object>
../original/urld44fdf4fee_nadilsons_reflection_dsl_tgz-pJ8-br_com_bit_ideias_reflection_SimplePerformanceTestJ8/src/br/com/bit/ideias/reflection/util/CollectionUtilTest.java:49: error: [argument] incompatible argument for parameter array of CollectionUtil.isEmpty.
		assertTrue(CollectionUtil.isEmpty(nullArray));
		                                  ^
  found   : @Initialized @NonNull Object @FBCBottom @Nullable []
  required: @Initialized @NonNull Object @Initialized @NonNull []
../original/urld44fdf4fee_nadilsons_reflection_dsl_tgz-pJ8-br_com_bit_ideias_reflection_SimplePerformanceTestJ8/src/br/com/bit/ideias/reflection/cache/LRUCache.java:37: error: [initialization.fields.uninitialized] the constructor does not initialize fields: delegate
    public LRUCache() {
           ^
../original/urld44fdf4fee_nadilsons_reflection_dsl_tgz-pJ8-br_com_bit_ideias_reflection_SimplePerformanceTestJ8/src/br/com/bit/ideias/reflection/cache/LRUCache.java:43: error: [method.invocation] call to config(br.com.bit.ideias.reflection.cache.CacheConfig) not allowed on the given receiver.
        config(new CacheConfig(100));
              ^
  found   : @UnderInitialization @NonNull LRUCache
  required: @Initialized @NonNull LRUCache
../original/urld44fdf4fee_nadilsons_reflection_dsl_tgz-pJ8-br_com_bit_ideias_reflection_SimplePerformanceTestJ8/src/br/com/bit/ideias/reflection/cache/LRUCache.java:46: error: [initialization.fields.uninitialized] the constructor does not initialize fields: delegate
    public LRUCache(CacheConfig conf) {
           ^
../original/urld44fdf4fee_nadilsons_reflection_dsl_tgz-pJ8-br_com_bit_ideias_reflection_SimplePerformanceTestJ8/src/br/com/bit/ideias/reflection/cache/LRUCache.java:47: error: [method.invocation] call to config(br.com.bit.ideias.reflection.cache.CacheConfig) not allowed on the given receiver.
        config(conf);
              ^
  found   : @UnderInitialization @NonNull LRUCache
  required: @Initialized @NonNull LRUCache
../original/urld44fdf4fee_nadilsons_reflection_dsl_tgz-pJ8-br_com_bit_ideias_reflection_SimplePerformanceTestJ8/src/br/com/bit/ideias/reflection/cache/LRUCache.java:60: error: [return] incompatible types in return.
        if(softReference == null) return null;
                                         ^
  type of expression: null (NullType)
  method return type: @Initialized @NonNull Object
../original/urld44fdf4fee_nadilsons_reflection_dsl_tgz-pJ8-br_com_bit_ideias_reflection_SimplePerformanceTestJ8/src/br/com/bit/ideias/reflection/cache/LRUCache.java:65: error: [return] incompatible types in return.
		return retorno;
		       ^
  type of expression: @Initialized @Nullable Object
  method return type: @Initialized @NonNull Object
../original/urld44fdf4fee_nadilsons_reflection_dsl_tgz-pJ8-br_com_bit_ideias_reflection_SimplePerformanceTestJ8/src/br/com/bit/ideias/reflection/cache/CacheProvider.java:12: error: [initialization.static.field.uninitialized] static field cacheInstance not initialized
	private static Cache cacheInstance;
	                     ^
../original/urld44fdf4fee_nadilsons_reflection_dsl_tgz-pJ8-br_com_bit_ideias_reflection_SimplePerformanceTestJ8/src/br/com/bit/ideias/reflection/cache/CompositeKey.java:25: error: [override.param] Incompatible parameter type for obj.
    public boolean equals(Object obj) {
                                 ^
  found   : @Initialized @NonNull Object
  required: @Initialized @Nullable Object
  Consequence: method in @Initialized @NonNull CompositeKey
    @Initialized @NonNull boolean equals(@Initialized @NonNull CompositeKey this, @Initialized @NonNull Object p0)
  cannot override method in @Initialized @NonNull Object
    @Initialized @NonNull boolean equals(@Initialized @NonNull Object this, @Initialized @Nullable Object p0)
../original/urld44fdf4fee_nadilsons_reflection_dsl_tgz-pJ8-br_com_bit_ideias_reflection_SimplePerformanceTestJ8/src/br/com/bit/ideias/reflection/criteria/RestrictionsMethodTest.java:35: error: [initialization.field.uninitialized] the default constructor does not initialize field criterion
	private Criterion criterion;
	                  ^
../original/urld44fdf4fee_nadilsons_reflection_dsl_tgz-pJ8-br_com_bit_ideias_reflection_SimplePerformanceTestJ8/src/br/com/bit/ideias/reflection/criteria/RestrictionsMethodTest.java:37: error: [initialization.field.uninitialized] the default constructor does not initialize field criterionClasseFilha
	private Criterion criterionClasseFilha;
	                  ^
../original/urld44fdf4fee_nadilsons_reflection_dsl_tgz-pJ8-br_com_bit_ideias_reflection_SimplePerformanceTestJ8/src/br/com/bit/ideias/reflection/criteria/expression/ConjunctionExpression.java:18: error: [argument] incompatible argument for parameter value of BaseExpression constructor.
		super(null, null);
		      ^
  found   : null (NullType)
  required: @Initialized @NonNull String
../original/urld44fdf4fee_nadilsons_reflection_dsl_tgz-pJ8-br_com_bit_ideias_reflection_SimplePerformanceTestJ8/src/br/com/bit/ideias/reflection/criteria/expression/ConjunctionExpression.java:18: error: [argument] incompatible argument for parameter searchType of BaseExpression constructor.
		super(null, null);
		            ^
  found   : null (NullType)
  required: @Initialized @NonNull SearchType
../original/urld44fdf4fee_nadilsons_reflection_dsl_tgz-pJ8-br_com_bit_ideias_reflection_SimplePerformanceTestJ8/src/br/com/bit/ideias/reflection/criteria/CriterionImpl.java:46: warning: [cast.unsafe] cast from "@Initialized @Nullable Object" to "T[ extends @Initialized @NonNull Member super @Initialized @NonNull Void]" cannot be statically verified
		return (T) result.get(0);
		       ^
../original/urld44fdf4fee_nadilsons_reflection_dsl_tgz-pJ8-br_com_bit_ideias_reflection_SimplePerformanceTestJ8/src/br/com/bit/ideias/reflection/criteria/RestrictionTest.java:36: error: [initialization.field.uninitialized] the default constructor does not initialize field criterion
	private Criterion criterion;
	                  ^
../original/urld44fdf4fee_nadilsons_reflection_dsl_tgz-pJ8-br_com_bit_ideias_reflection_SimplePerformanceTestJ8/src/br/com/bit/ideias/reflection/criteria/RestrictionTest.java:37: error: [initialization.field.uninitialized] the default constructor does not initialize field criterionClasseFilha
	private Criterion criterionClasseFilha;
	                  ^
74 errors
2 warnings
