../original/urlefa3b0a07b_jhngzhu_Database_RelationalOperator_tgz-pJ8-tests_ROTestJ8/src/tests/ROTest.java:32: error: [initialization.static.field.uninitialized] static field s_drivers not initialized
  private static Schema s_drivers;
                        ^
../original/urlefa3b0a07b_jhngzhu_Database_RelationalOperator_tgz-pJ8-tests_ROTestJ8/src/tests/ROTest.java:35: error: [initialization.static.field.uninitialized] static field s_rides not initialized
  private static Schema s_rides;
                        ^
../original/urlefa3b0a07b_jhngzhu_Database_RelationalOperator_tgz-pJ8-tests_ROTestJ8/src/tests/ROTest.java:38: error: [initialization.static.field.uninitialized] static field s_groups not initialized
  private static Schema s_groups;
                        ^
../original/urlefa3b0a07b_jhngzhu_Database_RelationalOperator_tgz-pJ8-tests_ROTestJ8/src/tests/ROTest.java:97: error: [argument] incompatible argument for parameter desc of TestDriver.saveCounts.
      saveCounts(null);
                 ^
  found   : null (NullType)
  required: @Initialized @NonNull String
../original/urlefa3b0a07b_jhngzhu_Database_RelationalOperator_tgz-pJ8-tests_ROTestJ8/src/tests/ROTest.java:101: error: [argument] incompatible argument for parameter arg0 of HeapFile constructor.
      HeapFile file = new HeapFile(null);
                                   ^
  found   : null (NullType)
  required: @Initialized @NonNull String
../original/urlefa3b0a07b_jhngzhu_Database_RelationalOperator_tgz-pJ8-tests_ROTestJ8/src/tests/ROTest.java:102: error: [argument] incompatible argument for parameter arg0 of HashIndex constructor.
      HashIndex index = new HashIndex(null);
                                      ^
  found   : null (NullType)
  required: @Initialized @NonNull String
../original/urlefa3b0a07b_jhngzhu_Database_RelationalOperator_tgz-pJ8-tests_ROTestJ8/src/tests/ROTest.java:133: error: [argument] incompatible argument for parameter desc of TestDriver.saveCounts.
      saveCounts(null);
                 ^
  found   : null (NullType)
  required: @Initialized @NonNull String
../original/urlefa3b0a07b_jhngzhu_Database_RelationalOperator_tgz-pJ8-tests_ROTestJ8/src/tests/ROTest.java:141: error: [argument] incompatible argument for parameter desc of TestDriver.saveCounts.
      saveCounts(null);
                 ^
  found   : null (NullType)
  required: @Initialized @NonNull String
../original/urlefa3b0a07b_jhngzhu_Database_RelationalOperator_tgz-pJ8-tests_ROTestJ8/src/tests/ROTest.java:155: error: [argument] incompatible argument for parameter desc of TestDriver.saveCounts.
      saveCounts(null);
                 ^
  found   : null (NullType)
  required: @Initialized @NonNull String
../original/urlefa3b0a07b_jhngzhu_Database_RelationalOperator_tgz-pJ8-tests_ROTestJ8/src/tests/ROTest.java:163: error: [argument] incompatible argument for parameter desc of TestDriver.saveCounts.
      saveCounts(null);
                 ^
  found   : null (NullType)
  required: @Initialized @NonNull String
../original/urlefa3b0a07b_jhngzhu_Database_RelationalOperator_tgz-pJ8-tests_ROTestJ8/src/tests/ROTest.java:172: error: [argument] incompatible argument for parameter desc of TestDriver.saveCounts.
      saveCounts(null);
                 ^
  found   : null (NullType)
  required: @Initialized @NonNull String
../original/urlefa3b0a07b_jhngzhu_Database_RelationalOperator_tgz-pJ8-tests_ROTestJ8/src/tests/ROTest.java:218: error: [argument] incompatible argument for parameter desc of TestDriver.saveCounts.
      saveCounts(null);
                 ^
  found   : null (NullType)
  required: @Initialized @NonNull String
../original/urlefa3b0a07b_jhngzhu_Database_RelationalOperator_tgz-pJ8-tests_ROTestJ8/src/tests/ROTest.java:219: error: [argument] incompatible argument for parameter arg0 of HeapFile constructor.
      HeapFile drivers = new HeapFile(null);
                                      ^
  found   : null (NullType)
  required: @Initialized @NonNull String
../original/urlefa3b0a07b_jhngzhu_Database_RelationalOperator_tgz-pJ8-tests_ROTestJ8/src/tests/ROTest.java:242: error: [argument] incompatible argument for parameter desc of TestDriver.saveCounts.
      saveCounts(null);
                 ^
  found   : null (NullType)
  required: @Initialized @NonNull String
../original/urlefa3b0a07b_jhngzhu_Database_RelationalOperator_tgz-pJ8-tests_ROTestJ8/src/tests/ROTest.java:243: error: [argument] incompatible argument for parameter arg0 of HeapFile constructor.
      HeapFile rides = new HeapFile(null);
                                    ^
  found   : null (NullType)
  required: @Initialized @NonNull String
../original/urlefa3b0a07b_jhngzhu_Database_RelationalOperator_tgz-pJ8-tests_ROTestJ8/src/tests/ROTest.java:272: error: [argument] incompatible argument for parameter desc of TestDriver.saveCounts.
      saveCounts(null);
                 ^
  found   : null (NullType)
  required: @Initialized @NonNull String
../original/urlefa3b0a07b_jhngzhu_Database_RelationalOperator_tgz-pJ8-tests_ROTestJ8/src/tests/ROTest.java:311: error: [argument] incompatible argument for parameter desc of TestDriver.saveCounts.
      saveCounts(null);
                 ^
  found   : null (NullType)
  required: @Initialized @NonNull String
../original/urlefa3b0a07b_jhngzhu_Database_RelationalOperator_tgz-pJ8-tests_ROTestJ8/src/tests/ROTest.java:313: error: [argument] incompatible argument for parameter arg0 of HeapFile constructor.
      HeapFile drivers = new HeapFile(null);
                                      ^
  found   : null (NullType)
  required: @Initialized @NonNull String
../original/urlefa3b0a07b_jhngzhu_Database_RelationalOperator_tgz-pJ8-tests_ROTestJ8/src/tests/ROTest.java:314: error: [argument] incompatible argument for parameter arg0 of HashIndex constructor.
      HashIndex ixdrivers = new HashIndex(null);
                                          ^
  found   : null (NullType)
  required: @Initialized @NonNull String
../original/urlefa3b0a07b_jhngzhu_Database_RelationalOperator_tgz-pJ8-tests_ROTestJ8/src/tests/ROTest.java:332: error: [argument] incompatible argument for parameter desc of TestDriver.saveCounts.
      saveCounts(null);
                 ^
  found   : null (NullType)
  required: @Initialized @NonNull String
../original/urlefa3b0a07b_jhngzhu_Database_RelationalOperator_tgz-pJ8-tests_ROTestJ8/src/tests/ROTest.java:335: error: [argument] incompatible argument for parameter arg0 of HeapFile constructor.
      HeapFile rides = new HeapFile(null);
                                    ^
  found   : null (NullType)
  required: @Initialized @NonNull String
../original/urlefa3b0a07b_jhngzhu_Database_RelationalOperator_tgz-pJ8-tests_ROTestJ8/src/tests/ROTest.java:346: error: [argument] incompatible argument for parameter desc of TestDriver.saveCounts.
      saveCounts(null);
                 ^
  found   : null (NullType)
  required: @Initialized @NonNull String
../original/urlefa3b0a07b_jhngzhu_Database_RelationalOperator_tgz-pJ8-tests_ROTestJ8/src/tests/ROTest.java:348: error: [argument] incompatible argument for parameter arg0 of HeapFile constructor.
      HeapFile groups = new HeapFile(null);
                                     ^
  found   : null (NullType)
  required: @Initialized @NonNull String
../original/urlefa3b0a07b_jhngzhu_Database_RelationalOperator_tgz-pJ8-tests_ROTestJ8/src/tests/ROTest.java:356: error: [argument] incompatible argument for parameter desc of TestDriver.saveCounts.
      saveCounts(null);
                 ^
  found   : null (NullType)
  required: @Initialized @NonNull String
../original/urlefa3b0a07b_jhngzhu_Database_RelationalOperator_tgz-pJ8-tests_ROTestJ8/src/tests/TestDriver.java:39: error: [initialization.field.uninitialized] the default constructor does not initialize field random
  protected Random random;
                   ^
../original/urlefa3b0a07b_jhngzhu_Database_RelationalOperator_tgz-pJ8-tests_ROTestJ8/src/tests/TestDriver.java:46: error: [initialization.field.uninitialized] the default constructor does not initialize field desc
    public String desc;
                  ^
../original/urlefa3b0a07b_jhngzhu_Database_RelationalOperator_tgz-pJ8-tests_ROTestJ8/src/tests/TestDriver.java:62: error: [initialization.field.uninitialized] the default constructor does not initialize field counts
  protected ArrayList<CountData> counts;
                                 ^
../original/urlefa3b0a07b_jhngzhu_Database_RelationalOperator_tgz-pJ8-tests_ROTestJ8/src/global/RID.java:27: error: [initialization.fields.uninitialized] the constructor does not initialize fields: pageno
  public RID(RID rid) {
         ^
../original/urlefa3b0a07b_jhngzhu_Database_RelationalOperator_tgz-pJ8-tests_ROTestJ8/src/global/RID.java:28: error: [method.invocation] call to copyRID(global.RID) not allowed on the given receiver.
    copyRID(rid);
           ^
  found   : @UnderInitialization @NonNull RID
  required: @Initialized @NonNull RID
../original/urlefa3b0a07b_jhngzhu_Database_RelationalOperator_tgz-pJ8-tests_ROTestJ8/src/global/RID.java:83: error: [override.param] Incompatible parameter type for obj.
  public boolean equals(Object obj) {
                               ^
  found   : @Initialized @NonNull Object
  required: @Initialized @Nullable Object
  Consequence: method in @Initialized @NonNull RID
    @Initialized @NonNull boolean equals(@Initialized @NonNull RID this, @Initialized @NonNull Object p0)
  cannot override method in @Initialized @NonNull Object
    @Initialized @NonNull boolean equals(@Initialized @NonNull Object this, @Initialized @Nullable Object p0)
../original/urlefa3b0a07b_jhngzhu_Database_RelationalOperator_tgz-pJ8-tests_ROTestJ8/src/global/PageId.java:45: error: [override.param] Incompatible parameter type for obj.
  public boolean equals(Object obj) {
                               ^
  found   : @Initialized @NonNull Object
  required: @Initialized @Nullable Object
  Consequence: method in @Initialized @NonNull PageId
    @Initialized @NonNull boolean equals(@Initialized @NonNull PageId this, @Initialized @NonNull Object p0)
  cannot override method in @Initialized @NonNull Object
    @Initialized @NonNull boolean equals(@Initialized @NonNull Object this, @Initialized @Nullable Object p0)
../original/urlefa3b0a07b_jhngzhu_Database_RelationalOperator_tgz-pJ8-tests_ROTestJ8/src/global/SearchKey.java:95: error: [initialization.fields.uninitialized] the constructor does not initialize fields: value
  public SearchKey(SearchKey key) {
         ^
../original/urlefa3b0a07b_jhngzhu_Database_RelationalOperator_tgz-pJ8-tests_ROTestJ8/src/global/SearchKey.java:121: error: [initialization.fields.uninitialized] the constructor does not initialize fields: value
  public SearchKey(byte[] data, short offset) {
         ^
../original/urlefa3b0a07b_jhngzhu_Database_RelationalOperator_tgz-pJ8-tests_ROTestJ8/src/global/SearchKey.java:235: error: [override.param] Incompatible parameter type for obj.
  public boolean equals(Object obj) {
                               ^
  found   : @Initialized @NonNull Object
  required: @Initialized @Nullable Object
  Consequence: method in @Initialized @NonNull SearchKey
    @Initialized @NonNull boolean equals(@Initialized @NonNull SearchKey this, @Initialized @NonNull Object p0)
  cannot override method in @Initialized @NonNull Object
    @Initialized @NonNull boolean equals(@Initialized @NonNull Object this, @Initialized @Nullable Object p0)
../original/urlefa3b0a07b_jhngzhu_Database_RelationalOperator_tgz-pJ8-tests_ROTestJ8/src/global/Page.java:23: error: [initialization.fields.uninitialized] the constructor does not initialize fields: data
  public Page(byte[] data) {
         ^
../original/urlefa3b0a07b_jhngzhu_Database_RelationalOperator_tgz-pJ8-tests_ROTestJ8/src/global/Page.java:24: error: [method.invocation] call to setData(byte[]) not allowed on the given receiver.
    setData(data);
           ^
  found   : @UnderInitialization @NonNull Page
  required: @Initialized @NonNull Page
../original/urlefa3b0a07b_jhngzhu_Database_RelationalOperator_tgz-pJ8-tests_ROTestJ8/src/global/Minibase.java:13: error: [initialization.static.field.uninitialized] static field DatabaseName not initialized
  public static String DatabaseName;
                       ^
../original/urlefa3b0a07b_jhngzhu_Database_RelationalOperator_tgz-pJ8-tests_ROTestJ8/src/global/Minibase.java:16: error: [initialization.static.field.uninitialized] static field DiskManager not initialized
  public static DiskMgr DiskManager;
                        ^
../original/urlefa3b0a07b_jhngzhu_Database_RelationalOperator_tgz-pJ8-tests_ROTestJ8/src/global/Minibase.java:19: error: [initialization.static.field.uninitialized] static field BufferManager not initialized
  public static BufMgr BufferManager;
                       ^
../original/urlefa3b0a07b_jhngzhu_Database_RelationalOperator_tgz-pJ8-tests_ROTestJ8/src/global/Minibase.java:37: error: [method.invocation] call to init(java.lang.String,int,int,java.lang.String,boolean) not allowed on the given receiver.
    init(dbname, num_pgs, bufpoolsize, replacement_policy, exists);
        ^
  found   : @UnderInitialization(global.Minibase.class) @NonNull Minibase
  required: @Initialized @NonNull Minibase
../original/urlefa3b0a07b_jhngzhu_Database_RelationalOperator_tgz-pJ8-tests_ROTestJ8/src/relop/HashJoin.java:57: error: [initialization.fields.uninitialized] the constructor does not initialize fields: curright, hashTableDup, ltuples
  public HashJoin(Iterator left, Iterator right, Integer lcol, Integer rcol) {
         ^
../original/urlefa3b0a07b_jhngzhu_Database_RelationalOperator_tgz-pJ8-tests_ROTestJ8/src/relop/HashJoin.java:59: error: [method.invocation] call to getHeapFile(relop.Iterator,int) not allowed on the given receiver.
    lefthf=getHeapFile(left,lcol);
                      ^
  found   : @UnderInitialization(relop.Iterator.class) @NonNull HashJoin
  required: @Initialized @NonNull HashJoin
../original/urlefa3b0a07b_jhngzhu_Database_RelationalOperator_tgz-pJ8-tests_ROTestJ8/src/relop/HashJoin.java:60: error: [method.invocation] call to getHeapFile(relop.Iterator,int) not allowed on the given receiver.
    righthf=getHeapFile(right,rcol);
                       ^
  found   : @UnderInitialization(relop.Iterator.class) @NonNull HashJoin
  required: @Initialized @NonNull HashJoin
../original/urlefa3b0a07b_jhngzhu_Database_RelationalOperator_tgz-pJ8-tests_ROTestJ8/src/relop/HashJoin.java:61: error: [method.invocation] call to getFileScan(heap.HeapFile[],relop.Schema) not allowed on the given receiver.
    leftscan=getFileScan(lefthf,left.schema);
                        ^
  found   : @UnderInitialization(relop.Iterator.class) @NonNull HashJoin
  required: @Initialized @NonNull HashJoin
../original/urlefa3b0a07b_jhngzhu_Database_RelationalOperator_tgz-pJ8-tests_ROTestJ8/src/relop/HashJoin.java:62: error: [method.invocation] call to getFileScan(heap.HeapFile[],relop.Schema) not allowed on the given receiver.
    rightscan=getFileScan(righthf,right.schema);
                         ^
  found   : @UnderInitialization(relop.Iterator.class) @NonNull HashJoin
  required: @Initialized @NonNull HashJoin
../original/urlefa3b0a07b_jhngzhu_Database_RelationalOperator_tgz-pJ8-tests_ROTestJ8/src/relop/HashJoin.java:68: error: [method.invocation] call to getPred(relop.Schema,relop.Schema,int,int) not allowed on the given receiver.
    pred=getPred(left.schema,right.schema,lcol,rcol);
                ^
  found   : @UnderInitialization(relop.Iterator.class) @NonNull HashJoin
  required: @Initialized @NonNull HashJoin
../original/urlefa3b0a07b_jhngzhu_Database_RelationalOperator_tgz-pJ8-tests_ROTestJ8/src/relop/HashJoin.java:71: error: [assignment] incompatible types in assignment.
    nextTuple=null;
              ^
  found   : null (NullType)
  required: @Initialized @NonNull Tuple
../original/urlefa3b0a07b_jhngzhu_Database_RelationalOperator_tgz-pJ8-tests_ROTestJ8/src/relop/HashJoin.java:72: error: [assignment] incompatible types in assignment.
    leftTuple=null;
              ^
  found   : null (NullType)
  required: @Initialized @NonNull Tuple
../original/urlefa3b0a07b_jhngzhu_Database_RelationalOperator_tgz-pJ8-tests_ROTestJ8/src/relop/HashJoin.java:73: error: [assignment] incompatible types in assignment.
    rightTuple=null;
               ^
  found   : null (NullType)
  required: @Initialized @NonNull Tuple
../original/urlefa3b0a07b_jhngzhu_Database_RelationalOperator_tgz-pJ8-tests_ROTestJ8/src/relop/HashJoin.java:75: error: [method.invocation] call to prepareNext() not allowed on the given receiver.
    prepareNext();
               ^
  found   : @UnderInitialization(relop.Iterator.class) @NonNull HashJoin
  required: @Initialized @NonNull HashJoin
../original/urlefa3b0a07b_jhngzhu_Database_RelationalOperator_tgz-pJ8-tests_ROTestJ8/src/relop/HashJoin.java:107: error: [assignment] incompatible types in assignment.
    leftTuple=null;
              ^
  found   : null (NullType)
  required: @Initialized @NonNull Tuple
../original/urlefa3b0a07b_jhngzhu_Database_RelationalOperator_tgz-pJ8-tests_ROTestJ8/src/relop/HashJoin.java:108: error: [assignment] incompatible types in assignment.
    rightTuple=null;
               ^
  found   : null (NullType)
  required: @Initialized @NonNull Tuple
../original/urlefa3b0a07b_jhngzhu_Database_RelationalOperator_tgz-pJ8-tests_ROTestJ8/src/relop/HashJoin.java:111: error: [assignment] incompatible types in assignment.
    nextTuple=null;
              ^
  found   : null (NullType)
  required: @Initialized @NonNull Tuple
../original/urlefa3b0a07b_jhngzhu_Database_RelationalOperator_tgz-pJ8-tests_ROTestJ8/src/relop/HashJoin.java:137: error: [assignment] incompatible types in assignment.
    this.left=null;
              ^
  found   : null (NullType)
  required: @Initialized @NonNull Iterator
../original/urlefa3b0a07b_jhngzhu_Database_RelationalOperator_tgz-pJ8-tests_ROTestJ8/src/relop/HashJoin.java:138: error: [assignment] incompatible types in assignment.
    this.right=null;
               ^
  found   : null (NullType)
  required: @Initialized @NonNull Iterator
../original/urlefa3b0a07b_jhngzhu_Database_RelationalOperator_tgz-pJ8-tests_ROTestJ8/src/relop/HashJoin.java:230: error: [assignment] incompatible types in assignment.
      nextTuple=tuple;
                ^
  found   : @Initialized @Nullable Tuple
  required: @Initialized @NonNull Tuple
../original/urlefa3b0a07b_jhngzhu_Database_RelationalOperator_tgz-pJ8-tests_ROTestJ8/src/relop/HashJoin.java:234: error: [assignment] incompatible types in assignment.
      nextTuple=null;
                ^
  found   : null (NullType)
  required: @Initialized @NonNull Tuple
../original/urlefa3b0a07b_jhngzhu_Database_RelationalOperator_tgz-pJ8-tests_ROTestJ8/src/relop/HashJoin.java:255: error: [return] incompatible types in return.
    return ret;
           ^
  type of expression: @Initialized @Nullable Predicate
  method return type: @Initialized @NonNull Predicate
../original/urlefa3b0a07b_jhngzhu_Database_RelationalOperator_tgz-pJ8-tests_ROTestJ8/src/relop/HashJoin.java:306: error: [return] incompatible types in return.
    return searchKey;
           ^
  type of expression: @Initialized @Nullable SearchKey
  method return type: @Initialized @NonNull SearchKey
../original/urlefa3b0a07b_jhngzhu_Database_RelationalOperator_tgz-pJ8-tests_ROTestJ8/src/relop/Iterator.java:14: error: [initialization.field.uninitialized] the default constructor does not initialize field schema
  protected Schema schema;
                   ^
../original/urlefa3b0a07b_jhngzhu_Database_RelationalOperator_tgz-pJ8-tests_ROTestJ8/src/relop/Tuple.java:42: error: [method.invocation] call to setAllFields(java.lang.Object...) not allowed on the given receiver.
    setAllFields(values);
                ^
  found   : @UnderInitialization(relop.Tuple.class) @NonNull Tuple
  required: @Initialized @NonNull Tuple
../original/urlefa3b0a07b_jhngzhu_Database_RelationalOperator_tgz-pJ8-tests_ROTestJ8/src/relop/FileScan.java:68: error: [assignment] incompatible types in assignment.
    heapScan=null;
             ^
  found   : null (NullType)
  required: @Initialized @NonNull HeapScan
../original/urlefa3b0a07b_jhngzhu_Database_RelationalOperator_tgz-pJ8-tests_ROTestJ8/src/relop/FileScan.java:69: error: [assignment] incompatible types in assignment.
    lastRid=null;
            ^
  found   : null (NullType)
  required: @Initialized @NonNull RID
../original/urlefa3b0a07b_jhngzhu_Database_RelationalOperator_tgz-pJ8-tests_ROTestJ8/src/relop/HashTableDup.java:61: error: [return] incompatible types in return.
      return null;
             ^
  type of expression: null (NullType)
  method return type: @Initialized @NonNull Tuple @Initialized @NonNull []
../original/urlefa3b0a07b_jhngzhu_Database_RelationalOperator_tgz-pJ8-tests_ROTestJ8/src/relop/SimpleSortMergeJoin.java:27: error: [initialization.fields.uninitialized] the constructor does not initialize fields: nextTuple
  public SimpleSortMergeJoin(Iterator left, Iterator right, Predicate... preds) {
         ^
../original/urlefa3b0a07b_jhngzhu_Database_RelationalOperator_tgz-pJ8-tests_ROTestJ8/src/relop/SimpleSortMergeJoin.java:39: error: [method.invocation] call to readFromIter(relop.Iterator) not allowed on the given receiver.
    leftTuple=readFromIter(left);
                          ^
  found   : @UnderInitialization(relop.Iterator.class) @NonNull SimpleSortMergeJoin
  required: @Initialized @NonNull SimpleSortMergeJoin
../original/urlefa3b0a07b_jhngzhu_Database_RelationalOperator_tgz-pJ8-tests_ROTestJ8/src/relop/SimpleSortMergeJoin.java:40: error: [method.invocation] call to readFromIter(relop.Iterator) not allowed on the given receiver.
    rightTuple=readFromIter(right);
                           ^
  found   : @UnderInitialization(relop.Iterator.class) @NonNull SimpleSortMergeJoin
  required: @Initialized @NonNull SimpleSortMergeJoin
../original/urlefa3b0a07b_jhngzhu_Database_RelationalOperator_tgz-pJ8-tests_ROTestJ8/src/relop/SimpleSortMergeJoin.java:41: error: [method.invocation] call to sortTuples(relop.Tuple[],int) not allowed on the given receiver.
    sortTuples(leftTuple,leftfldno);
              ^
  found   : @UnderInitialization(relop.Iterator.class) @NonNull SimpleSortMergeJoin
  required: @Initialized @NonNull SimpleSortMergeJoin
../original/urlefa3b0a07b_jhngzhu_Database_RelationalOperator_tgz-pJ8-tests_ROTestJ8/src/relop/SimpleSortMergeJoin.java:42: error: [method.invocation] call to sortTuples(relop.Tuple[],int) not allowed on the given receiver.
    sortTuples(rightTuple,rightfldno);
              ^
  found   : @UnderInitialization(relop.Iterator.class) @NonNull SimpleSortMergeJoin
  required: @Initialized @NonNull SimpleSortMergeJoin
../original/urlefa3b0a07b_jhngzhu_Database_RelationalOperator_tgz-pJ8-tests_ROTestJ8/src/relop/SimpleSortMergeJoin.java:47: error: [method.invocation] call to prepareNext() not allowed on the given receiver.
    prepareNext();
               ^
  found   : @UnderInitialization(relop.Iterator.class) @NonNull SimpleSortMergeJoin
  required: @Initialized @NonNull SimpleSortMergeJoin
../original/urlefa3b0a07b_jhngzhu_Database_RelationalOperator_tgz-pJ8-tests_ROTestJ8/src/relop/SimpleSortMergeJoin.java:67: error: [assignment] incompatible types in assignment.
    leftTuple=null;
              ^
  found   : null (NullType)
  required: @Initialized @NonNull Tuple @Initialized @NonNull []
../original/urlefa3b0a07b_jhngzhu_Database_RelationalOperator_tgz-pJ8-tests_ROTestJ8/src/relop/SimpleSortMergeJoin.java:68: error: [assignment] incompatible types in assignment.
    rightTuple=null;
               ^
  found   : null (NullType)
  required: @Initialized @NonNull Tuple @Initialized @NonNull []
../original/urlefa3b0a07b_jhngzhu_Database_RelationalOperator_tgz-pJ8-tests_ROTestJ8/src/relop/SimpleSortMergeJoin.java:96: error: [assignment] incompatible types in assignment.
    leftTuple=null;
              ^
  found   : null (NullType)
  required: @Initialized @NonNull Tuple @Initialized @NonNull []
../original/urlefa3b0a07b_jhngzhu_Database_RelationalOperator_tgz-pJ8-tests_ROTestJ8/src/relop/SimpleSortMergeJoin.java:97: error: [assignment] incompatible types in assignment.
    rightTuple=null;
               ^
  found   : null (NullType)
  required: @Initialized @NonNull Tuple @Initialized @NonNull []
../original/urlefa3b0a07b_jhngzhu_Database_RelationalOperator_tgz-pJ8-tests_ROTestJ8/src/relop/SimpleSortMergeJoin.java:212: error: [assignment] incompatible types in assignment.
      nextTuple=tuple;
                ^
  found   : @Initialized @Nullable Tuple
  required: @Initialized @NonNull Tuple
../original/urlefa3b0a07b_jhngzhu_Database_RelationalOperator_tgz-pJ8-tests_ROTestJ8/src/relop/SimpleSortMergeJoin.java:216: error: [assignment] incompatible types in assignment.
      nextTuple=null;
                ^
  found   : null (NullType)
  required: @Initialized @NonNull Tuple
../original/urlefa3b0a07b_jhngzhu_Database_RelationalOperator_tgz-pJ8-tests_ROTestJ8/src/relop/KeyScan.java:31: error: [assignment] incompatible types in assignment.
    lastRid=null;   
            ^
  found   : null (NullType)
  required: @Initialized @NonNull RID
../original/urlefa3b0a07b_jhngzhu_Database_RelationalOperator_tgz-pJ8-tests_ROTestJ8/src/relop/KeyScan.java:70: error: [assignment] incompatible types in assignment.
    hashScan=null;
             ^
  found   : null (NullType)
  required: @Initialized @NonNull HashScan
../original/urlefa3b0a07b_jhngzhu_Database_RelationalOperator_tgz-pJ8-tests_ROTestJ8/src/relop/KeyScan.java:71: error: [assignment] incompatible types in assignment.
    lastRid=null;
            ^
  found   : null (NullType)
  required: @Initialized @NonNull RID
../original/urlefa3b0a07b_jhngzhu_Database_RelationalOperator_tgz-pJ8-tests_ROTestJ8/src/relop/Selection.java:17: error: [initialization.fields.uninitialized] the constructor does not initialize fields: nextTuple
  public Selection(Iterator iter, Predicate... preds) {
         ^
../original/urlefa3b0a07b_jhngzhu_Database_RelationalOperator_tgz-pJ8-tests_ROTestJ8/src/relop/Selection.java:24: error: [method.invocation] call to prepareNext() not allowed on the given receiver.
    prepareNext();
               ^
  found   : @UnderInitialization(relop.Iterator.class) @NonNull Selection
  required: @Initialized @NonNull Selection
../original/urlefa3b0a07b_jhngzhu_Database_RelationalOperator_tgz-pJ8-tests_ROTestJ8/src/relop/Selection.java:63: error: [assignment] incompatible types in assignment.
    iter=null;
         ^
  found   : null (NullType)
  required: @Initialized @NonNull Iterator
../original/urlefa3b0a07b_jhngzhu_Database_RelationalOperator_tgz-pJ8-tests_ROTestJ8/src/relop/Selection.java:64: error: [assignment] incompatible types in assignment.
    preds=null;
          ^
  found   : null (NullType)
  required: @Initialized @NonNull Predicate @Initialized @NonNull []
../original/urlefa3b0a07b_jhngzhu_Database_RelationalOperator_tgz-pJ8-tests_ROTestJ8/src/relop/Selection.java:113: error: [assignment] incompatible types in assignment.
        nextTuple=null;
                  ^
  found   : null (NullType)
  required: @Initialized @NonNull Tuple
../original/urlefa3b0a07b_jhngzhu_Database_RelationalOperator_tgz-pJ8-tests_ROTestJ8/src/relop/Selection.java:118: error: [assignment] incompatible types in assignment.
      nextTuple=null;
                ^
  found   : null (NullType)
  required: @Initialized @NonNull Tuple
../original/urlefa3b0a07b_jhngzhu_Database_RelationalOperator_tgz-pJ8-tests_ROTestJ8/src/relop/Projection.java:64: error: [assignment] incompatible types in assignment.
    iter=null;
         ^
  found   : null (NullType)
  required: @Initialized @NonNull Iterator
../original/urlefa3b0a07b_jhngzhu_Database_RelationalOperator_tgz-pJ8-tests_ROTestJ8/src/relop/Projection.java:65: error: [assignment] incompatible types in assignment.
    oldSchema=null;
              ^
  found   : null (NullType)
  required: @Initialized @NonNull Schema
../original/urlefa3b0a07b_jhngzhu_Database_RelationalOperator_tgz-pJ8-tests_ROTestJ8/src/relop/Projection.java:66: error: [assignment] incompatible types in assignment.
    schema=null;
           ^
  found   : null (NullType)
  required: @Initialized @NonNull Schema
Note: Some input files use or override a deprecated API.
Note: Recompile with -Xlint:deprecation for details.
88 errors
