../annotator/urla05239b71c_viniciusinnovatium_mumps2java_api_tgz-pJ8-com_disclinc_netmanager_script_test_ExecTesteNewJ8/src/br/com/innovatium/mumps2java/dataaccess/DAO.java:51: error: [argument] incompatible argument for parameter arg0 of Map.put.
				map.put(result.getString(1), result.getString(2));
				                        ^
  found   : @Initialized @Nullable String
  required: @Initialized @NonNull String
../annotator/urla05239b71c_viniciusinnovatium_mumps2java_api_tgz-pJ8-com_disclinc_netmanager_script_test_ExecTesteNewJ8/src/br/com/innovatium/mumps2java/dataaccess/DAO.java:51: error: [argument] incompatible argument for parameter arg1 of Map.put.
				map.put(result.getString(1), result.getString(2));
				                                             ^
  found   : @Initialized @Nullable String
  required: @Initialized @NonNull String
../annotator/urla05239b71c_viniciusinnovatium_mumps2java_api_tgz-pJ8-com_disclinc_netmanager_script_test_ExecTesteNewJ8/src/br/com/innovatium/mumps2java/datastructure/Tree.java:19: error: [assignment] incompatible types in assignment.
	private MergeOperationOverNodes mergeSubnodesOperation = new MergeOperationOverNodes(
	                                                         ^
  found   : @UnderInitialization(br.com.innovatium.mumps2java.datastructure.Node.class) @NonNull Tree.@UnderInitialization(br.com.innovatium.mumps2java.datastructure.Tree.MergeOperationOverNodes.class) @NonNull MergeOperationOverNodes
  required: @Initialized @NonNull Tree.@Initialized @NonNull MergeOperationOverNodes
../annotator/urla05239b71c_viniciusinnovatium_mumps2java_api_tgz-pJ8-com_disclinc_netmanager_script_test_ExecTesteNewJ8/src/br/com/innovatium/mumps2java/datastructure/Tree.java:20: error: [argument] incompatible argument for parameter tree of MergeOperationOverNodes constructor.
			this);
			^
  found   : @UnderInitialization(br.com.innovatium.mumps2java.datastructure.Node.class) @NonNull Tree
  required: @Initialized @NonNull Tree
../annotator/urla05239b71c_viniciusinnovatium_mumps2java_api_tgz-pJ8-com_disclinc_netmanager_script_test_ExecTesteNewJ8/src/br/com/innovatium/mumps2java/datastructure/Tree.java:43: error: [dereference.of.nullable] dereference of possibly-null reference stack
				stack.push(node);
				^
../annotator/urla05239b71c_viniciusinnovatium_mumps2java_api_tgz-pJ8-com_disclinc_netmanager_script_test_ExecTesteNewJ8/src/br/com/innovatium/mumps2java/datastructure/Tree.java:85: error: [dereference.of.nullable] dereference of possibly-null reference stack
				stack.push(node);
				^
../annotator/urla05239b71c_viniciusinnovatium_mumps2java_api_tgz-pJ8-com_disclinc_netmanager_script_test_ExecTesteNewJ8/src/br/com/innovatium/mumps2java/datastructure/Tree.java:138: error: [assignment] incompatible types in assignment.
			subs = Arrays.copyOf(subs, subs.length - 1);
			                    ^
  found   : @Initialized @Nullable Object @Initialized @NonNull []
  required: @Initialized @NonNull Object @Initialized @NonNull []
../annotator/urla05239b71c_viniciusinnovatium_mumps2java_api_tgz-pJ8-com_disclinc_netmanager_script_test_ExecTesteNewJ8/src/br/com/innovatium/mumps2java/datastructure/Tree.java:166: error: [iterating.over.nullable] iterating over possibly-null reference node.getFirstLevelSubnodes()
			for (Node subnode : node.getFirstLevelSubnodes()) {
			                                              ^
../annotator/urla05239b71c_viniciusinnovatium_mumps2java_api_tgz-pJ8-com_disclinc_netmanager_script_test_ExecTesteNewJ8/src/br/com/innovatium/mumps2java/datastructure/Tree.java:202: error: [return] incompatible types in return.
		return findNodeByKey(generateKey(subs));
		                    ^
  type of expression: @Initialized @Nullable Node
  method return type: @Initialized @NonNull Node
../annotator/urla05239b71c_viniciusinnovatium_mumps2java_api_tgz-pJ8-com_disclinc_netmanager_script_test_ExecTesteNewJ8/src/br/com/innovatium/mumps2java/datastructure/Tree.java:239: error: [dereference.of.nullable] dereference of possibly-null reference origNode
		if (origNode.getValue() != null) {
		    ^
../annotator/urla05239b71c_viniciusinnovatium_mumps2java_api_tgz-pJ8-com_disclinc_netmanager_script_test_ExecTesteNewJ8/src/br/com/innovatium/mumps2java/datastructure/Tree.java:240: error: [dereference.of.nullable] dereference of possibly-null reference destNode
			destNode.setValue(origNode.getValue());
			^
../annotator/urla05239b71c_viniciusinnovatium_mumps2java_api_tgz-pJ8-com_disclinc_netmanager_script_test_ExecTesteNewJ8/src/br/com/innovatium/mumps2java/datastructure/Tree.java:340: error: [dereference.of.nullable] dereference of possibly-null reference node.getParent()
			node.getParent().setSubnode(node.getNext());
			              ^
../annotator/urla05239b71c_viniciusinnovatium_mumps2java_api_tgz-pJ8-com_disclinc_netmanager_script_test_ExecTesteNewJ8/src/br/com/innovatium/mumps2java/datastructure/Tree.java:374: error: [assignment] incompatible types in assignment.
		final Object[] subnodeArray = Arrays.copyOf(subs, index);
		                                           ^
  found   : @Initialized @Nullable Object @Initialized @NonNull []
  required: @Initialized @NonNull Object @UnknownInitialization @Nullable []
../annotator/urla05239b71c_viniciusinnovatium_mumps2java_api_tgz-pJ8-com_disclinc_netmanager_script_test_ExecTesteNewJ8/src/br/com/innovatium/mumps2java/datastructure/Tree.java:427: error: [initialization.fields.uninitialized] the constructor does not initialize fields: dest, orig
		public MergeOperationOverNodes(Tree tree) {
		       ^
../annotator/urla05239b71c_viniciusinnovatium_mumps2java_api_tgz-pJ8-com_disclinc_netmanager_script_test_ExecTesteNewJ8/src/br/com/innovatium/mumps2java/datastructure/Node.java:40: error: [method.invocation] call to isNumber(java.lang.String) not allowed on the given receiver.
		if ((temp = isNumber(temp.toString())) != null) {
		                    ^
  found   : @UnderInitialization @NonNull Node
  required: @Initialized @NonNull Node
../annotator/urla05239b71c_viniciusinnovatium_mumps2java_api_tgz-pJ8-com_disclinc_netmanager_script_test_ExecTesteNewJ8/src/br/com/innovatium/mumps2java/datastructure/Node.java:59: error: [return] incompatible types in return.
		return subnode;
		       ^
  type of expression: @Initialized @Nullable Node
  method return type: @Initialized @NonNull Node
../annotator/urla05239b71c_viniciusinnovatium_mumps2java_api_tgz-pJ8-com_disclinc_netmanager_script_test_ExecTesteNewJ8/src/br/com/innovatium/mumps2java/datastructure/Node.java:67: error: [return] incompatible types in return.
		return Arrays.copyOfRange(subs, start, subs.length);
		                         ^
  type of expression: @Initialized @Nullable Object @Initialized @NonNull []
  method return type: @Initialized @NonNull Object @Initialized @NonNull []
../annotator/urla05239b71c_viniciusinnovatium_mumps2java_api_tgz-pJ8-com_disclinc_netmanager_script_test_ExecTesteNewJ8/src/br/com/innovatium/mumps2java/datastructure/Node.java:86: error: [return] incompatible types in return.
		return Arrays.copyOfRange(subs, 1, subs.length);
		                         ^
  type of expression: @Initialized @Nullable Object @Initialized @NonNull []
  method return type: @Initialized @NonNull Object @Initialized @NonNull []
../annotator/urla05239b71c_viniciusinnovatium_mumps2java_api_tgz-pJ8-com_disclinc_netmanager_script_test_ExecTesteNewJ8/src/br/com/innovatium/mumps2java/datastructure/Node.java:98: error: [return] incompatible types in return.
		return next;
		       ^
  type of expression: @Initialized @Nullable Node
  method return type: @Initialized @NonNull Node
../annotator/urla05239b71c_viniciusinnovatium_mumps2java_api_tgz-pJ8-com_disclinc_netmanager_script_test_ExecTesteNewJ8/src/br/com/innovatium/mumps2java/datastructure/Node.java:106: error: [return] incompatible types in return.
		return previous;
		       ^
  type of expression: @Initialized @Nullable Node
  method return type: @Initialized @NonNull Node
../annotator/urla05239b71c_viniciusinnovatium_mumps2java_api_tgz-pJ8-com_disclinc_netmanager_script_test_ExecTesteNewJ8/src/br/com/innovatium/mumps2java/datastructure/Node.java:147: error: [dereference.of.nullable] dereference of possibly-null reference parent
		return findPrevious(parent.subnode, this);
		                    ^
../annotator/urla05239b71c_viniciusinnovatium_mumps2java_api_tgz-pJ8-com_disclinc_netmanager_script_test_ExecTesteNewJ8/src/br/com/innovatium/mumps2java/datastructure/Node.java:151: error: [dereference.of.nullable] dereference of possibly-null reference previous
		if (previous.compareTo(subnode) > 0) {
		    ^
../annotator/urla05239b71c_viniciusinnovatium_mumps2java_api_tgz-pJ8-com_disclinc_netmanager_script_test_ExecTesteNewJ8/src/br/com/innovatium/mumps2java/datastructure/Node.java:175: error: [dereference.of.nullable] dereference of possibly-null reference parent
			return parent.getSubnode().equals(this);
			       ^
../annotator/urla05239b71c_viniciusinnovatium_mumps2java_api_tgz-pJ8-com_disclinc_netmanager_script_test_ExecTesteNewJ8/src/br/com/innovatium/mumps2java/datastructure/util/DataStructureUtil.java:30: error: [dereference.of.nullable] dereference of possibly-null reference subs
		int end = subs.length - 1;
		          ^
../annotator/urla05239b71c_viniciusinnovatium_mumps2java_api_tgz-pJ8-com_disclinc_netmanager_script_test_ExecTesteNewJ8/src/br/com/innovatium/mumps2java/datastructure/util/DataStructureUtil.java:46: error: [dereference.of.nullable] dereference of possibly-null reference subs
		int delimiterOccurece = subs.length - 1;
		                        ^
../annotator/urla05239b71c_viniciusinnovatium_mumps2java_api_tgz-pJ8-com_disclinc_netmanager_script_test_ExecTesteNewJ8/src/br/com/innovatium/mumps2java/datastructure/util/DataStructureUtil.java:81: error: [accessing.nullable] accessing a possibly-null array subs
		return subs[0].toString().replace("^", "");
		       ^
../annotator/urla05239b71c_viniciusinnovatium_mumps2java_api_tgz-pJ8-com_disclinc_netmanager_script_test_ExecTesteNewJ8/src/br/com/innovatium/mumps2java/datastructure/OrderDataCache.java:16: error: [dereference.of.nullable] dereference of possibly-null reference subs
		int last = subs.length;
		           ^
../annotator/urla05239b71c_viniciusinnovatium_mumps2java_api_tgz-pJ8-com_disclinc_netmanager_script_test_ExecTesteNewJ8/src/br/com/innovatium/mumps2java/datastructure/OrderDataCache.java:19: error: [assignment] incompatible types in assignment.
			subscripts = Arrays.copyOf(subs, i);
			                          ^
  found   : @Initialized @Nullable Object @Initialized @NonNull []
  required: @Initialized @NonNull Object @UnknownInitialization @Nullable []
../annotator/urla05239b71c_viniciusinnovatium_mumps2java_api_tgz-pJ8-com_disclinc_netmanager_script_test_ExecTesteNewJ8/src/mLibrary/mParent.java:6: error: [initialization.static.field.uninitialized] static field m$ not initialized
	protected static mContext m$;		
	                          ^
../annotator/urla05239b71c_viniciusinnovatium_mumps2java_api_tgz-pJ8-com_disclinc_netmanager_script_test_ExecTesteNewJ8/src/mLibrary/mContext.java:48: error: [assignment] incompatible types in assignment.
		this.Fnc = new mFnc(this);
		           ^
  found   : @UnderInitialization(mLibrary.mFnc.class) @NonNull mFnc
  required: @Initialized @NonNull mFnc
../annotator/urla05239b71c_viniciusinnovatium_mumps2java_api_tgz-pJ8-com_disclinc_netmanager_script_test_ExecTesteNewJ8/src/mLibrary/mContext.java:48: error: [argument] incompatible argument for parameter m$ of mFnc constructor.
		this.Fnc = new mFnc(this);
		                    ^
  found   : @UnderInitialization @NonNull mContext
  required: @Initialized @NonNull mContext
../annotator/urla05239b71c_viniciusinnovatium_mumps2java_api_tgz-pJ8-com_disclinc_netmanager_script_test_ExecTesteNewJ8/src/mLibrary/mContext.java:49: error: [assignment] incompatible types in assignment.
		this.Cmd = new mCmd(this);
		           ^
  found   : @UnderInitialization(mLibrary.mCmd.class) @NonNull mCmd
  required: @Initialized @NonNull mCmd
../annotator/urla05239b71c_viniciusinnovatium_mumps2java_api_tgz-pJ8-com_disclinc_netmanager_script_test_ExecTesteNewJ8/src/mLibrary/mContext.java:49: error: [argument] incompatible argument for parameter m$ of mCmd constructor.
		this.Cmd = new mCmd(this);
		                    ^
  found   : @UnderInitialization @NonNull mContext
  required: @Initialized @NonNull mContext
../annotator/urla05239b71c_viniciusinnovatium_mumps2java_api_tgz-pJ8-com_disclinc_netmanager_script_test_ExecTesteNewJ8/src/mLibrary/mContext.java:50: error: [assignment] incompatible types in assignment.
		this.system = new mSystem(this);
		              ^
  found   : @UnderInitialization(mSystem.mSystem.class) @NonNull mSystem
  required: @Initialized @NonNull mSystem
../annotator/urla05239b71c_viniciusinnovatium_mumps2java_api_tgz-pJ8-com_disclinc_netmanager_script_test_ExecTesteNewJ8/src/mLibrary/mContext.java:50: error: [argument] incompatible argument for parameter m$ of mSystem constructor.
		this.system = new mSystem(this);
		                          ^
  found   : @UnderInitialization @NonNull mContext
  required: @Initialized @NonNull mContext
../annotator/urla05239b71c_viniciusinnovatium_mumps2java_api_tgz-pJ8-com_disclinc_netmanager_script_test_ExecTesteNewJ8/src/mLibrary/mContext.java:54: error: [return] incompatible types in return.
		return writer;
		       ^
  type of expression: @Initialized @Nullable Writer
  method return type: @Initialized @NonNull Writer
../annotator/urla05239b71c_viniciusinnovatium_mumps2java_api_tgz-pJ8-com_disclinc_netmanager_script_test_ExecTesteNewJ8/src/mLibrary/mContext.java:100: error: [assignment] incompatible types in assignment.
				parameters = new Object[] { parameters };
				             ^
  found   : @Initialized @Nullable Object @Initialized @NonNull []
  required: @Initialized @NonNull Object @Initialized @Nullable []
../annotator/urla05239b71c_viniciusinnovatium_mumps2java_api_tgz-pJ8-com_disclinc_netmanager_script_test_ExecTesteNewJ8/src/mLibrary/mContext.java:103: error: [argument] incompatible argument for parameter obj of Method.invoke.
				m.invoke(obj, parameters);
				         ^
  found   : @Initialized @Nullable Object
  required: @Initialized @NonNull Object
../annotator/urla05239b71c_viniciusinnovatium_mumps2java_api_tgz-pJ8-com_disclinc_netmanager_script_test_ExecTesteNewJ8/src/mLibrary/mContext.java:103: error: [argument] incompatible argument for parameter args of Method.invoke.
				m.invoke(obj, parameters);
				              ^
  found   : @Initialized @NonNull Object @Initialized @Nullable []
  required: @Initialized @NonNull Object @Initialized @NonNull []
../annotator/urla05239b71c_viniciusinnovatium_mumps2java_api_tgz-pJ8-com_disclinc_netmanager_script_test_ExecTesteNewJ8/src/mLibrary/mContext.java:105: error: [argument] incompatible argument for parameter obj of Method.invoke.
				result = m.invoke(obj, parameters);
				                  ^
  found   : @Initialized @Nullable Object
  required: @Initialized @NonNull Object
../annotator/urla05239b71c_viniciusinnovatium_mumps2java_api_tgz-pJ8-com_disclinc_netmanager_script_test_ExecTesteNewJ8/src/mLibrary/mContext.java:105: error: [argument] incompatible argument for parameter args of Method.invoke.
				result = m.invoke(obj, parameters);
				                       ^
  found   : @Initialized @NonNull Object @Initialized @Nullable []
  required: @Initialized @NonNull Object @Initialized @NonNull []
../annotator/urla05239b71c_viniciusinnovatium_mumps2java_api_tgz-pJ8-com_disclinc_netmanager_script_test_ExecTesteNewJ8/src/mLibrary/mContext.java:124: error: [argument] incompatible argument for parameter arg0 of Map.get.
		Method m = methodMap.get(methodName);
		                         ^
  found   : @Initialized @Nullable String
  required: @Initialized @NonNull Object
../annotator/urla05239b71c_viniciusinnovatium_mumps2java_api_tgz-pJ8-com_disclinc_netmanager_script_test_ExecTesteNewJ8/src/mLibrary/mContext.java:143: error: [dereference.of.nullable] dereference of possibly-null reference methodMap
			methodMap.put(methodName, m);
			^
../annotator/urla05239b71c_viniciusinnovatium_mumps2java_api_tgz-pJ8-com_disclinc_netmanager_script_test_ExecTesteNewJ8/src/mLibrary/mContext.java:143: error: [argument] incompatible argument for parameter arg1 of Map.put.
			methodMap.put(methodName, m);
			                          ^
  found   : @Initialized @Nullable Method
  required: @Initialized @NonNull Method
../annotator/urla05239b71c_viniciusinnovatium_mumps2java_api_tgz-pJ8-com_disclinc_netmanager_script_test_ExecTesteNewJ8/src/mLibrary/mContext.java:167: error: [assignment] incompatible types in assignment.
				parameters = Arrays.copyOfRange(args, initParam, args.length);
				                               ^
  found   : @Initialized @Nullable Object @Initialized @NonNull []
  required: @Initialized @NonNull Object @UnknownInitialization @Nullable []
../annotator/urla05239b71c_viniciusinnovatium_mumps2java_api_tgz-pJ8-com_disclinc_netmanager_script_test_ExecTesteNewJ8/src/mLibrary/mContext.java:220: error: [assignment] incompatible types in assignment.
		Set<Entry<String, String[]>> results = map.entrySet();
		                                                   ^
  found   : Set<Entry<@KeyFor("map") String, String []>>
  required: Set<Entry<String, String []>>
../annotator/urla05239b71c_viniciusinnovatium_mumps2java_api_tgz-pJ8-com_disclinc_netmanager_script_test_ExecTesteNewJ8/src/mLibrary/mContext.java:282: error: [assignment] incompatible types in assignment.
		Set<Entry<mData, Object[]>> set = maps.entrySet();
		                                               ^
  found   : Set<Entry<@KeyFor("maps") mData, Object []>>
  required: Set<Entry<mData, Object []>>
../annotator/urla05239b71c_viniciusinnovatium_mumps2java_api_tgz-pJ8-com_disclinc_netmanager_script_test_ExecTesteNewJ8/src/mLibrary/mContext.java:292: error: [assignment] incompatible types in assignment.
		Set<Entry<mData, Object[]>> set = maps.entrySet();
		                                               ^
  found   : Set<Entry<@KeyFor("maps") mData, Object []>>
  required: Set<Entry<mData, Object []>>
../annotator/urla05239b71c_viniciusinnovatium_mumps2java_api_tgz-pJ8-com_disclinc_netmanager_script_test_ExecTesteNewJ8/src/mLibrary/mContext.java:364: error: [return] incompatible types in return.
			return null;
			       ^
  type of expression: null (NullType)
  method return type: @Initialized @NonNull mVar
../annotator/urla05239b71c_viniciusinnovatium_mumps2java_api_tgz-pJ8-com_disclinc_netmanager_script_test_ExecTesteNewJ8/src/mLibrary/mData.java:32: error: [dereference.of.nullable] dereference of possibly-null reference dao
			value = dao.find(tableName, generateKeyWithoutVarName(subs));
			        ^
../annotator/urla05239b71c_viniciusinnovatium_mumps2java_api_tgz-pJ8-com_disclinc_netmanager_script_test_ExecTesteNewJ8/src/mLibrary/mData.java:56: error: [dereference.of.nullable] dereference of possibly-null reference dao
				dao.insert(tableName, generateKeyWithoutVarName(currentSubs),
				^
../annotator/urla05239b71c_viniciusinnovatium_mumps2java_api_tgz-pJ8-com_disclinc_netmanager_script_test_ExecTesteNewJ8/src/mLibrary/mData.java:56: error: [argument] incompatible argument for parameter subs of DataStructureUtil.generateKeyWithoutVarName.
				dao.insert(tableName, generateKeyWithoutVarName(currentSubs),
				                                                ^
  found   : @Initialized @NonNull Object @Initialized @Nullable []
  required: @Initialized @NonNull Object @Initialized @NonNull []
../annotator/urla05239b71c_viniciusinnovatium_mumps2java_api_tgz-pJ8-com_disclinc_netmanager_script_test_ExecTesteNewJ8/src/mLibrary/mData.java:92: error: [dereference.of.nullable] dereference of possibly-null reference dao
			dao.remove(generateTableName(subs), generateKeyWithoutVarName(subs));
			^
../annotator/urla05239b71c_viniciusinnovatium_mumps2java_api_tgz-pJ8-com_disclinc_netmanager_script_test_ExecTesteNewJ8/src/mLibrary/mData.java:149: error: [dereference.of.nullable] dereference of possibly-null reference dao
		Map<String, String> map = dao.like(tableName,
		                          ^
../annotator/urla05239b71c_viniciusinnovatium_mumps2java_api_tgz-pJ8-com_disclinc_netmanager_script_test_ExecTesteNewJ8/src/mLibrary/mData.java:153: error: [assignment] incompatible types in assignment.
			Set<Entry<String, String>> result = map.entrySet();
			                                                ^
  found   : Set<Entry<@KeyFor("map") String, String>>
  required: Set<Entry<String, String>>
../annotator/urla05239b71c_viniciusinnovatium_mumps2java_api_tgz-pJ8-com_disclinc_netmanager_script_test_ExecTesteNewJ8/src/mLibrary/mRequest.java:19: error: [method.invocation] call to populateParameter(java.util.Map<java.lang.String,java.lang.String[]>) not allowed on the given receiver.
		populateParameter(map);
		                 ^
  found   : @UnderInitialization(mLibrary.mRequest.class) @NonNull mRequest
  required: @Initialized @NonNull mRequest
../annotator/urla05239b71c_viniciusinnovatium_mumps2java_api_tgz-pJ8-com_disclinc_netmanager_script_test_ExecTesteNewJ8/src/mLibrary/mRequest.java:23: error: [assignment] incompatible types in assignment.
		Set<Entry<String, String[]>> results = map.entrySet();
		                                                   ^
  found   : Set<Entry<@KeyFor("map") String, String []>>
  required: Set<Entry<String, String []>>
../annotator/urla05239b71c_viniciusinnovatium_mumps2java_api_tgz-pJ8-com_disclinc_netmanager_script_test_ExecTesteNewJ8/src/mLibrary/mRequest.java:65: error: [dereference.of.nullable] dereference of possibly-null reference varData("data", args)
		return varData("data", args).get();
		              ^
../annotator/urla05239b71c_viniciusinnovatium_mumps2java_api_tgz-pJ8-com_disclinc_netmanager_script_test_ExecTesteNewJ8/src/mLibrary/mSession.java:15: error: [method.invocation] call to populateParameter(java.util.Map<java.lang.String,java.lang.String[]>) not allowed on the given receiver.
		populateParameter(map);
		                 ^
  found   : @UnderInitialization(mLibrary.mSession.class) @NonNull mSession
  required: @Initialized @NonNull mSession
../annotator/urla05239b71c_viniciusinnovatium_mumps2java_api_tgz-pJ8-com_disclinc_netmanager_script_test_ExecTesteNewJ8/src/mLibrary/mSession.java:16: error: [method.invocation] call to setSessionId(java.lang.String) not allowed on the given receiver.
		setSessionId(UUID.randomUUID().toString());
		            ^
  found   : @UnderInitialization(mLibrary.mSession.class) @NonNull mSession
  required: @Initialized @NonNull mSession
../annotator/urla05239b71c_viniciusinnovatium_mumps2java_api_tgz-pJ8-com_disclinc_netmanager_script_test_ExecTesteNewJ8/src/mLibrary/mSession.java:29: error: [assignment] incompatible types in assignment.
		Set<Entry<String, String[]>> results = map.entrySet();
		                                                   ^
  found   : Set<Entry<@KeyFor("map") String, String []>>
  required: Set<Entry<String, String []>>
../annotator/urla05239b71c_viniciusinnovatium_mumps2java_api_tgz-pJ8-com_disclinc_netmanager_script_test_ExecTesteNewJ8/src/mLibrary/mFnc.java:190: error: [unboxing.of.nullable] unboxing a possibly-null reference mFncUtil.castInt(start)
				mFncUtil.castString(substring), mFncUtil.castInt(start));
				                                                ^
../annotator/urla05239b71c_viniciusinnovatium_mumps2java_api_tgz-pJ8-com_disclinc_netmanager_script_test_ExecTesteNewJ8/src/mLibrary/mFnc.java:265: error: [assignment] incompatible types in assignment.
				content = ((mVar) content).get();
				                              ^
  found   : @Initialized @Nullable Object
  required: @Initialized @NonNull Object
../annotator/urla05239b71c_viniciusinnovatium_mumps2java_api_tgz-pJ8-com_disclinc_netmanager_script_test_ExecTesteNewJ8/src/mLibrary/mFnc.java:267: error: [assignment] incompatible types in assignment.
				content = null;
				          ^
  found   : null (NullType)
  required: @Initialized @NonNull Object
../annotator/urla05239b71c_viniciusinnovatium_mumps2java_api_tgz-pJ8-com_disclinc_netmanager_script_test_ExecTesteNewJ8/src/mLibrary/mFnc.java:489: error: [unboxing.of.nullable] unboxing a possibly-null reference mFncUtil.castInt(index)
				mFncUtil.castString(delimiter), mFncUtil.castInt(index));
				                                                ^
../annotator/urla05239b71c_viniciusinnovatium_mumps2java_api_tgz-pJ8-com_disclinc_netmanager_script_test_ExecTesteNewJ8/src/mLibrary/mFnc.java:495: error: [unboxing.of.nullable] unboxing a possibly-null reference mFncUtil.castInt(from)
				mFncUtil.castString(delimiter), mFncUtil.castInt(from),
				                                                ^
../annotator/urla05239b71c_viniciusinnovatium_mumps2java_api_tgz-pJ8-com_disclinc_netmanager_script_test_ExecTesteNewJ8/src/mLibrary/mFnc.java:496: error: [unboxing.of.nullable] unboxing a possibly-null reference mFncUtil.castInt(to)
				mFncUtil.castInt(to));
				                ^
../annotator/urla05239b71c_viniciusinnovatium_mumps2java_api_tgz-pJ8-com_disclinc_netmanager_script_test_ExecTesteNewJ8/src/mLibrary/mFnc.java:1010: error: [return] incompatible types in return.
			return null;
			       ^
  type of expression: null (NullType)
  method return type: @Initialized @NonNull String
../annotator/urla05239b71c_viniciusinnovatium_mumps2java_api_tgz-pJ8-com_disclinc_netmanager_script_test_ExecTesteNewJ8/src/mLibrary/mFnc.java:1195: error: [assignment] incompatible types in assignment.
		final String[] array = Arrays.copyOfRange(string.split(delimiter),
		                                         ^
  found   : @Initialized @Nullable String @Initialized @NonNull []
  required: @Initialized @NonNull String @UnknownInitialization @Nullable []
../annotator/urla05239b71c_viniciusinnovatium_mumps2java_api_tgz-pJ8-com_disclinc_netmanager_script_test_ExecTesteNewJ8/src/mLibrary/mFnc.java:1206: error: [assignment] incompatible types in assignment.
			array = Arrays.copyOfRange(array, 0, position);
			                          ^
  found   : @Initialized @Nullable Object @Initialized @NonNull []
  required: @Initialized @NonNull Object @UnknownInitialization @Nullable []
../annotator/urla05239b71c_viniciusinnovatium_mumps2java_api_tgz-pJ8-com_disclinc_netmanager_script_test_ExecTesteNewJ8/src/mLibrary/mCmd.java:191: error: [iterating.over.nullable] iterating over possibly-null reference string
			for (Object str : string) {
			                  ^
../annotator/urla05239b71c_viniciusinnovatium_mumps2java_api_tgz-pJ8-com_disclinc_netmanager_script_test_ExecTesteNewJ8/src/mLibrary/mClass.java:10: error: [initialization.field.uninitialized] the default constructor does not initialize field m$
	public mContext m$;
	                ^
../annotator/urla05239b71c_viniciusinnovatium_mumps2java_api_tgz-pJ8-com_disclinc_netmanager_script_test_ExecTesteNewJ8/src/mLibrary/mParameter.java:16: error: [argument] incompatible argument for parameter obj of Field.get.
			retorno = parameterField.get(null);
			                             ^
  found   : null (NullType)
  required: @Initialized @NonNull Object
../annotator/urla05239b71c_viniciusinnovatium_mumps2java_api_tgz-pJ8-com_disclinc_netmanager_script_test_ExecTesteNewJ8/src/mLibrary/mParameter.java:22: error: [return] incompatible types in return.
		return retorno;
		       ^
  type of expression: @Initialized @Nullable Object
  method return type: @Initialized @NonNull Object
../annotator/urla05239b71c_viniciusinnovatium_mumps2java_api_tgz-pJ8-com_disclinc_netmanager_script_test_ExecTesteNewJ8/src/com/disclinc/netmanager/function/test/PieceFunctionTest.java:21: error: [argument] incompatible argument for parameter actual of Assert.assertEquals.
				$piece(STRING_TEST, DELIMITER));
				      ^
  found   : @Initialized @Nullable Object
  required: @Initialized @NonNull Object
../annotator/urla05239b71c_viniciusinnovatium_mumps2java_api_tgz-pJ8-com_disclinc_netmanager_script_test_ExecTesteNewJ8/src/com/disclinc/netmanager/function/test/PieceFunctionTest.java:27: error: [argument] incompatible argument for parameter actual of Assert.assertEquals.
				"One Memorial Drive", $piece(STRING_TEST, DELIMITER, to));
				                            ^
  found   : @Initialized @Nullable String
  required: @Initialized @NonNull Object
../annotator/urla05239b71c_viniciusinnovatium_mumps2java_api_tgz-pJ8-com_disclinc_netmanager_script_test_ExecTesteNewJ8/src/com/disclinc/netmanager/function/test/PieceFunctionTest.java:37: error: [argument] incompatible argument for parameter actual of Assert.assertEquals.
				$piece(STRING_TEST, DELIMITER, to, from));
				      ^
  found   : @Initialized @Nullable Object
  required: @Initialized @NonNull Object
../annotator/urla05239b71c_viniciusinnovatium_mumps2java_api_tgz-pJ8-com_disclinc_netmanager_script_test_ExecTesteNewJ8/src/com/disclinc/netmanager/function/test/PieceFunctionTest.java:43: error: [argument] incompatible argument for parameter actual of Assert.assertEquals.
				$piece($piece(STRING_TEST, DELIMITER, from), " "));
				      ^
  found   : @Initialized @Nullable Object
  required: @Initialized @NonNull Object
../annotator/urla05239b71c_viniciusinnovatium_mumps2java_api_tgz-pJ8-com_disclinc_netmanager_script_test_ExecTesteNewJ8/src/com/disclinc/netmanager/function/test/ReplaceFunctionTest.java:20: error: [argument] incompatible argument for parameter actual of Assert.assertEquals.
				$replace(string, oldSubstring, newSubstring));
				        ^
  found   : @Initialized @Nullable String
  required: @Initialized @NonNull Object
../annotator/urla05239b71c_viniciusinnovatium_mumps2java_api_tgz-pJ8-com_disclinc_netmanager_script_test_ExecTesteNewJ8/src/com/disclinc/netmanager/function/test/OrderFunctionTest.java:26: error: [argument] incompatible argument for parameter actual of Assert.assertEquals.
		assertEquals("Fail on searching local variable value", 88, m$.var("b").get());
		                                                                          ^
  found   : @Initialized @Nullable Object
  required: @Initialized @NonNull Object
../annotator/urla05239b71c_viniciusinnovatium_mumps2java_api_tgz-pJ8-com_disclinc_netmanager_script_test_ExecTesteNewJ8/src/com/disclinc/netmanager/function/test/OrderFunctionTest.java:27: error: [argument] incompatible argument for parameter actual of Assert.assertEquals.
		assertEquals("Fail on searching local variable value", 12, m$.var("a").get());
		                                                                          ^
  found   : @Initialized @Nullable Object
  required: @Initialized @NonNull Object
../annotator/urla05239b71c_viniciusinnovatium_mumps2java_api_tgz-pJ8-com_disclinc_netmanager_script_test_ExecTesteNewJ8/src/com/disclinc/netmanager/function/test/OrderFunctionTest.java:28: error: [argument] incompatible argument for parameter actual of Assert.assertEquals.
		assertEquals("Fail on searching local variable value", 6, m$.var("a", "1").get());
		                                                                              ^
  found   : @Initialized @Nullable Object
  required: @Initialized @NonNull Object
../annotator/urla05239b71c_viniciusinnovatium_mumps2java_api_tgz-pJ8-com_disclinc_netmanager_script_test_ExecTesteNewJ8/src/com/disclinc/netmanager/function/test/OrderFunctionTest.java:29: error: [argument] incompatible argument for parameter actual of Assert.assertEquals.
		assertEquals("Fail on searching local variable value", 2, m$.var("a", "1", "amarelo").get());
		                                                                                         ^
  found   : @Initialized @Nullable Object
  required: @Initialized @NonNull Object
../annotator/urla05239b71c_viniciusinnovatium_mumps2java_api_tgz-pJ8-com_disclinc_netmanager_script_test_ExecTesteNewJ8/src/com/disclinc/netmanager/function/test/OrderFunctionTest.java:30: error: [argument] incompatible argument for parameter actual of Assert.assertEquals.
		assertEquals("Fail on searching local variable value", 8, m$.var("a", "2").get());
		                                                                              ^
  found   : @Initialized @Nullable Object
  required: @Initialized @NonNull Object
../annotator/urla05239b71c_viniciusinnovatium_mumps2java_api_tgz-pJ8-com_disclinc_netmanager_script_test_ExecTesteNewJ8/src/com/disclinc/netmanager/function/test/CaseFunctionTest.java:25: error: [argument] incompatible argument for parameter actual of Assert.assertEquals.
		assertEquals("Fail on case a valid condition", "amarelo", actual);
		                                                          ^
  found   : @Initialized @Nullable Object
  required: @Initialized @NonNull Object
../annotator/urla05239b71c_viniciusinnovatium_mumps2java_api_tgz-pJ8-com_disclinc_netmanager_script_test_ExecTesteNewJ8/src/com/disclinc/netmanager/function/test/CaseFunctionTest.java:43: error: [argument] incompatible argument for parameter actual of Assert.assertEquals.
		assertEquals("Fail on case a valid condition", "vermelho", actual);
		                                                           ^
  found   : @Initialized @Nullable Object
  required: @Initialized @NonNull Object
../annotator/urla05239b71c_viniciusinnovatium_mumps2java_api_tgz-pJ8-com_disclinc_netmanager_script_test_ExecTesteNewJ8/src/com/disclinc/netmanager/function/test/CaseFunctionTest.java:61: error: [argument] incompatible argument for parameter actual of Assert.assertEquals.
		assertEquals("Fail on case a valid condition", "azul", actual);
		                                                       ^
  found   : @Initialized @Nullable Object
  required: @Initialized @NonNull Object
../annotator/urla05239b71c_viniciusinnovatium_mumps2java_api_tgz-pJ8-com_disclinc_netmanager_script_test_ExecTesteNewJ8/src/com/disclinc/netmanager/function/test/CaseFunctionTest.java:79: error: [argument] incompatible argument for parameter actual of Assert.assertEquals.
		assertEquals("Fail on case a valid condition", expected, actual);
		                                                         ^
  found   : @Initialized @Nullable Object
  required: @Initialized @NonNull Object
../annotator/urla05239b71c_viniciusinnovatium_mumps2java_api_tgz-pJ8-com_disclinc_netmanager_script_test_ExecTesteNewJ8/src/com/disclinc/netmanager/function/test/CaseFunctionTest.java:94: error: [argument] incompatible argument for parameter args of mFnc.$case.
		Object actual = mFnc.$case(target, bool1, var1, bool2, var2, bool3,
		                           ^
  found   : @FBCBottom @Nullable Object
  required: @Initialized @NonNull Object
../annotator/urla05239b71c_viniciusinnovatium_mumps2java_api_tgz-pJ8-com_disclinc_netmanager_script_test_ExecTesteNewJ8/src/com/disclinc/netmanager/function/test/CaseFunctionTest.java:97: error: [argument] incompatible argument for parameter actual of Assert.assertEquals.
		assertEquals("Fail on case a valid condition", expected, actual);
		                                                         ^
  found   : @Initialized @Nullable Object
  required: @Initialized @NonNull Object
../annotator/urla05239b71c_viniciusinnovatium_mumps2java_api_tgz-pJ8-com_disclinc_netmanager_script_test_ExecTesteNewJ8/src/com/disclinc/netmanager/function/test/ExtractFunctionTest.java:14: error: [argument] incompatible argument for parameter actual of Assert.assertEquals.
		assertEquals("Fail to extract string as default value", "1",  $extract(stringTest));
		                                                                      ^
  found   : @Initialized @Nullable String
  required: @Initialized @NonNull Object
../annotator/urla05239b71c_viniciusinnovatium_mumps2java_api_tgz-pJ8-com_disclinc_netmanager_script_test_ExecTesteNewJ8/src/com/disclinc/netmanager/function/test/ExtractFunctionTest.java:19: error: [argument] incompatible argument for parameter actual of Assert.assertEquals.
		assertEquals("Fail to extract string as default value", "A",  $extract(stringTest, 5));
		                                                                      ^
  found   : @Initialized @Nullable String
  required: @Initialized @NonNull Object
../annotator/urla05239b71c_viniciusinnovatium_mumps2java_api_tgz-pJ8-com_disclinc_netmanager_script_test_ExecTesteNewJ8/src/com/disclinc/netmanager/function/test/ExtractFunctionTest.java:24: error: [argument] incompatible argument for parameter actual of Assert.assertEquals.
		assertEquals("Fail to extract string as default value", "Alabama",  $extract(stringTest, 5, 11));
		                                                                            ^
  found   : @Initialized @Nullable String
  required: @Initialized @NonNull Object
../annotator/urla05239b71c_viniciusinnovatium_mumps2java_api_tgz-pJ8-com_disclinc_netmanager_script_test_ExecTesteNewJ8/src/com/disclinc/netmanager/function/test/ExtractFunctionTest.java:29: error: [argument] incompatible argument for parameter actual of Assert.assertEquals.
		assertEquals("Fail to extract string as default value", "1234Alabama",  $extract(stringTest, -5, 11));
		                                                                                ^
  found   : @Initialized @Nullable String
  required: @Initialized @NonNull Object
../annotator/urla05239b71c_viniciusinnovatium_mumps2java_api_tgz-pJ8-com_disclinc_netmanager_script_test_ExecTesteNewJ8/src/com/disclinc/netmanager/function/test/ExtractFunctionTest.java:34: error: [argument] incompatible argument for parameter actual of Assert.assertEquals.
		assertEquals("Fail to extract string as default value", "",  $extract(stringTest, -5, -11));
		                                                                     ^
  found   : @Initialized @Nullable String
  required: @Initialized @NonNull Object
../annotator/urla05239b71c_viniciusinnovatium_mumps2java_api_tgz-pJ8-com_disclinc_netmanager_script_test_ExecTesteNewJ8/src/com/disclinc/netmanager/function/test/ExtractFunctionTest.java:39: error: [argument] incompatible argument for parameter actual of Assert.assertEquals.
		assertEquals("Fail to extract string as default value", "",  $extract(stringTest, 50, 11));
		                                                                     ^
  found   : @Initialized @Nullable String
  required: @Initialized @NonNull Object
../annotator/urla05239b71c_viniciusinnovatium_mumps2java_api_tgz-pJ8-com_disclinc_netmanager_script_test_ExecTesteNewJ8/src/com/disclinc/netmanager/function/test/ExtractFunctionTest.java:44: error: [argument] incompatible argument for parameter actual of Assert.assertEquals.
		assertEquals("Fail to extract string a non present element", "",  $extract(stringTest, 50));
		                                                                          ^
  found   : @Initialized @Nullable String
  required: @Initialized @NonNull Object
../annotator/urla05239b71c_viniciusinnovatium_mumps2java_api_tgz-pJ8-com_disclinc_netmanager_script_test_ExecTesteNewJ8/src/com/disclinc/netmanager/function/test/ExtractFunctionTest.java:49: error: [argument] incompatible argument for parameter actual of Assert.assertEquals.
		assertEquals("Fail to extract string a non present element", "",  $extract(stringTest, -9));
		                                                                          ^
  found   : @Initialized @Nullable String
  required: @Initialized @NonNull Object
../annotator/urla05239b71c_viniciusinnovatium_mumps2java_api_tgz-pJ8-com_disclinc_netmanager_script_test_ExecTesteNewJ8/src/com/disclinc/netmanager/function/test/ExtractFunctionTest.java:55: error: [argument] incompatible argument for parameter actual of Assert.assertEquals.
		assertEquals("Fail to extract string a non present element", "x",  $extract(x, 1, 10));
		                                                                           ^
  found   : @Initialized @Nullable String
  required: @Initialized @NonNull Object
../annotator/urla05239b71c_viniciusinnovatium_mumps2java_api_tgz-pJ8-com_disclinc_netmanager_script_test_ExecTesteNewJ8/src/com/disclinc/netmanager/function/test/ExtractFunctionTest.java:61: error: [argument] incompatible argument for parameter actual of Assert.assertEquals.
		assertEquals("Fail to extract string a non present element", "x",  $extract(x, 1, 1));
		                                                                           ^
  found   : @Initialized @Nullable String
  required: @Initialized @NonNull Object
../annotator/urla05239b71c_viniciusinnovatium_mumps2java_api_tgz-pJ8-com_disclinc_netmanager_script_test_ExecTesteNewJ8/src/com/disclinc/netmanager/function/test/Select2FunctionTest.java:24: error: [argument] incompatible argument for parameter actual of Assert.assertEquals.
		assertEquals("Fail on select a valid condition", expected, actual);
		                                                           ^
  found   : @Initialized @Nullable Object
  required: @Initialized @NonNull Object
../annotator/urla05239b71c_viniciusinnovatium_mumps2java_api_tgz-pJ8-com_disclinc_netmanager_script_test_ExecTesteNewJ8/src/com/disclinc/netmanager/function/test/MergeFunctionTest.java:17: error: [argument] incompatible argument for parameter expected of Assert.assertEquals.
		assertEquals("The value of the merged variable must be the same", m$.var("y").get(), m$.var("x").get());
		                                                                                 ^
  found   : @Initialized @Nullable Object
  required: @Initialized @NonNull Object
../annotator/urla05239b71c_viniciusinnovatium_mumps2java_api_tgz-pJ8-com_disclinc_netmanager_script_test_ExecTesteNewJ8/src/com/disclinc/netmanager/function/test/MergeFunctionTest.java:17: error: [argument] incompatible argument for parameter actual of Assert.assertEquals.
		assertEquals("The value of the merged variable must be the same", m$.var("y").get(), m$.var("x").get());
		                                                                                                    ^
  found   : @Initialized @Nullable Object
  required: @Initialized @NonNull Object
../annotator/urla05239b71c_viniciusinnovatium_mumps2java_api_tgz-pJ8-com_disclinc_netmanager_script_test_ExecTesteNewJ8/src/com/disclinc/netmanager/function/test/MergeFunctionTest.java:28: error: [argument] incompatible argument for parameter expected of Assert.assertEquals.
		assertEquals("The value of the merged variable must be the same", m$.var("y").get(), m$.var("x").get());
		                                                                                 ^
  found   : @Initialized @Nullable Object
  required: @Initialized @NonNull Object
../annotator/urla05239b71c_viniciusinnovatium_mumps2java_api_tgz-pJ8-com_disclinc_netmanager_script_test_ExecTesteNewJ8/src/com/disclinc/netmanager/function/test/MergeFunctionTest.java:28: error: [argument] incompatible argument for parameter actual of Assert.assertEquals.
		assertEquals("The value of the merged variable must be the same", m$.var("y").get(), m$.var("x").get());
		                                                                                                    ^
  found   : @Initialized @Nullable Object
  required: @Initialized @NonNull Object
../annotator/urla05239b71c_viniciusinnovatium_mumps2java_api_tgz-pJ8-com_disclinc_netmanager_script_test_ExecTesteNewJ8/src/com/disclinc/netmanager/function/test/MergeFunctionTest.java:30: error: [argument] incompatible argument for parameter expected of Assert.assertEquals.
		assertEquals("The value of existente subscript must be the same", m$.var("y", "1").get(), m$.var("x", "1").get());
		                                                                                      ^
  found   : @Initialized @Nullable Object
  required: @Initialized @NonNull Object
../annotator/urla05239b71c_viniciusinnovatium_mumps2java_api_tgz-pJ8-com_disclinc_netmanager_script_test_ExecTesteNewJ8/src/com/disclinc/netmanager/function/test/MergeFunctionTest.java:30: error: [argument] incompatible argument for parameter actual of Assert.assertEquals.
		assertEquals("The value of existente subscript must be the same", m$.var("y", "1").get(), m$.var("x", "1").get());
		                                                                                                              ^
  found   : @Initialized @Nullable Object
  required: @Initialized @NonNull Object
../annotator/urla05239b71c_viniciusinnovatium_mumps2java_api_tgz-pJ8-com_disclinc_netmanager_script_test_ExecTesteNewJ8/src/com/disclinc/netmanager/function/test/MergeFunctionTest.java:41: error: [argument] incompatible argument for parameter actual of Assert.assertEquals.
		assertEquals("The value of the merged variable must be unchanged because the x variable is undefined", "1", m$.var("y").get());
		                                                                                                                           ^
  found   : @Initialized @Nullable Object
  required: @Initialized @NonNull Object
../annotator/urla05239b71c_viniciusinnovatium_mumps2java_api_tgz-pJ8-com_disclinc_netmanager_script_test_ExecTesteNewJ8/src/com/disclinc/netmanager/function/test/MergeFunctionTest.java:43: error: [argument] incompatible argument for parameter expected of Assert.assertEquals.
		assertEquals("The value of existente subscript must be the same", m$.var("y", "1").get(), m$.var("x", "1").get());
		                                                                                      ^
  found   : @Initialized @Nullable Object
  required: @Initialized @NonNull Object
../annotator/urla05239b71c_viniciusinnovatium_mumps2java_api_tgz-pJ8-com_disclinc_netmanager_script_test_ExecTesteNewJ8/src/com/disclinc/netmanager/function/test/MergeFunctionTest.java:43: error: [argument] incompatible argument for parameter actual of Assert.assertEquals.
		assertEquals("The value of existente subscript must be the same", m$.var("y", "1").get(), m$.var("x", "1").get());
		                                                                                                              ^
  found   : @Initialized @Nullable Object
  required: @Initialized @NonNull Object
../annotator/urla05239b71c_viniciusinnovatium_mumps2java_api_tgz-pJ8-com_disclinc_netmanager_script_test_ExecTesteNewJ8/src/com/disclinc/netmanager/function/test/MergeFunctionTest.java:59: error: [argument] incompatible argument for parameter actual of Assert.assertEquals.
		assertEquals("The value of the merged variable must be unchanged because the x variable is undefined", "10", m$.var("b").get());
		                                                                                                                            ^
  found   : @Initialized @Nullable Object
  required: @Initialized @NonNull Object
../annotator/urla05239b71c_viniciusinnovatium_mumps2java_api_tgz-pJ8-com_disclinc_netmanager_script_test_ExecTesteNewJ8/src/com/disclinc/netmanager/function/test/MergeFunctionTest.java:61: error: [argument] incompatible argument for parameter expected of Assert.assertEquals.
		assertEquals("This subscripts was merged and must be the same", m$.var("b", "1", "1").get(), m$.var("a", "1", "1").get());
		                                                                                         ^
  found   : @Initialized @Nullable Object
  required: @Initialized @NonNull Object
../annotator/urla05239b71c_viniciusinnovatium_mumps2java_api_tgz-pJ8-com_disclinc_netmanager_script_test_ExecTesteNewJ8/src/com/disclinc/netmanager/function/test/MergeFunctionTest.java:61: error: [argument] incompatible argument for parameter actual of Assert.assertEquals.
		assertEquals("This subscripts was merged and must be the same", m$.var("b", "1", "1").get(), m$.var("a", "1", "1").get());
		                                                                                                                      ^
  found   : @Initialized @Nullable Object
  required: @Initialized @NonNull Object
../annotator/urla05239b71c_viniciusinnovatium_mumps2java_api_tgz-pJ8-com_disclinc_netmanager_script_test_ExecTesteNewJ8/src/com/disclinc/netmanager/function/test/MergeFunctionTest.java:62: error: [argument] incompatible argument for parameter expected of Assert.assertEquals.
		assertEquals("This subscripts was merged and must be the same", m$.var("b", "1").get(), m$.var("a", "1").get());
		                                                                                    ^
  found   : @Initialized @Nullable Object
  required: @Initialized @NonNull Object
../annotator/urla05239b71c_viniciusinnovatium_mumps2java_api_tgz-pJ8-com_disclinc_netmanager_script_test_ExecTesteNewJ8/src/com/disclinc/netmanager/function/test/MergeFunctionTest.java:62: error: [argument] incompatible argument for parameter actual of Assert.assertEquals.
		assertEquals("This subscripts was merged and must be the same", m$.var("b", "1").get(), m$.var("a", "1").get());
		                                                                                                            ^
  found   : @Initialized @Nullable Object
  required: @Initialized @NonNull Object
../annotator/urla05239b71c_viniciusinnovatium_mumps2java_api_tgz-pJ8-com_disclinc_netmanager_script_test_ExecTesteNewJ8/src/com/disclinc/netmanager/function/test/MergeFunctionTest.java:63: error: [argument] incompatible argument for parameter expected of Assert.assertEquals.
		assertEquals("This subscripts was merged and must be the same", m$.var("b", "2").get(), m$.var("a", "2").get());
		                                                                                    ^
  found   : @Initialized @Nullable Object
  required: @Initialized @NonNull Object
../annotator/urla05239b71c_viniciusinnovatium_mumps2java_api_tgz-pJ8-com_disclinc_netmanager_script_test_ExecTesteNewJ8/src/com/disclinc/netmanager/function/test/MergeFunctionTest.java:63: error: [argument] incompatible argument for parameter actual of Assert.assertEquals.
		assertEquals("This subscripts was merged and must be the same", m$.var("b", "2").get(), m$.var("a", "2").get());
		                                                                                                            ^
  found   : @Initialized @Nullable Object
  required: @Initialized @NonNull Object
../annotator/urla05239b71c_viniciusinnovatium_mumps2java_api_tgz-pJ8-com_disclinc_netmanager_script_test_ExecTesteNewJ8/src/com/disclinc/netmanager/function/test/MergeFunctionTest.java:64: error: [argument] incompatible argument for parameter expected of Assert.assertEquals.
		assertEquals("This subscripts was merged and must be the same", m$.var("b", "2", "1").get(), m$.var("a", "2", "1").get());
		                                                                                         ^
  found   : @Initialized @Nullable Object
  required: @Initialized @NonNull Object
../annotator/urla05239b71c_viniciusinnovatium_mumps2java_api_tgz-pJ8-com_disclinc_netmanager_script_test_ExecTesteNewJ8/src/com/disclinc/netmanager/function/test/MergeFunctionTest.java:64: error: [argument] incompatible argument for parameter actual of Assert.assertEquals.
		assertEquals("This subscripts was merged and must be the same", m$.var("b", "2", "1").get(), m$.var("a", "2", "1").get());
		                                                                                                                      ^
  found   : @Initialized @Nullable Object
  required: @Initialized @NonNull Object
../annotator/urla05239b71c_viniciusinnovatium_mumps2java_api_tgz-pJ8-com_disclinc_netmanager_script_test_ExecTesteNewJ8/src/com/disclinc/netmanager/function/test/MergeFunctionTest.java:82: error: [argument] incompatible argument for parameter actual of Assert.assertEquals.
		assertEquals("The value of the merged variable must be unchanged because the x variable is undefined", "10", m$.var("b").get());
		                                                                                                                            ^
  found   : @Initialized @Nullable Object
  required: @Initialized @NonNull Object
../annotator/urla05239b71c_viniciusinnovatium_mumps2java_api_tgz-pJ8-com_disclinc_netmanager_script_test_ExecTesteNewJ8/src/com/disclinc/netmanager/function/test/MergeFunctionTest.java:84: error: [argument] incompatible argument for parameter expected of Assert.assertEquals.
		assertEquals("This subscripts was merged and must be the same", m$.var("b", "1", "1").get(), m$.var("a", "1", "1").get());
		                                                                                         ^
  found   : @Initialized @Nullable Object
  required: @Initialized @NonNull Object
../annotator/urla05239b71c_viniciusinnovatium_mumps2java_api_tgz-pJ8-com_disclinc_netmanager_script_test_ExecTesteNewJ8/src/com/disclinc/netmanager/function/test/MergeFunctionTest.java:84: error: [argument] incompatible argument for parameter actual of Assert.assertEquals.
		assertEquals("This subscripts was merged and must be the same", m$.var("b", "1", "1").get(), m$.var("a", "1", "1").get());
		                                                                                                                      ^
  found   : @Initialized @Nullable Object
  required: @Initialized @NonNull Object
../annotator/urla05239b71c_viniciusinnovatium_mumps2java_api_tgz-pJ8-com_disclinc_netmanager_script_test_ExecTesteNewJ8/src/com/disclinc/netmanager/function/test/MergeFunctionTest.java:85: error: [argument] incompatible argument for parameter expected of Assert.assertEquals.
		assertEquals("This subscripts was merged and must be the same", m$.var("b", "1").get(), m$.var("a", "1").get());
		                                                                                    ^
  found   : @Initialized @Nullable Object
  required: @Initialized @NonNull Object
../annotator/urla05239b71c_viniciusinnovatium_mumps2java_api_tgz-pJ8-com_disclinc_netmanager_script_test_ExecTesteNewJ8/src/com/disclinc/netmanager/function/test/MergeFunctionTest.java:85: error: [argument] incompatible argument for parameter actual of Assert.assertEquals.
		assertEquals("This subscripts was merged and must be the same", m$.var("b", "1").get(), m$.var("a", "1").get());
		                                                                                                            ^
  found   : @Initialized @Nullable Object
  required: @Initialized @NonNull Object
../annotator/urla05239b71c_viniciusinnovatium_mumps2java_api_tgz-pJ8-com_disclinc_netmanager_script_test_ExecTesteNewJ8/src/com/disclinc/netmanager/function/test/MergeFunctionTest.java:86: error: [argument] incompatible argument for parameter expected of Assert.assertEquals.
		assertEquals("This subscripts was merged and must be the same", m$.var("b", "2").get(), m$.var("a", "2").get());
		                                                                                    ^
  found   : @Initialized @Nullable Object
  required: @Initialized @NonNull Object
../annotator/urla05239b71c_viniciusinnovatium_mumps2java_api_tgz-pJ8-com_disclinc_netmanager_script_test_ExecTesteNewJ8/src/com/disclinc/netmanager/function/test/MergeFunctionTest.java:86: error: [argument] incompatible argument for parameter actual of Assert.assertEquals.
		assertEquals("This subscripts was merged and must be the same", m$.var("b", "2").get(), m$.var("a", "2").get());
		                                                                                                            ^
  found   : @Initialized @Nullable Object
  required: @Initialized @NonNull Object
../annotator/urla05239b71c_viniciusinnovatium_mumps2java_api_tgz-pJ8-com_disclinc_netmanager_script_test_ExecTesteNewJ8/src/com/disclinc/netmanager/function/test/MergeFunctionTest.java:87: error: [argument] incompatible argument for parameter expected of Assert.assertEquals.
		assertEquals("This subscripts was merged and must be the same", m$.var("b", "2", "1").get(), m$.var("a", "2", "1").get());
		                                                                                         ^
  found   : @Initialized @Nullable Object
  required: @Initialized @NonNull Object
../annotator/urla05239b71c_viniciusinnovatium_mumps2java_api_tgz-pJ8-com_disclinc_netmanager_script_test_ExecTesteNewJ8/src/com/disclinc/netmanager/function/test/MergeFunctionTest.java:87: error: [argument] incompatible argument for parameter actual of Assert.assertEquals.
		assertEquals("This subscripts was merged and must be the same", m$.var("b", "2", "1").get(), m$.var("a", "2", "1").get());
		                                                                                                                      ^
  found   : @Initialized @Nullable Object
  required: @Initialized @NonNull Object
../annotator/urla05239b71c_viniciusinnovatium_mumps2java_api_tgz-pJ8-com_disclinc_netmanager_script_test_ExecTesteNewJ8/src/com/disclinc/netmanager/function/test/MergeFunctionTest.java:89: error: [argument] incompatible argument for parameter actual of Assert.assertEquals.
		assertEquals("This variable value was not changed because the a variable is undefined", "21", m$.var("b", "2", "1").get());
		                                                                                                                       ^
  found   : @Initialized @Nullable Object
  required: @Initialized @NonNull Object
../annotator/urla05239b71c_viniciusinnovatium_mumps2java_api_tgz-pJ8-com_disclinc_netmanager_script_test_ExecTesteNewJ8/src/com/disclinc/netmanager/function/test/MergeFunctionTest.java:90: error: [argument] incompatible argument for parameter expected of Assert.assertEquals.
		assertEquals("This subscripts was merged and must be the same", m$.var("b", "2", "1", "1").get(), m$.var("a", "1").get());
		                                                                                              ^
  found   : @Initialized @Nullable Object
  required: @Initialized @NonNull Object
../annotator/urla05239b71c_viniciusinnovatium_mumps2java_api_tgz-pJ8-com_disclinc_netmanager_script_test_ExecTesteNewJ8/src/com/disclinc/netmanager/function/test/MergeFunctionTest.java:90: error: [argument] incompatible argument for parameter actual of Assert.assertEquals.
		assertEquals("This subscripts was merged and must be the same", m$.var("b", "2", "1", "1").get(), m$.var("a", "1").get());
		                                                                                                                      ^
  found   : @Initialized @Nullable Object
  required: @Initialized @NonNull Object
../annotator/urla05239b71c_viniciusinnovatium_mumps2java_api_tgz-pJ8-com_disclinc_netmanager_script_test_ExecTesteNewJ8/src/com/disclinc/netmanager/function/test/MergeFunctionTest.java:91: error: [argument] incompatible argument for parameter expected of Assert.assertEquals.
		assertEquals("This subscripts was merged and must be the same", m$.var("b", "2", "1", "1", "1").get(), m$.var("a", "1", "1").get());
		                                                                                                   ^
  found   : @Initialized @Nullable Object
  required: @Initialized @NonNull Object
../annotator/urla05239b71c_viniciusinnovatium_mumps2java_api_tgz-pJ8-com_disclinc_netmanager_script_test_ExecTesteNewJ8/src/com/disclinc/netmanager/function/test/MergeFunctionTest.java:91: error: [argument] incompatible argument for parameter actual of Assert.assertEquals.
		assertEquals("This subscripts was merged and must be the same", m$.var("b", "2", "1", "1", "1").get(), m$.var("a", "1", "1").get());
		                                                                                                                                ^
  found   : @Initialized @Nullable Object
  required: @Initialized @NonNull Object
../annotator/urla05239b71c_viniciusinnovatium_mumps2java_api_tgz-pJ8-com_disclinc_netmanager_script_test_ExecTesteNewJ8/src/com/disclinc/netmanager/function/test/MergeFunctionTest.java:92: error: [argument] incompatible argument for parameter expected of Assert.assertEquals.
		assertEquals("This subscripts was merged and must be the same", m$.var("b", "2", "1", "2", "1").get(), m$.var("a", "2", "1").get());
		                                                                                                   ^
  found   : @Initialized @Nullable Object
  required: @Initialized @NonNull Object
../annotator/urla05239b71c_viniciusinnovatium_mumps2java_api_tgz-pJ8-com_disclinc_netmanager_script_test_ExecTesteNewJ8/src/com/disclinc/netmanager/function/test/MergeFunctionTest.java:92: error: [argument] incompatible argument for parameter actual of Assert.assertEquals.
		assertEquals("This subscripts was merged and must be the same", m$.var("b", "2", "1", "2", "1").get(), m$.var("a", "2", "1").get());
		                                                                                                                                ^
  found   : @Initialized @Nullable Object
  required: @Initialized @NonNull Object
../annotator/urla05239b71c_viniciusinnovatium_mumps2java_api_tgz-pJ8-com_disclinc_netmanager_script_test_ExecTesteNewJ8/src/com/disclinc/netmanager/function/test/MergeFunctionTest.java:93: error: [argument] incompatible argument for parameter expected of Assert.assertEquals.
		assertEquals("This subscripts was merged and must be the same", m$.var("b", "2", "1", "2", "2").get(), m$.var("a", "2", "2").get());
		                                                                                                   ^
  found   : @Initialized @Nullable Object
  required: @Initialized @NonNull Object
../annotator/urla05239b71c_viniciusinnovatium_mumps2java_api_tgz-pJ8-com_disclinc_netmanager_script_test_ExecTesteNewJ8/src/com/disclinc/netmanager/function/test/MergeFunctionTest.java:93: error: [argument] incompatible argument for parameter actual of Assert.assertEquals.
		assertEquals("This subscripts was merged and must be the same", m$.var("b", "2", "1", "2", "2").get(), m$.var("a", "2", "2").get());
		                                                                                                                                ^
  found   : @Initialized @Nullable Object
  required: @Initialized @NonNull Object
../annotator/urla05239b71c_viniciusinnovatium_mumps2java_api_tgz-pJ8-com_disclinc_netmanager_script_test_ExecTesteNewJ8/src/com/disclinc/netmanager/function/test/MergeFunctionTest.java:103: error: [argument] incompatible argument for parameter expected of Assert.assertEquals.
		assertEquals("This subscripts was merged and must be the same", m$.var("b").get(), m$.var("%a").get());
		                                                                               ^
  found   : @Initialized @Nullable Object
  required: @Initialized @NonNull Object
../annotator/urla05239b71c_viniciusinnovatium_mumps2java_api_tgz-pJ8-com_disclinc_netmanager_script_test_ExecTesteNewJ8/src/com/disclinc/netmanager/function/test/MergeFunctionTest.java:103: error: [argument] incompatible argument for parameter actual of Assert.assertEquals.
		assertEquals("This subscripts was merged and must be the same", m$.var("b").get(), m$.var("%a").get());
		                                                                                                   ^
  found   : @Initialized @Nullable Object
  required: @Initialized @NonNull Object
../annotator/urla05239b71c_viniciusinnovatium_mumps2java_api_tgz-pJ8-com_disclinc_netmanager_script_test_ExecTesteNewJ8/src/com/disclinc/netmanager/function/test/MergeFunctionTest.java:113: error: [argument] incompatible argument for parameter actual of Assert.assertEquals.
		assertEquals("This subscripts was not merged and must be the same before the merge", "10", m$.var("b").get());
		                                                                                                          ^
  found   : @Initialized @Nullable Object
  required: @Initialized @NonNull Object
../annotator/urla05239b71c_viniciusinnovatium_mumps2java_api_tgz-pJ8-com_disclinc_netmanager_script_test_ExecTesteNewJ8/src/com/disclinc/netmanager/function/test/MergeFunctionTest.java:114: error: [argument] incompatible argument for parameter expected of Assert.assertEquals.
		assertEquals("This subscripts was merged and must be the same", m$.var("b", "1", "1").get(), m$.var("%a", "1", "1").get());
		                                                                                         ^
  found   : @Initialized @Nullable Object
  required: @Initialized @NonNull Object
../annotator/urla05239b71c_viniciusinnovatium_mumps2java_api_tgz-pJ8-com_disclinc_netmanager_script_test_ExecTesteNewJ8/src/com/disclinc/netmanager/function/test/MergeFunctionTest.java:114: error: [argument] incompatible argument for parameter actual of Assert.assertEquals.
		assertEquals("This subscripts was merged and must be the same", m$.var("b", "1", "1").get(), m$.var("%a", "1", "1").get());
		                                                                                                                       ^
  found   : @Initialized @Nullable Object
  required: @Initialized @NonNull Object
../annotator/urla05239b71c_viniciusinnovatium_mumps2java_api_tgz-pJ8-com_disclinc_netmanager_script_test_ExecTesteNewJ8/src/com/disclinc/netmanager/function/test/MergeFunctionTest.java:115: error: [argument] incompatible argument for parameter expected of Assert.assertEquals.
		assertEquals("This subscripts was not merged and should be undefined, i.e, does have anyone value", null, m$.var("b", "1").get());
		                                                                                                    ^
  found   : null (NullType)
  required: @Initialized @NonNull Object
../annotator/urla05239b71c_viniciusinnovatium_mumps2java_api_tgz-pJ8-com_disclinc_netmanager_script_test_ExecTesteNewJ8/src/com/disclinc/netmanager/function/test/MergeFunctionTest.java:115: error: [argument] incompatible argument for parameter actual of Assert.assertEquals.
		assertEquals("This subscripts was not merged and should be undefined, i.e, does have anyone value", null, m$.var("b", "1").get());
		                                                                                                                              ^
  found   : @Initialized @Nullable Object
  required: @Initialized @NonNull Object
../annotator/urla05239b71c_viniciusinnovatium_mumps2java_api_tgz-pJ8-com_disclinc_netmanager_script_test_ExecTesteNewJ8/src/com/disclinc/netmanager/function/test/MergeFunctionTest.java:133: error: [argument] incompatible argument for parameter actual of Assert.assertEquals.
		assertEquals("The value of the merged variable must be unchanged because the x variable is undefined", "10", m$.var("b").get());
		                                                                                                                            ^
  found   : @Initialized @Nullable Object
  required: @Initialized @NonNull Object
../annotator/urla05239b71c_viniciusinnovatium_mumps2java_api_tgz-pJ8-com_disclinc_netmanager_script_test_ExecTesteNewJ8/src/com/disclinc/netmanager/function/test/MergeFunctionTest.java:135: error: [argument] incompatible argument for parameter expected of Assert.assertEquals.
		assertEquals("This subscripts was merged and must be the same", m$.var("b", "1", "1").get(), m$.var("%a", "1", "1").get());
		                                                                                         ^
  found   : @Initialized @Nullable Object
  required: @Initialized @NonNull Object
../annotator/urla05239b71c_viniciusinnovatium_mumps2java_api_tgz-pJ8-com_disclinc_netmanager_script_test_ExecTesteNewJ8/src/com/disclinc/netmanager/function/test/MergeFunctionTest.java:135: error: [argument] incompatible argument for parameter actual of Assert.assertEquals.
		assertEquals("This subscripts was merged and must be the same", m$.var("b", "1", "1").get(), m$.var("%a", "1", "1").get());
		                                                                                                                       ^
  found   : @Initialized @Nullable Object
  required: @Initialized @NonNull Object
../annotator/urla05239b71c_viniciusinnovatium_mumps2java_api_tgz-pJ8-com_disclinc_netmanager_script_test_ExecTesteNewJ8/src/com/disclinc/netmanager/function/test/MergeFunctionTest.java:136: error: [argument] incompatible argument for parameter expected of Assert.assertEquals.
		assertEquals("This subscripts was merged and must be the same", m$.var("b", "1").get(), m$.var("%a", "1").get());
		                                                                                    ^
  found   : @Initialized @Nullable Object
  required: @Initialized @NonNull Object
../annotator/urla05239b71c_viniciusinnovatium_mumps2java_api_tgz-pJ8-com_disclinc_netmanager_script_test_ExecTesteNewJ8/src/com/disclinc/netmanager/function/test/MergeFunctionTest.java:136: error: [argument] incompatible argument for parameter actual of Assert.assertEquals.
		assertEquals("This subscripts was merged and must be the same", m$.var("b", "1").get(), m$.var("%a", "1").get());
		                                                                                                             ^
  found   : @Initialized @Nullable Object
  required: @Initialized @NonNull Object
../annotator/urla05239b71c_viniciusinnovatium_mumps2java_api_tgz-pJ8-com_disclinc_netmanager_script_test_ExecTesteNewJ8/src/com/disclinc/netmanager/function/test/MergeFunctionTest.java:137: error: [argument] incompatible argument for parameter expected of Assert.assertEquals.
		assertEquals("This subscripts was merged and must be the same", m$.var("b", "2").get(), m$.var("%a", "2").get());
		                                                                                    ^
  found   : @Initialized @Nullable Object
  required: @Initialized @NonNull Object
../annotator/urla05239b71c_viniciusinnovatium_mumps2java_api_tgz-pJ8-com_disclinc_netmanager_script_test_ExecTesteNewJ8/src/com/disclinc/netmanager/function/test/MergeFunctionTest.java:137: error: [argument] incompatible argument for parameter actual of Assert.assertEquals.
		assertEquals("This subscripts was merged and must be the same", m$.var("b", "2").get(), m$.var("%a", "2").get());
		                                                                                                             ^
  found   : @Initialized @Nullable Object
  required: @Initialized @NonNull Object
../annotator/urla05239b71c_viniciusinnovatium_mumps2java_api_tgz-pJ8-com_disclinc_netmanager_script_test_ExecTesteNewJ8/src/com/disclinc/netmanager/function/test/MergeFunctionTest.java:138: error: [argument] incompatible argument for parameter expected of Assert.assertEquals.
		assertEquals("This subscripts was merged and must be the same", m$.var("b", "2", "1").get(), m$.var("%a", "2", "1").get());
		                                                                                         ^
  found   : @Initialized @Nullable Object
  required: @Initialized @NonNull Object
../annotator/urla05239b71c_viniciusinnovatium_mumps2java_api_tgz-pJ8-com_disclinc_netmanager_script_test_ExecTesteNewJ8/src/com/disclinc/netmanager/function/test/MergeFunctionTest.java:138: error: [argument] incompatible argument for parameter actual of Assert.assertEquals.
		assertEquals("This subscripts was merged and must be the same", m$.var("b", "2", "1").get(), m$.var("%a", "2", "1").get());
		                                                                                                                       ^
  found   : @Initialized @Nullable Object
  required: @Initialized @NonNull Object
../annotator/urla05239b71c_viniciusinnovatium_mumps2java_api_tgz-pJ8-com_disclinc_netmanager_script_test_ExecTesteNewJ8/src/com/disclinc/netmanager/function/test/MergeFunctionTest.java:140: error: [argument] incompatible argument for parameter actual of Assert.assertEquals.
		assertEquals("This variable value was not changed because the a variable is undefined", "21", m$.var("b", "2", "1").get());
		                                                                                                                       ^
  found   : @Initialized @Nullable Object
  required: @Initialized @NonNull Object
../annotator/urla05239b71c_viniciusinnovatium_mumps2java_api_tgz-pJ8-com_disclinc_netmanager_script_test_ExecTesteNewJ8/src/com/disclinc/netmanager/function/test/MergeFunctionTest.java:141: error: [argument] incompatible argument for parameter expected of Assert.assertEquals.
		assertEquals("This subscripts was merged and must be the same", m$.var("b", "2", "1", "1").get(), m$.var("%a", "1").get());
		                                                                                              ^
  found   : @Initialized @Nullable Object
  required: @Initialized @NonNull Object
../annotator/urla05239b71c_viniciusinnovatium_mumps2java_api_tgz-pJ8-com_disclinc_netmanager_script_test_ExecTesteNewJ8/src/com/disclinc/netmanager/function/test/MergeFunctionTest.java:141: error: [argument] incompatible argument for parameter actual of Assert.assertEquals.
		assertEquals("This subscripts was merged and must be the same", m$.var("b", "2", "1", "1").get(), m$.var("%a", "1").get());
		                                                                                                                       ^
  found   : @Initialized @Nullable Object
  required: @Initialized @NonNull Object
../annotator/urla05239b71c_viniciusinnovatium_mumps2java_api_tgz-pJ8-com_disclinc_netmanager_script_test_ExecTesteNewJ8/src/com/disclinc/netmanager/function/test/MergeFunctionTest.java:142: error: [argument] incompatible argument for parameter expected of Assert.assertEquals.
		assertEquals("This subscripts was merged and must be the same", m$.var("b", "2", "1", "1", "1").get(), m$.var("%a", "1", "1").get());
		                                                                                                   ^
  found   : @Initialized @Nullable Object
  required: @Initialized @NonNull Object
../annotator/urla05239b71c_viniciusinnovatium_mumps2java_api_tgz-pJ8-com_disclinc_netmanager_script_test_ExecTesteNewJ8/src/com/disclinc/netmanager/function/test/MergeFunctionTest.java:142: error: [argument] incompatible argument for parameter actual of Assert.assertEquals.
		assertEquals("This subscripts was merged and must be the same", m$.var("b", "2", "1", "1", "1").get(), m$.var("%a", "1", "1").get());
		                                                                                                                                 ^
  found   : @Initialized @Nullable Object
  required: @Initialized @NonNull Object
../annotator/urla05239b71c_viniciusinnovatium_mumps2java_api_tgz-pJ8-com_disclinc_netmanager_script_test_ExecTesteNewJ8/src/com/disclinc/netmanager/function/test/MergeFunctionTest.java:143: error: [argument] incompatible argument for parameter expected of Assert.assertEquals.
		assertEquals("This subscripts was merged and must be the same", m$.var("b", "2", "1", "2", "1").get(), m$.var("%a", "2", "1").get());
		                                                                                                   ^
  found   : @Initialized @Nullable Object
  required: @Initialized @NonNull Object
../annotator/urla05239b71c_viniciusinnovatium_mumps2java_api_tgz-pJ8-com_disclinc_netmanager_script_test_ExecTesteNewJ8/src/com/disclinc/netmanager/function/test/MergeFunctionTest.java:143: error: [argument] incompatible argument for parameter actual of Assert.assertEquals.
		assertEquals("This subscripts was merged and must be the same", m$.var("b", "2", "1", "2", "1").get(), m$.var("%a", "2", "1").get());
		                                                                                                                                 ^
  found   : @Initialized @Nullable Object
  required: @Initialized @NonNull Object
../annotator/urla05239b71c_viniciusinnovatium_mumps2java_api_tgz-pJ8-com_disclinc_netmanager_script_test_ExecTesteNewJ8/src/com/disclinc/netmanager/function/test/MergeFunctionTest.java:144: error: [argument] incompatible argument for parameter expected of Assert.assertEquals.
		assertEquals("This subscripts was merged and must be the same", m$.var("b", "2", "1", "2", "2").get(), m$.var("%a", "2", "2").get());
		                                                                                                   ^
  found   : @Initialized @Nullable Object
  required: @Initialized @NonNull Object
../annotator/urla05239b71c_viniciusinnovatium_mumps2java_api_tgz-pJ8-com_disclinc_netmanager_script_test_ExecTesteNewJ8/src/com/disclinc/netmanager/function/test/MergeFunctionTest.java:144: error: [argument] incompatible argument for parameter actual of Assert.assertEquals.
		assertEquals("This subscripts was merged and must be the same", m$.var("b", "2", "1", "2", "2").get(), m$.var("%a", "2", "2").get());
		                                                                                                                                 ^
  found   : @Initialized @Nullable Object
  required: @Initialized @NonNull Object
../annotator/urla05239b71c_viniciusinnovatium_mumps2java_api_tgz-pJ8-com_disclinc_netmanager_script_test_ExecTesteNewJ8/src/com/disclinc/netmanager/function/test/JustifyFunctionTest.java:18: error: [argument] incompatible argument for parameter actual of Assert.assertEquals.
		assertEquals("Fail on justify with some string", expected, actual);
		                                                           ^
  found   : @Initialized @Nullable Object
  required: @Initialized @NonNull Object
../annotator/urla05239b71c_viniciusinnovatium_mumps2java_api_tgz-pJ8-com_disclinc_netmanager_script_test_ExecTesteNewJ8/src/com/disclinc/netmanager/function/test/JustifyFunctionTest.java:30: error: [argument] incompatible argument for parameter actual of Assert.assertEquals.
		assertEquals("Fail on justify with some string", expected, actual);
		                                                           ^
  found   : @Initialized @Nullable Object
  required: @Initialized @NonNull Object
../annotator/urla05239b71c_viniciusinnovatium_mumps2java_api_tgz-pJ8-com_disclinc_netmanager_script_test_ExecTesteNewJ8/src/com/disclinc/netmanager/function/test/JustifyFunctionTest.java:42: error: [argument] incompatible argument for parameter actual of Assert.assertEquals.
		assertEquals("Fail on justify with some string", expected, actual);
		                                                           ^
  found   : @Initialized @Nullable Object
  required: @Initialized @NonNull Object
../annotator/urla05239b71c_viniciusinnovatium_mumps2java_api_tgz-pJ8-com_disclinc_netmanager_script_test_ExecTesteNewJ8/src/com/disclinc/netmanager/function/test/JustifyFunctionTest.java:54: error: [argument] incompatible argument for parameter actual of Assert.assertEquals.
		assertEquals("Fail on justify with some string", expected, actual);
		                                                           ^
  found   : @Initialized @Nullable Object
  required: @Initialized @NonNull Object
../annotator/urla05239b71c_viniciusinnovatium_mumps2java_api_tgz-pJ8-com_disclinc_netmanager_script_test_ExecTesteNewJ8/src/com/disclinc/netmanager/function/test/JustifyFunctionTest.java:64: error: [argument] incompatible argument for parameter expected of Assert.assertEquals.
		assertEquals("Fail on justify with some string", null, actual);
		                                                 ^
  found   : null (NullType)
  required: @Initialized @NonNull Object
../annotator/urla05239b71c_viniciusinnovatium_mumps2java_api_tgz-pJ8-com_disclinc_netmanager_script_test_ExecTesteNewJ8/src/com/disclinc/netmanager/function/test/JustifyFunctionTest.java:64: error: [argument] incompatible argument for parameter actual of Assert.assertEquals.
		assertEquals("Fail on justify with some string", null, actual);
		                                                       ^
  found   : @Initialized @Nullable Object
  required: @Initialized @NonNull Object
../annotator/urla05239b71c_viniciusinnovatium_mumps2java_api_tgz-pJ8-com_disclinc_netmanager_script_test_ExecTesteNewJ8/src/com/disclinc/netmanager/function/test/JustifyFunctionTest.java:73: error: [argument] incompatible argument for parameter actual of Assert.assertEquals.
		assertEquals("Fail on justify with some string", expected, actual);
		                                                           ^
  found   : @Initialized @Nullable Object
  required: @Initialized @NonNull Object
../annotator/urla05239b71c_viniciusinnovatium_mumps2java_api_tgz-pJ8-com_disclinc_netmanager_script_test_ExecTesteNewJ8/src/com/disclinc/netmanager/function/test/JustifyFunctionTest.java:82: error: [argument] incompatible argument for parameter actual of Assert.assertEquals.
		assertEquals("Fail on justify with some string", expected, actual);
		                                                           ^
  found   : @Initialized @Nullable Object
  required: @Initialized @NonNull Object
../annotator/urla05239b71c_viniciusinnovatium_mumps2java_api_tgz-pJ8-com_disclinc_netmanager_script_test_ExecTesteNewJ8/src/com/disclinc/netmanager/function/test/JustifyFunctionTest.java:91: error: [argument] incompatible argument for parameter actual of Assert.assertEquals.
		assertEquals("Fail on justify with some string", expected, actual);
		                                                           ^
  found   : @Initialized @Nullable Object
  required: @Initialized @NonNull Object
../annotator/urla05239b71c_viniciusinnovatium_mumps2java_api_tgz-pJ8-com_disclinc_netmanager_script_test_ExecTesteNewJ8/src/com/disclinc/netmanager/function/test/JustifyFunctionTest.java:100: error: [argument] incompatible argument for parameter actual of Assert.assertEquals.
		assertEquals("Fail on justify with some string", expected, actual);
		                                                           ^
  found   : @Initialized @Nullable Object
  required: @Initialized @NonNull Object
../annotator/urla05239b71c_viniciusinnovatium_mumps2java_api_tgz-pJ8-com_disclinc_netmanager_script_test_ExecTesteNewJ8/src/com/disclinc/netmanager/function/test/JustifyFunctionTest.java:109: error: [argument] incompatible argument for parameter actual of Assert.assertEquals.
		assertEquals("Fail on justify with some string", expected, actual);
		                                                           ^
  found   : @Initialized @Nullable Object
  required: @Initialized @NonNull Object
../annotator/urla05239b71c_viniciusinnovatium_mumps2java_api_tgz-pJ8-com_disclinc_netmanager_script_test_ExecTesteNewJ8/src/com/disclinc/netmanager/function/test/JustifyFunctionTest.java:118: error: [argument] incompatible argument for parameter actual of Assert.assertEquals.
		assertEquals("Fail on justify with some string", expected, actual);
		                                                           ^
  found   : @Initialized @Nullable Object
  required: @Initialized @NonNull Object
../annotator/urla05239b71c_viniciusinnovatium_mumps2java_api_tgz-pJ8-com_disclinc_netmanager_script_test_ExecTesteNewJ8/src/com/disclinc/netmanager/function/test/SelectFunctionTest.java:33: warning: non-varargs call of varargs method with inexact argument type for last parameter;
		assertEquals("Fail on select a valid condition", null, $select(null));
		                                                               ^
  cast to BooleanObject for a varargs call
  cast to BooleanObject[] for a non-varargs call and to suppress this warning
../annotator/urla05239b71c_viniciusinnovatium_mumps2java_api_tgz-pJ8-com_disclinc_netmanager_script_test_ExecTesteNewJ8/src/com/disclinc/netmanager/function/test/SelectFunctionTest.java:18: error: [argument] incompatible argument for parameter actual of Assert.assertEquals.
				$select(condition1, condition2, condition3));
				       ^
  found   : @Initialized @Nullable Object
  required: @Initialized @NonNull Object
../annotator/urla05239b71c_viniciusinnovatium_mumps2java_api_tgz-pJ8-com_disclinc_netmanager_script_test_ExecTesteNewJ8/src/com/disclinc/netmanager/function/test/SelectFunctionTest.java:27: error: [argument] incompatible argument for parameter expected of Assert.assertEquals.
		assertEquals("Fail on select a valid condition", null,
		                                                 ^
  found   : null (NullType)
  required: @Initialized @NonNull Object
../annotator/urla05239b71c_viniciusinnovatium_mumps2java_api_tgz-pJ8-com_disclinc_netmanager_script_test_ExecTesteNewJ8/src/com/disclinc/netmanager/function/test/SelectFunctionTest.java:28: error: [argument] incompatible argument for parameter actual of Assert.assertEquals.
				$select(condition1, condition2, condition3));
				       ^
  found   : @Initialized @Nullable Object
  required: @Initialized @NonNull Object
../annotator/urla05239b71c_viniciusinnovatium_mumps2java_api_tgz-pJ8-com_disclinc_netmanager_script_test_ExecTesteNewJ8/src/com/disclinc/netmanager/function/test/SelectFunctionTest.java:33: error: [argument] incompatible argument for parameter expected of Assert.assertEquals.
		assertEquals("Fail on select a valid condition", null, $select(null));
		                                                 ^
  found   : null (NullType)
  required: @Initialized @NonNull Object
../annotator/urla05239b71c_viniciusinnovatium_mumps2java_api_tgz-pJ8-com_disclinc_netmanager_script_test_ExecTesteNewJ8/src/com/disclinc/netmanager/function/test/SelectFunctionTest.java:33: error: [argument] incompatible argument for parameter actual of Assert.assertEquals.
		assertEquals("Fail on select a valid condition", null, $select(null));
		                                                              ^
  found   : @Initialized @Nullable Object
  required: @Initialized @NonNull Object
../annotator/urla05239b71c_viniciusinnovatium_mumps2java_api_tgz-pJ8-com_disclinc_netmanager_script_test_ExecTesteNewJ8/src/com/disclinc/netmanager/function/test/SelectFunctionTest.java:38: error: [argument] incompatible argument for parameter expected of Assert.assertEquals.
		assertEquals("Fail on select a valid condition", null,
		                                                 ^
  found   : null (NullType)
  required: @Initialized @NonNull Object
../annotator/urla05239b71c_viniciusinnovatium_mumps2java_api_tgz-pJ8-com_disclinc_netmanager_script_test_ExecTesteNewJ8/src/com/disclinc/netmanager/function/test/SelectFunctionTest.java:39: error: [argument] incompatible argument for parameter actual of Assert.assertEquals.
				$select(new BooleanObject[] {}));
				       ^
  found   : @Initialized @Nullable Object
  required: @Initialized @NonNull Object
../annotator/urla05239b71c_viniciusinnovatium_mumps2java_api_tgz-pJ8-com_disclinc_netmanager_script_test_ExecTesteNewJ8/src/com/disclinc/netmanager/function/test/CharacterFunctionTest.java:13: error: [argument] incompatible argument for parameter actual of Assert.assertEquals.
		assertEquals("Fail to generate char from a integer", ",", $char(commaCode));
		                                                               ^
  found   : @Initialized @Nullable Object
  required: @Initialized @NonNull Object
../annotator/urla05239b71c_viniciusinnovatium_mumps2java_api_tgz-pJ8-com_disclinc_netmanager_script_test_ExecTesteNewJ8/src/com/disclinc/netmanager/function/test/CharacterFunctionTest.java:22: error: [argument] incompatible argument for parameter actual of Assert.assertEquals.
		assertEquals("Fail to generate char sequence from a integer sequence", "*+,-", $char(asteriscCode, plusCode, commaCode, minusCode));
		                                                                                    ^
  found   : @Initialized @Nullable Object
  required: @Initialized @NonNull Object
../annotator/urla05239b71c_viniciusinnovatium_mumps2java_api_tgz-pJ8-com_disclinc_netmanager_script_test_ExecTesteNewJ8/src/com/disclinc/netmanager/function/test/CharacterFunctionTest.java:31: error: [argument] incompatible argument for parameter actual of Assert.assertEquals.
		assertEquals("Fail to generate char sequence avoiding a negative integer", "*,", $char(asteriscCode, plusCode, commaCode));
		                                                                                      ^
  found   : @Initialized @Nullable Object
  required: @Initialized @NonNull Object
../annotator/urla05239b71c_viniciusinnovatium_mumps2java_api_tgz-pJ8-com_disclinc_netmanager_script_test_ExecTesteNewJ8/src/com/disclinc/netmanager/function/test/CharacterFunctionTest.java:36: error: [argument] incompatible argument for parameter expected of Assert.assertEquals.
		assertEquals("Fail to generate char from null integer sequence", null, $char((Object)null));
		                                                                 ^
  found   : null (NullType)
  required: @Initialized @NonNull Object
../annotator/urla05239b71c_viniciusinnovatium_mumps2java_api_tgz-pJ8-com_disclinc_netmanager_script_test_ExecTesteNewJ8/src/com/disclinc/netmanager/function/test/CharacterFunctionTest.java:36: error: [argument] incompatible argument for parameter actual of Assert.assertEquals.
		assertEquals("Fail to generate char from null integer sequence", null, $char((Object)null));
		                                                                            ^
  found   : @Initialized @Nullable Object
  required: @Initialized @NonNull Object
../annotator/urla05239b71c_viniciusinnovatium_mumps2java_api_tgz-pJ8-com_disclinc_netmanager_script_test_ExecTesteNewJ8/src/com/disclinc/netmanager/function/test/CharacterFunctionTest.java:36: error: [argument] incompatible argument for parameter codes of mFnc.$char.
		assertEquals("Fail to generate char from null integer sequence", null, $char((Object)null));
		                                                                             ^
  found   : @FBCBottom @Nullable Object
  required: @Initialized @NonNull Object
../annotator/urla05239b71c_viniciusinnovatium_mumps2java_api_tgz-pJ8-com_disclinc_netmanager_script_test_ExecTesteNewJ8/src/com/disclinc/netmanager/function/test/CharacterFunctionTest.java:41: error: [argument] incompatible argument for parameter expected of Assert.assertEquals.
		assertEquals("Fail to generate char from empty integer sequence", null, $char(new int[]{}));
		                                                                  ^
  found   : null (NullType)
  required: @Initialized @NonNull Object
../annotator/urla05239b71c_viniciusinnovatium_mumps2java_api_tgz-pJ8-com_disclinc_netmanager_script_test_ExecTesteNewJ8/src/com/disclinc/netmanager/function/test/CharacterFunctionTest.java:41: error: [argument] incompatible argument for parameter actual of Assert.assertEquals.
		assertEquals("Fail to generate char from empty integer sequence", null, $char(new int[]{}));
		                                                                             ^
  found   : @Initialized @Nullable Object
  required: @Initialized @NonNull Object
../annotator/urla05239b71c_viniciusinnovatium_mumps2java_api_tgz-pJ8-com_disclinc_netmanager_script_test_ExecTesteNewJ8/src/com/disclinc/netmanager/function/test/CharacterFunctionTest.java:46: error: [argument] incompatible argument for parameter actual of Assert.assertEquals.
		assertEquals("Fail to generate char from empty integer sequence", "1"+$char(""), $char("49", ""));
		                                                                                      ^
  found   : @Initialized @Nullable Object
  required: @Initialized @NonNull Object
../annotator/urla05239b71c_viniciusinnovatium_mumps2java_api_tgz-pJ8-com_disclinc_netmanager_script_test_ExecTesteNewJ8/src/com/disclinc/netmanager/function/test/CharacterFunctionTest.java:52: error: [argument] incompatible argument for parameter actual of Assert.assertEquals.
		assertEquals("Fail to generate char from empty integer sequence", "A", $char("65"));
		                                                                            ^
  found   : @Initialized @Nullable Object
  required: @Initialized @NonNull Object
../annotator/urla05239b71c_viniciusinnovatium_mumps2java_api_tgz-pJ8-com_disclinc_netmanager_script_test_ExecTesteNewJ8/src/com/disclinc/netmanager/script/test/TesteNew.java:35: error: [argument] incompatible argument for parameter string of mCmd.Write.
  m$.Cmd.Write("\n","locVar (Before New) : >",locVar.get(),"<");
                                                        ^
  found   : @Initialized @Nullable Object
  required: @Initialized @NonNull Object
../annotator/urla05239b71c_viniciusinnovatium_mumps2java_api_tgz-pJ8-com_disclinc_netmanager_script_test_ExecTesteNewJ8/src/com/disclinc/netmanager/script/test/TesteNew.java:37: error: [argument] incompatible argument for parameter string of mCmd.Write.
  m$.Cmd.Write("\n","vetorLocal(\"xpto\",34,\"A\") (Before New) : >",vetorLocal.var("xpto",34,"A").get(),"<");
                                                                                                      ^
  found   : @Initialized @Nullable Object
  required: @Initialized @NonNull Object
../annotator/urla05239b71c_viniciusinnovatium_mumps2java_api_tgz-pJ8-com_disclinc_netmanager_script_test_ExecTesteNewJ8/src/com/disclinc/netmanager/script/test/TesteNew.java:39: error: [argument] incompatible argument for parameter string of mCmd.Write.
  m$.Cmd.Write("\n","%varPublica(1,56) : >",m$.var("%varPublica",1,56).get(),"<");
                                                                          ^
  found   : @Initialized @Nullable Object
  required: @Initialized @NonNull Object
../annotator/urla05239b71c_viniciusinnovatium_mumps2java_api_tgz-pJ8-com_disclinc_netmanager_script_test_ExecTesteNewJ8/src/com/disclinc/netmanager/script/test/TesteNew.java:41: error: [argument] incompatible argument for parameter string of mCmd.Write.
  m$.Cmd.Write("\n","zzz : >",zzz.get(),"<");
                                     ^
  found   : @Initialized @Nullable Object
  required: @Initialized @NonNull Object
../annotator/urla05239b71c_viniciusinnovatium_mumps2java_api_tgz-pJ8-com_disclinc_netmanager_script_test_ExecTesteNewJ8/src/com/disclinc/netmanager/script/test/TesteNew.java:49: error: [argument] incompatible argument for parameter string of mCmd.Write.
  m$.Cmd.Write("\n","locVar : >",locVar.get(),"<");
                                           ^
  found   : @Initialized @Nullable Object
  required: @Initialized @NonNull Object
../annotator/urla05239b71c_viniciusinnovatium_mumps2java_api_tgz-pJ8-com_disclinc_netmanager_script_test_ExecTesteNewJ8/src/com/disclinc/netmanager/script/test/TesteNew.java:51: error: [argument] incompatible argument for parameter string of mCmd.Write.
  m$.Cmd.Write("\n","vetorLocal(\"xpto\",34,\"A\")  : >",vetorLocal.var("xpto",34,"A").get(),"<");
                                                                                          ^
  found   : @Initialized @Nullable Object
  required: @Initialized @NonNull Object
../annotator/urla05239b71c_viniciusinnovatium_mumps2java_api_tgz-pJ8-com_disclinc_netmanager_script_test_ExecTesteNewJ8/src/com/disclinc/netmanager/script/test/TesteNew.java:53: error: [argument] incompatible argument for parameter string of mCmd.Write.
  m$.Cmd.Write("\n","%varPublica(1,56) : >",m$.var("%varPublica",1,56).get(),"<");
                                                                          ^
  found   : @Initialized @Nullable Object
  required: @Initialized @NonNull Object
../annotator/urla05239b71c_viniciusinnovatium_mumps2java_api_tgz-pJ8-com_disclinc_netmanager_script_test_ExecTesteNewJ8/src/com/disclinc/netmanager/script/test/TesteNew.java:55: error: [argument] incompatible argument for parameter string of mCmd.Write.
  m$.Cmd.Write("\n","ByRefVar - indefinida neste ponto",m$.Fnc.$get(m$.var("ByRefVar")));
                                                                   ^
  found   : @Initialized @Nullable Object
  required: @Initialized @NonNull Object
../annotator/urla05239b71c_viniciusinnovatium_mumps2java_api_tgz-pJ8-com_disclinc_netmanager_script_test_ExecTesteNewJ8/src/com/disclinc/netmanager/script/test/TesteNew.java:57: error: [argument] incompatible argument for parameter string of mCmd.Write.
  m$.Cmd.Write("\n","zzz : >",zzz.get(),"<");
                                     ^
  found   : @Initialized @Nullable Object
  required: @Initialized @NonNull Object
../annotator/urla05239b71c_viniciusinnovatium_mumps2java_api_tgz-pJ8-com_disclinc_netmanager_script_test_ExecTesteNewJ8/src/com/disclinc/netmanager/script/test/TesteNew.java:78: error: [argument] incompatible argument for parameter string of mCmd.Write.
  m$.Cmd.Write("\n","locVar (AfterNew) : >",locVarAfterNew.get(),"<");
                                                              ^
  found   : @Initialized @Nullable Object
  required: @Initialized @NonNull Object
../annotator/urla05239b71c_viniciusinnovatium_mumps2java_api_tgz-pJ8-com_disclinc_netmanager_script_test_ExecTesteNewJ8/src/com/disclinc/netmanager/script/test/TesteNew.java:80: error: [argument] incompatible argument for parameter string of mCmd.Write.
  m$.Cmd.Write("\n","vetorLocal (AfterNew) : >",m$.Fnc.$get(vetorLocalAfterNew.var("xpto",34,"A")),"<");
                                                           ^
  found   : @Initialized @Nullable Object
  required: @Initialized @NonNull Object
../annotator/urla05239b71c_viniciusinnovatium_mumps2java_api_tgz-pJ8-com_disclinc_netmanager_script_test_ExecTesteNewJ8/src/com/disclinc/netmanager/script/test/TesteNew.java:82: error: [argument] incompatible argument for parameter string of mCmd.Write.
  m$.Cmd.Write("\n","%varPublica(1,56) (AfterNew) : >",m$.Fnc.$get(m$.var("%varPublica",1,56)),"<");
                                                                  ^
  found   : @Initialized @Nullable Object
  required: @Initialized @NonNull Object
../annotator/urla05239b71c_viniciusinnovatium_mumps2java_api_tgz-pJ8-com_disclinc_netmanager_script_test_ExecTesteNewJ8/src/com/disclinc/netmanager/script/test/TesteNew.java:84: error: [argument] incompatible argument for parameter string of mCmd.Write.
  m$.Cmd.Write("\n","zzz : >",zzz.get(),"<");
                                     ^
  found   : @Initialized @Nullable Object
  required: @Initialized @NonNull Object
../annotator/urla05239b71c_viniciusinnovatium_mumps2java_api_tgz-pJ8-com_disclinc_netmanager_script_test_ExecTesteNewJ8/src/com/disclinc/netmanager/script/test/TesteNew.java:97: error: [argument] incompatible argument for parameter string of mCmd.Write.
  m$.Cmd.Write("\n","  Valor de ByRefVar: ",ByRefVar.get());
                                                        ^
  found   : @Initialized @Nullable Object
  required: @Initialized @NonNull Object
../annotator/urla05239b71c_viniciusinnovatium_mumps2java_api_tgz-pJ8-com_disclinc_netmanager_script_test_ExecTesteNewJ8/src/com/disclinc/netmanager/script/test/TesteNew.java:99: error: [argument] incompatible argument for parameter string of mCmd.Write.
  m$.Cmd.Write("\n","  Valor de locVar  : ",m$.var("locVar").get());
                                                                ^
  found   : @Initialized @Nullable Object
  required: @Initialized @NonNull Object
../annotator/urla05239b71c_viniciusinnovatium_mumps2java_api_tgz-pJ8-com_disclinc_netmanager_script_test_ExecTesteNewJ8/src/com/disclinc/netmanager/script/test/TesteNew.java:112: error: [argument] incompatible argument for parameter string of mCmd.Write.
  m$.Cmd.Write("\n","  Valor de ByRefVar: ",m$.Fnc.$get(ByRefVar));
                                                       ^
  found   : @Initialized @Nullable Object
  required: @Initialized @NonNull Object
../annotator/urla05239b71c_viniciusinnovatium_mumps2java_api_tgz-pJ8-com_disclinc_netmanager_script_test_ExecTesteNewJ8/src/com/disclinc/netmanager/script/test/TesteNew.java:114: error: [argument] incompatible argument for parameter string of mCmd.Write.
  m$.Cmd.Write("\n","  Valor de locVar  : ",locVar.get());
                                                      ^
  found   : @Initialized @Nullable Object
  required: @Initialized @NonNull Object
../annotator/urla05239b71c_viniciusinnovatium_mumps2java_api_tgz-pJ8-com_disclinc_netmanager_script_test_ExecTesteNewJ8/src/com/disclinc/netmanager/script/test/TesteNew.java:122: error: [argument] incompatible argument for parameter string of mCmd.Write.
  m$.Cmd.Write("\n","  Valor de locVar  : ",locVar.get());
                                                      ^
  found   : @Initialized @Nullable Object
  required: @Initialized @NonNull Object
../annotator/urla05239b71c_viniciusinnovatium_mumps2java_api_tgz-pJ8-com_disclinc_netmanager_script_test_ExecTesteNewJ8/src/com/disclinc/netmanager/mParameter/test/mParameterGet.java:16: error: [dereference.of.nullable] dereference of possibly-null reference m$.param(t, "p_LOGINSUBMIT")
		assertEquals(m$.param(t,"p_LOGINSUBMIT").get(), "COMUserPreferences.cls");
		                     ^
../annotator/urla05239b71c_viniciusinnovatium_mumps2java_api_tgz-pJ8-com_disclinc_netmanager_script_test_ExecTesteNewJ8/src/com/disclinc/netmanager/variable/test/VariableThroughReferenceOrValueTest.java:23: error: [dereference.of.nullable] dereference of possibly-null reference m$
		mVar var = m$.var("pedido");
		           ^
../annotator/urla05239b71c_viniciusinnovatium_mumps2java_api_tgz-pJ8-com_disclinc_netmanager_script_test_ExecTesteNewJ8/src/com/disclinc/netmanager/variable/test/VariableThroughReferenceOrValueTest.java:24: error: [dereference.of.nullable] dereference of possibly-null reference m$
		mVar other = m$.newVarRef("pedido", var);
		             ^
../annotator/urla05239b71c_viniciusinnovatium_mumps2java_api_tgz-pJ8-com_disclinc_netmanager_script_test_ExecTesteNewJ8/src/com/disclinc/netmanager/variable/test/VariableThroughReferenceOrValueTest.java:29: error: [dereference.of.nullable] dereference of possibly-null reference m$
		mVar x = m$.newVarRef("pedido", "p1");
		         ^
../annotator/urla05239b71c_viniciusinnovatium_mumps2java_api_tgz-pJ8-com_disclinc_netmanager_script_test_ExecTesteNewJ8/src/com/disclinc/netmanager/variable/test/VariableThroughReferenceOrValueTest.java:31: error: [argument] incompatible argument for parameter actual of Assert.assertEquals.
		assertEquals("The value setted does not matchs", "p1", x.get());
		                                                            ^
  found   : @Initialized @Nullable Object
  required: @Initialized @NonNull Object
../annotator/urla05239b71c_viniciusinnovatium_mumps2java_api_tgz-pJ8-com_disclinc_netmanager_script_test_ExecTesteNewJ8/src/com/disclinc/netmanager/variable/test/VariableThroughReferenceOrValueTest.java:33: error: [dereference.of.nullable] dereference of possibly-null reference m$
		mVar y = m$.newVarRef("item", null, "default1");
		         ^
../annotator/urla05239b71c_viniciusinnovatium_mumps2java_api_tgz-pJ8-com_disclinc_netmanager_script_test_ExecTesteNewJ8/src/com/disclinc/netmanager/variable/test/VariableThroughReferenceOrValueTest.java:34: error: [argument] incompatible argument for parameter actual of Assert.assertEquals.
		assertEquals("The default value setted does not matchs", "default1", y.get());
		                                                                          ^
  found   : @Initialized @Nullable Object
  required: @Initialized @NonNull Object
../annotator/urla05239b71c_viniciusinnovatium_mumps2java_api_tgz-pJ8-com_disclinc_netmanager_script_test_ExecTesteNewJ8/src/com/disclinc/netmanager/variable/test/VariableThroughReferenceOrValueTest.java:36: error: [dereference.of.nullable] dereference of possibly-null reference m$
		y = m$.newVarRef("carro", null, null);
		    ^
../annotator/urla05239b71c_viniciusinnovatium_mumps2java_api_tgz-pJ8-com_disclinc_netmanager_script_test_ExecTesteNewJ8/src/com/disclinc/netmanager/variable/test/VariableThroughReferenceOrValueTest.java:37: error: [argument] incompatible argument for parameter expected of Assert.assertEquals.
		assertEquals("The null value setted does not matchs", null, y.get());
		                                                      ^
  found   : null (NullType)
  required: @Initialized @NonNull Object
../annotator/urla05239b71c_viniciusinnovatium_mumps2java_api_tgz-pJ8-com_disclinc_netmanager_script_test_ExecTesteNewJ8/src/com/disclinc/netmanager/variable/test/VariableThroughReferenceOrValueTest.java:37: error: [argument] incompatible argument for parameter actual of Assert.assertEquals.
		assertEquals("The null value setted does not matchs", null, y.get());
		                                                                 ^
  found   : @Initialized @Nullable Object
  required: @Initialized @NonNull Object
../annotator/urla05239b71c_viniciusinnovatium_mumps2java_api_tgz-pJ8-com_disclinc_netmanager_script_test_ExecTesteNewJ8/src/com/disclinc/netmanager/variable/test/VariableThroughReferenceOrValueTest.java:42: error: [dereference.of.nullable] dereference of possibly-null reference m$
		mVar var = m$.var("pedido");
		           ^
../annotator/urla05239b71c_viniciusinnovatium_mumps2java_api_tgz-pJ8-com_disclinc_netmanager_script_test_ExecTesteNewJ8/src/com/disclinc/netmanager/variable/test/VariableThroughReferenceOrValueTest.java:46: error: [dereference.of.nullable] dereference of possibly-null reference m$
		mVar other = m$.newVarRef("pedido", "novo");
		             ^
../annotator/urla05239b71c_viniciusinnovatium_mumps2java_api_tgz-pJ8-com_disclinc_netmanager_script_test_ExecTesteNewJ8/src/com/disclinc/netmanager/variable/test/VariableThroughReferenceOrValueTest.java:49: error: [argument] incompatible argument for parameter actual of Assert.assertEquals.
				"novo", other.get());
				                 ^
  found   : @Initialized @Nullable Object
  required: @Initialized @NonNull Object
../annotator/urla05239b71c_viniciusinnovatium_mumps2java_api_tgz-pJ8-com_disclinc_netmanager_script_test_ExecTesteNewJ8/src/com/disclinc/netmanager/variable/test/VariableThroughReferenceOrValueTest.java:52: error: [dereference.of.nullable] dereference of possibly-null reference m$
		m$.oldvar(1);
		^
../annotator/urla05239b71c_viniciusinnovatium_mumps2java_api_tgz-pJ8-com_disclinc_netmanager_script_test_ExecTesteNewJ8/src/com/disclinc/netmanager/variable/test/VariableThroughReferenceOrValueTest.java:55: error: [argument] incompatible argument for parameter actual of Assert.assertEquals.
				55, other.get());
				             ^
  found   : @Initialized @Nullable Object
  required: @Initialized @NonNull Object
../annotator/urla05239b71c_viniciusinnovatium_mumps2java_api_tgz-pJ8-com_disclinc_netmanager_script_test_ExecTesteNewJ8/src/com/disclinc/netmanager/variable/test/VariableThroughReferenceOrValueTest.java:60: error: [dereference.of.nullable] dereference of possibly-null reference m$
		mVar var = m$.var("pedido");
		           ^
../annotator/urla05239b71c_viniciusinnovatium_mumps2java_api_tgz-pJ8-com_disclinc_netmanager_script_test_ExecTesteNewJ8/src/com/disclinc/netmanager/variable/test/VariableThroughReferenceOrValueTest.java:61: error: [dereference.of.nullable] dereference of possibly-null reference m$
		mVar other = m$.newVarRef("pedido", "cod1");
		             ^
../annotator/urla05239b71c_viniciusinnovatium_mumps2java_api_tgz-pJ8-com_disclinc_netmanager_script_test_ExecTesteNewJ8/src/com/disclinc/netmanager/variable/test/VariableThroughReferenceOrValueTest.java:64: error: [argument] incompatible argument for parameter expected of Assert.assertEquals.
				var.get(), other.get());
				       ^
  found   : @Initialized @Nullable Object
  required: @Initialized @NonNull Object
../annotator/urla05239b71c_viniciusinnovatium_mumps2java_api_tgz-pJ8-com_disclinc_netmanager_script_test_ExecTesteNewJ8/src/com/disclinc/netmanager/variable/test/VariableThroughReferenceOrValueTest.java:64: error: [argument] incompatible argument for parameter actual of Assert.assertEquals.
				var.get(), other.get());
				                    ^
  found   : @Initialized @Nullable Object
  required: @Initialized @NonNull Object
../annotator/urla05239b71c_viniciusinnovatium_mumps2java_api_tgz-pJ8-com_disclinc_netmanager_script_test_ExecTesteNewJ8/src/com/disclinc/netmanager/variable/test/TreeTest.java:11: error: [initialization.field.uninitialized] the default constructor does not initialize field tree
	private Tree tree;
	             ^
../annotator/urla05239b71c_viniciusinnovatium_mumps2java_api_tgz-pJ8-com_disclinc_netmanager_script_test_ExecTesteNewJ8/src/com/disclinc/netmanager/variable/test/TreeTest.java:27: error: [argument] incompatible argument for parameter actual of Assert.assertEquals.
		assertEquals(65, tree.get(new Object[] { "carro" }));
		                         ^
  found   : @Initialized @Nullable Object
  required: @Initialized @NonNull Object
../annotator/urla05239b71c_viniciusinnovatium_mumps2java_api_tgz-pJ8-com_disclinc_netmanager_script_test_ExecTesteNewJ8/src/com/disclinc/netmanager/variable/test/TreeTest.java:28: error: [argument] incompatible argument for parameter actual of Assert.assertEquals.
		assertEquals(99, tree.get(new Object[] { "carro", "esportivo" }));
		                         ^
  found   : @Initialized @Nullable Object
  required: @Initialized @NonNull Object
../annotator/urla05239b71c_viniciusinnovatium_mumps2java_api_tgz-pJ8-com_disclinc_netmanager_script_test_ExecTesteNewJ8/src/com/disclinc/netmanager/variable/test/TreeTest.java:30: error: [argument] incompatible argument for parameter actual of Assert.assertEquals.
				tree.get(new Object[] { "carro", "esportivo", "amarelo" }));
				        ^
  found   : @Initialized @Nullable Object
  required: @Initialized @NonNull Object
../annotator/urla05239b71c_viniciusinnovatium_mumps2java_api_tgz-pJ8-com_disclinc_netmanager_script_test_ExecTesteNewJ8/src/com/disclinc/netmanager/variable/test/TreeTest.java:38: error: [argument] incompatible argument for parameter expected of Assert.assertEquals.
		assertEquals("The node should not be into the tree after killing node method", null, tree.get("carro"));
		                                                                               ^
  found   : null (NullType)
  required: @Initialized @NonNull Object
../annotator/urla05239b71c_viniciusinnovatium_mumps2java_api_tgz-pJ8-com_disclinc_netmanager_script_test_ExecTesteNewJ8/src/com/disclinc/netmanager/variable/test/TreeTest.java:38: error: [argument] incompatible argument for parameter actual of Assert.assertEquals.
		assertEquals("The node should not be into the tree after killing node method", null, tree.get("carro"));
		                                                                                             ^
  found   : @Initialized @Nullable Object
  required: @Initialized @NonNull Object
../annotator/urla05239b71c_viniciusinnovatium_mumps2java_api_tgz-pJ8-com_disclinc_netmanager_script_test_ExecTesteNewJ8/src/com/disclinc/netmanager/variable/test/TreeTest.java:39: error: [argument] incompatible argument for parameter expected of Assert.assertEquals.
		assertEquals("The node should not be into the tree after killing node method", null, tree.get("carro", "esportivo"));
		                                                                               ^
  found   : null (NullType)
  required: @Initialized @NonNull Object
../annotator/urla05239b71c_viniciusinnovatium_mumps2java_api_tgz-pJ8-com_disclinc_netmanager_script_test_ExecTesteNewJ8/src/com/disclinc/netmanager/variable/test/TreeTest.java:39: error: [argument] incompatible argument for parameter actual of Assert.assertEquals.
		assertEquals("The node should not be into the tree after killing node method", null, tree.get("carro", "esportivo"));
		                                                                                             ^
  found   : @Initialized @Nullable Object
  required: @Initialized @NonNull Object
../annotator/urla05239b71c_viniciusinnovatium_mumps2java_api_tgz-pJ8-com_disclinc_netmanager_script_test_ExecTesteNewJ8/src/com/disclinc/netmanager/variable/test/TreeTest.java:40: error: [argument] incompatible argument for parameter expected of Assert.assertEquals.
		assertEquals("The node should not be into the tree after killing node method", null, tree.get("carro", "esportivo", "amarelo"));
		                                                                               ^
  found   : null (NullType)
  required: @Initialized @NonNull Object
../annotator/urla05239b71c_viniciusinnovatium_mumps2java_api_tgz-pJ8-com_disclinc_netmanager_script_test_ExecTesteNewJ8/src/com/disclinc/netmanager/variable/test/TreeTest.java:40: error: [argument] incompatible argument for parameter actual of Assert.assertEquals.
		assertEquals("The node should not be into the tree after killing node method", null, tree.get("carro", "esportivo", "amarelo"));
		                                                                                             ^
  found   : @Initialized @Nullable Object
  required: @Initialized @NonNull Object
../annotator/urla05239b71c_viniciusinnovatium_mumps2java_api_tgz-pJ8-com_disclinc_netmanager_script_test_ExecTesteNewJ8/src/com/disclinc/netmanager/variable/test/TreeTest.java:41: error: [argument] incompatible argument for parameter actual of Assert.assertEquals.
		assertEquals("The node should be into the tree because he was not removed from the tree", 66, tree.get("contrato"));
		                                                                                                      ^
  found   : @Initialized @Nullable Object
  required: @Initialized @NonNull Object
../annotator/urla05239b71c_viniciusinnovatium_mumps2java_api_tgz-pJ8-com_disclinc_netmanager_script_test_ExecTesteNewJ8/src/com/disclinc/netmanager/variable/test/TreeTest.java:42: error: [argument] incompatible argument for parameter actual of Assert.assertEquals.
		assertEquals("The node should be into the tree because he was not removed from the tree", 123, tree.get("contrato", "transporte"));
		                                                                                                       ^
  found   : @Initialized @Nullable Object
  required: @Initialized @NonNull Object
../annotator/urla05239b71c_viniciusinnovatium_mumps2java_api_tgz-pJ8-com_disclinc_netmanager_script_test_ExecTesteNewJ8/src/com/disclinc/netmanager/variable/test/TreeTest.java:43: error: [argument] incompatible argument for parameter actual of Assert.assertEquals.
		assertEquals("The node should be into the tree because he was not removed from the tree", 88, tree.get("contrato", "transporte", "publico"));
		                                                                                                      ^
  found   : @Initialized @Nullable Object
  required: @Initialized @NonNull Object
../annotator/urla05239b71c_viniciusinnovatium_mumps2java_api_tgz-pJ8-com_disclinc_netmanager_script_test_ExecTesteNewJ8/src/com/disclinc/netmanager/variable/test/MContextUsingInMemoryAccessTest.java:11: error: [initialization.field.uninitialized] the default constructor does not initialize field m$
	private mContext m$;
	                 ^
../annotator/urla05239b71c_viniciusinnovatium_mumps2java_api_tgz-pJ8-com_disclinc_netmanager_script_test_ExecTesteNewJ8/src/com/disclinc/netmanager/variable/test/MContextUsingInMemoryAccessTest.java:23: error: [argument] incompatible argument for parameter actual of Assert.assertEquals.
		assertEquals(33, m$.var("pedido", "item").get());
		                                             ^
  found   : @Initialized @Nullable Object
  required: @Initialized @NonNull Object
../annotator/urla05239b71c_viniciusinnovatium_mumps2java_api_tgz-pJ8-com_disclinc_netmanager_script_test_ExecTesteNewJ8/src/com/disclinc/netmanager/variable/test/MContextUsingInMemoryAccessTest.java:30: error: [argument] incompatible argument for parameter actual of Assert.assertEquals.
		assertEquals(66, m$.var("carro", "esportivo").get());
		                                                 ^
  found   : @Initialized @Nullable Object
  required: @Initialized @NonNull Object
../annotator/urla05239b71c_viniciusinnovatium_mumps2java_api_tgz-pJ8-com_disclinc_netmanager_script_test_ExecTesteNewJ8/src/com/disclinc/netmanager/variable/test/MContextUsingInMemoryAccessTest.java:36: error: [argument] incompatible argument for parameter actual of Assert.assertEquals.
		assertEquals("local", m$.var("x").get());
		                                     ^
  found   : @Initialized @Nullable Object
  required: @Initialized @NonNull Object
../annotator/urla05239b71c_viniciusinnovatium_mumps2java_api_tgz-pJ8-com_disclinc_netmanager_script_test_ExecTesteNewJ8/src/com/disclinc/netmanager/variable/test/MContextUsingInMemoryAccessTest.java:42: error: [argument] incompatible argument for parameter actual of Assert.assertEquals.
		assertEquals("publica", m$.var("%x").get());
		                                        ^
  found   : @Initialized @Nullable Object
  required: @Initialized @NonNull Object
../annotator/urla05239b71c_viniciusinnovatium_mumps2java_api_tgz-pJ8-com_disclinc_netmanager_script_test_ExecTesteNewJ8/src/com/disclinc/netmanager/variable/test/DispatchMethodsTest.java:23: error: [argument] incompatible argument for parameter actual of Assert.assertEquals.
		assertEquals(30, m$.dispatch(null,
		                            ^
  found   : @Initialized @Nullable Object
  required: @Initialized @NonNull Object
../annotator/urla05239b71c_viniciusinnovatium_mumps2java_api_tgz-pJ8-com_disclinc_netmanager_script_test_ExecTesteNewJ8/src/com/disclinc/netmanager/variable/test/DispatchMethodsTest.java:29: error: [argument] incompatible argument for parameter actual of Assert.assertEquals.
		assertEquals(78, m$.var("pedido").get());
		                                     ^
  found   : @Initialized @Nullable Object
  required: @Initialized @NonNull Object
../annotator/urla05239b71c_viniciusinnovatium_mumps2java_api_tgz-pJ8-com_disclinc_netmanager_script_test_ExecTesteNewJ8/src/com/disclinc/netmanager/variable/test/DispatchMethodsTest.java:35: error: [argument] incompatible argument for parameter actual of Assert.assertEquals.
		assertEquals(57, m$.dispatch(null,
		                            ^
  found   : @Initialized @Nullable Object
  required: @Initialized @NonNull Object
../annotator/urla05239b71c_viniciusinnovatium_mumps2java_api_tgz-pJ8-com_disclinc_netmanager_script_test_ExecTesteNewJ8/src/com/disclinc/netmanager/variable/test/DispatchMethodsTest.java:41: error: [argument] incompatible argument for parameter actual of Assert.assertEquals.
		assertEquals(78, m$.var("pedido").get());
		                                     ^
  found   : @Initialized @Nullable Object
  required: @Initialized @NonNull Object
../annotator/urla05239b71c_viniciusinnovatium_mumps2java_api_tgz-pJ8-com_disclinc_netmanager_script_test_ExecTesteNewJ8/src/com/disclinc/netmanager/variable/test/DispatchMethodsTest.java:47: error: [argument] incompatible argument for parameter expected of Assert.assertEquals.
		assertEquals("Fail to recover value of the variable after", null, m$.dispatch(null,
		                                                            ^
  found   : null (NullType)
  required: @Initialized @NonNull Object
../annotator/urla05239b71c_viniciusinnovatium_mumps2java_api_tgz-pJ8-com_disclinc_netmanager_script_test_ExecTesteNewJ8/src/com/disclinc/netmanager/variable/test/DispatchMethodsTest.java:47: error: [argument] incompatible argument for parameter actual of Assert.assertEquals.
		assertEquals("Fail to recover value of the variable after", null, m$.dispatch(null,
		                                                                             ^
  found   : @Initialized @Nullable Object
  required: @Initialized @NonNull Object
../annotator/urla05239b71c_viniciusinnovatium_mumps2java_api_tgz-pJ8-com_disclinc_netmanager_script_test_ExecTesteNewJ8/src/com/disclinc/netmanager/variable/test/DispatchMethodsTest.java:53: error: [argument] incompatible argument for parameter actual of Assert.assertEquals.
		assertEquals(78, m$.var("pedido").get());
		                                     ^
  found   : @Initialized @Nullable Object
  required: @Initialized @NonNull Object
../annotator/urla05239b71c_viniciusinnovatium_mumps2java_api_tgz-pJ8-com_disclinc_netmanager_script_test_ExecTesteNewJ8/src/com/disclinc/netmanager/variable/test/DispatchMethodsTest.java:59: error: [argument] incompatible argument for parameter actual of Assert.assertEquals.
		assertEquals("Fail to recover value of the variable after", "chamada3", m$.dispatch(null,
		                                                                                   ^
  found   : @Initialized @Nullable Object
  required: @Initialized @NonNull Object
../annotator/urla05239b71c_viniciusinnovatium_mumps2java_api_tgz-pJ8-com_disclinc_netmanager_script_test_ExecTesteNewJ8/src/com/disclinc/netmanager/variable/test/DispatchMethodsTest.java:65: error: [argument] incompatible argument for parameter actual of Assert.assertEquals.
		assertEquals(78, m$.var("pedido").get());
		                                     ^
  found   : @Initialized @Nullable Object
  required: @Initialized @NonNull Object
../annotator/urla05239b71c_viniciusinnovatium_mumps2java_api_tgz-pJ8-com_disclinc_netmanager_script_test_ExecTesteNewJ8/src/com/disclinc/netmanager/variable/test/StackingVariableAndNewOperatorTest.java:11: error: [assignment] incompatible types in assignment.
	private mContext m$ = null;
	                      ^
  found   : null (NullType)
  required: @Initialized @NonNull mContext
../annotator/urla05239b71c_viniciusinnovatium_mumps2java_api_tgz-pJ8-com_disclinc_netmanager_script_test_ExecTesteNewJ8/src/com/disclinc/netmanager/variable/test/StackingVariableAndNewOperatorTest.java:31: error: [argument] incompatible argument for parameter expected of Assert.assertEquals.
				null, m$.var("pedido").get());
				^
  found   : null (NullType)
  required: @Initialized @NonNull Object
../annotator/urla05239b71c_viniciusinnovatium_mumps2java_api_tgz-pJ8-com_disclinc_netmanager_script_test_ExecTesteNewJ8/src/com/disclinc/netmanager/variable/test/StackingVariableAndNewOperatorTest.java:31: error: [argument] incompatible argument for parameter actual of Assert.assertEquals.
				null, m$.var("pedido").get());
				                          ^
  found   : @Initialized @Nullable Object
  required: @Initialized @NonNull Object
../annotator/urla05239b71c_viniciusinnovatium_mumps2java_api_tgz-pJ8-com_disclinc_netmanager_script_test_ExecTesteNewJ8/src/com/disclinc/netmanager/variable/test/StackingVariableAndNewOperatorTest.java:35: error: [argument] incompatible argument for parameter expected of Assert.assertEquals.
				null, m$.var("item").get());
				^
  found   : null (NullType)
  required: @Initialized @NonNull Object
../annotator/urla05239b71c_viniciusinnovatium_mumps2java_api_tgz-pJ8-com_disclinc_netmanager_script_test_ExecTesteNewJ8/src/com/disclinc/netmanager/variable/test/StackingVariableAndNewOperatorTest.java:35: error: [argument] incompatible argument for parameter actual of Assert.assertEquals.
				null, m$.var("item").get());
				                        ^
  found   : @Initialized @Nullable Object
  required: @Initialized @NonNull Object
../annotator/urla05239b71c_viniciusinnovatium_mumps2java_api_tgz-pJ8-com_disclinc_netmanager_script_test_ExecTesteNewJ8/src/com/disclinc/netmanager/variable/test/StackingVariableAndNewOperatorTest.java:39: error: [argument] incompatible argument for parameter actual of Assert.assertEquals.
				"92", m$.var("eletronico").get());
				                              ^
  found   : @Initialized @Nullable Object
  required: @Initialized @NonNull Object
../annotator/urla05239b71c_viniciusinnovatium_mumps2java_api_tgz-pJ8-com_disclinc_netmanager_script_test_ExecTesteNewJ8/src/com/disclinc/netmanager/variable/test/StackingVariableAndNewOperatorTest.java:43: error: [argument] incompatible argument for parameter actual of Assert.assertEquals.
				"18", m$.var("plastico").get());
				                            ^
  found   : @Initialized @Nullable Object
  required: @Initialized @NonNull Object
../annotator/urla05239b71c_viniciusinnovatium_mumps2java_api_tgz-pJ8-com_disclinc_netmanager_script_test_ExecTesteNewJ8/src/com/disclinc/netmanager/variable/test/StackingVariableAndNewOperatorTest.java:47: error: [argument] incompatible argument for parameter expected of Assert.assertEquals.
				null, m$.var("contrato").get());
				^
  found   : null (NullType)
  required: @Initialized @NonNull Object
../annotator/urla05239b71c_viniciusinnovatium_mumps2java_api_tgz-pJ8-com_disclinc_netmanager_script_test_ExecTesteNewJ8/src/com/disclinc/netmanager/variable/test/StackingVariableAndNewOperatorTest.java:47: error: [argument] incompatible argument for parameter actual of Assert.assertEquals.
				null, m$.var("contrato").get());
				                            ^
  found   : @Initialized @Nullable Object
  required: @Initialized @NonNull Object
../annotator/urla05239b71c_viniciusinnovatium_mumps2java_api_tgz-pJ8-com_disclinc_netmanager_script_test_ExecTesteNewJ8/src/com/disclinc/netmanager/variable/test/StackingVariableAndNewOperatorTest.java:73: error: [argument] incompatible argument for parameter actual of Assert.assertEquals.
				"11", m$.var("pedido").get());
				                          ^
  found   : @Initialized @Nullable Object
  required: @Initialized @NonNull Object
../annotator/urla05239b71c_viniciusinnovatium_mumps2java_api_tgz-pJ8-com_disclinc_netmanager_script_test_ExecTesteNewJ8/src/com/disclinc/netmanager/variable/test/StackingVariableAndNewOperatorTest.java:76: error: [argument] incompatible argument for parameter actual of Assert.assertEquals.
				"cod1", m$.var("contrato").get());
				                              ^
  found   : @Initialized @Nullable Object
  required: @Initialized @NonNull Object
../annotator/urla05239b71c_viniciusinnovatium_mumps2java_api_tgz-pJ8-com_disclinc_netmanager_script_test_ExecTesteNewJ8/src/com/disclinc/netmanager/variable/test/StackingVariableAndNewOperatorTest.java:80: error: [argument] incompatible argument for parameter actual of Assert.assertEquals.
				"63", m$.var("item").get());
				                        ^
  found   : @Initialized @Nullable Object
  required: @Initialized @NonNull Object
../annotator/urla05239b71c_viniciusinnovatium_mumps2java_api_tgz-pJ8-com_disclinc_netmanager_script_test_ExecTesteNewJ8/src/com/disclinc/netmanager/variable/test/StackingVariableAndNewOperatorTest.java:84: error: [argument] incompatible argument for parameter expected of Assert.assertEquals.
				null, m$.var("plastico").get());
				^
  found   : null (NullType)
  required: @Initialized @NonNull Object
../annotator/urla05239b71c_viniciusinnovatium_mumps2java_api_tgz-pJ8-com_disclinc_netmanager_script_test_ExecTesteNewJ8/src/com/disclinc/netmanager/variable/test/StackingVariableAndNewOperatorTest.java:84: error: [argument] incompatible argument for parameter actual of Assert.assertEquals.
				null, m$.var("plastico").get());
				                            ^
  found   : @Initialized @Nullable Object
  required: @Initialized @NonNull Object
../annotator/urla05239b71c_viniciusinnovatium_mumps2java_api_tgz-pJ8-com_disclinc_netmanager_script_test_ExecTesteNewJ8/src/com/disclinc/netmanager/variable/test/StackingVariableAndNewOperatorTest.java:88: error: [argument] incompatible argument for parameter expected of Assert.assertEquals.
				null, m$.var("eletronico").get());
				^
  found   : null (NullType)
  required: @Initialized @NonNull Object
../annotator/urla05239b71c_viniciusinnovatium_mumps2java_api_tgz-pJ8-com_disclinc_netmanager_script_test_ExecTesteNewJ8/src/com/disclinc/netmanager/variable/test/StackingVariableAndNewOperatorTest.java:88: error: [argument] incompatible argument for parameter actual of Assert.assertEquals.
				null, m$.var("eletronico").get());
				                              ^
  found   : @Initialized @Nullable Object
  required: @Initialized @NonNull Object
../annotator/urla05239b71c_viniciusinnovatium_mumps2java_api_tgz-pJ8-com_disclinc_netmanager_script_test_ExecTesteNewJ8/src/com/disclinc/netmanager/variable/test/StackingVariableAndNewOperatorTest.java:122: error: [argument] incompatible argument for parameter actual of Assert.assertEquals.
				"pedido2", m$.var("pedido").get());
				                               ^
  found   : @Initialized @Nullable Object
  required: @Initialized @NonNull Object
../annotator/urla05239b71c_viniciusinnovatium_mumps2java_api_tgz-pJ8-com_disclinc_netmanager_script_test_ExecTesteNewJ8/src/com/disclinc/netmanager/variable/test/StackingVariableAndNewOperatorTest.java:126: error: [argument] incompatible argument for parameter actual of Assert.assertEquals.
				"item2", m$.var("item").get());
				                           ^
  found   : @Initialized @Nullable Object
  required: @Initialized @NonNull Object
../annotator/urla05239b71c_viniciusinnovatium_mumps2java_api_tgz-pJ8-com_disclinc_netmanager_script_test_ExecTesteNewJ8/src/com/disclinc/netmanager/variable/test/StackingVariableAndNewOperatorTest.java:130: error: [argument] incompatible argument for parameter actual of Assert.assertEquals.
				"92", m$.var("eletronico").get());
				                              ^
  found   : @Initialized @Nullable Object
  required: @Initialized @NonNull Object
../annotator/urla05239b71c_viniciusinnovatium_mumps2java_api_tgz-pJ8-com_disclinc_netmanager_script_test_ExecTesteNewJ8/src/com/disclinc/netmanager/variable/test/StackingVariableAndNewOperatorTest.java:134: error: [argument] incompatible argument for parameter actual of Assert.assertEquals.
				"18", m$.var("plastico").get());
				                            ^
  found   : @Initialized @Nullable Object
  required: @Initialized @NonNull Object
../annotator/urla05239b71c_viniciusinnovatium_mumps2java_api_tgz-pJ8-com_disclinc_netmanager_script_test_ExecTesteNewJ8/src/com/disclinc/netmanager/variable/test/StackingVariableAndNewOperatorTest.java:138: error: [argument] incompatible argument for parameter actual of Assert.assertEquals.
				"cod2", m$.var("contrato").get());
				                              ^
  found   : @Initialized @Nullable Object
  required: @Initialized @NonNull Object
../annotator/urla05239b71c_viniciusinnovatium_mumps2java_api_tgz-pJ8-com_disclinc_netmanager_script_test_ExecTesteNewJ8/src/com/disclinc/netmanager/variable/test/StackingVariableAndNewOperatorTest.java:144: error: [argument] incompatible argument for parameter actual of Assert.assertEquals.
				"pedido1", m$.var("pedido").get());
				                               ^
  found   : @Initialized @Nullable Object
  required: @Initialized @NonNull Object
../annotator/urla05239b71c_viniciusinnovatium_mumps2java_api_tgz-pJ8-com_disclinc_netmanager_script_test_ExecTesteNewJ8/src/com/disclinc/netmanager/variable/test/StackingVariableAndNewOperatorTest.java:148: error: [argument] incompatible argument for parameter actual of Assert.assertEquals.
				"item1", m$.var("item").get());
				                           ^
  found   : @Initialized @Nullable Object
  required: @Initialized @NonNull Object
../annotator/urla05239b71c_viniciusinnovatium_mumps2java_api_tgz-pJ8-com_disclinc_netmanager_script_test_ExecTesteNewJ8/src/com/disclinc/netmanager/variable/test/StackingVariableAndNewOperatorTest.java:152: error: [argument] incompatible argument for parameter actual of Assert.assertEquals.
				"92", m$.var("eletronico").get());
				                              ^
  found   : @Initialized @Nullable Object
  required: @Initialized @NonNull Object
../annotator/urla05239b71c_viniciusinnovatium_mumps2java_api_tgz-pJ8-com_disclinc_netmanager_script_test_ExecTesteNewJ8/src/com/disclinc/netmanager/variable/test/StackingVariableAndNewOperatorTest.java:156: error: [argument] incompatible argument for parameter actual of Assert.assertEquals.
				"18", m$.var("plastico").get());
				                            ^
  found   : @Initialized @Nullable Object
  required: @Initialized @NonNull Object
../annotator/urla05239b71c_viniciusinnovatium_mumps2java_api_tgz-pJ8-com_disclinc_netmanager_script_test_ExecTesteNewJ8/src/com/disclinc/netmanager/variable/test/StackingVariableAndNewOperatorTest.java:160: error: [argument] incompatible argument for parameter actual of Assert.assertEquals.
				"cod2", m$.var("contrato").get());
				                              ^
  found   : @Initialized @Nullable Object
  required: @Initialized @NonNull Object
../annotator/urla05239b71c_viniciusinnovatium_mumps2java_api_tgz-pJ8-com_disclinc_netmanager_script_test_ExecTesteNewJ8/src/com/disclinc/netmanager/variable/test/StackingVariableAndNewOperatorTest.java:167: error: [argument] incompatible argument for parameter actual of Assert.assertEquals.
				"11", m$.var("pedido").get());
				                          ^
  found   : @Initialized @Nullable Object
  required: @Initialized @NonNull Object
../annotator/urla05239b71c_viniciusinnovatium_mumps2java_api_tgz-pJ8-com_disclinc_netmanager_script_test_ExecTesteNewJ8/src/com/disclinc/netmanager/variable/test/StackingVariableAndNewOperatorTest.java:171: error: [argument] incompatible argument for parameter actual of Assert.assertEquals.
				"63", m$.var("item").get());
				                        ^
  found   : @Initialized @Nullable Object
  required: @Initialized @NonNull Object
../annotator/urla05239b71c_viniciusinnovatium_mumps2java_api_tgz-pJ8-com_disclinc_netmanager_script_test_ExecTesteNewJ8/src/com/disclinc/netmanager/variable/test/StackingVariableAndNewOperatorTest.java:175: error: [argument] incompatible argument for parameter actual of Assert.assertEquals.
				"92", m$.var("eletronico").get());
				                              ^
  found   : @Initialized @Nullable Object
  required: @Initialized @NonNull Object
../annotator/urla05239b71c_viniciusinnovatium_mumps2java_api_tgz-pJ8-com_disclinc_netmanager_script_test_ExecTesteNewJ8/src/com/disclinc/netmanager/variable/test/StackingVariableAndNewOperatorTest.java:179: error: [argument] incompatible argument for parameter actual of Assert.assertEquals.
				"18", m$.var("plastico").get());
				                            ^
  found   : @Initialized @Nullable Object
  required: @Initialized @NonNull Object
../annotator/urla05239b71c_viniciusinnovatium_mumps2java_api_tgz-pJ8-com_disclinc_netmanager_script_test_ExecTesteNewJ8/src/com/disclinc/netmanager/variable/test/StackingVariableAndNewOperatorTest.java:183: error: [argument] incompatible argument for parameter actual of Assert.assertEquals.
				"cod1", m$.var("contrato").get());
				                              ^
  found   : @Initialized @Nullable Object
  required: @Initialized @NonNull Object
../annotator/urla05239b71c_viniciusinnovatium_mumps2java_api_tgz-pJ8-com_disclinc_netmanager_script_test_ExecTesteNewJ8/src/com/disclinc/netmanager/variable/test/StackingVariableAndNewOperatorTest.java:192: error: [argument] incompatible argument for parameter actual of Assert.assertEquals.
				"11", m$.var("pedido").get());
				                          ^
  found   : @Initialized @Nullable Object
  required: @Initialized @NonNull Object
../annotator/urla05239b71c_viniciusinnovatium_mumps2java_api_tgz-pJ8-com_disclinc_netmanager_script_test_ExecTesteNewJ8/src/com/disclinc/netmanager/variable/test/StackingVariableAndNewOperatorTest.java:195: error: [argument] incompatible argument for parameter expected of Assert.assertEquals.
				null, m$.var("contrato").get());
				^
  found   : null (NullType)
  required: @Initialized @NonNull Object
../annotator/urla05239b71c_viniciusinnovatium_mumps2java_api_tgz-pJ8-com_disclinc_netmanager_script_test_ExecTesteNewJ8/src/com/disclinc/netmanager/variable/test/StackingVariableAndNewOperatorTest.java:195: error: [argument] incompatible argument for parameter actual of Assert.assertEquals.
				null, m$.var("contrato").get());
				                            ^
  found   : @Initialized @Nullable Object
  required: @Initialized @NonNull Object
../annotator/urla05239b71c_viniciusinnovatium_mumps2java_api_tgz-pJ8-com_disclinc_netmanager_script_test_ExecTesteNewJ8/src/com/disclinc/netmanager/variable/test/StackingVariableAndNewOperatorTest.java:199: error: [argument] incompatible argument for parameter expected of Assert.assertEquals.
				null, m$.var("item").get());
				^
  found   : null (NullType)
  required: @Initialized @NonNull Object
../annotator/urla05239b71c_viniciusinnovatium_mumps2java_api_tgz-pJ8-com_disclinc_netmanager_script_test_ExecTesteNewJ8/src/com/disclinc/netmanager/variable/test/StackingVariableAndNewOperatorTest.java:199: error: [argument] incompatible argument for parameter actual of Assert.assertEquals.
				null, m$.var("item").get());
				                        ^
  found   : @Initialized @Nullable Object
  required: @Initialized @NonNull Object
../annotator/urla05239b71c_viniciusinnovatium_mumps2java_api_tgz-pJ8-com_disclinc_netmanager_script_test_ExecTesteNewJ8/src/com/disclinc/netmanager/variable/test/StackingVariableAndNewOperatorTest.java:203: error: [argument] incompatible argument for parameter expected of Assert.assertEquals.
				null, m$.var("plastico").get());
				^
  found   : null (NullType)
  required: @Initialized @NonNull Object
../annotator/urla05239b71c_viniciusinnovatium_mumps2java_api_tgz-pJ8-com_disclinc_netmanager_script_test_ExecTesteNewJ8/src/com/disclinc/netmanager/variable/test/StackingVariableAndNewOperatorTest.java:203: error: [argument] incompatible argument for parameter actual of Assert.assertEquals.
				null, m$.var("plastico").get());
				                            ^
  found   : @Initialized @Nullable Object
  required: @Initialized @NonNull Object
../annotator/urla05239b71c_viniciusinnovatium_mumps2java_api_tgz-pJ8-com_disclinc_netmanager_script_test_ExecTesteNewJ8/src/com/disclinc/netmanager/variable/test/StackingVariableAndNewOperatorTest.java:207: error: [argument] incompatible argument for parameter expected of Assert.assertEquals.
				null, m$.var("eletronico").get());
				^
  found   : null (NullType)
  required: @Initialized @NonNull Object
../annotator/urla05239b71c_viniciusinnovatium_mumps2java_api_tgz-pJ8-com_disclinc_netmanager_script_test_ExecTesteNewJ8/src/com/disclinc/netmanager/variable/test/StackingVariableAndNewOperatorTest.java:207: error: [argument] incompatible argument for parameter actual of Assert.assertEquals.
				null, m$.var("eletronico").get());
				                              ^
  found   : @Initialized @Nullable Object
  required: @Initialized @NonNull Object
../annotator/urla05239b71c_viniciusinnovatium_mumps2java_api_tgz-pJ8-com_disclinc_netmanager_script_test_ExecTesteNewJ8/src/com/disclinc/netmanager/variable/test/StackingVariableAndNewOperatorTest.java:216: error: [argument] incompatible argument for parameter expected of Assert.assertEquals.
				null, m$.var("pedido").get());
				^
  found   : null (NullType)
  required: @Initialized @NonNull Object
../annotator/urla05239b71c_viniciusinnovatium_mumps2java_api_tgz-pJ8-com_disclinc_netmanager_script_test_ExecTesteNewJ8/src/com/disclinc/netmanager/variable/test/StackingVariableAndNewOperatorTest.java:216: error: [argument] incompatible argument for parameter actual of Assert.assertEquals.
				null, m$.var("pedido").get());
				                          ^
  found   : @Initialized @Nullable Object
  required: @Initialized @NonNull Object
../annotator/urla05239b71c_viniciusinnovatium_mumps2java_api_tgz-pJ8-com_disclinc_netmanager_script_test_ExecTesteNewJ8/src/com/disclinc/netmanager/variable/test/StackingVariableAndNewOperatorTest.java:220: error: [argument] incompatible argument for parameter expected of Assert.assertEquals.
				null, m$.var("pedido", "item").get());
				^
  found   : null (NullType)
  required: @Initialized @NonNull Object
../annotator/urla05239b71c_viniciusinnovatium_mumps2java_api_tgz-pJ8-com_disclinc_netmanager_script_test_ExecTesteNewJ8/src/com/disclinc/netmanager/variable/test/StackingVariableAndNewOperatorTest.java:220: error: [argument] incompatible argument for parameter actual of Assert.assertEquals.
				null, m$.var("pedido", "item").get());
				                                  ^
  found   : @Initialized @Nullable Object
  required: @Initialized @NonNull Object
../annotator/urla05239b71c_viniciusinnovatium_mumps2java_api_tgz-pJ8-com_disclinc_netmanager_script_test_ExecTesteNewJ8/src/com/disclinc/netmanager/variable/test/StackingVariableAndNewOperatorTest.java:224: error: [argument] incompatible argument for parameter expected of Assert.assertEquals.
				null, m$.var("pedido", "item", "medicamento").get());
				^
  found   : null (NullType)
  required: @Initialized @NonNull Object
../annotator/urla05239b71c_viniciusinnovatium_mumps2java_api_tgz-pJ8-com_disclinc_netmanager_script_test_ExecTesteNewJ8/src/com/disclinc/netmanager/variable/test/StackingVariableAndNewOperatorTest.java:224: error: [argument] incompatible argument for parameter actual of Assert.assertEquals.
				null, m$.var("pedido", "item", "medicamento").get());
				                                                 ^
  found   : @Initialized @Nullable Object
  required: @Initialized @NonNull Object
../annotator/urla05239b71c_viniciusinnovatium_mumps2java_api_tgz-pJ8-com_disclinc_netmanager_script_test_ExecTesteNewJ8/src/com/disclinc/netmanager/variable/test/StackingVariableAndNewOperatorTest.java:228: error: [argument] incompatible argument for parameter actual of Assert.assertEquals.
				"cod1", m$.var("contrato").get());
				                              ^
  found   : @Initialized @Nullable Object
  required: @Initialized @NonNull Object
../annotator/urla05239b71c_viniciusinnovatium_mumps2java_api_tgz-pJ8-com_disclinc_netmanager_script_test_ExecTesteNewJ8/src/com/disclinc/netmanager/variable/test/StackingVariableAndNewOperatorTest.java:232: error: [argument] incompatible argument for parameter actual of Assert.assertEquals.
				"mm77", m$.var("contrato", "clausula").get());
				                                          ^
  found   : @Initialized @Nullable Object
  required: @Initialized @NonNull Object
../annotator/urla05239b71c_viniciusinnovatium_mumps2java_api_tgz-pJ8-com_disclinc_netmanager_script_test_ExecTesteNewJ8/src/com/disclinc/netmanager/variable/test/StackingVariableAndNewOperatorTest.java:242: error: [argument] incompatible argument for parameter expected of Assert.assertEquals.
				null, m$.var("pedido").get());
				^
  found   : null (NullType)
  required: @Initialized @NonNull Object
../annotator/urla05239b71c_viniciusinnovatium_mumps2java_api_tgz-pJ8-com_disclinc_netmanager_script_test_ExecTesteNewJ8/src/com/disclinc/netmanager/variable/test/StackingVariableAndNewOperatorTest.java:242: error: [argument] incompatible argument for parameter actual of Assert.assertEquals.
				null, m$.var("pedido").get());
				                          ^
  found   : @Initialized @Nullable Object
  required: @Initialized @NonNull Object
../annotator/urla05239b71c_viniciusinnovatium_mumps2java_api_tgz-pJ8-com_disclinc_netmanager_script_test_ExecTesteNewJ8/src/com/disclinc/netmanager/variable/test/StackingVariableAndNewOperatorTest.java:247: error: [argument] incompatible argument for parameter actual of Assert.assertEquals.
				"pilha1", m$.var("pedido").get());
				                              ^
  found   : @Initialized @Nullable Object
  required: @Initialized @NonNull Object
../annotator/urla05239b71c_viniciusinnovatium_mumps2java_api_tgz-pJ8-com_disclinc_netmanager_script_test_ExecTesteNewJ8/src/com/disclinc/netmanager/variable/test/StackingVariableAndNewOperatorTest.java:251: error: [argument] incompatible argument for parameter actual of Assert.assertEquals.
				"cod1", m$.var("contrato").get());
				                              ^
  found   : @Initialized @Nullable Object
  required: @Initialized @NonNull Object
../annotator/urla05239b71c_viniciusinnovatium_mumps2java_api_tgz-pJ8-com_disclinc_netmanager_script_test_ExecTesteNewJ8/src/com/disclinc/netmanager/variable/test/StackingVariableAndNewOperatorTest.java:257: error: [argument] incompatible argument for parameter expected of Assert.assertEquals.
				null, m$.var("pedido").get());
				^
  found   : null (NullType)
  required: @Initialized @NonNull Object
../annotator/urla05239b71c_viniciusinnovatium_mumps2java_api_tgz-pJ8-com_disclinc_netmanager_script_test_ExecTesteNewJ8/src/com/disclinc/netmanager/variable/test/StackingVariableAndNewOperatorTest.java:257: error: [argument] incompatible argument for parameter actual of Assert.assertEquals.
				null, m$.var("pedido").get());
				                          ^
  found   : @Initialized @Nullable Object
  required: @Initialized @NonNull Object
../annotator/urla05239b71c_viniciusinnovatium_mumps2java_api_tgz-pJ8-com_disclinc_netmanager_script_test_ExecTesteNewJ8/src/com/disclinc/netmanager/variable/test/StackingVariableAndNewOperatorTest.java:263: error: [argument] incompatible argument for parameter actual of Assert.assertEquals.
				"pilha2", m$.var("pedido").get());
				                              ^
  found   : @Initialized @Nullable Object
  required: @Initialized @NonNull Object
../annotator/urla05239b71c_viniciusinnovatium_mumps2java_api_tgz-pJ8-com_disclinc_netmanager_script_test_ExecTesteNewJ8/src/com/disclinc/netmanager/variable/test/StackingVariableAndNewOperatorTest.java:267: error: [argument] incompatible argument for parameter actual of Assert.assertEquals.
				"cod1", m$.var("contrato").get());
				                              ^
  found   : @Initialized @Nullable Object
  required: @Initialized @NonNull Object
../annotator/urla05239b71c_viniciusinnovatium_mumps2java_api_tgz-pJ8-com_disclinc_netmanager_script_test_ExecTesteNewJ8/src/com/disclinc/netmanager/variable/test/StackingVariableAndNewOperatorTest.java:273: error: [argument] incompatible argument for parameter actual of Assert.assertEquals.
				"pilha1", m$.var("pedido").get());
				                              ^
  found   : @Initialized @Nullable Object
  required: @Initialized @NonNull Object
../annotator/urla05239b71c_viniciusinnovatium_mumps2java_api_tgz-pJ8-com_disclinc_netmanager_script_test_ExecTesteNewJ8/src/com/disclinc/netmanager/variable/test/StackingVariableAndNewOperatorTest.java:277: error: [argument] incompatible argument for parameter actual of Assert.assertEquals.
				"cod1", m$.var("contrato").get());
				                              ^
  found   : @Initialized @Nullable Object
  required: @Initialized @NonNull Object
../annotator/urla05239b71c_viniciusinnovatium_mumps2java_api_tgz-pJ8-com_disclinc_netmanager_script_test_ExecTesteNewJ8/src/com/disclinc/netmanager/variable/test/StackingVariableAndNewOperatorTest.java:282: error: [argument] incompatible argument for parameter actual of Assert.assertEquals.
				"11", m$.var("pedido").get());
				                          ^
  found   : @Initialized @Nullable Object
  required: @Initialized @NonNull Object
../annotator/urla05239b71c_viniciusinnovatium_mumps2java_api_tgz-pJ8-com_disclinc_netmanager_script_test_ExecTesteNewJ8/src/com/disclinc/netmanager/variable/test/StackingVariableAndNewOperatorTest.java:286: error: [argument] incompatible argument for parameter actual of Assert.assertEquals.
				"cod1", m$.var("contrato").get());
				                              ^
  found   : @Initialized @Nullable Object
  required: @Initialized @NonNull Object
../annotator/urla05239b71c_viniciusinnovatium_mumps2java_api_tgz-pJ8-com_disclinc_netmanager_script_test_ExecTesteNewJ8/src/com/disclinc/netmanager/variable/test/StackingVariableAndNewOperatorTest.java:293: error: [argument] incompatible argument for parameter actual of Assert.assertEquals.
				m$.var("pedido").get());
				                    ^
  found   : @Initialized @Nullable Object
  required: @Initialized @NonNull Object
../annotator/urla05239b71c_viniciusinnovatium_mumps2java_api_tgz-pJ8-com_disclinc_netmanager_script_test_ExecTesteNewJ8/src/com/disclinc/netmanager/variable/test/StackingVariableAndNewOperatorTest.java:299: error: [argument] incompatible argument for parameter expected of Assert.assertEquals.
				null, m$.var("pedido", "item").get());
				^
  found   : null (NullType)
  required: @Initialized @NonNull Object
../annotator/urla05239b71c_viniciusinnovatium_mumps2java_api_tgz-pJ8-com_disclinc_netmanager_script_test_ExecTesteNewJ8/src/com/disclinc/netmanager/variable/test/StackingVariableAndNewOperatorTest.java:299: error: [argument] incompatible argument for parameter actual of Assert.assertEquals.
				null, m$.var("pedido", "item").get());
				                                  ^
  found   : @Initialized @Nullable Object
  required: @Initialized @NonNull Object
../annotator/urla05239b71c_viniciusinnovatium_mumps2java_api_tgz-pJ8-com_disclinc_netmanager_script_test_ExecTesteNewJ8/src/com/disclinc/netmanager/variable/test/StackingVariableAndNewOperatorTest.java:304: error: [argument] incompatible argument for parameter actual of Assert.assertEquals.
				"VALOR EMPILHADO", m$.var("pedido").get());
				                                       ^
  found   : @Initialized @Nullable Object
  required: @Initialized @NonNull Object
../annotator/urla05239b71c_viniciusinnovatium_mumps2java_api_tgz-pJ8-com_disclinc_netmanager_script_test_ExecTesteNewJ8/src/com/disclinc/netmanager/variable/test/StackingVariableAndNewOperatorTest.java:315: error: [argument] incompatible argument for parameter actual of Assert.assertEquals.
				"11", m$.var("pedido").get());
				                          ^
  found   : @Initialized @Nullable Object
  required: @Initialized @NonNull Object
../annotator/urla05239b71c_viniciusinnovatium_mumps2java_api_tgz-pJ8-com_disclinc_netmanager_script_test_ExecTesteNewJ8/src/com/disclinc/netmanager/variable/test/StackingVariableAndNewOperatorTest.java:318: error: [argument] incompatible argument for parameter expected of Assert.assertEquals.
				null, m$.var("contrato").get());
				^
  found   : null (NullType)
  required: @Initialized @NonNull Object
../annotator/urla05239b71c_viniciusinnovatium_mumps2java_api_tgz-pJ8-com_disclinc_netmanager_script_test_ExecTesteNewJ8/src/com/disclinc/netmanager/variable/test/StackingVariableAndNewOperatorTest.java:318: error: [argument] incompatible argument for parameter actual of Assert.assertEquals.
				null, m$.var("contrato").get());
				                            ^
  found   : @Initialized @Nullable Object
  required: @Initialized @NonNull Object
../annotator/urla05239b71c_viniciusinnovatium_mumps2java_api_tgz-pJ8-com_disclinc_netmanager_script_test_ExecTesteNewJ8/src/com/disclinc/netmanager/variable/test/StackingVariableAndNewOperatorTest.java:322: error: [argument] incompatible argument for parameter actual of Assert.assertEquals.
				"63", m$.var("item").get());
				                        ^
  found   : @Initialized @Nullable Object
  required: @Initialized @NonNull Object
../annotator/urla05239b71c_viniciusinnovatium_mumps2java_api_tgz-pJ8-com_disclinc_netmanager_script_test_ExecTesteNewJ8/src/com/disclinc/netmanager/variable/test/StackingVariableAndNewOperatorTest.java:326: error: [argument] incompatible argument for parameter expected of Assert.assertEquals.
				null, m$.var("plastico").get());
				^
  found   : null (NullType)
  required: @Initialized @NonNull Object
../annotator/urla05239b71c_viniciusinnovatium_mumps2java_api_tgz-pJ8-com_disclinc_netmanager_script_test_ExecTesteNewJ8/src/com/disclinc/netmanager/variable/test/StackingVariableAndNewOperatorTest.java:326: error: [argument] incompatible argument for parameter actual of Assert.assertEquals.
				null, m$.var("plastico").get());
				                            ^
  found   : @Initialized @Nullable Object
  required: @Initialized @NonNull Object
../annotator/urla05239b71c_viniciusinnovatium_mumps2java_api_tgz-pJ8-com_disclinc_netmanager_script_test_ExecTesteNewJ8/src/com/disclinc/netmanager/variable/test/StackingVariableAndNewOperatorTest.java:330: error: [argument] incompatible argument for parameter actual of Assert.assertEquals.
				"92", m$.var("eletronico").get());
				                              ^
  found   : @Initialized @Nullable Object
  required: @Initialized @NonNull Object
../annotator/urla05239b71c_viniciusinnovatium_mumps2java_api_tgz-pJ8-com_disclinc_netmanager_script_test_ExecTesteNewJ8/src/com/disclinc/netmanager/variable/test/StackingVariableAndNewOperatorTest.java:336: error: [argument] incompatible argument for parameter actual of Assert.assertEquals.
				"11", m$.var("pedido").get());
				                          ^
  found   : @Initialized @Nullable Object
  required: @Initialized @NonNull Object
../annotator/urla05239b71c_viniciusinnovatium_mumps2java_api_tgz-pJ8-com_disclinc_netmanager_script_test_ExecTesteNewJ8/src/com/disclinc/netmanager/variable/test/StackingVariableAndNewOperatorTest.java:339: error: [argument] incompatible argument for parameter actual of Assert.assertEquals.
				"cod1", m$.var("contrato").get());
				                              ^
  found   : @Initialized @Nullable Object
  required: @Initialized @NonNull Object
../annotator/urla05239b71c_viniciusinnovatium_mumps2java_api_tgz-pJ8-com_disclinc_netmanager_script_test_ExecTesteNewJ8/src/com/disclinc/netmanager/variable/test/StackingVariableAndNewOperatorTest.java:343: error: [argument] incompatible argument for parameter actual of Assert.assertEquals.
				"63", m$.var("item").get());
				                        ^
  found   : @Initialized @Nullable Object
  required: @Initialized @NonNull Object
../annotator/urla05239b71c_viniciusinnovatium_mumps2java_api_tgz-pJ8-com_disclinc_netmanager_script_test_ExecTesteNewJ8/src/com/disclinc/netmanager/variable/test/StackingVariableAndNewOperatorTest.java:347: error: [argument] incompatible argument for parameter actual of Assert.assertEquals.
				"18", m$.var("plastico").get());
				                            ^
  found   : @Initialized @Nullable Object
  required: @Initialized @NonNull Object
../annotator/urla05239b71c_viniciusinnovatium_mumps2java_api_tgz-pJ8-com_disclinc_netmanager_script_test_ExecTesteNewJ8/src/com/disclinc/netmanager/variable/test/StackingVariableAndNewOperatorTest.java:351: error: [argument] incompatible argument for parameter actual of Assert.assertEquals.
				"92", m$.var("eletronico").get());
				                              ^
  found   : @Initialized @Nullable Object
  required: @Initialized @NonNull Object
../annotator/urla05239b71c_viniciusinnovatium_mumps2java_api_tgz-pJ8-com_disclinc_netmanager_script_test_ExecTesteNewJ8/src/com/disclinc/netmanager/variable/test/StackingVariableAndNewOperatorTest.java:361: error: [argument] incompatible argument for parameter expected of Assert.assertEquals.
				null, m$.var("pedido").get());
				^
  found   : null (NullType)
  required: @Initialized @NonNull Object
../annotator/urla05239b71c_viniciusinnovatium_mumps2java_api_tgz-pJ8-com_disclinc_netmanager_script_test_ExecTesteNewJ8/src/com/disclinc/netmanager/variable/test/StackingVariableAndNewOperatorTest.java:361: error: [argument] incompatible argument for parameter actual of Assert.assertEquals.
				null, m$.var("pedido").get());
				                          ^
  found   : @Initialized @Nullable Object
  required: @Initialized @NonNull Object
../annotator/urla05239b71c_viniciusinnovatium_mumps2java_api_tgz-pJ8-com_disclinc_netmanager_script_test_ExecTesteNewJ8/src/com/disclinc/netmanager/variable/test/StackingVariableAndNewOperatorTest.java:367: error: [argument] incompatible argument for parameter actual of Assert.assertEquals.
				"11", m$.var("pedido").get());
				                          ^
  found   : @Initialized @Nullable Object
  required: @Initialized @NonNull Object
../annotator/urla05239b71c_viniciusinnovatium_mumps2java_api_tgz-pJ8-com_disclinc_netmanager_script_test_ExecTesteNewJ8/src/com/disclinc/netmanager/variable/test/StackingVariableAndNewOperatorTest.java:371: error: [argument] incompatible argument for parameter actual of Assert.assertEquals.
				"100", m$.var("pedido", "item", "medicamento").get());
				                                                  ^
  found   : @Initialized @Nullable Object
  required: @Initialized @NonNull Object
../annotator/urla05239b71c_viniciusinnovatium_mumps2java_api_tgz-pJ8-com_disclinc_netmanager_script_test_ExecTesteNewJ8/src/com/disclinc/netmanager/variable/test/StackingVariableAndNewOperatorTest.java:375: error: [argument] incompatible argument for parameter actual of Assert.assertEquals.
				"cod1", m$.var("contrato").get());
				                              ^
  found   : @Initialized @Nullable Object
  required: @Initialized @NonNull Object
../annotator/urla05239b71c_viniciusinnovatium_mumps2java_api_tgz-pJ8-com_disclinc_netmanager_script_test_ExecTesteNewJ8/src/com/disclinc/netmanager/variable/test/StackingVariableAndNewOperatorTest.java:379: error: [argument] incompatible argument for parameter actual of Assert.assertEquals.
				"mm77", m$.var("contrato", "clausula").get());
				                                          ^
  found   : @Initialized @Nullable Object
  required: @Initialized @NonNull Object
../annotator/urla05239b71c_viniciusinnovatium_mumps2java_api_tgz-pJ8-com_disclinc_netmanager_script_test_ExecTesteNewJ8/src/mLibrary/mRegExConverter.java:184: error: [dereference.of.nullable] dereference of possibly-null reference javaPattern
				if (javaPattern.equals(""))
				    ^
../annotator/urla05239b71c_viniciusinnovatium_mumps2java_api_tgz-pJ8-com_disclinc_netmanager_script_test_ExecTesteNewJ8/src/mLibrary/mRegExConverter.java:190: error: [argument] incompatible argument for parameter str of String.concat.
					javaPattern = javaPattern.concat("|").concat(patternAtomTranslateTable.get(cachePattern.charAt(i)));
					                                                                          ^
  found   : @Initialized @Nullable String
  required: @Initialized @NonNull String
../annotator/urla05239b71c_viniciusinnovatium_mumps2java_api_tgz-pJ8-com_disclinc_netmanager_script_test_ExecTesteNewJ8/src/mLibrary/mRegExConverter.java:194: error: [argument] incompatible argument for parameter str of String.concat.
		return "(".concat(javaPattern).concat(")");
		                  ^
  found   : @Initialized @Nullable String
  required: @Initialized @NonNull String
../annotator/urla05239b71c_viniciusinnovatium_mumps2java_api_tgz-pJ8-com_disclinc_netmanager_script_test_ExecTesteNewJ8/src/mLibrary/mZStripParser.java:181: error: [argument] incompatible argument for parameter str of String.concat.
					javaPattern = javaPattern.concat(patternTranslateTable.get(cachePattern.charAt(i)));
					                                                          ^
  found   : @Initialized @Nullable String
  required: @Initialized @NonNull String
../annotator/urla05239b71c_viniciusinnovatium_mumps2java_api_tgz-pJ8-com_disclinc_netmanager_script_test_ExecTesteNewJ8/src/mLibrary/mFncUtil.java:18: error: [argument] incompatible argument for parameter first of DataStructureUtil.concatSinceLast.
		return DataStructureUtil.concatSinceLast(dest, orig);
		                                         ^
  found   : @Initialized @NonNull Object @Initialized @Nullable []
  required: @Initialized @NonNull Object @Initialized @NonNull []
../annotator/urla05239b71c_viniciusinnovatium_mumps2java_api_tgz-pJ8-com_disclinc_netmanager_script_test_ExecTesteNewJ8/src/mLibrary/mFncUtil.java:50: error: [dereference.of.nullable] dereference of possibly-null reference obj
			if (obj.toString().isEmpty()) {
			    ^
../annotator/urla05239b71c_viniciusinnovatium_mumps2java_api_tgz-pJ8-com_disclinc_netmanager_script_test_ExecTesteNewJ8/src/mLibrary/mFncUtil.java:53: error: [dereference.of.nullable] dereference of possibly-null reference castDouble(obj)
			return castDouble(obj).intValue();
			                 ^
../annotator/urla05239b71c_viniciusinnovatium_mumps2java_api_tgz-pJ8-com_disclinc_netmanager_script_test_ExecTesteNewJ8/src/mLibrary/mFncUtil.java:70: error: [assignment] incompatible types in assignment.
			array[i] = castInt(obj[i]);
			                  ^
  found   : @Initialized @Nullable Integer
  required: @Initialized @NonNull Integer
../annotator/urla05239b71c_viniciusinnovatium_mumps2java_api_tgz-pJ8-com_disclinc_netmanager_script_test_ExecTesteNewJ8/src/mLibrary/mFncUtil.java:108: error: [unboxing.of.nullable] unboxing a possibly-null reference start
		if (start < 1 || start >= string.length()) {
		    ^
../annotator/urla05239b71c_viniciusinnovatium_mumps2java_api_tgz-pJ8-com_disclinc_netmanager_script_test_ExecTesteNewJ8/src/mLibrary/mFncUtil.java:108: error: [unboxing.of.nullable] unboxing a possibly-null reference start
		if (start < 1 || start >= string.length()) {
		                 ^
../annotator/urla05239b71c_viniciusinnovatium_mumps2java_api_tgz-pJ8-com_disclinc_netmanager_script_test_ExecTesteNewJ8/src/mLibrary/mFncUtil.java:112: error: [argument] incompatible argument for parameter beginIndex of String.substring.
		string = string.substring(start);
		                          ^
  found   : @Initialized @Nullable int
  required: @Initialized @NonNull int
../annotator/urla05239b71c_viniciusinnovatium_mumps2java_api_tgz-pJ8-com_disclinc_netmanager_script_test_ExecTesteNewJ8/src/mLibrary/mFncUtil.java:218: error: [dereference.of.nullable] dereference of possibly-null reference dFormat
		if (dFormat.equals("-1")) {
		    ^
../annotator/urla05239b71c_viniciusinnovatium_mumps2java_api_tgz-pJ8-com_disclinc_netmanager_script_test_ExecTesteNewJ8/src/mLibrary/mFncUtil.java:314: error: [unboxing.of.nullable] unboxing a possibly-null reference index
		if (splitStr.length >= index && index > 0) {
		                       ^
../annotator/urla05239b71c_viniciusinnovatium_mumps2java_api_tgz-pJ8-com_disclinc_netmanager_script_test_ExecTesteNewJ8/src/mLibrary/mFncUtil.java:314: error: [unboxing.of.nullable] unboxing a possibly-null reference index
		if (splitStr.length >= index && index > 0) {
		                                ^
../annotator/urla05239b71c_viniciusinnovatium_mumps2java_api_tgz-pJ8-com_disclinc_netmanager_script_test_ExecTesteNewJ8/src/mLibrary/mFncUtil.java:315: error: [unboxing.of.nullable] unboxing a possibly-null reference index
			return splitStr[index - 1];
			                ^
../annotator/urla05239b71c_viniciusinnovatium_mumps2java_api_tgz-pJ8-com_disclinc_netmanager_script_test_ExecTesteNewJ8/src/mLibrary/mFncUtil.java:327: error: [unboxing.of.nullable] unboxing a possibly-null reference from
		if (from > to) {
		    ^
../annotator/urla05239b71c_viniciusinnovatium_mumps2java_api_tgz-pJ8-com_disclinc_netmanager_script_test_ExecTesteNewJ8/src/mLibrary/mFncUtil.java:327: error: [unboxing.of.nullable] unboxing a possibly-null reference to
		if (from > to) {
		           ^
../annotator/urla05239b71c_viniciusinnovatium_mumps2java_api_tgz-pJ8-com_disclinc_netmanager_script_test_ExecTesteNewJ8/src/mLibrary/mFncUtil.java:331: error: [unboxing.of.nullable] unboxing a possibly-null reference from
		if (from > string.length()) {
		    ^
../annotator/urla05239b71c_viniciusinnovatium_mumps2java_api_tgz-pJ8-com_disclinc_netmanager_script_test_ExecTesteNewJ8/src/mLibrary/mFncUtil.java:335: error: [unboxing.of.nullable] unboxing a possibly-null reference to
		if (to > strSplit.length) {
		    ^
../annotator/urla05239b71c_viniciusinnovatium_mumps2java_api_tgz-pJ8-com_disclinc_netmanager_script_test_ExecTesteNewJ8/src/mLibrary/mFncUtil.java:338: error: [assignment] incompatible types in assignment.
		final String[] array = Arrays.copyOfRange(strSplit, from - 1, to);
		                                         ^
  found   : @Initialized @Nullable String @Initialized @NonNull []
  required: @Initialized @NonNull String @UnknownInitialization @Nullable []
../annotator/urla05239b71c_viniciusinnovatium_mumps2java_api_tgz-pJ8-com_disclinc_netmanager_script_test_ExecTesteNewJ8/src/mLibrary/mFncUtil.java:338: error: [unboxing.of.nullable] unboxing a possibly-null reference from
		final String[] array = Arrays.copyOfRange(strSplit, from - 1, to);
		                                                    ^
../annotator/urla05239b71c_viniciusinnovatium_mumps2java_api_tgz-pJ8-com_disclinc_netmanager_script_test_ExecTesteNewJ8/src/mLibrary/mFncUtil.java:338: error: [argument] incompatible argument for parameter to of Arrays.copyOfRange.
		final String[] array = Arrays.copyOfRange(strSplit, from - 1, to);
		                                                              ^
  found   : @Initialized @Nullable int
  required: @Initialized @NonNull int
../annotator/urla05239b71c_viniciusinnovatium_mumps2java_api_tgz-pJ8-com_disclinc_netmanager_script_test_ExecTesteNewJ8/src/mLibrary/mFncUtil.java:362: error: [unboxing.of.nullable] unboxing a possibly-null reference position
		if (position > array.length) {
		    ^
../annotator/urla05239b71c_viniciusinnovatium_mumps2java_api_tgz-pJ8-com_disclinc_netmanager_script_test_ExecTesteNewJ8/src/mLibrary/mFncUtil.java:363: error: [assignment] incompatible types in assignment.
			array = Arrays.copyOfRange(array, 0, position);
			                          ^
  found   : @Initialized @Nullable Object @Initialized @NonNull []
  required: @Initialized @NonNull Object @UnknownInitialization @Nullable []
Note: Some input files use or override a deprecated API.
Note: Recompile with -Xlint:deprecation for details.
361 errors
1 warning
