../annotator/urld44fdf4fee_nadilsons_reflection_dsl_tgz-pJ8-br_com_bit_ideias_reflection_SimplePerformanceTestJ8/src/br/com/bit/ideias/reflection/scanner/UrlResource.java:45: error: [dereference.of.nullable] dereference of possibly-null reference resourceUri
        return new File(resourceUri.getSchemeSpecificPart());
                        ^
../annotator/urld44fdf4fee_nadilsons_reflection_dsl_tgz-pJ8-br_com_bit_ideias_reflection_SimplePerformanceTestJ8/src/br/com/bit/ideias/reflection/scanner/PackageScanner.java:61: error: [method.invocation] call to convertClassNameToResourcePath(java.lang.String) not allowed on the given receiver.
        this.path = CLASSPATH_ALL_URL_PREFIX + convertClassNameToResourcePath(packagePath) + "**" + File.separator + "*.class";
                                                                             ^
  found   : @UnderInitialization @NonNull PackageScanner
  required: @Initialized @NonNull PackageScanner
../annotator/urld44fdf4fee_nadilsons_reflection_dsl_tgz-pJ8-br_com_bit_ideias_reflection_SimplePerformanceTestJ8/src/br/com/bit/ideias/reflection/scanner/PackageScanner.java:118: error: [return] incompatible types in return.
        return this.getClass().getClassLoader();
                                             ^
  type of expression: @Initialized @Nullable ClassLoader
  method return type: @Initialized @NonNull ClassLoader
../annotator/urld44fdf4fee_nadilsons_reflection_dsl_tgz-pJ8-br_com_bit_ideias_reflection_SimplePerformanceTestJ8/src/br/com/bit/ideias/reflection/scanner/PackageScanner.java:173: error: [dereference.of.nullable] dereference of possibly-null reference rootDirResource.getFile()
        return findMatchingFileSystemResources(rootDirResource.getFile().getAbsoluteFile(), subPattern);
                                                                      ^
../annotator/urld44fdf4fee_nadilsons_reflection_dsl_tgz-pJ8-br_com_bit_ideias_reflection_SimplePerformanceTestJ8/src/br/com/bit/ideias/reflection/scanner/PackageScanner.java:434: error: [argument] incompatible argument for parameter arg0 of Set.add.
                        result.add(rootDirResource.createRelative(relativePath));
                                                                 ^
  found   : @Initialized @Nullable Resource
  required: @Initialized @NonNull Resource
../annotator/urld44fdf4fee_nadilsons_reflection_dsl_tgz-pJ8-br_com_bit_ideias_reflection_SimplePerformanceTestJ8/src/br/com/bit/ideias/reflection/scanner/FileSystemResource.java:26: error: [override.return] Incompatible return type.
    @Nullable public URL getURL() {
                     ^
  found   : @Initialized @Nullable URL
  required: @Initialized @NonNull URL
  Consequence: method in @Initialized @NonNull FileSystemResource
    @Initialized @Nullable URL getURL(@Initialized @NonNull FileSystemResource this)
  cannot override method in @Initialized @NonNull Resource
    @Initialized @NonNull URL getURL(@Initialized @NonNull Resource this)
../annotator/urld44fdf4fee_nadilsons_reflection_dsl_tgz-pJ8-br_com_bit_ideias_reflection_SimplePerformanceTestJ8/src/br/com/bit/ideias/reflection/rql/query/QueryImpl.java:26: error: [assignment] incompatible types in assignment.
        this.query = query;
                     ^
  found   : @Initialized @Nullable String
  required: @Initialized @NonNull String
../annotator/urld44fdf4fee_nadilsons_reflection_dsl_tgz-pJ8-br_com_bit_ideias_reflection_SimplePerformanceTestJ8/src/br/com/bit/ideias/reflection/rql/query/QueryImpl.java:58: warning: [cast.unsafe] cast from "@Initialized @Nullable Object" to "T[ extends @Initialized @NonNull Member super @Initialized @NonNull Void]" cannot be statically verified
        return (T) result.get(0);
               ^
../annotator/urld44fdf4fee_nadilsons_reflection_dsl_tgz-pJ8-br_com_bit_ideias_reflection_SimplePerformanceTestJ8/src/br/com/bit/ideias/reflection/core/Introspector.java:63: error: [argument] incompatible argument for parameter className of Class.forName.
			clazz = Class.forName(className);
			                      ^
  found   : @Initialized @Nullable String
  required: @Initialized @NonNull String
../annotator/urld44fdf4fee_nadilsons_reflection_dsl_tgz-pJ8-br_com_bit_ideias_reflection_SimplePerformanceTestJ8/src/br/com/bit/ideias/reflection/core/extrator/Extractor.java:30: error: [assignment] incompatible types in assignment.
		this.extractorConstructor = new ExtractorConstructor(this, instance);
		                            ^
  found   : @UnderInitialization(br.com.bit.ideias.reflection.core.extrator.ExtractorConstructor.class) @NonNull ExtractorConstructor
  required: @Initialized @Nullable ExtractorConstructor
../annotator/urld44fdf4fee_nadilsons_reflection_dsl_tgz-pJ8-br_com_bit_ideias_reflection_SimplePerformanceTestJ8/src/br/com/bit/ideias/reflection/core/extrator/Extractor.java:30: error: [argument] incompatible argument for parameter extractor of ExtractorConstructor constructor.
		this.extractorConstructor = new ExtractorConstructor(this, instance);
		                                                     ^
  found   : @UnderInitialization(br.com.bit.ideias.reflection.core.extrator.Extractor.class) @NonNull Extractor
  required: @Initialized @NonNull Extractor
../annotator/urld44fdf4fee_nadilsons_reflection_dsl_tgz-pJ8-br_com_bit_ideias_reflection_SimplePerformanceTestJ8/src/br/com/bit/ideias/reflection/core/extrator/Extractor.java:89: error: [return] incompatible types in return.
		return targetClass;
		       ^
  type of expression: @Initialized @Nullable Class<capture#01 extends @Initialized @Nullable Object>
  method return type: @Initialized @NonNull Class<? extends @Initialized @Nullable Object>
../annotator/urld44fdf4fee_nadilsons_reflection_dsl_tgz-pJ8-br_com_bit_ideias_reflection_SimplePerformanceTestJ8/src/br/com/bit/ideias/reflection/core/extrator/ExtractorMethod.java:64: error: [return] incompatible types in return.
			return method.invoke(targetInstance, params);
			                    ^
  type of expression: @Initialized @Nullable Object
  method return type: @Initialized @NonNull Object
../annotator/urld44fdf4fee_nadilsons_reflection_dsl_tgz-pJ8-br_com_bit_ideias_reflection_SimplePerformanceTestJ8/src/br/com/bit/ideias/reflection/core/extrator/ExtractorMethod.java:64: error: [argument] incompatible argument for parameter obj of Method.invoke.
			return method.invoke(targetInstance, params);
			                     ^
  found   : @Initialized @Nullable Object
  required: @Initialized @NonNull Object
../annotator/urld44fdf4fee_nadilsons_reflection_dsl_tgz-pJ8-br_com_bit_ideias_reflection_SimplePerformanceTestJ8/src/br/com/bit/ideias/reflection/core/extrator/ExtractorField.java:101: error: [argument] incompatible argument for parameter obj of Field.get.
			retorno = field.get(targetInstance);
			                    ^
  found   : @Initialized @Nullable Object
  required: @Initialized @NonNull Object
../annotator/urld44fdf4fee_nadilsons_reflection_dsl_tgz-pJ8-br_com_bit_ideias_reflection_SimplePerformanceTestJ8/src/br/com/bit/ideias/reflection/core/extrator/ExtractorField.java:103: error: [argument] incompatible argument for parameter obj of Field.set.
			field.set(targetInstance, params[0]);
			          ^
  found   : @Initialized @Nullable Object
  required: @UnknownInitialization @NonNull Object
../annotator/urld44fdf4fee_nadilsons_reflection_dsl_tgz-pJ8-br_com_bit_ideias_reflection_SimplePerformanceTestJ8/src/br/com/bit/ideias/reflection/rql/query/Rql.java:186: error: [dereference.of.nullable] dereference of possibly-null reference rql
        rql = rql.trim();
              ^
../annotator/urld44fdf4fee_nadilsons_reflection_dsl_tgz-pJ8-br_com_bit_ideias_reflection_SimplePerformanceTestJ8/src/br/com/bit/ideias/reflection/core/IntrospectorTest.java:43: error: [initialization.field.uninitialized] the default constructor does not initialize field introspectorForClass
	private Introspector introspectorForClass;
	                     ^
../annotator/urld44fdf4fee_nadilsons_reflection_dsl_tgz-pJ8-br_com_bit_ideias_reflection_SimplePerformanceTestJ8/src/br/com/bit/ideias/reflection/core/IntrospectorTest.java:45: error: [initialization.field.uninitialized] the default constructor does not initialize field introspectorInObject
	private Introspector introspectorInObject;
	                     ^
../annotator/urld44fdf4fee_nadilsons_reflection_dsl_tgz-pJ8-br_com_bit_ideias_reflection_SimplePerformanceTestJ8/src/br/com/bit/ideias/reflection/core/IntrospectorTest.java:71: error: [argument] incompatible argument for parameter actual of Assert.assertEquals.
		assertEquals("1", result);
		                  ^
  found   : @Initialized @Nullable String
  required: @Initialized @NonNull Object
../annotator/urld44fdf4fee_nadilsons_reflection_dsl_tgz-pJ8-br_com_bit_ideias_reflection_SimplePerformanceTestJ8/src/br/com/bit/ideias/reflection/core/IntrospectorTest.java:119: error: [argument] incompatible argument for parameter object of Assert.assertNotNull.
		assertNotNull(introspectorForClass.getTargetInstance());
		                                                    ^
  found   : @Initialized @Nullable Object
  required: @Initialized @NonNull Object
../annotator/urld44fdf4fee_nadilsons_reflection_dsl_tgz-pJ8-br_com_bit_ideias_reflection_SimplePerformanceTestJ8/src/br/com/bit/ideias/reflection/core/IntrospectorTest.java:125: error: [argument] incompatible argument for parameter object of Assert.assertNotNull.
		assertNotNull(introspectorForClass.getTargetInstance());
		                                                    ^
  found   : @Initialized @Nullable Object
  required: @Initialized @NonNull Object
../annotator/urld44fdf4fee_nadilsons_reflection_dsl_tgz-pJ8-br_com_bit_ideias_reflection_SimplePerformanceTestJ8/src/br/com/bit/ideias/reflection/core/IntrospectorTest.java:129: error: [argument] incompatible argument for parameter object of Assert.assertNotNull.
		assertNotNull(introspectorForClass.getTargetInstance());
		                                                    ^
  found   : @Initialized @Nullable Object
  required: @Initialized @NonNull Object
../annotator/urld44fdf4fee_nadilsons_reflection_dsl_tgz-pJ8-br_com_bit_ideias_reflection_SimplePerformanceTestJ8/src/br/com/bit/ideias/reflection/core/IntrospectorTest.java:130: error: [dereference.of.nullable] dereference of possibly-null reference ((ClasseDominio)introspectorForClass.getTargetInstance())
		assertEquals(((ClasseDominio) introspectorForClass.getTargetInstance()).getAtributoPrivadoInteiro().intValue(), 10);
		             ^
../annotator/urld44fdf4fee_nadilsons_reflection_dsl_tgz-pJ8-br_com_bit_ideias_reflection_SimplePerformanceTestJ8/src/br/com/bit/ideias/reflection/core/IntrospectorTest.java:134: error: [argument] incompatible argument for parameter object of Assert.assertNotNull.
		assertNotNull(introspectorForClass.getTargetInstance());
		                                                    ^
  found   : @Initialized @Nullable Object
  required: @Initialized @NonNull Object
../annotator/urld44fdf4fee_nadilsons_reflection_dsl_tgz-pJ8-br_com_bit_ideias_reflection_SimplePerformanceTestJ8/src/br/com/bit/ideias/reflection/core/IntrospectorTest.java:135: error: [dereference.of.nullable] dereference of possibly-null reference ((ClasseDominio)introspectorForClass.getTargetInstance())
		assertEquals(((ClasseDominio) introspectorForClass.getTargetInstance()).getAtributoPrivadoInteiro().intValue(), 15);
		             ^
../annotator/urld44fdf4fee_nadilsons_reflection_dsl_tgz-pJ8-br_com_bit_ideias_reflection_SimplePerformanceTestJ8/src/br/com/bit/ideias/reflection/core/IntrospectorTest.java:136: error: [dereference.of.nullable] dereference of possibly-null reference ((ClasseDominio)introspectorForClass.getTargetInstance())
		assertEquals(((ClasseDominio) introspectorForClass.getTargetInstance()).getAtributoPrivadoString(), "String_ok");
		             ^
../annotator/urld44fdf4fee_nadilsons_reflection_dsl_tgz-pJ8-br_com_bit_ideias_reflection_SimplePerformanceTestJ8/src/br/com/bit/ideias/reflection/core/IntrospectorTest.java:136: error: [argument] incompatible argument for parameter expected of Assert.assertEquals.
		assertEquals(((ClasseDominio) introspectorForClass.getTargetInstance()).getAtributoPrivadoString(), "String_ok");
		                                                                                                ^
  found   : @Initialized @Nullable String
  required: @Initialized @NonNull Object
../annotator/urld44fdf4fee_nadilsons_reflection_dsl_tgz-pJ8-br_com_bit_ideias_reflection_SimplePerformanceTestJ8/src/br/com/bit/ideias/reflection/core/IntrospectorTest.java:153: error: [argument] incompatible argument for parameter expected of Assert.assertEquals.
		assertEquals(valorBooleano, Boolean.FALSE);	
		             ^
  found   : @Initialized @Nullable Boolean
  required: @Initialized @NonNull Object
../annotator/urld44fdf4fee_nadilsons_reflection_dsl_tgz-pJ8-br_com_bit_ideias_reflection_SimplePerformanceTestJ8/src/br/com/bit/ideias/reflection/core/IntrospectorTest.java:164: error: [argument] incompatible argument for parameter expected of Assert.assertEquals.
		assertEquals(invokeValue, valorTeste);
		             ^
  found   : @Initialized @Nullable Object
  required: @Initialized @NonNull Object
../annotator/urld44fdf4fee_nadilsons_reflection_dsl_tgz-pJ8-br_com_bit_ideias_reflection_SimplePerformanceTestJ8/src/br/com/bit/ideias/reflection/core/IntrospectorTest.java:168: error: [argument] incompatible argument for parameter expected of Assert.assertEquals.
		assertEquals(invokeValue2, valorTeste);
		             ^
  found   : @Initialized @Nullable Object
  required: @Initialized @NonNull Object
../annotator/urld44fdf4fee_nadilsons_reflection_dsl_tgz-pJ8-br_com_bit_ideias_reflection_SimplePerformanceTestJ8/src/br/com/bit/ideias/reflection/core/IntrospectorTest.java:178: error: [argument] incompatible argument for parameter expected of Assert.assertEquals.
		assertEquals(invokeValue, valorTeste);
		             ^
  found   : @Initialized @Nullable Object
  required: @Initialized @NonNull Object
../annotator/urld44fdf4fee_nadilsons_reflection_dsl_tgz-pJ8-br_com_bit_ideias_reflection_SimplePerformanceTestJ8/src/br/com/bit/ideias/reflection/core/IntrospectorTest.java:182: error: [argument] incompatible argument for parameter expected of Assert.assertEquals.
		assertEquals(invokeValue2, valorTeste);
		             ^
  found   : @Initialized @Nullable Object
  required: @Initialized @NonNull Object
../annotator/urld44fdf4fee_nadilsons_reflection_dsl_tgz-pJ8-br_com_bit_ideias_reflection_SimplePerformanceTestJ8/src/br/com/bit/ideias/reflection/core/IntrospectorTest.java:192: error: [argument] incompatible argument for parameter expected of Assert.assertEquals.
		assertEquals(invokeValue, valorTeste);
		             ^
  found   : @Initialized @Nullable Object
  required: @Initialized @NonNull Object
../annotator/urld44fdf4fee_nadilsons_reflection_dsl_tgz-pJ8-br_com_bit_ideias_reflection_SimplePerformanceTestJ8/src/br/com/bit/ideias/reflection/core/IntrospectorTest.java:196: error: [argument] incompatible argument for parameter expected of Assert.assertEquals.
		assertEquals(invokeValue2, valorTeste);
		             ^
  found   : @Initialized @Nullable Object
  required: @Initialized @NonNull Object
../annotator/urld44fdf4fee_nadilsons_reflection_dsl_tgz-pJ8-br_com_bit_ideias_reflection_SimplePerformanceTestJ8/src/br/com/bit/ideias/reflection/core/IntrospectorTest.java:206: error: [argument] incompatible argument for parameter expected of Assert.assertEquals.
		assertEquals(invokeValue, valorTeste);
		             ^
  found   : @Initialized @Nullable Object
  required: @Initialized @NonNull Object
../annotator/urld44fdf4fee_nadilsons_reflection_dsl_tgz-pJ8-br_com_bit_ideias_reflection_SimplePerformanceTestJ8/src/br/com/bit/ideias/reflection/core/IntrospectorTest.java:210: error: [argument] incompatible argument for parameter expected of Assert.assertEquals.
		assertEquals(invokeValue2, valorTeste);
		             ^
  found   : @Initialized @Nullable Object
  required: @Initialized @NonNull Object
../annotator/urld44fdf4fee_nadilsons_reflection_dsl_tgz-pJ8-br_com_bit_ideias_reflection_SimplePerformanceTestJ8/src/br/com/bit/ideias/reflection/core/IntrospectorTest.java:216: error: [argument] incompatible argument for parameter expected of Assert.assertEquals.
		assertEquals(invokeValue, INTEIRO);
		             ^
  found   : @Initialized @Nullable Object
  required: @Initialized @NonNull Object
../annotator/urld44fdf4fee_nadilsons_reflection_dsl_tgz-pJ8-br_com_bit_ideias_reflection_SimplePerformanceTestJ8/src/br/com/bit/ideias/reflection/core/IntrospectorTest.java:219: error: [argument] incompatible argument for parameter expected of Assert.assertEquals.
		assertEquals(invokeValue2, INTEIRO);
		             ^
  found   : @Initialized @Nullable Object
  required: @Initialized @NonNull Object
../annotator/urld44fdf4fee_nadilsons_reflection_dsl_tgz-pJ8-br_com_bit_ideias_reflection_SimplePerformanceTestJ8/src/br/com/bit/ideias/reflection/core/IntrospectorTest.java:228: error: [argument] incompatible argument for parameter expected of Assert.assertEquals.
		assertEquals(invokeValue, valorTeste);
		             ^
  found   : @Initialized @Nullable Object
  required: @Initialized @NonNull Object
../annotator/urld44fdf4fee_nadilsons_reflection_dsl_tgz-pJ8-br_com_bit_ideias_reflection_SimplePerformanceTestJ8/src/br/com/bit/ideias/reflection/core/IntrospectorTest.java:232: error: [argument] incompatible argument for parameter expected of Assert.assertEquals.
		assertEquals(invokeValue2, valorTeste);
		             ^
  found   : @Initialized @Nullable Object
  required: @Initialized @NonNull Object
../annotator/urld44fdf4fee_nadilsons_reflection_dsl_tgz-pJ8-br_com_bit_ideias_reflection_SimplePerformanceTestJ8/src/br/com/bit/ideias/reflection/core/IntrospectorTest.java:238: error: [argument] incompatible argument for parameter expected of Assert.assertEquals.
		assertEquals(invoke, INTEIRO);
		             ^
  found   : @Initialized @Nullable Object
  required: @Initialized @NonNull Object
../annotator/urld44fdf4fee_nadilsons_reflection_dsl_tgz-pJ8-br_com_bit_ideias_reflection_SimplePerformanceTestJ8/src/br/com/bit/ideias/reflection/core/IntrospectorTest.java:306: error: [argument] incompatible argument for parameter expected of Assert.assertEquals.
		assertEquals(dobro, INTEIRO * 2);	
		             ^
  found   : @Initialized @Nullable Object
  required: @Initialized @NonNull Object
../annotator/urld44fdf4fee_nadilsons_reflection_dsl_tgz-pJ8-br_com_bit_ideias_reflection_SimplePerformanceTestJ8/src/br/com/bit/ideias/reflection/core/IntrospectorTest.java:314: error: [argument] incompatible argument for parameter expected of Assert.assertEquals.
		assertEquals(invoke, INTEIRO * 2);
		             ^
  found   : @Initialized @Nullable Object
  required: @Initialized @NonNull Object
../annotator/urld44fdf4fee_nadilsons_reflection_dsl_tgz-pJ8-br_com_bit_ideias_reflection_SimplePerformanceTestJ8/src/br/com/bit/ideias/reflection/core/IntrospectorTest.java:323: error: [argument] incompatible argument for parameter expected of Assert.assertEquals.
		assertEquals(invoke, valorTeste * 2);
		             ^
  found   : @Initialized @Nullable Object
  required: @Initialized @NonNull Object
../annotator/urld44fdf4fee_nadilsons_reflection_dsl_tgz-pJ8-br_com_bit_ideias_reflection_SimplePerformanceTestJ8/src/br/com/bit/ideias/reflection/core/IntrospectorTest.java:331: error: [argument] incompatible argument for parameter expected of Assert.assertEquals.
		assertEquals(invoke, INTEIRO * 2);
		             ^
  found   : @Initialized @Nullable Object
  required: @Initialized @NonNull Object
../annotator/urld44fdf4fee_nadilsons_reflection_dsl_tgz-pJ8-br_com_bit_ideias_reflection_SimplePerformanceTestJ8/src/br/com/bit/ideias/reflection/core/IntrospectorTest.java:340: error: [argument] incompatible argument for parameter expected of Assert.assertEquals.
		assertEquals(invoke, valorTeste * 2);
		             ^
  found   : @Initialized @Nullable Object
  required: @Initialized @NonNull Object
../annotator/urld44fdf4fee_nadilsons_reflection_dsl_tgz-pJ8-br_com_bit_ideias_reflection_SimplePerformanceTestJ8/src/br/com/bit/ideias/reflection/core/IntrospectorTest.java:346: error: [argument] incompatible argument for parameter expected of Assert.assertEquals.
		assertEquals(invoke, INTEIRO * 2);
		             ^
  found   : @Initialized @Nullable Object
  required: @Initialized @NonNull Object
../annotator/urld44fdf4fee_nadilsons_reflection_dsl_tgz-pJ8-br_com_bit_ideias_reflection_SimplePerformanceTestJ8/src/br/com/bit/ideias/reflection/core/IntrospectorTest.java:349: error: [argument] incompatible argument for parameter expected of Assert.assertEquals.
		assertEquals(invoke2, INTEIRO * 2);
		             ^
  found   : @Initialized @Nullable Object
  required: @Initialized @NonNull Object
../annotator/urld44fdf4fee_nadilsons_reflection_dsl_tgz-pJ8-br_com_bit_ideias_reflection_SimplePerformanceTestJ8/src/br/com/bit/ideias/reflection/core/IntrospectorTest.java:357: error: [argument] incompatible argument for parameter expected of Assert.assertEquals.
		assertEquals(invoke, valorTeste * 2);
		             ^
  found   : @Initialized @Nullable Object
  required: @Initialized @NonNull Object
../annotator/urld44fdf4fee_nadilsons_reflection_dsl_tgz-pJ8-br_com_bit_ideias_reflection_SimplePerformanceTestJ8/src/br/com/bit/ideias/reflection/core/IntrospectorTest.java:360: error: [argument] incompatible argument for parameter expected of Assert.assertEquals.
		assertEquals(invoke2, valorTeste * 2);
		             ^
  found   : @Initialized @Nullable Object
  required: @Initialized @NonNull Object
../annotator/urld44fdf4fee_nadilsons_reflection_dsl_tgz-pJ8-br_com_bit_ideias_reflection_SimplePerformanceTestJ8/src/br/com/bit/ideias/reflection/test/artefacts/ClasseDominio.java:33: error: [initialization.fields.uninitialized] the constructor does not initialize fields: atributoPrivadoInteiro, atributoIsolado
	public ClasseDominio() {
	       ^
../annotator/urld44fdf4fee_nadilsons_reflection_dsl_tgz-pJ8-br_com_bit_ideias_reflection_SimplePerformanceTestJ8/src/br/com/bit/ideias/reflection/test/artefacts/ClasseDominio.java:34: error: [method.invocation] call to _evitaFinal() not allowed on the given receiver.
		_evitaFinal();
		           ^
  found   : @UnderInitialization @NonNull ClasseDominio
  required: @Initialized @NonNull ClasseDominio
../annotator/urld44fdf4fee_nadilsons_reflection_dsl_tgz-pJ8-br_com_bit_ideias_reflection_SimplePerformanceTestJ8/src/br/com/bit/ideias/reflection/cache/LRUCache.java:38: error: [initialization.fields.uninitialized] the constructor does not initialize fields: delegate
    public LRUCache() {
           ^
../annotator/urld44fdf4fee_nadilsons_reflection_dsl_tgz-pJ8-br_com_bit_ideias_reflection_SimplePerformanceTestJ8/src/br/com/bit/ideias/reflection/cache/LRUCache.java:44: error: [method.invocation] call to config(br.com.bit.ideias.reflection.cache.CacheConfig) not allowed on the given receiver.
        config(new CacheConfig(100));
              ^
  found   : @UnderInitialization @NonNull LRUCache
  required: @Initialized @NonNull LRUCache
../annotator/urld44fdf4fee_nadilsons_reflection_dsl_tgz-pJ8-br_com_bit_ideias_reflection_SimplePerformanceTestJ8/src/br/com/bit/ideias/reflection/cache/LRUCache.java:47: error: [initialization.fields.uninitialized] the constructor does not initialize fields: delegate
    public LRUCache(CacheConfig conf) {
           ^
../annotator/urld44fdf4fee_nadilsons_reflection_dsl_tgz-pJ8-br_com_bit_ideias_reflection_SimplePerformanceTestJ8/src/br/com/bit/ideias/reflection/cache/LRUCache.java:48: error: [method.invocation] call to config(br.com.bit.ideias.reflection.cache.CacheConfig) not allowed on the given receiver.
        config(conf);
              ^
  found   : @UnderInitialization @NonNull LRUCache
  required: @Initialized @NonNull LRUCache
../annotator/urld44fdf4fee_nadilsons_reflection_dsl_tgz-pJ8-br_com_bit_ideias_reflection_SimplePerformanceTestJ8/src/br/com/bit/ideias/reflection/cache/CompositeKey.java:25: error: [override.param] Incompatible parameter type for obj.
    public boolean equals(Object obj) {
                                 ^
  found   : @Initialized @NonNull Object
  required: @Initialized @Nullable Object
  Consequence: method in @Initialized @NonNull CompositeKey
    @Initialized @NonNull boolean equals(@Initialized @NonNull CompositeKey this, @Initialized @NonNull Object p0)
  cannot override method in @Initialized @NonNull Object
    @Initialized @NonNull boolean equals(@Initialized @NonNull Object this, @Initialized @Nullable Object p0)
../annotator/urld44fdf4fee_nadilsons_reflection_dsl_tgz-pJ8-br_com_bit_ideias_reflection_SimplePerformanceTestJ8/src/br/com/bit/ideias/reflection/criteria/RestrictionsMethodTest.java:35: error: [initialization.field.uninitialized] the default constructor does not initialize field criterion
	private Criterion criterion;
	                  ^
../annotator/urld44fdf4fee_nadilsons_reflection_dsl_tgz-pJ8-br_com_bit_ideias_reflection_SimplePerformanceTestJ8/src/br/com/bit/ideias/reflection/criteria/RestrictionsMethodTest.java:37: error: [initialization.field.uninitialized] the default constructor does not initialize field criterionClasseFilha
	private Criterion criterionClasseFilha;
	                  ^
../annotator/urld44fdf4fee_nadilsons_reflection_dsl_tgz-pJ8-br_com_bit_ideias_reflection_SimplePerformanceTestJ8/src/br/com/bit/ideias/reflection/criteria/expression/BaseExpression.java:24: error: [override.return] Incompatible return type.
	@Nullable public String getValue() {
	                 ^
  found   : @Initialized @Nullable String
  required: @Initialized @NonNull String
  Consequence: method in @Initialized @NonNull BaseExpression
    @Initialized @Nullable String getValue(@Initialized @NonNull BaseExpression this)
  cannot override method in @Initialized @NonNull Expression
    @Initialized @NonNull String getValue(@Initialized @NonNull Expression this)
../annotator/urld44fdf4fee_nadilsons_reflection_dsl_tgz-pJ8-br_com_bit_ideias_reflection_SimplePerformanceTestJ8/src/br/com/bit/ideias/reflection/criteria/expression/BaseExpression.java:33: error: [dereference.of.nullable] dereference of possibly-null reference searchType
		return searchType.matches(member, this);
		       ^
../annotator/urld44fdf4fee_nadilsons_reflection_dsl_tgz-pJ8-br_com_bit_ideias_reflection_SimplePerformanceTestJ8/src/br/com/bit/ideias/reflection/criteria/CriterionImpl.java:46: warning: [cast.unsafe] cast from "@Initialized @Nullable Object" to "T[ extends @Initialized @NonNull Member super @Initialized @NonNull Void]" cannot be statically verified
		return (T) result.get(0);
		       ^
../annotator/urld44fdf4fee_nadilsons_reflection_dsl_tgz-pJ8-br_com_bit_ideias_reflection_SimplePerformanceTestJ8/src/br/com/bit/ideias/reflection/criteria/RestrictionTest.java:36: error: [initialization.field.uninitialized] the default constructor does not initialize field criterion
	private Criterion criterion;
	                  ^
../annotator/urld44fdf4fee_nadilsons_reflection_dsl_tgz-pJ8-br_com_bit_ideias_reflection_SimplePerformanceTestJ8/src/br/com/bit/ideias/reflection/criteria/RestrictionTest.java:37: error: [initialization.field.uninitialized] the default constructor does not initialize field criterionClasseFilha
	private Criterion criterionClasseFilha;
	                  ^
63 errors
2 warnings
