../original/urlefa3b0a07b_jhngzhu_Database_RelationalOperator_tgz-pJ8-tests_ROTestJ8/src/tests/ROTest.java:32: error: [NullAway] @NonNull static field s_drivers not initialized
  private static Schema s_drivers;
                        ^
    (see http://t.uber.com/nullaway )
../original/urlefa3b0a07b_jhngzhu_Database_RelationalOperator_tgz-pJ8-tests_ROTestJ8/src/tests/ROTest.java:35: error: [NullAway] @NonNull static field s_rides not initialized
  private static Schema s_rides;
                        ^
    (see http://t.uber.com/nullaway )
../original/urlefa3b0a07b_jhngzhu_Database_RelationalOperator_tgz-pJ8-tests_ROTestJ8/src/tests/ROTest.java:38: error: [NullAway] @NonNull static field s_groups not initialized
  private static Schema s_groups;
                        ^
    (see http://t.uber.com/nullaway )
../original/urlefa3b0a07b_jhngzhu_Database_RelationalOperator_tgz-pJ8-tests_ROTestJ8/src/tests/ROTest.java:97: error: [NullAway] passing @Nullable parameter 'null' where @NonNull is required
      saveCounts(null);
                 ^
    (see http://t.uber.com/nullaway )
../original/urlefa3b0a07b_jhngzhu_Database_RelationalOperator_tgz-pJ8-tests_ROTestJ8/src/tests/ROTest.java:133: error: [NullAway] passing @Nullable parameter 'null' where @NonNull is required
      saveCounts(null);
                 ^
    (see http://t.uber.com/nullaway )
../original/urlefa3b0a07b_jhngzhu_Database_RelationalOperator_tgz-pJ8-tests_ROTestJ8/src/tests/ROTest.java:141: error: [NullAway] passing @Nullable parameter 'null' where @NonNull is required
      saveCounts(null);
                 ^
    (see http://t.uber.com/nullaway )
../original/urlefa3b0a07b_jhngzhu_Database_RelationalOperator_tgz-pJ8-tests_ROTestJ8/src/tests/ROTest.java:155: error: [NullAway] passing @Nullable parameter 'null' where @NonNull is required
      saveCounts(null);
                 ^
    (see http://t.uber.com/nullaway )
../original/urlefa3b0a07b_jhngzhu_Database_RelationalOperator_tgz-pJ8-tests_ROTestJ8/src/tests/ROTest.java:163: error: [NullAway] passing @Nullable parameter 'null' where @NonNull is required
      saveCounts(null);
                 ^
    (see http://t.uber.com/nullaway )
../original/urlefa3b0a07b_jhngzhu_Database_RelationalOperator_tgz-pJ8-tests_ROTestJ8/src/tests/ROTest.java:172: error: [NullAway] passing @Nullable parameter 'null' where @NonNull is required
      saveCounts(null);
                 ^
    (see http://t.uber.com/nullaway )
../original/urlefa3b0a07b_jhngzhu_Database_RelationalOperator_tgz-pJ8-tests_ROTestJ8/src/tests/ROTest.java:218: error: [NullAway] passing @Nullable parameter 'null' where @NonNull is required
      saveCounts(null);
                 ^
    (see http://t.uber.com/nullaway )
../original/urlefa3b0a07b_jhngzhu_Database_RelationalOperator_tgz-pJ8-tests_ROTestJ8/src/tests/ROTest.java:242: error: [NullAway] passing @Nullable parameter 'null' where @NonNull is required
      saveCounts(null);
                 ^
    (see http://t.uber.com/nullaway )
../original/urlefa3b0a07b_jhngzhu_Database_RelationalOperator_tgz-pJ8-tests_ROTestJ8/src/tests/ROTest.java:272: error: [NullAway] passing @Nullable parameter 'null' where @NonNull is required
      saveCounts(null);
                 ^
    (see http://t.uber.com/nullaway )
../original/urlefa3b0a07b_jhngzhu_Database_RelationalOperator_tgz-pJ8-tests_ROTestJ8/src/tests/ROTest.java:311: error: [NullAway] passing @Nullable parameter 'null' where @NonNull is required
      saveCounts(null);
                 ^
    (see http://t.uber.com/nullaway )
../original/urlefa3b0a07b_jhngzhu_Database_RelationalOperator_tgz-pJ8-tests_ROTestJ8/src/tests/ROTest.java:332: error: [NullAway] passing @Nullable parameter 'null' where @NonNull is required
      saveCounts(null);
                 ^
    (see http://t.uber.com/nullaway )
../original/urlefa3b0a07b_jhngzhu_Database_RelationalOperator_tgz-pJ8-tests_ROTestJ8/src/tests/ROTest.java:346: error: [NullAway] passing @Nullable parameter 'null' where @NonNull is required
      saveCounts(null);
                 ^
    (see http://t.uber.com/nullaway )
../original/urlefa3b0a07b_jhngzhu_Database_RelationalOperator_tgz-pJ8-tests_ROTestJ8/src/tests/ROTest.java:356: error: [NullAway] passing @Nullable parameter 'null' where @NonNull is required
      saveCounts(null);
                 ^
    (see http://t.uber.com/nullaway )
../original/urlefa3b0a07b_jhngzhu_Database_RelationalOperator_tgz-pJ8-tests_ROTestJ8/src/tests/TestDriver.java:39: error: [NullAway] @NonNull field random not initialized
  protected Random random;
                   ^
    (see http://t.uber.com/nullaway )
../original/urlefa3b0a07b_jhngzhu_Database_RelationalOperator_tgz-pJ8-tests_ROTestJ8/src/tests/TestDriver.java:62: error: [NullAway] @NonNull field counts not initialized
  protected ArrayList<CountData> counts;
                                 ^
    (see http://t.uber.com/nullaway )
../original/urlefa3b0a07b_jhngzhu_Database_RelationalOperator_tgz-pJ8-tests_ROTestJ8/src/tests/TestDriver.java:46: error: [NullAway] @NonNull field TestDriver$CountData.desc not initialized
    public String desc;
                  ^
    (see http://t.uber.com/nullaway )
../original/urlefa3b0a07b_jhngzhu_Database_RelationalOperator_tgz-pJ8-tests_ROTestJ8/src/global/RID.java:27: error: [NullAway] initializer method does not guarantee @NonNull field pageno (line 9) is initialized along all control-flow paths (remember to check for exceptions or early returns).
  public RID(RID rid) {
         ^
    (see http://t.uber.com/nullaway )
../original/urlefa3b0a07b_jhngzhu_Database_RelationalOperator_tgz-pJ8-tests_ROTestJ8/src/global/SearchKey.java:95: error: [NullAway] initializer method does not guarantee @NonNull field value (line 26) is initialized along all control-flow paths (remember to check for exceptions or early returns).
  public SearchKey(SearchKey key) {
         ^
    (see http://t.uber.com/nullaway )
../original/urlefa3b0a07b_jhngzhu_Database_RelationalOperator_tgz-pJ8-tests_ROTestJ8/src/global/SearchKey.java:121: error: [NullAway] initializer method does not guarantee @NonNull field value (line 26) is initialized along all control-flow paths (remember to check for exceptions or early returns).
  public SearchKey(byte[] data, short offset) {
         ^
    (see http://t.uber.com/nullaway )
../original/urlefa3b0a07b_jhngzhu_Database_RelationalOperator_tgz-pJ8-tests_ROTestJ8/src/global/Page.java:23: error: [NullAway] initializer method does not guarantee @NonNull field data (line 9) is initialized along all control-flow paths (remember to check for exceptions or early returns).
  public Page(byte[] data) {
         ^
    (see http://t.uber.com/nullaway )
../original/urlefa3b0a07b_jhngzhu_Database_RelationalOperator_tgz-pJ8-tests_ROTestJ8/src/global/Minibase.java:13: error: [NullAway] @NonNull static field DatabaseName not initialized
  public static String DatabaseName;
                       ^
    (see http://t.uber.com/nullaway )
../original/urlefa3b0a07b_jhngzhu_Database_RelationalOperator_tgz-pJ8-tests_ROTestJ8/src/global/Minibase.java:16: error: [NullAway] @NonNull static field DiskManager not initialized
  public static DiskMgr DiskManager;
                        ^
    (see http://t.uber.com/nullaway )
../original/urlefa3b0a07b_jhngzhu_Database_RelationalOperator_tgz-pJ8-tests_ROTestJ8/src/global/Minibase.java:19: error: [NullAway] @NonNull static field BufferManager not initialized
  public static BufMgr BufferManager;
                       ^
    (see http://t.uber.com/nullaway )
../original/urlefa3b0a07b_jhngzhu_Database_RelationalOperator_tgz-pJ8-tests_ROTestJ8/src/relop/HashJoin.java:57: error: [NullAway] initializer method does not guarantee @NonNull fields nextTuple (line 34), leftTuple (line 35), rightTuple (line 36), curright (line 43), hashTableDup (line 44), ltuples (line 50) are initialized along all control-flow paths (remember to check for exceptions or early returns).
  public HashJoin(Iterator left, Iterator right, Integer lcol, Integer rcol) {
         ^
    (see http://t.uber.com/nullaway )
../original/urlefa3b0a07b_jhngzhu_Database_RelationalOperator_tgz-pJ8-tests_ROTestJ8/src/relop/HashJoin.java:71: error: [NullAway] assigning @Nullable expression to @NonNull field
    nextTuple=null;
             ^
    (see http://t.uber.com/nullaway )
../original/urlefa3b0a07b_jhngzhu_Database_RelationalOperator_tgz-pJ8-tests_ROTestJ8/src/relop/HashJoin.java:72: error: [NullAway] assigning @Nullable expression to @NonNull field
    leftTuple=null;
             ^
    (see http://t.uber.com/nullaway )
../original/urlefa3b0a07b_jhngzhu_Database_RelationalOperator_tgz-pJ8-tests_ROTestJ8/src/relop/HashJoin.java:73: error: [NullAway] assigning @Nullable expression to @NonNull field
    rightTuple=null;
              ^
    (see http://t.uber.com/nullaway )
../original/urlefa3b0a07b_jhngzhu_Database_RelationalOperator_tgz-pJ8-tests_ROTestJ8/src/relop/HashJoin.java:107: error: [NullAway] assigning @Nullable expression to @NonNull field
    leftTuple=null;
             ^
    (see http://t.uber.com/nullaway )
../original/urlefa3b0a07b_jhngzhu_Database_RelationalOperator_tgz-pJ8-tests_ROTestJ8/src/relop/HashJoin.java:108: error: [NullAway] assigning @Nullable expression to @NonNull field
    rightTuple=null;
              ^
    (see http://t.uber.com/nullaway )
../original/urlefa3b0a07b_jhngzhu_Database_RelationalOperator_tgz-pJ8-tests_ROTestJ8/src/relop/HashJoin.java:111: error: [NullAway] assigning @Nullable expression to @NonNull field
    nextTuple=null;
             ^
    (see http://t.uber.com/nullaway )
../original/urlefa3b0a07b_jhngzhu_Database_RelationalOperator_tgz-pJ8-tests_ROTestJ8/src/relop/HashJoin.java:137: error: [NullAway] assigning @Nullable expression to @NonNull field
    this.left=null;
             ^
    (see http://t.uber.com/nullaway )
../original/urlefa3b0a07b_jhngzhu_Database_RelationalOperator_tgz-pJ8-tests_ROTestJ8/src/relop/HashJoin.java:138: error: [NullAway] assigning @Nullable expression to @NonNull field
    this.right=null;
              ^
    (see http://t.uber.com/nullaway )
../original/urlefa3b0a07b_jhngzhu_Database_RelationalOperator_tgz-pJ8-tests_ROTestJ8/src/relop/HashJoin.java:230: error: [NullAway] assigning @Nullable expression to @NonNull field
      nextTuple=tuple;
               ^
    (see http://t.uber.com/nullaway )
../original/urlefa3b0a07b_jhngzhu_Database_RelationalOperator_tgz-pJ8-tests_ROTestJ8/src/relop/HashJoin.java:234: error: [NullAway] assigning @Nullable expression to @NonNull field
      nextTuple=null;
               ^
    (see http://t.uber.com/nullaway )
../original/urlefa3b0a07b_jhngzhu_Database_RelationalOperator_tgz-pJ8-tests_ROTestJ8/src/relop/HashJoin.java:255: error: [NullAway] returning @Nullable expression from method with @NonNull return type
    return ret;
    ^
    (see http://t.uber.com/nullaway )
../original/urlefa3b0a07b_jhngzhu_Database_RelationalOperator_tgz-pJ8-tests_ROTestJ8/src/relop/HashJoin.java:306: error: [NullAway] returning @Nullable expression from method with @NonNull return type
    return searchKey;
    ^
    (see http://t.uber.com/nullaway )
../original/urlefa3b0a07b_jhngzhu_Database_RelationalOperator_tgz-pJ8-tests_ROTestJ8/src/relop/Iterator.java:14: error: [NullAway] @NonNull field schema not initialized
  protected Schema schema;
                   ^
    (see http://t.uber.com/nullaway )
../original/urlefa3b0a07b_jhngzhu_Database_RelationalOperator_tgz-pJ8-tests_ROTestJ8/src/relop/FileScan.java:68: error: [NullAway] assigning @Nullable expression to @NonNull field
    heapScan=null;
            ^
    (see http://t.uber.com/nullaway )
../original/urlefa3b0a07b_jhngzhu_Database_RelationalOperator_tgz-pJ8-tests_ROTestJ8/src/relop/FileScan.java:69: error: [NullAway] assigning @Nullable expression to @NonNull field
    lastRid=null;
           ^
    (see http://t.uber.com/nullaway )
../original/urlefa3b0a07b_jhngzhu_Database_RelationalOperator_tgz-pJ8-tests_ROTestJ8/src/relop/HashTableDup.java:61: error: [NullAway] returning @Nullable expression from method with @NonNull return type
      return null;
      ^
    (see http://t.uber.com/nullaway )
../original/urlefa3b0a07b_jhngzhu_Database_RelationalOperator_tgz-pJ8-tests_ROTestJ8/src/relop/SimpleSortMergeJoin.java:27: error: [NullAway] initializer method does not guarantee @NonNull field nextTuple (line 13) is initialized along all control-flow paths (remember to check for exceptions or early returns).
  public SimpleSortMergeJoin(Iterator left, Iterator right, Predicate... preds) {
         ^
    (see http://t.uber.com/nullaway )
../original/urlefa3b0a07b_jhngzhu_Database_RelationalOperator_tgz-pJ8-tests_ROTestJ8/src/relop/SimpleSortMergeJoin.java:67: error: [NullAway] assigning @Nullable expression to @NonNull field
    leftTuple=null;
             ^
    (see http://t.uber.com/nullaway )
../original/urlefa3b0a07b_jhngzhu_Database_RelationalOperator_tgz-pJ8-tests_ROTestJ8/src/relop/SimpleSortMergeJoin.java:68: error: [NullAway] assigning @Nullable expression to @NonNull field
    rightTuple=null;
              ^
    (see http://t.uber.com/nullaway )
../original/urlefa3b0a07b_jhngzhu_Database_RelationalOperator_tgz-pJ8-tests_ROTestJ8/src/relop/SimpleSortMergeJoin.java:96: error: [NullAway] assigning @Nullable expression to @NonNull field
    leftTuple=null;
             ^
    (see http://t.uber.com/nullaway )
../original/urlefa3b0a07b_jhngzhu_Database_RelationalOperator_tgz-pJ8-tests_ROTestJ8/src/relop/SimpleSortMergeJoin.java:97: error: [NullAway] assigning @Nullable expression to @NonNull field
    rightTuple=null;
              ^
    (see http://t.uber.com/nullaway )
../original/urlefa3b0a07b_jhngzhu_Database_RelationalOperator_tgz-pJ8-tests_ROTestJ8/src/relop/SimpleSortMergeJoin.java:212: error: [NullAway] assigning @Nullable expression to @NonNull field
      nextTuple=tuple;
               ^
    (see http://t.uber.com/nullaway )
../original/urlefa3b0a07b_jhngzhu_Database_RelationalOperator_tgz-pJ8-tests_ROTestJ8/src/relop/SimpleSortMergeJoin.java:216: error: [NullAway] assigning @Nullable expression to @NonNull field
      nextTuple=null;
               ^
    (see http://t.uber.com/nullaway )
../original/urlefa3b0a07b_jhngzhu_Database_RelationalOperator_tgz-pJ8-tests_ROTestJ8/src/relop/KeyScan.java:23: error: [NullAway] initializer method does not guarantee @NonNull field lastRid (line 19) is initialized along all control-flow paths (remember to check for exceptions or early returns).
  public KeyScan(Schema schema, HashIndex index, SearchKey key, HeapFile file) {
         ^
    (see http://t.uber.com/nullaway )
../original/urlefa3b0a07b_jhngzhu_Database_RelationalOperator_tgz-pJ8-tests_ROTestJ8/src/relop/KeyScan.java:31: error: [NullAway] assigning @Nullable expression to @NonNull field
    lastRid=null;   
           ^
    (see http://t.uber.com/nullaway )
../original/urlefa3b0a07b_jhngzhu_Database_RelationalOperator_tgz-pJ8-tests_ROTestJ8/src/relop/KeyScan.java:70: error: [NullAway] assigning @Nullable expression to @NonNull field
    hashScan=null;
            ^
    (see http://t.uber.com/nullaway )
../original/urlefa3b0a07b_jhngzhu_Database_RelationalOperator_tgz-pJ8-tests_ROTestJ8/src/relop/KeyScan.java:71: error: [NullAway] assigning @Nullable expression to @NonNull field
    lastRid=null;
           ^
    (see http://t.uber.com/nullaway )
../original/urlefa3b0a07b_jhngzhu_Database_RelationalOperator_tgz-pJ8-tests_ROTestJ8/src/relop/Selection.java:17: error: [NullAway] initializer method does not guarantee @NonNull field nextTuple (line 13) is initialized along all control-flow paths (remember to check for exceptions or early returns).
  public Selection(Iterator iter, Predicate... preds) {
         ^
    (see http://t.uber.com/nullaway )
../original/urlefa3b0a07b_jhngzhu_Database_RelationalOperator_tgz-pJ8-tests_ROTestJ8/src/relop/Selection.java:63: error: [NullAway] assigning @Nullable expression to @NonNull field
    iter=null;
        ^
    (see http://t.uber.com/nullaway )
../original/urlefa3b0a07b_jhngzhu_Database_RelationalOperator_tgz-pJ8-tests_ROTestJ8/src/relop/Selection.java:64: error: [NullAway] assigning @Nullable expression to @NonNull field
    preds=null;
         ^
    (see http://t.uber.com/nullaway )
../original/urlefa3b0a07b_jhngzhu_Database_RelationalOperator_tgz-pJ8-tests_ROTestJ8/src/relop/Selection.java:113: error: [NullAway] assigning @Nullable expression to @NonNull field
        nextTuple=null;
                 ^
    (see http://t.uber.com/nullaway )
../original/urlefa3b0a07b_jhngzhu_Database_RelationalOperator_tgz-pJ8-tests_ROTestJ8/src/relop/Selection.java:118: error: [NullAway] assigning @Nullable expression to @NonNull field
      nextTuple=null;
               ^
    (see http://t.uber.com/nullaway )
../original/urlefa3b0a07b_jhngzhu_Database_RelationalOperator_tgz-pJ8-tests_ROTestJ8/src/relop/Projection.java:64: error: [NullAway] assigning @Nullable expression to @NonNull field
    iter=null;
        ^
    (see http://t.uber.com/nullaway )
../original/urlefa3b0a07b_jhngzhu_Database_RelationalOperator_tgz-pJ8-tests_ROTestJ8/src/relop/Projection.java:65: error: [NullAway] assigning @Nullable expression to @NonNull field
    oldSchema=null;
             ^
    (see http://t.uber.com/nullaway )
../original/urlefa3b0a07b_jhngzhu_Database_RelationalOperator_tgz-pJ8-tests_ROTestJ8/src/relop/Projection.java:66: error: [NullAway] assigning @Nullable expression to @NonNull field
    schema=null;
          ^
    (see http://t.uber.com/nullaway )
Note: Some input files use or override a deprecated API.
Note: Recompile with -Xlint:deprecation for details.
62 errors
